0	CAZyme	0	null	CGC1	NZ_KB898707	1	1764	D568_RS0106305	+	DB=GH16_16|CBM6|CBM6;ID=D568_RS0106305	DB=GH16_16|CBM6|CBM6;ID=D568_RS0106305
1	TC	0	0	CGC1	NZ_KB898707	1857	4049	D568_RS0106310	-	DB=gnl|TC-DB|P07658|3.D.1.9.2;ID=D568_RS0106310	DB=gnl|TC-DB|P07658|3.D.1.9.2;ID=D568_RS0106310
2	CAZyme	4	0	CGC1	NZ_KB898707	4219	6537	D568_RS0106315	+	DB=GH50;ID=D568_RS0106315	DB=GH50;ID=D568_RS0106315
3	null	null	null	CGC1	NZ_KB898707	6620	8998	D568_RS0106315	-	ID=D568_RS0106320;Parent=D568_RS0106320.t01;gO_function=GO:0009055 - electron transfer activity [Evidence IEA]%3B GO:0020037 - heme binding [Evidence IEA];Name=D568_RS0106320;Note=Derived by automated computational analysis using gene prediction method: Protein Homology.;codon_start=1;inference=COORDINATES: similar to AA sequence:RefSeq:WP_020210587.1;product=c-type cytochrome;protein_id=WP_020208743.1;transl_table=11;translation=length.792
4	null	null	null	CGC1	NZ_KB898707	9000	9698	D568_RS0106315	-	ID=D568_RS0106325;Parent=D568_RS0106325.t01;Name=D568_RS0106325;Note=Derived by automated computational analysis using gene prediction method: Protein Homology.;codon_start=1;inference=COORDINATES: similar to AA sequence:RefSeq:WP_020210588.1;product=DUF1080 domain-containing protein;protein_id=WP_020208744.1;transl_table=11;translation=length.232
5	null	null	null	CGC1	NZ_KB898707	9719	10375	D568_RS0106315	-	ID=D568_RS21010;Parent=D568_RS21010.t01;Name=D568_RS21010;Note=Derived by automated computational analysis using gene prediction method: Protein Homology.;codon_start=1;inference=COORDINATES: protein motif:HMM:NF037461.2;product=putative glycoside hydrolase;protein_id=WP_020208745.1;transl_table=11;translation=length.218
6	null	null	null	CGC1	NZ_KB898707	10394	13834	D568_RS0106315	-	ID=D568_RS0106335;Parent=D568_RS0106335.t01;Name=D568_RS0106335;Note=Derived by automated computational analysis using gene prediction method: Protein Homology.;codon_start=1;inference=COORDINATES: protein motif:HMM:TIGR02603.1;product=HEAT repeat domain-containing protein;protein_id=WP_020208746.1;transl_table=11;translation=length.1146
7	TC	3	4	CGC1	NZ_KB898707	14181	17864	D568_RS0106340	+	DB=gnl|TC-DB|Q9AAZ6|1.B.14.12.2;ID=D568_RS0106340	DB=gnl|TC-DB|Q9AAZ6|1.B.14.12.2;ID=D568_RS0106340
8	null	null	null	CGC1	NZ_KB898707	17937	19925	D568_RS0106340	+	ID=D568_RS0106345;Parent=D568_RS0106345.t01;Name=D568_RS0106345;Note=Derived by automated computational analysis using gene prediction method: GeneMarkS-2+.;codon_start=1;inference=COORDINATES: ab initio prediction:GeneMarkS-2+;product=hypothetical protein;protein_id=WP_020208748.1;transl_table=11;translation=length.662
9	null	null	null	CGC1	NZ_KB898707	20053	21585	D568_RS0106340	+	ID=D568_RS0106350;Parent=D568_RS0106350.t01;Name=D568_RS0106350;Note=Derived by automated computational analysis using gene prediction method: Protein Homology.;codon_start=1;inference=COORDINATES: similar to AA sequence:RefSeq:WP_020208685.1;product=tryptophan 7-halogenase;protein_id=WP_020208749.1;transl_table=11;translation=length.510
10	null	null	null	CGC1	NZ_KB898707	21618	23003	D568_RS0106340	+	ID=D568_RS0106355;Parent=D568_RS0106355.t01;Name=D568_RS0106355;Note=Derived by automated computational analysis using gene prediction method: Protein Homology.;codon_start=1;inference=COORDINATES: similar to AA sequence:RefSeq:WP_020208780.1;product=sulfatase;protein_id=WP_020208750.1;transl_table=11;translation=length.461
11	CAZyme	0	3	CGC1	NZ_KB898707	23267	24706	D568_RS21015	+	DB=CBM6;ID=D568_RS21015	DB=CBM6;ID=D568_RS21015
12	CAZyme	0	0	CGC1	NZ_KB898707	24896	26221	D568_RS0106365	+	DB=GH16_16|CBM13;ID=D568_RS0106365	DB=GH16_16|CBM13;ID=D568_RS0106365
13	TC	1	0	CGC1	NZ_KB898707	26411	27394	D568_RS0106370	-	DB=gnl|TC-DB|P62723|2.A.98.1.3;ID=D568_RS0106370	DB=gnl|TC-DB|P62723|2.A.98.1.3;ID=D568_RS0106370
14	TF	0	0	CGC1	NZ_KB898707	27481	28374	D568_RS0106375	+	DB=DBD-Pfam|HTH_1;ID=D568_RS0106375	DB=DBD-Pfam|HTH_1;ID=D568_RS0106375
15	CAZyme	3	1	CGC1	NZ_KB898707	28371	30659	D568_RS0106380	-	DB=GH50;ID=D568_RS0106380	DB=GH50;ID=D568_RS0106380
16	STP	2	0	CGC1	NZ_KB898707	30702	32270	D568_RS0106385	-	DB=STP|FecR;ID=D568_RS0106385	DB=STP|FecR;ID=D568_RS0106385
17	STP	1	1	CGC1	NZ_KB898707	32245	32814	D568_RS21020	-	DB=STP|Sigma70_r2,STP|Sigma70_r4;ID=D568_RS21020	DB=STP|Sigma70_r2,STP|Sigma70_r4;ID=D568_RS21020
18	STP	0	2	CGC1	NZ_KB898707	32814	35123	D568_RS0106395	-	DB=STP|Pyr_redox_2;ID=D568_RS0106395	DB=STP|Pyr_redox_2;ID=D568_RS0106395
19	CAZyme	0	3	CGC1	NZ_KB898707	35120	36352	D568_RS0106400	-	DB=GH117;ID=D568_RS0106400	DB=GH117;ID=D568_RS0106400
20	TC	0	0	CGC1	NZ_KB898707	36352	38031	D568_RS0106405	-	DB=gnl|TC-DB|A3UWQ1|2.A.21.3.11;ID=D568_RS0106405	DB=gnl|TC-DB|A3UWQ1|2.A.21.3.11;ID=D568_RS0106405
21	CAZyme	2	0	CGC1	NZ_KB898707	38094	39302	D568_RS0106410	-	DB=GH16_3;ID=D568_RS0106410	DB=GH16_3;ID=D568_RS0106410
22	null	null	null	CGC1	NZ_KB898707	39569	41056	D568_RS0106410	-	ID=D568_RS0106415;Parent=D568_RS0106415.t01;gO_function=GO:0008484 - sulfuric ester hydrolase activity [Evidence IEA];Name=D568_RS0106415;Note=Derived by automated computational analysis using gene prediction method: Protein Homology.;codon_start=1;inference=COORDINATES: similar to AA sequence:RefSeq:WP_007640770.1;product=sulfatase-like hydrolase/transferase;protein_id=WP_020208762.1;transl_table=11;translation=length.495
23	null	null	null	CGC1	NZ_KB898707	41231	41602	D568_RS0106410	-	ID=D568_RS0106420;Parent=D568_RS0106420.t01;Name=D568_RS0106420;Note=Derived by automated computational analysis using gene prediction method: GeneMarkS-2+.;codon_start=1;inference=COORDINATES: ab initio prediction:GeneMarkS-2+;product=hypothetical protein;protein_id=WP_020208763.1;transl_table=11;translation=length.123
24	CAZyme	8	2	CGC1	NZ_KB898707	41662	44028	D568_RS0106425	-	DB=GH2;ID=D568_RS0106425	DB=GH2;ID=D568_RS0106425
25	null	null	null	CGC1	NZ_KB898707	44040	45491	D568_RS0106425	-	ID=D568_RS0106430;Parent=D568_RS0106430.t01;gO_function=GO:0016491 - oxidoreductase activity [Evidence IEA];Name=D568_RS0106430;Note=Derived by automated computational analysis using gene prediction method: Protein Homology.;codon_start=1;inference=COORDINATES: similar to AA sequence:RefSeq:WP_010133200.1;product=aldehyde dehydrogenase family protein;protein_id=WP_020208765.1;transl_table=11;translation=length.483
26	null	null	null	CGC1	NZ_KB898707	45522	46292	D568_RS0106425	-	ID=D568_RS0106435;Parent=D568_RS0106435.t01;gO_function=GO:0003824 - catalytic activity [Evidence IEA];Name=D568_RS0106435;Note=Derived by automated computational analysis using gene prediction method: Protein Homology.;codon_start=1;inference=COORDINATES: protein motif:HMM:NF012596.2;product=enoyl-CoA hydratase-related protein;protein_id=WP_020208766.1;transl_table=11;translation=length.256
27	null	null	null	CGC1	NZ_KB898707	46303	47439	D568_RS0106425	-	ID=D568_RS0106440;Parent=D568_RS0106440.t01;Name=D568_RS0106440;Note=Derived by automated computational analysis using gene prediction method: Protein Homology.;codon_start=1;inference=COORDINATES: protein motif:HMM:NF014564.2;product=CaiB/BaiF CoA-transferase family protein;protein_id=WP_020208767.1;transl_table=11;translation=length.378
28	null	null	null	CGC1	NZ_KB898707	47436	48578	D568_RS0106425	-	ID=D568_RS0106445;Parent=D568_RS0106445.t01;eC_number=2.8.3.-;gO_function=GO:0016740 - transferase activity [Evidence IEA];Name=D568_RS0106445;Note=Derived by automated computational analysis using gene prediction method: Protein Homology.;codon_start=1;inference=COORDINATES: similar to AA sequence:RefSeq:WP_015048653.1;product=CoA transferase;protein_id=WP_020208768.1;transl_table=11;translation=length.380
29	STP	3	4	CGC1	NZ_KB898707	48575	49735	D568_RS0106450	-	DB=STP|SBP_bac_1;ID=D568_RS0106450	DB=STP|SBP_bac_1;ID=D568_RS0106450
30	TF	2	5	CGC1	NZ_KB898707	49915	50694	D568_RS0106455	+	DB=DBD-SUPERFAMILY|0040266;ID=D568_RS0106455	DB=DBD-SUPERFAMILY|0040266;ID=D568_RS0106455
31	null	null	null	CGC1	NZ_KB898707	50742	51896	D568_RS0106455	+	ID=D568_RS0106460;Parent=D568_RS0106460.t01;Name=D568_RS0106460;Note=Derived by automated computational analysis using gene prediction method: GeneMarkS-2+.;codon_start=1;inference=COORDINATES: ab initio prediction:GeneMarkS-2+;product=hypothetical protein;protein_id=WP_020208771.1;transl_table=11;translation=length.384
32	null	null	null	CGC1	NZ_KB898707	51893	52579	D568_RS0106455	+	ID=D568_RS0106465;Parent=D568_RS0106465.t01;Name=D568_RS0106465;Note=Derived by automated computational analysis using gene prediction method: Protein Homology.;codon_start=1;inference=COORDINATES: protein motif:HMM:NF012334.2;product=SDR family oxidoreductase;protein_id=WP_020208772.1;transl_table=11;translation=length.228
33	CAZyme	7	8	CGC1	NZ_KB898707	52778	54985	D568_RS0106470	+	DB=GH50;ID=D568_RS0106470	DB=GH50;ID=D568_RS0106470
34	STP	6	0	CGC1	NZ_KB898707	55186	56934	D568_RS21025	-	DB=STP|SBP_bac_3,STP|HATPase_c;ID=D568_RS21025	DB=STP|SBP_bac_3,STP|HATPase_c;ID=D568_RS21025
35	TF	5	1	CGC1	NZ_KB898707	56882	57526	D568_RS0106480	-	DB=DBD-Pfam|GerE;ID=D568_RS0106480	DB=DBD-Pfam|GerE;ID=D568_RS0106480
36	null	null	null	CGC1	NZ_KB898707	58028	59617	D568_RS0106480	+	ID=D568_RS19500;Parent=D568_RS19500.t01;Name=D568_RS19500;Note=Derived by automated computational analysis using gene prediction method: Protein Homology.;codon_start=1;inference=COORDINATES: similar to AA sequence:RefSeq:WP_007232165.1;product=sulfatase;protein_id=WP_020208776.1;transl_table=11;translation=length.529
37	null	null	null	CGC1	NZ_KB898707	59795	61444	D568_RS0106480	+	ID=D568_RS0106490;Parent=D568_RS0106490.t01;gO_function=GO:0008484 - sulfuric ester hydrolase activity [Evidence IEA];Name=D568_RS0106490;Note=Derived by automated computational analysis using gene prediction method: Protein Homology.;codon_start=1;inference=COORDINATES: protein motif:HMM:NF013080.2;product=sulfatase-like hydrolase/transferase;protein_id=WP_157497726.1;transl_table=11;translation=length.549
38	null	null	null	CGC1	NZ_KB898707	61522	63021	D568_RS0106480	-	ID=D568_RS0106495;Parent=D568_RS0106495.t01;Name=D568_RS0106495;Note=Derived by automated computational analysis using gene prediction method: Protein Homology.;codon_start=1;inference=COORDINATES: protein motif:HMM:NF016693.2;product=tryptophan 7-halogenase;protein_id=WP_020208778.1;transl_table=11;translation=length.499
39	null	null	null	CGC1	NZ_KB898707	63148	65988	D568_RS0106480	-	ID=D568_RS0106500;Parent=D568_RS0106500.t01;gO_component=GO:0019867 - outer membrane [Evidence IEA];gO_function=GO:0022857 - transmembrane transporter activity [Evidence IEA];gO_process=GO:0006810 - transport [Evidence IEA];Name=D568_RS0106500;Note=Derived by automated computational analysis using gene prediction method: Protein Homology.;codon_start=1;inference=COORDINATES: protein motif:HMM:TIGR01782.1;product=TonB-dependent receptor;protein_id=WP_020208779.1;transl_table=11;translation=length.946
40	null	null	null	CGC1	NZ_KB898707	66331	67740	D568_RS0106480	-	ID=D568_RS0106505;Parent=D568_RS0106505.t01;gO_function=GO:0008484 - sulfuric ester hydrolase activity [Evidence IEA];Name=D568_RS0106505;Note=Derived by automated computational analysis using gene prediction method: Protein Homology.;codon_start=1;inference=COORDINATES: similar to AA sequence:RefSeq:WP_020208750.1;product=sulfatase-like hydrolase/transferase;protein_id=WP_020208780.1;transl_table=11;translation=length.469
41	CAZyme	0	7	CGC1	NZ_KB898707	67820	69802	D568_RS0106510	-	DB=GH127;ID=D568_RS0106510	DB=GH127;ID=D568_RS0106510
42	TC	6	0	CGC1	NZ_KB898707	69823	71376	D568_RS0106515	-	DB=gnl|TC-DB|P96710|2.A.1.1.55;ID=D568_RS0106515	DB=gnl|TC-DB|P96710|2.A.1.1.55;ID=D568_RS0106515
43	TF	5	0	CGC1	NZ_KB898707	71512	72252	D568_RS0106520	-	DB=DBD-Pfam|GntR,DBD-SUPERFAMILY|0037767;ID=D568_RS0106520	DB=DBD-Pfam|GntR,DBD-SUPERFAMILY|0037767;ID=D568_RS0106520
44	null	null	null	CGC1	NZ_KB898707	72392	74644	D568_RS0106520	-	ID=D568_RS0106525;Parent=D568_RS0106525.t01;gO_function=GO:0016491 - oxidoreductase activity [Evidence IEA];Name=D568_RS0106525;Note=Derived by automated computational analysis using gene prediction method: Protein Homology.;codon_start=1;inference=COORDINATES: protein motif:HMM:NF014758.2;product=molybdopterin-dependent oxidoreductase;protein_id=WP_020208784.1;transl_table=11;translation=length.750
45	null	null	null	CGC1	NZ_KB898707	74656	75120	D568_RS0106520	-	ID=D568_RS0106530;Parent=D568_RS0106530.t01;gO_function=GO:0051537 - 2 iron%2C 2 sulfur cluster binding [Evidence IEA]%3B GO:0051536 - iron-sulfur cluster binding [Evidence IEA]%3B GO:0046872 - metal ion binding [Evidence IEA];Name=D568_RS0106530;Note=Derived by automated computational analysis using gene prediction method: Protein Homology.;codon_start=1;inference=COORDINATES: similar to AA sequence:RefSeq:WP_008249713.1;product=(2Fe-2S)-binding protein;protein_id=WP_020208785.1;transl_table=11;translation=length.154
46	null	null	null	CGC1	NZ_KB898707	75117	75350	D568_RS0106520	-	ID=D568_RS0106535;Parent=D568_RS0106535.t01;Name=D568_RS0106535;Note=Derived by automated computational analysis using gene prediction method: GeneMarkS-2+.;codon_start=1;inference=COORDINATES: ab initio prediction:GeneMarkS-2+;product=hypothetical protein;protein_id=WP_020208786.1;transl_table=11;translation=length.77
47	null	null	null	CGC1	NZ_KB898707	75774	76373	D568_RS0106520	-	ID=D568_RS0106540;Parent=D568_RS0106540.t01;Name=D568_RS0106540;Note=Derived by automated computational analysis using gene prediction method: Protein Homology.;codon_start=1;inference=COORDINATES: protein motif:HMM:NF024214.2;product=nucleotidyltransferase family protein;protein_id=WP_020208787.1;transl_table=11;translation=length.199
48	null	null	null	CGC1	NZ_KB898707	76363	77391	D568_RS0106520	-	ID=D568_RS0106545;Parent=D568_RS0106545.t01;Name=D568_RS0106545;Note=Derived by automated computational analysis using gene prediction method: Protein Homology.;codon_start=1;inference=COORDINATES: protein motif:HMM:NF024869.2;product=XdhC family protein;protein_id=WP_020208788.1;transl_table=11;translation=length.342
49	CAZyme	2	6	CGC1	NZ_KB898707	77367	79820	D568_RS0106550	-	DB=GH167;ID=D568_RS0106550	DB=GH167;ID=D568_RS0106550
50	TF	1	0	CGC1	NZ_KB898707	79950	80807	D568_RS0106555	-	DB=DBD-Pfam|HTH_AraC,DBD-Pfam|HTH_AraC,DBD-SUPERFAMILY|0036286,DBD-SUPERFAMILY|0035607;ID=D568_RS0106555	DB=DBD-Pfam|HTH_AraC,DBD-Pfam|HTH_AraC,DBD-SUPERFAMILY|0036286,DBD-SUPERFAMILY|0035607;ID=D568_RS0106555
51	null	null	null	CGC1	NZ_KB898707	80947	82062	D568_RS0106555	+	ID=D568_RS0106560;Parent=D568_RS0106560.t01;Name=D568_RS0106560;Note=Derived by automated computational analysis using gene prediction method: Protein Homology.;codon_start=1;inference=COORDINATES: similar to AA sequence:RefSeq:WP_007640749.1;product=Zn-dependent alcohol dehydrogenase;protein_id=WP_020208791.1;transl_table=11;translation=length.371
52	CAZyme	1	2	CGC1	NZ_KB898707	82073	82879	D568_RS0106565	+	DB=CE1;ID=D568_RS0106565	DB=CE1;ID=D568_RS0106565
53	TF	0	0	CGC1	NZ_KB898707	83107	83712	D568_RS0106570	+	DB=DBD-Pfam|GntR,DBD-SUPERFAMILY|0039384;ID=D568_RS0106570	DB=DBD-Pfam|GntR,DBD-SUPERFAMILY|0039384;ID=D568_RS0106570
54	CAZyme	1	1	CGC1	NZ_KB898707	83829	87884	D568_RS0106575	-	DB=CBM6|CBM6|GH86|GH86;ID=D568_RS0106575	DB=CBM6|CBM6|GH86|GH86;ID=D568_RS0106575
55	null	null	null	CGC1	NZ_KB898707	88264	90603	D568_RS0106575	-	ID=D568_RS0106580;Parent=D568_RS0106580.t01;Name=D568_RS0106580;Note=Derived by automated computational analysis using gene prediction method: Protein Homology.;codon_start=1;inference=COORDINATES: similar to AA sequence:RefSeq:WP_011469131.1;product=alkaline phosphatase D family protein;protein_id=WP_020208795.1;transl_table=11;translation=length.779
56	CAZyme	4	1	CGC1	NZ_KB898707	90604	92952	D568_RS0106585	-	DB=GH50;ID=D568_RS0106585	DB=GH50;ID=D568_RS0106585
57	null	null	null	CGC1	NZ_KB898707	93052	94494	D568_RS0106585	-	ID=D568_RS0106590;Parent=D568_RS0106590.t01;eC_number=1.2.1.-;gO_function=GO:0016620 - oxidoreductase activity%2C acting on the aldehyde or oxo group of donors%2C NAD or NADP as acceptor [Evidence IEA];Name=aldA;Note=Derived by automated computational analysis using gene prediction method: Protein Homology.;codon_start=1;inference=COORDINATES: similar to AA sequence:RefSeq:WP_015048678.1;locus_tag=D568_RS0106590;product=aldehyde dehydrogenase;protein_id=WP_020208797.1;transl_table=11;translation=length.480
58	null	null	null	CGC1	NZ_KB898707	94500	95264	D568_RS0106585	-	ID=D568_RS0106595;Parent=D568_RS0106595.t01;eC_number=1.1.1.127;gO_function=GO:0008678 - 2-deoxy-D-gluconate 3-dehydrogenase activity [Evidence IEA]%3B GO:0051287 - NAD binding [Evidence IEA]%3B GO:0016491 - oxidoreductase activity [Evidence IEA];gO_process=GO:0000272 - polysaccharide catabolic process [Evidence IEA];Name=kduD;Note=Derived by automated computational analysis using gene prediction method: Protein Homology.;codon_start=1;inference=COORDINATES: similar to AA sequence:RefSeq:WP_011575334.1;locus_tag=D568_RS0106595;product=2-dehydro-3-deoxy-D-gluconate 5-dehydrogenase KduD;protein_id=WP_020208798.1;transl_table=11;translation=length.254
59	null	null	null	CGC1	NZ_KB898707	95264	96286	D568_RS0106585	-	ID=D568_RS0106600;Parent=D568_RS0106600.t01;Name=D568_RS0106600;Note=Derived by automated computational analysis using gene prediction method: Protein Homology.;codon_start=1;inference=COORDINATES: similar to AA sequence:RefSeq:WP_010133186.1;product=alcohol dehydrogenase catalytic domain-containing protein;protein_id=WP_020208799.1;transl_table=11;translation=length.340
60	null	null	null	CGC1	NZ_KB898707	96295	97443	D568_RS0106585	-	ID=D568_RS0106605;Parent=D568_RS0106605.t01;Name=D568_RS0106605;Note=Derived by automated computational analysis using gene prediction method: Protein Homology.;codon_start=1;inference=COORDINATES: similar to AA sequence:RefSeq:WP_010133187.1;product=mandelate racemase/muconate lactonizing enzyme family protein;protein_id=WP_157497728.1;transl_table=11;translation=length.382
61	TC	0	4	CGC1	NZ_KB898707	97486	99078	D568_RS0106610	-	DB=gnl|TC-DB|P46333|2.A.1.1.106;ID=D568_RS0106610	DB=gnl|TC-DB|P46333|2.A.1.1.106;ID=D568_RS0106610
62	CAZyme	null	0	CGC1	NZ_KB898707	99583	101590	D568_RS0106625	+	DB=GH86;ID=D568_RS0106625	DB=GH86;ID=D568_RS0106625
+++++
