0	TC	1	null	CGC1	CP001095	1	1533	Blon_2332	-	DB=gnl|TC-DB|Q9X761|2.A.2.2.3;ID=Blon_2332	DB=gnl|TC-DB|Q9X761|2.A.2.2.3;ID=Blon_2332
1	TF	0	0	CGC1	CP001095	1634	2989	Blon_2333	-	DB=DBD-SUPERFAMILY|0039939;ID=Blon_2333	DB=DBD-SUPERFAMILY|0039939;ID=Blon_2333
2	CAZyme	0	1	CGC1	CP001095	3285	6356	Blon_2334	+	DB=GH2;ID=Blon_2334	DB=GH2;ID=Blon_2334
3	CAZyme	0	0	CGC1	CP001095	6533	8881	Blon_2335	-	DB=GH95;ID=Blon_2335	DB=GH95;ID=Blon_2335
4	CAZyme	4	0	CGC1	CP001095	8913	10349	Blon_2336	-	DB=GH29;ID=Blon_2336	DB=GH29;ID=Blon_2336
5	null	null	null	CGC1	CP001095	10371	10808	Blon_2336	-	ID=Blon_2337;Parent=Blon_2337;Dbxref=InterPro:IPR007721;Name=Blon_2337;Note=PFAM: RbsD or FucU transport%3B KEGG: cpf:CPF_1050 fucose operon protein FucU;codon_start=1;product=RbsD or FucU transport;protein_id=ACJ53395.1;transl_table=11;translation=length.145
6	null	null	null	CGC1	CP001095	10845	11741	Blon_2336	-	ID=Blon_2338;Parent=Blon_2338;Dbxref=InterPro:IPR002220;Name=Blon_2338;Note=PFAM: dihydrodipicolinate synthetase%3B KEGG: chy:CHY_1320 dihydrodipicolinate synthase;codon_start=1;product=dihydrodipicolinate synthetase;protein_id=ACJ53396.1;transl_table=11;translation=length.298
7	null	null	null	CGC1	CP001095	11885	12676	Blon_2336	-	ID=Blon_2339;Parent=Blon_2339;Dbxref=InterPro:IPR002198,InterPro:IPR002347,InterPro:IPR002424,InterPro:IPR013968;Name=Blon_2339;Note=PFAM: short-chain dehydrogenase/reductase SDR%3B KR%3B KEGG: cff:CFF8240_1065 short chain dehydrogenase;codon_start=1;product=short-chain dehydrogenase/reductase SDR;protein_id=ACJ53397.1;transl_table=11;translation=length.263
8	null	null	null	CGC1	CP001095	12696	13973	Blon_2336	-	ID=Blon_2340;Parent=Blon_2340;Dbxref=InterPro:IPR001354,InterPro:IPR013341,InterPro:IPR013342;Name=Blon_2340;Note=PFAM: Mandelate racemase/muconate lactonizing enzyme%2C N-terminal domain protein%3B Mandelate racemase/muconate lactonizing enzyme%2C C-terminal domain protein%3B KEGG: aau:AAur_3801 putative mandelate racemase/muconate lactonizing enzyme;codon_start=1;product=Mandelate racemase/muconate lactonizing enzyme%2C C-terminal domain protein;protein_id=ACJ53398.1;transl_table=11;translation=length.425
9	TC	0	4	CGC1	CP001095	14124	14783	Blon_2341	-	DB=gnl|TC-DB|M4RG66|9.B.28.1.10;ID=Blon_2341	DB=gnl|TC-DB|M4RG66|9.B.28.1.10;ID=Blon_2341
10	TC	0	0	CGC1	CP001095	14923	15885	Blon_2342	-	DB=gnl|TC-DB|Q9KWT7|3.A.1.1.10;ID=Blon_2342	DB=gnl|TC-DB|Q9KWT7|3.A.1.1.10;ID=Blon_2342
11	TC	1	0	CGC1	CP001095	15904	16857	Blon_2343	-	DB=gnl|TC-DB|Q9KWT8|3.A.1.1.10;ID=Blon_2343	DB=gnl|TC-DB|Q9KWT8|3.A.1.1.10;ID=Blon_2343
12	STP	0	0	CGC1	CP001095	16944	18536	Blon_2344	-	DB=STP|SBP_bac_1;ID=Blon_2344	DB=STP|SBP_bac_1;ID=Blon_2344
13	TC	0	1	CGC1	CP001095	18739	19701	Blon_2345	-	DB=gnl|TC-DB|Q9KWT7|3.A.1.1.10;ID=Blon_2345	DB=gnl|TC-DB|Q9KWT7|3.A.1.1.10;ID=Blon_2345
14	TC	1	0	CGC1	CP001095	19720	20673	Blon_2346	-	DB=gnl|TC-DB|Q9KWT8|3.A.1.1.10;ID=Blon_2346	DB=gnl|TC-DB|Q9KWT8|3.A.1.1.10;ID=Blon_2346
15	STP	0	0	CGC1	CP001095	20760	22355	Blon_2347	-	DB=STP|SBP_bac_1;ID=Blon_2347	DB=STP|SBP_bac_1;ID=Blon_2347
16	CAZyme	6	1	CGC1	CP001095	22490	23674	Blon_2348	-	DB=GH33;ID=Blon_2348	DB=GH33;ID=Blon_2348
17	null	null	null	CGC1	CP001095	23840	24796	Blon_2348	-	ID=Blon_2349;Parent=Blon_2349;Dbxref=InterPro:IPR002220;Name=Blon_2349;Note=PFAM: dihydrodipicolinate synthetase%3B KEGG: pac:PPA1998 dihydrodipicolinate synthase;codon_start=1;product=dihydrodipicolinate synthetase;protein_id=ACJ53407.1;transl_table=11;translation=length.318
18	STP	4	1	CGC1	CP001095	24978	26570	Blon_2350	-	DB=STP|SBP_bac_1;ID=Blon_2350	DB=STP|SBP_bac_1;ID=Blon_2350
19	STP	3	2	CGC1	CP001095	26947	28551	Blon_2351	-	DB=STP|SBP_bac_1;ID=Blon_2351	DB=STP|SBP_bac_1;ID=Blon_2351
20	STP	2	3	CGC1	CP001095	28939	30537	Blon_2352	-	DB=STP|SBP_bac_1;ID=Blon_2352	DB=STP|SBP_bac_1;ID=Blon_2352
21	null	null	null	CGC1	CP001095	30691	30813	Blon_2352	-	ID=Blon_2353;Parent=Blon_2353;Name=Blon_2353;codon_start=1;product=hypothetical protein;protein_id=ACJ53411.1;transl_table=11;translation=length.40
22	STP	0	5	CGC1	CP001095	30990	32585	Blon_2354	-	DB=STP|SBP_bac_1;ID=Blon_2354	DB=STP|SBP_bac_1;ID=Blon_2354
23	CAZyme	3	6	CGC1	CP001095	32741	34696	Blon_2355	-	DB=GH20;ID=Blon_2355	DB=GH20;ID=Blon_2355
24	null	null	null	CGC1	CP001095	34793	35533	Blon_2355	-	ID=Blon_2356;Parent=Blon_2356;Dbxref=InterPro:IPR005834;Name=Blon_2356;Note=PFAM: Haloacid dehalogenase domain protein hydrolase%3B KEGG: cgb:cg1653 putative phosphoglycolate phosphatase;codon_start=1;product=Haloacid dehalogenase domain protein hydrolase;protein_id=ACJ53414.1;transl_table=11;translation=length.246
25	STP	1	1	CGC1	CP001095	35567	36859	Blon_2357	-	DB=STP|SBP_bac_1;ID=Blon_2357	DB=STP|SBP_bac_1;ID=Blon_2357
26	null	null	null	CGC1	CP001095	36989	38308	Blon_2357	-	ID=Blon_2358;Parent=Blon_2358;Dbxref=InterPro:IPR001279;Name=Blon_2358;Note=PFAM: beta-lactamase domain protein%3B KEGG: lac:LBA1642 hypothetical protein;codon_start=1;product=beta-lactamase domain protein;protein_id=ACJ53416.1;transl_table=11;translation=length.439
27	TC	0	3	CGC1	CP001095	38292	39110	Blon_2359	-	DB=gnl|TC-DB|Q93J92|3.A.1.1.36;ID=Blon_2359	DB=gnl|TC-DB|Q93J92|3.A.1.1.36;ID=Blon_2359
28	TC	0	0	CGC1	CP001095	39107	40054	Blon_2360	-	DB=gnl|TC-DB|P29823|3.A.1.1.4;ID=Blon_2360	DB=gnl|TC-DB|P29823|3.A.1.1.4;ID=Blon_2360
29	TC	null	0	CGC1	CP001095	40056	41174	Blon_2361	-	DB=gnl|TC-DB|Q9X103|3.A.1.1.22;ID=Blon_2361	DB=gnl|TC-DB|Q9X103|3.A.1.1.22;ID=Blon_2361
+++++
