1	CAZyme	0	null	CGC1	LR131274.1	2441	4516	VDS02386.1	-	DB=CE20;ID=VDS02386.1	DB=CE20;ID=VDS02386.1
2	CAZyme	0	0	CGC1	LR131274.1	4518	5180	VDS02387.1	-	DB=CE3;ID=VDS02387.1	DB=CE3;ID=VDS02387.1
3	CAZyme	0	0	CGC1	LR131274.1	5208	7217	VDS02388.1	-	DB=GH20;ID=VDS02388.1	DB=GH20;ID=VDS02388.1
4	CAZyme	0	0	CGC1	LR131274.1	7226	8704	VDS02389.1	-	DB=GH29;ID=VDS02389.1	DB=GH29;ID=VDS02389.1
5	TC	0	0	CGC1	LR131274.1	8801	10357	VDS02390.1	-	DB=gnl|TC-DB|Q5LEN2|8.A.46.1.4;ID=VDS02390.1	DB=gnl|TC-DB|Q5LEN2|8.A.46.1.4;ID=VDS02390.1
6	TC	0	0	CGC1	LR131274.1	10371	13736	VDS02391.1	-	DB=gnl|TC-DB|Q45780|1.B.14.6.1;ID=VDS02391.1	DB=gnl|TC-DB|Q45780|1.B.14.6.1;ID=VDS02391.1
7	CAZyme	1	0	CGC1	LR131274.1	14079	15671	VDS02392.1	-	DB=CBM93|GH33;ID=VDS02392.1	DB=CBM93|GH33;ID=VDS02392.1
8	null	null	null	CGC1	LR131274.1	15717	16163	VDS02392.1	-	ID=VDS02393.1;protein_id=VDS02393.1;product=Protein yjgK
9	TC	9	1	CGC1	LR131274.1	16183	17421	VDS02394.1	-	DB=gnl|TC-DB|O06742|2.A.1.32.1;ID=VDS02394.1	DB=gnl|TC-DB|O06742|2.A.1.32.1;ID=VDS02394.1
10	null	null	null	CGC1	LR131274.1	17460	18644	VDS02394.1	-	ID=VDS02395.1;protein_id=VDS02395.1;product=N-acylglucosamine 2-epimerase
11	null	null	null	CGC1	LR131274.1	18655	19572	VDS02394.1	-	ID=VDS02396.1;protein_id=VDS02396.1;product=N-acetylneuraminate lyase
12	null	null	null	CGC1	LR131274.1	19664	20746	VDS02394.1	-	ID=VDS02397.1;protein_id=VDS02397.1;product=Sialic acid-induced transmembrane protein YjhT(NanM), possible mutarotase
13	TF	5	3	CGC1	LR131274.1	21046	22254	VDS02398.1	+	DB=DBD-Pfam|MarR,DBD-SUPERFAMILY|0043935;ID=VDS02398.1	DB=DBD-Pfam|MarR,DBD-SUPERFAMILY|0043935;ID=VDS02398.1
14	TF	4	4	CGC1	LR131274.1	22317	22526	VDS02399.1	-	DB=DBD-Pfam|HTH_3,DBD-SUPERFAMILY|0043143;ID=VDS02399.1	DB=DBD-Pfam|HTH_3,DBD-SUPERFAMILY|0043143;ID=VDS02399.1
15	null	null	null	CGC1	LR131274.1	22533	22787	VDS02399.1	-	ID=VDS02400.1;protein_id=VDS02400.1;product=hypothetical protein
16	null	null	null	CGC1	LR131274.1	22790	23128	VDS02399.1	-	ID=VDS02401.1;protein_id=VDS02401.1;product=hypothetical protein
17	null	null	null	CGC1	LR131274.1	23254	23901	VDS02399.1	-	ID=VDS02402.1;protein_id=VDS02402.1;product=FIG00403233: hypothetical protein
18	null	null	null	CGC1	LR131274.1	23918	24532	VDS02399.1	-	ID=VDS02403.1;protein_id=VDS02403.1;product=FIG00403233: hypothetical protein
19	TC	1	9	CGC1	LR131274.1	24519	25388	VDS02404.1	-	DB=gnl|TC-DB|L1NER1|9.B.2.1.5;ID=VDS02404.1	DB=gnl|TC-DB|L1NER1|9.B.2.1.5;ID=VDS02404.1
20	null	null	null	CGC1	LR131274.1	25414	25734	VDS02404.1	-	ID=VDS02405.1;protein_id=VDS02405.1;product=FIG00405022: hypothetical protein
21	CAZyme	null	1	CGC1	LR131274.1	26245	29685	VDS02406.1	+	DB=CBM67|GH78;ID=VDS02406.1	DB=CBM67|GH78;ID=VDS02406.1
+++++
