0	CAZyme	0	null	CGC1	NZ_CP074436	1	1038	JOP69_RS09760	-	DB=GH43_1;ID=JOP69_RS09760	DB=GH43_1;ID=JOP69_RS09760
1	TC	0	0	CGC1	NZ_CP074436	1050	2468	JOP69_RS09765	-	DB=gnl|TC-DB|P31435|2.A.2.3.4;ID=JOP69_RS09765	DB=gnl|TC-DB|P31435|2.A.2.3.4;ID=JOP69_RS09765
2	CAZyme	3	0	CGC1	NZ_CP074436	2481	3629	JOP69_RS09770	-	DB=GH10;ID=JOP69_RS09770	DB=GH10;ID=JOP69_RS09770
3	null	null	null	CGC1	NZ_CP074436	3860	4912	JOP69_RS09770	-	ID=JOP69_RS09775;Parent=JOP69_RS09775;eC_number=5.1.3.-;gO_function=GO:0030246 - carbohydrate binding [Evidence IEA]%3B GO:0016857 - racemase and epimerase activity%2C acting on carbohydrates and derivatives [Evidence IEA];gO_process=GO:0005975 - carbohydrate metabolic process [Evidence IEA];Name=JOP69_RS09775;Note=Derived by automated computational analysis using gene prediction method: Protein Homology.;codon_start=1;inference=COORDINATES: protein motif:HMM:NF008277.0;old_locus_tag=JOP69_09775;product=aldose epimerase family protein;protein_id=WP_203394767.1;transl_table=11;translation=length.350
4	null	null	null	CGC1	NZ_CP074436	4919	5686	JOP69_RS09770	-	ID=JOP69_RS09780;Parent=JOP69_RS09780;Name=JOP69_RS09780;Note=Derived by automated computational analysis using gene prediction method: Protein Homology.;codon_start=1;inference=COORDINATES: similar to AA sequence:RefSeq:WP_013549136.1;old_locus_tag=JOP69_09780;product=ThuA domain-containing protein;protein_id=WP_252191098.1;transl_table=11;translation=length.255
5	null	null	null	CGC1	NZ_CP074436	5863	7005	JOP69_RS09770	-	ID=JOP69_RS09785;Parent=JOP69_RS09785;gO_function=GO:0000166 - nucleotide binding [Evidence IEA]%3B GO:0016491 - oxidoreductase activity [Evidence IEA];Name=JOP69_RS09785;Note=Derived by automated computational analysis using gene prediction method: Protein Homology.;codon_start=1;inference=COORDINATES: similar to AA sequence:RefSeq:WP_019669582.1;old_locus_tag=JOP69_09785;product=Gfo/Idh/MocA family protein;protein_id=WP_249988932.1;transl_table=11;translation=length.380
6	TC	2	3	CGC1	NZ_CP074436	7793	8392	JOP69_RS09790	-	DB=gnl|TC-DB|Q1J3L0|9.B.107.1.4;ID=JOP69_RS09790	DB=gnl|TC-DB|Q1J3L0|9.B.107.1.4;ID=JOP69_RS09790
7	null	null	null	CGC1	NZ_CP074436	8602	9294	JOP69_RS09790	-	ID=JOP69_RS09795;Parent=JOP69_RS09795;Name=JOP69_RS09795;Note=Derived by automated computational analysis using gene prediction method: Protein Homology.;codon_start=1;inference=COORDINATES: similar to AA sequence:RefSeq:WP_010177329.1;old_locus_tag=JOP69_09795;product=hypothetical protein;protein_id=WP_203394769.1;transl_table=11;translation=length.230
8	TF	0	1	CGC1	NZ_CP074436	9372	9788	JOP69_RS09800	+	DB=DBD-Pfam|DUF24,DBD-SUPERFAMILY|0044258;ID=JOP69_RS09800	DB=DBD-Pfam|DUF24,DBD-SUPERFAMILY|0044258;ID=JOP69_RS09800
9	CAZyme	6	2	CGC1	NZ_CP074436	9995	11197	JOP69_RS09805	-	DB=GH10;ID=JOP69_RS09805	DB=GH10;ID=JOP69_RS09805
10	null	null	null	CGC1	NZ_CP074436	11220	12164	JOP69_RS09805	-	ID=JOP69_RS09810;Parent=JOP69_RS09810;eC_number=3.1.1.-;gO_function=GO:0016787 - hydrolase activity [Evidence IEA];Name=JOP69_RS09810;Note=Derived by automated computational analysis using gene prediction method: Protein Homology.;codon_start=1;inference=COORDINATES: similar to AA sequence:RefSeq:WP_013549132.1;old_locus_tag=JOP69_09810;product=SMP-30/gluconolactonase/LRE family protein;protein_id=WP_203394772.1;transl_table=11;translation=length.314
11	null	null	null	CGC1	NZ_CP074436	12176	13345	JOP69_RS09805	-	ID=JOP69_RS09815;Parent=JOP69_RS09815;Name=JOP69_RS09815;Note=Derived by automated computational analysis using gene prediction method: GeneMarkS-2+.;codon_start=1;inference=COORDINATES: ab initio prediction:GeneMarkS-2+;old_locus_tag=JOP69_09815;product=hypothetical protein;protein_id=WP_203394773.1;transl_table=11;translation=length.389
12	null	null	null	CGC1	NZ_CP074436	13436	13840	JOP69_RS09805	-	ID=JOP69_RS09820;Parent=JOP69_RS09820;Name=JOP69_RS09820;Note=Derived by automated computational analysis using gene prediction method: GeneMarkS-2+.;codon_start=1;inference=COORDINATES: ab initio prediction:GeneMarkS-2+;old_locus_tag=JOP69_09820;product=hypothetical protein;protein_id=WP_203394774.1;transl_table=11;translation=length.134
13	null	null	null	CGC1	NZ_CP074436	14003	15400	JOP69_RS09805	-	ID=JOP69_RS09825;Parent=JOP69_RS09825;eC_number=3.1.3.1;Name=JOP69_RS09825;Note=Derived by automated computational analysis using gene prediction method: Protein Homology.;codon_start=1;inference=COORDINATES: protein motif:HMM:NF012470.4;old_locus_tag=JOP69_09825;product=alkaline phosphatase;protein_id=WP_203394775.1;transl_table=11;translation=length.465
14	null	null	null	CGC1	NZ_CP074436	15618	16355	JOP69_RS09805	-	ID=JOP69_RS09830;Parent=JOP69_RS09830;Name=JOP69_RS09830;Note=Derived by automated computational analysis using gene prediction method: Protein Homology.;codon_start=1;inference=COORDINATES: similar to AA sequence:RefSeq:WP_013549093.1;old_locus_tag=JOP69_09830;product=ThuA domain-containing protein;protein_id=WP_252191100.1;transl_table=11;translation=length.245
15	null	null	null	CGC1	NZ_CP074436	16381	17661	JOP69_RS09805	-	ID=JOP69_RS09835;Parent=JOP69_RS09835;Name=JOP69_RS09835;Note=Derived by automated computational analysis using gene prediction method: Protein Homology.;codon_start=1;inference=COORDINATES: protein motif:HMM:NF013429.4;old_locus_tag=JOP69_09835;product=sugar phosphate isomerase/epimerase family protein;protein_id=WP_203394777.1;transl_table=11;translation=length.426
16	CAZyme	0	6	CGC1	NZ_CP074436	17668	18684	JOP69_RS09840	-	DB=GH26;ID=JOP69_RS09840	DB=GH26;ID=JOP69_RS09840
17	CAZyme	0	0	CGC1	NZ_CP074436	18774	20441	JOP69_RS09845	-	DB=GH43_12|CBM91;ID=JOP69_RS09845	DB=GH43_12|CBM91;ID=JOP69_RS09845
18	CAZyme	0	0	CGC1	NZ_CP074436	20453	21538	JOP69_RS09850	-	DB=GH10;ID=JOP69_RS09850	DB=GH10;ID=JOP69_RS09850
19	CAZyme	0	0	CGC1	NZ_CP074436	21651	23006	JOP69_RS09855	-	DB=GH10;ID=JOP69_RS09855	DB=GH10;ID=JOP69_RS09855
20	CAZyme	0	0	CGC1	NZ_CP074436	23040	24287	JOP69_RS09860	-	DB=CBM4|CBM4;ID=JOP69_RS09860	DB=CBM4|CBM4;ID=JOP69_RS09860
21	TC	0	0	CGC1	NZ_CP074436	24477	25967	JOP69_RS09865	-	DB=gnl|TC-DB|C6Y217|8.A.46.1.3;ID=JOP69_RS09865	DB=gnl|TC-DB|C6Y217|8.A.46.1.3;ID=JOP69_RS09865
22	TC	0	0	CGC1	NZ_CP074436	25981	28968	JOP69_RS09870	-	DB=gnl|TC-DB|Q45780|1.B.14.6.1;ID=JOP69_RS09870	DB=gnl|TC-DB|Q45780|1.B.14.6.1;ID=JOP69_RS09870
23	CAZyme	null	0	CGC1	NZ_CP074436	29021	31678	JOP69_RS09875	-	DB=GH3;ID=JOP69_RS09875	DB=GH3;ID=JOP69_RS09875
+++++
