0	CAZyme	4	null	CGC1	NZ_GL892007	1	2208	HMPREF9456_RS11100	-	DB=GH10;ID=HMPREF9456_RS11100	DB=GH10;ID=HMPREF9456_RS11100
1	null	null	null	CGC1	NZ_GL892007	2239	3279	HMPREF9456_RS11100	-	ID=HMPREF9456_RS11105;Parent=HMPREF9456_RS11105.t01;Dbxref=GeneID:78082886;Name=HMPREF9456_RS11105;Note=Derived by automated computational analysis using gene prediction method: Protein Homology.;codon_start=1;inference=COORDINATES: similar to AA sequence:RefSeq:WP_006843625.1;old_locus_tag=HMPREF9456_02255;product=DUF5627 domain-containing protein;protein_id=WP_006843625.1;transl_table=11;translation=length.346
2	null	null	null	CGC1	NZ_GL892007	3315	5120	HMPREF9456_RS11100	-	ID=HMPREF9456_RS11110;Parent=HMPREF9456_RS11110.t01;Dbxref=GeneID:78082887;Name=HMPREF9456_RS11110;Note=Derived by automated computational analysis using gene prediction method: Protein Homology.;codon_start=1;inference=COORDINATES: similar to AA sequence:RefSeq:WP_006843626.1;old_locus_tag=HMPREF9456_02256;product=RagB/SusD family nutrient uptake outer membrane protein;protein_id=WP_006843626.1;transl_table=11;translation=length.601
3	null	null	null	CGC1	NZ_GL892007	5135	7972	HMPREF9456_RS11100	-	ID=HMPREF9456_RS11115;Parent=HMPREF9456_RS11115.t01;Dbxref=GeneID:78082888;gO_component=GO:0009279 - cell outer membrane [Evidence IEA];gO_function=GO:0022857 - transmembrane transporter activity [Evidence IEA];gO_process=GO:0071702 - organic substance transport [Evidence IEA];Name=HMPREF9456_RS11115;Note=Derived by automated computational analysis using gene prediction method: Protein Homology.;codon_start=1;inference=COORDINATES: similar to AA sequence:RefSeq:WP_018667359.1;old_locus_tag=HMPREF9456_02257;product=SusC/RagA family TonB-linked outer membrane protein;protein_id=WP_006843627.1;transl_table=11;translation=length.945
4	null	null	null	CGC1	NZ_GL892007	8016	9959	HMPREF9456_RS11100	-	ID=HMPREF9456_RS11120;Parent=HMPREF9456_RS11120.t01;Dbxref=GeneID:78082889;Name=HMPREF9456_RS11120;Note=Derived by automated computational analysis using gene prediction method: Protein Homology.;codon_start=1;inference=COORDINATES: similar to AA sequence:RefSeq:WP_004324534.1;old_locus_tag=HMPREF9456_02258;product=RagB/SusD family nutrient uptake outer membrane protein;protein_id=WP_006843628.1;transl_table=11;translation=length.647
5	TC	0	4	CGC1	NZ_GL892007	9971	13114	HMPREF9456_RS11125	-	DB=gnl|TC-DB|Q45780|1.B.14.6.1;ID=HMPREF9456_RS11125	DB=gnl|TC-DB|Q45780|1.B.14.6.1;ID=HMPREF9456_RS11125
6	CAZyme	0	0	CGC1	NZ_GL892007	13669	15393	HMPREF9456_RS11130	-	DB=GH43_12|CBM91;ID=HMPREF9456_RS11130	DB=GH43_12|CBM91;ID=HMPREF9456_RS11130
7	CAZyme	0	0	CGC1	NZ_GL892007	15677	16648	HMPREF9456_RS11135	-	DB=GH43_1;ID=HMPREF9456_RS11135	DB=GH43_1;ID=HMPREF9456_RS11135
8	CAZyme	2	0	CGC1	NZ_GL892007	16656	17786	HMPREF9456_RS11140	-	DB=GH10;ID=HMPREF9456_RS11140	DB=GH10;ID=HMPREF9456_RS11140
9	TF	1	0	CGC1	NZ_GL892007	18578	22546	HMPREF9456_RS11145	+	DB=DBD-Pfam|HTH_AraC,DBD-Pfam|HTH_AraC,DBD-SUPERFAMILY|0035607,DBD-SUPERFAMILY|0035607;ID=HMPREF9456_RS11145	DB=DBD-Pfam|HTH_AraC,DBD-Pfam|HTH_AraC,DBD-SUPERFAMILY|0035607,DBD-SUPERFAMILY|0035607;ID=HMPREF9456_RS11145
10	null	null	null	CGC1	NZ_GL892007	22794	24821	HMPREF9456_RS11145	+	ID=HMPREF9456_RS11150;Parent=HMPREF9456_RS11150.t01;Dbxref=GeneID:78082895;eC_number=2.2.1.-;Name=HMPREF9456_RS11150;Note=Derived by automated computational analysis using gene prediction method: Protein Homology.;codon_start=1;inference=COORDINATES: similar to AA sequence:RefSeq:WP_006842758.1;old_locus_tag=HMPREF9456_02265;product=transketolase;protein_id=WP_006843635.1;transl_table=11;translation=length.675
11	CAZyme	1	2	CGC1	NZ_GL892007	24933	27296	HMPREF9456_RS11155	+	DB=GH146;ID=HMPREF9456_RS11155	DB=GH146;ID=HMPREF9456_RS11155
12	STP	0	0	CGC1	NZ_GL892007	27393	28094	HMPREF9456_RS11160	-	DB=STP|NUDIX;ID=HMPREF9456_RS11160	DB=STP|NUDIX;ID=HMPREF9456_RS11160
13	CAZyme	0	1	CGC1	NZ_GL892007	28397	29548	HMPREF9456_RS11165	-	DB=CE1;ID=HMPREF9456_RS11165	DB=CE1;ID=HMPREF9456_RS11165
14	CAZyme	0	0	CGC1	NZ_GL892007	29569	30852	HMPREF9456_RS11170	-	DB=GH8;ID=HMPREF9456_RS11170	DB=GH8;ID=HMPREF9456_RS11170
15	CAZyme	0	0	CGC1	NZ_GL892007	30866	31714	HMPREF9456_RS11175	-	DB=CE6;ID=HMPREF9456_RS11175	DB=CE6;ID=HMPREF9456_RS11175
16	CAZyme	0	0	CGC1	NZ_GL892007	31773	33128	HMPREF9456_RS11180	-	DB=GH43_29|CBM6;ID=HMPREF9456_RS11180	DB=GH43_29|CBM6;ID=HMPREF9456_RS11180
17	CAZyme	0	0	CGC1	NZ_GL892007	33149	34483	HMPREF9456_RS11185	-	DB=GH43_29|CBM6;ID=HMPREF9456_RS11185	DB=GH43_29|CBM6;ID=HMPREF9456_RS11185
18	CAZyme	0	0	CGC1	NZ_GL892007	34492	36432	HMPREF9456_RS11190	-	DB=GH97;ID=HMPREF9456_RS11190	DB=GH97;ID=HMPREF9456_RS11190
19	CAZyme	2	0	CGC1	NZ_GL892007	36465	38912	HMPREF9456_RS11195	-	DB=GH31_4;ID=HMPREF9456_RS11195	DB=GH31_4;ID=HMPREF9456_RS11195
20	TF	1	0	CGC1	NZ_GL892007	39048	42923	HMPREF9456_RS11200	-	DB=DBD-Pfam|HTH_AraC,DBD-Pfam|HTH_AraC,DBD-SUPERFAMILY|0035607;ID=HMPREF9456_RS11200	DB=DBD-Pfam|HTH_AraC,DBD-Pfam|HTH_AraC,DBD-SUPERFAMILY|0035607;ID=HMPREF9456_RS11200
21	STP	0	1	CGC1	NZ_GL892007	43308	43895	HMPREF9456_RS11205	+	DB=STP|NTP_transf_2;ID=HMPREF9456_RS11205	DB=STP|NTP_transf_2;ID=HMPREF9456_RS11205
22	CAZyme	0	2	CGC1	NZ_GL892007	44041	46473	HMPREF9456_RS11210	-	DB=GH51_2;ID=HMPREF9456_RS11210	DB=GH51_2;ID=HMPREF9456_RS11210
23	CAZyme	0	0	CGC1	NZ_GL892007	46513	47469	HMPREF9456_RS11215	-	DB=GH43_29;ID=HMPREF9456_RS11215	DB=GH43_29;ID=HMPREF9456_RS11215
24	CAZyme	0	0	CGC1	NZ_GL892007	47595	49565	HMPREF9456_RS11220	-	DB=CE1|CE1;ID=HMPREF9456_RS11220	DB=CE1|CE1;ID=HMPREF9456_RS11220
25	CAZyme	0	0	CGC1	NZ_GL892007	49668	51215	HMPREF9456_RS11225	-	DB=GH43_10|CBM91;ID=HMPREF9456_RS11225	DB=GH43_10|CBM91;ID=HMPREF9456_RS11225
26	CAZyme	0	0	CGC1	NZ_GL892007	52026	54545	HMPREF9456_RS11230	+	DB=GH115;ID=HMPREF9456_RS11230	DB=GH115;ID=HMPREF9456_RS11230
27	CAZyme	0	0	CGC1	NZ_GL892007	54557	56488	HMPREF9456_RS11235	+	DB=CE20|CE20;ID=HMPREF9456_RS11235	DB=CE20|CE20;ID=HMPREF9456_RS11235
28	TC	0	0	CGC1	NZ_GL892007	56501	57913	HMPREF9456_RS11240	+	DB=gnl|TC-DB|P94488|2.A.2.3.2;ID=HMPREF9456_RS11240	DB=gnl|TC-DB|P94488|2.A.2.3.2;ID=HMPREF9456_RS11240
29	CAZyme	0	0	CGC1	NZ_GL892007	57939	59090	HMPREF9456_RS11245	+	DB=GH10;ID=HMPREF9456_RS11245	DB=GH10;ID=HMPREF9456_RS11245
30	CAZyme	0	0	CGC1	NZ_GL892007	59112	60086	HMPREF9456_RS11250	+	DB=GH43_1;ID=HMPREF9456_RS11250	DB=GH43_1;ID=HMPREF9456_RS11250
31	CAZyme	3	0	CGC1	NZ_GL892007	60190	62220	HMPREF9456_RS11255	+	DB=GH67;ID=HMPREF9456_RS11255	DB=GH67;ID=HMPREF9456_RS11255
32	null	null	null	CGC1	NZ_GL892007	62228	63400	HMPREF9456_RS11255	+	ID=HMPREF9456_RS11260;Parent=HMPREF9456_RS11260.t01;Dbxref=GeneID:78082917;eC_number=4.2.1.8;gO_function=GO:0008927 - mannonate dehydratase activity [Evidence IEA];gO_process=GO:0006064 - glucuronate catabolic process [Evidence IEA];Name=uxuA;Note=Derived by automated computational analysis using gene prediction method: Protein Homology.;codon_start=1;inference=COORDINATES: similar to AA sequence:RefSeq:WP_006843658.1;locus_tag=HMPREF9456_RS11260;old_locus_tag=HMPREF9456_02288;product=mannonate dehydratase;protein_id=WP_006843658.1;transl_table=11;translation=length.390
33	null	null	null	CGC1	NZ_GL892007	63397	64236	HMPREF9456_RS11255	+	ID=HMPREF9456_RS11265;Parent=HMPREF9456_RS11265.t01;Dbxref=GeneID:78082918;Name=HMPREF9456_RS11265;Note=Derived by automated computational analysis using gene prediction method: Protein Homology.;codon_start=1;inference=COORDINATES: similar to AA sequence:RefSeq:WP_006843659.1;old_locus_tag=HMPREF9456_02289;product=SDR family oxidoreductase;protein_id=WP_006843659.1;transl_table=11;translation=length.279
34	TF	0	2	CGC1	NZ_GL892007	64559	68566	HMPREF9456_RS11270	-	DB=DBD-Pfam|HTH_AraC,DBD-Pfam|HTH_AraC,DBD-SUPERFAMILY|0036286,DBD-SUPERFAMILY|0035607;ID=HMPREF9456_RS11270	DB=DBD-Pfam|HTH_AraC,DBD-Pfam|HTH_AraC,DBD-SUPERFAMILY|0036286,DBD-SUPERFAMILY|0035607;ID=HMPREF9456_RS11270
35	TC	0	3	CGC1	NZ_GL892007	69349	72540	HMPREF9456_RS11275	+	DB=gnl|TC-DB|Q45780|1.B.14.6.1;ID=HMPREF9456_RS11275	DB=gnl|TC-DB|Q45780|1.B.14.6.1;ID=HMPREF9456_RS11275
36	TC	null	0	CGC1	NZ_GL892007	72560	74635	HMPREF9456_RS11280	+	DB=gnl|TC-DB|G0IYY9|8.A.46.1.6;ID=HMPREF9456_RS11280	DB=gnl|TC-DB|G0IYY9|8.A.46.1.6;ID=HMPREF9456_RS11280
+++++
