Reg_prop	24	HMPREF9456_RS11145	1322	1.8e-05	2	24	32	54	0.9166666666666666
Reg_prop	24	HMPREF9456_RS11145	1322	1.6e-05	5	23	299	317	0.75
Reg_prop	24	HMPREF9456_RS11145	1322	7.2e-06	5	24	343	362	0.7916666666666666
Reg_prop	24	HMPREF9456_RS11145	1322	8.9e-05	2	21	470	489	0.7916666666666666
Reg_prop	24	HMPREF9456_RS11145	1322	7.4e-05	2	24	513	535	0.9166666666666666
Y_Y_Y	66	HMPREF9456_RS11145	1322	5.2e-15	1	65	694	756	0.9696969696969697
HisKA	64	HMPREF9456_RS11145	1322	5.2e-14	3	64	802	865	0.953125
HATPase_c	111	HMPREF9456_RS11145	1322	6.6e-19	3	109	913	1027	0.954954954954955
Response_reg	112	HMPREF9456_RS11145	1322	2.4e-27	1	108	1072	1179	0.9553571428571429
HTH_18	81	HMPREF9456_RS11145	1322	6.1e-24	1	81	1240	1319	0.9876543209876543
NUDIX	131	HMPREF9456_RS11160	233	3.7e-07	5	125	15	133	0.916030534351145
Reg_prop	24	HMPREF9456_RS11200	1291	7e-05	1	23	291	313	0.9166666666666666
Reg_prop	24	HMPREF9456_RS11200	1291	2.3e-06	1	24	339	362	0.9583333333333334
Reg_prop	24	HMPREF9456_RS11200	1291	1.2e-05	7	23	387	404	0.6666666666666666
Reg_prop	24	HMPREF9456_RS11200	1291	1.2e-06	1	24	430	453	0.9583333333333334
Y_Y_Y	66	HMPREF9456_RS11200	1291	9.3e-12	8	65	687	742	0.8636363636363636
HisKA	64	HMPREF9456_RS11200	1291	4e-10	2	62	783	846	0.9375
HATPase_c	111	HMPREF9456_RS11200	1291	2.6e-18	2	109	895	1004	0.963963963963964
Response_reg	112	HMPREF9456_RS11200	1291	6.8e-27	1	108	1047	1154	0.9553571428571429
HTH_18	81	HMPREF9456_RS11200	1291	3.4e-20	2	77	1216	1290	0.9259259259259259
NTP_transf_2	95	HMPREF9456_RS11205	195	2.3e-05	12	48	28	76	0.37894736842105264
Reg_prop	24	HMPREF9456_RS11270	1335	4e-06	2	23	36	57	0.875
Reg_prop	24	HMPREF9456_RS11270	1335	5.8e-07	1	23	80	102	0.9166666666666666
Reg_prop	24	HMPREF9456_RS11270	1335	0.0001	6	22	305	321	0.6666666666666666
Reg_prop	24	HMPREF9456_RS11270	1335	4e-05	6	23	390	407	0.7083333333333334
Reg_prop	24	HMPREF9456_RS11270	1335	1e-05	3	24	520	542	0.875
Y_Y_Y	66	HMPREF9456_RS11270	1335	2.8e-12	2	47	701	746	0.6818181818181818
HisKA	64	HMPREF9456_RS11270	1335	2.1e-13	1	64	802	867	0.984375
HATPase_c	111	HMPREF9456_RS11270	1335	5.8e-19	2	110	914	1034	0.972972972972973
Response_reg	112	HMPREF9456_RS11270	1335	4e-27	1	111	1079	1189	0.9821428571428571
HTH_18	81	HMPREF9456_RS11270	1335	2.2e-24	1	78	1247	1323	0.9506172839506173
