4	TC	2	null	CGC1	LT674125.1	4207	5760	SIP56315.1	+	DB=gnl|TC-DB|Q57079|3.B.1.1.2;ID=SIP56315.1	DB=gnl|TC-DB|Q57079|3.B.1.1.2;ID=SIP56315.1
5	null	null	null	CGC1	LT674125.1	5792	6724	SIP56315.1	+	ID=SIP56316.1;protein_id=SIP56316.1;product=Oxaloacetate decarboxylase, gamma chain
6	null	null	null	CGC1	LT674125.1	6748	7182	SIP56315.1	+	ID=SIP56317.1;protein_id=SIP56317.1;product=gnl|TC-DB|Q9V0A6|3.B.1.1.5
7	TC	1	2	CGC1	LT674125.1	7184	8344	SIP56318.1	+	DB=gnl|TC-DB|Q57286|3.B.1.1.2;ID=SIP56318.1	DB=gnl|TC-DB|Q57286|3.B.1.1.2;ID=SIP56318.1
8	STP	0	0	CGC1	LT674125.1	8517	9869	SIP56319.1	+	DB=STP|TPR_1,STP|TPR_2;ID=SIP56319.1	DB=STP|TPR_1,STP|TPR_2;ID=SIP56319.1
9	CAZyme	10	1	CGC1	LT674125.1	9979	11829	SIP56320.1	+	DB=GH13_46;ID=SIP56320.1	DB=GH13_46;ID=SIP56320.1
10	null	null	null	CGC1	LT674125.1	12300	13310	SIP56320.1	-	ID=SIP56321.1;protein_id=SIP56321.1;product=Fructose-bisphosphate aldolase
11	null	null	null	CGC1	LT674125.1	13593	14423	SIP56320.1	-	ID=SIP56322.1;protein_id=SIP56322.1;product=Endonuclease/Exonuclease/phosphatase family protein
12	null	null	null	CGC1	LT674125.1	14442	15716	SIP56320.1	+	ID=SIP56323.1;protein_id=SIP56323.1;product=IS2 repressor TnpA-transposase TnpB
13	null	null	null	CGC1	LT674125.1	16126	16377	SIP56320.1	+	ID=SIP56324.1;protein_id=SIP56324.1;product=50S ribosomal protein L31 type B
14	null	null	null	CGC1	LT674125.1	16559	18085	SIP56320.1	+	ID=SIP56325.1;protein_id=SIP56325.1;product=Protease HtpX
15	null	null	null	CGC1	LT674125.1	18177	19265	SIP56320.1	-	ID=SIP56326.1;protein_id=SIP56326.1;product=Aminomethyltransferase
16	null	null	null	CGC1	LT674125.1	19297	20520	SIP56320.1	-	ID=SIP56327.1;protein_id=SIP56327.1;product=Peptidase T
17	STP	2	7	CGC1	LT674125.1	20717	22129	SIP56328.1	-	DB=STP|Pribosyltran;ID=SIP56328.1	DB=STP|Pribosyltran;ID=SIP56328.1
18	TF	1	8	CGC1	LT674125.1	22301	23107	SIP56329.1	+	DB=DBD-Pfam|HTH_AraC,DBD-SUPERFAMILY|0035607;ID=SIP56329.1	DB=DBD-Pfam|HTH_AraC,DBD-SUPERFAMILY|0035607;ID=SIP56329.1
19	STP	0	9	CGC1	LT674125.1	23111	24052	SIP56330.1	-	DB=STP|Fer4;ID=SIP56330.1	DB=STP|Fer4;ID=SIP56330.1
20	CAZyme	1	10	CGC1	LT674125.1	24258	26411	SIP56331.1	-	DB=GH97;ID=SIP56331.1	DB=GH97;ID=SIP56331.1
21	null	null	null	CGC1	LT674125.1	26639	27124	SIP56331.1	-	ID=SIP56332.1;protein_id=SIP56332.1;product=hypothetical protein
22	TC	2	1	CGC1	LT674125.1	27850	28227	SIP56333.1	+	DB=gnl|TC-DB|P37002|1.A.43.1.1;ID=SIP56333.1	DB=gnl|TC-DB|P37002|1.A.43.1.1;ID=SIP56333.1
23	null	null	null	CGC1	LT674125.1	28241	28909	SIP56333.1	+	ID=SIP56334.1;protein_id=SIP56334.1;product=Pentapeptide repeats (8 copies)
24	null	null	null	CGC1	LT674125.1	28975	30264	SIP56333.1	+	ID=SIP56335.1;protein_id=SIP56335.1;product=Enolase
25	CAZyme	0	2	CGC1	LT674125.1	30368	32620	SIP56336.1	-	DB=GH3;ID=SIP56336.1	DB=GH3;ID=SIP56336.1
26	CAZyme	0	0	CGC1	LT674125.1	32623	33915	SIP56337.1	-	DB=GH158;ID=SIP56337.1	DB=GH158;ID=SIP56337.1
27	CAZyme	null	0	CGC1	LT674125.1	34005	34949	SIP56338.1	-	DB=GH16_3;ID=SIP56338.1	DB=GH16_3;ID=SIP56338.1
+++++
