3	CAZyme	4	null	CGC1	LT674125	32623	33915	SIP56337.1	-	DB=GH158;ID=SIP56337.1	DB=GH158;ID=SIP56337.1
4	null	null	null	CGC1	LT674125	35035	35244	SIP56339.1	-	;ID=SIP56339.1
5	TF	2	1	CGC1	LT674125	450	1811	SIP56312.1	-	DB=DBD-Pfam|HTH_8,DBD-SUPERFAMILY|0037176;ID=SIP56312.1	DB=DBD-Pfam|HTH_8,DBD-SUPERFAMILY|0037176;ID=SIP56312.1
6	null	null	null	CGC1	LT674125	1955	3442	SIP56313.1	-	;ID=SIP56313.1
7	STP	0	3	CGC1	LT674125	3636	4148	SIP56314.1	+	DB=STP|Glyoxalase;ID=SIP56314.1	DB=STP|Glyoxalase;ID=SIP56314.1
8	TC	1	4	CGC1	LT674125	4207	5760	SIP56315.1	+	DB=gnl|TC-DB|Q57079|3.B.1.1.2;ID=SIP56315.1	DB=gnl|TC-DB|Q57079|3.B.1.1.2;ID=SIP56315.1
9	null	null	null	CGC1	LT674125	5792	6724	SIP56316.1	+	;ID=SIP56316.1
10	TC	0	1	CGC1	LT674125	6748	7182	SIP56317.1	+	DB=gnl|TC-DB|Q9V0A6|3.B.1.1.5;ID=SIP56317.1	DB=gnl|TC-DB|Q9V0A6|3.B.1.1.5;ID=SIP56317.1
11	TC	1	0	CGC1	LT674125	7184	8344	SIP56318.1	+	DB=gnl|TC-DB|Q57286|3.B.1.1.2;ID=SIP56318.1	DB=gnl|TC-DB|Q57286|3.B.1.1.2;ID=SIP56318.1
12	STP	0	0	CGC1	LT674125	8517	9869	SIP56319.1	+	DB=STP|TPR_1;ID=SIP56319.1	DB=STP|TPR_1;ID=SIP56319.1
13	CAZyme	9	1	CGC1	LT674125	9979	11829	Cyclomaltodextrinase	+	DB=GH13;ID=Cyclomaltodextrinase	DB=GH13;ID=Cyclomaltodextrinase
14	null	null	null	CGC1	LT674125	12300	13310	SIP56321.1	-	;ID=SIP56321.1
15	null	null	null	CGC1	LT674125	13593	14423	SIP56322.1	-	;ID=SIP56322.1
16	null	null	null	CGC1	LT674125	14442	15716	SIP56323.1	+	;ID=SIP56323.1
17	null	null	null	CGC1	LT674125	16126	16377	SIP56324.1	+	;ID=SIP56324.1
18	null	null	null	CGC1	LT674125	16559	18085	SIP56325.1	+	;ID=SIP56325.1
19	null	null	null	CGC1	LT674125	18177	19265	Aminomethyltransferase	-	;ID=Aminomethyltransferase
20	null	null	null	CGC1	LT674125	19297	20520	SIP56327.1	-	;ID=SIP56327.1
21	STP	1	7	CGC1	LT674125	20717	22129	SIP56328.1	-	DB=STP|Pribosyltran;ID=SIP56328.1	DB=STP|Pribosyltran;ID=SIP56328.1
22	TF	0	8	CGC1	LT674125	22301	23107	SIP56329.1	+	DB=DBD-Pfam|HTH_AraC,DBD-SUPERFAMILY|0035607;ID=SIP56329.1	DB=DBD-Pfam|HTH_AraC,DBD-SUPERFAMILY|0035607;ID=SIP56329.1
23	CAZyme	0	9	CGC1	LT674125	24258	26411	SIP56331.1	-	DB=GH97;ID=SIP56331.1	DB=GH97;ID=SIP56331.1
24	TC	2	0	CGC1	LT674125	27850	28227	SIP56333.1	+	DB=gnl|TC-DB|P37002|1.A.43.1.1;ID=SIP56333.1	DB=gnl|TC-DB|P37002|1.A.43.1.1;ID=SIP56333.1
25	null	null	null	CGC1	LT674125	28241	28909	SIP56334.1	+	;ID=SIP56334.1
26	null	null	null	CGC1	LT674125	28975	30264	Enolase	+	;ID=Enolase
27	CAZyme	0	2	CGC1	LT674125	30368	32620	SIP56336.1	-	DB=GH3;ID=SIP56336.1	DB=GH3;ID=SIP56336.1
28	CAZyme	null	0	CGC1	LT674125	34005	34949	SIP56338.1	-	DB=GH16;ID=SIP56338.1	DB=GH16;ID=SIP56338.1
+++++
