diamond v2.0.11.149 (C) Max Planck Society for the Advancement of Science
Documentation, support and updates available at http://www.diamondsearch.org
Please cite: http://dx.doi.org/10.1038/s41592-021-01101-x Nature Methods (2021)

#CPU threads: 1
Scoring parameters: (Matrix=BLOSUM62 Lambda=0.267 K=0.041 Penalties=11/1)
Temporary directory: .
#Target sequences to report alignments for: 1
Opening the database...  [0.029s]
Database: /array3/yuchen/db/tcdb.dmnd (type: Diamond database, sequences: 14465, letters: 6343638)
Block size = 2000000000
Opening the input file...  [0s]
Opening the output file...  [0s]
Loading query sequences...  [0s]
Masking queries...  [0.018s]
Algorithm: Double-indexed
Building query histograms...  [0s]
Allocating buffers...  [0s]
Loading reference sequences...  [0.018s]
Masking reference...  [0.88s]
Initializing temporary storage...  [0s]
Building reference histograms...  [0.359s]
Allocating buffers...  [0s]
Processing query block 1, reference block 1/1, shape 1/2, index chunk 1/4.
Building reference seed array...  [0.15s]
Building query seed array...  [0s]
Computing hash join...  [0.013s]
Building seed filter...  [0.027s]
Searching alignments...  [0.012s]
Processing query block 1, reference block 1/1, shape 1/2, index chunk 2/4.
Building reference seed array...  [0.295s]
Building query seed array...  [0.019s]
Computing hash join...  [0.034s]
Building seed filter...  [0.032s]
Searching alignments...  [0.004s]
Processing query block 1, reference block 1/1, shape 1/2, index chunk 3/4.
Building reference seed array...  [0.256s]
Building query seed array...  [0.015s]
Computing hash join...  [0.033s]
Building seed filter...  [0.022s]
Searching alignments...  [0.016s]
Processing query block 1, reference block 1/1, shape 1/2, index chunk 4/4.
Building reference seed array...  [0.196s]
Building query seed array...  [0.006s]
Computing hash join...  [0.026s]
Building seed filter...  [0.008s]
Searching alignments...  [0.013s]
Processing query block 1, reference block 1/1, shape 2/2, index chunk 1/4.
Building reference seed array...  [0.218s]
Building query seed array...  [0.009s]
Computing hash join...  [0.021s]
Building seed filter...  [0.014s]
Searching alignments...  [0.011s]
Processing query block 1, reference block 1/1, shape 2/2, index chunk 2/4.
Building reference seed array...  [0.232s]
Building query seed array...  [0.011s]
Computing hash join...  [0.025s]
Building seed filter...  [0.026s]
Searching alignments...  [0.015s]
Processing query block 1, reference block 1/1, shape 2/2, index chunk 3/4.
Building reference seed array...  [0.139s]
Building query seed array...  [0.008s]
Computing hash join...  [0.05s]
Building seed filter...  [0.021s]
Searching alignments...  [0.025s]
Processing query block 1, reference block 1/1, shape 2/2, index chunk 4/4.
Building reference seed array...  [0.195s]
Building query seed array...  [0.018s]
Computing hash join...  [0.053s]
Building seed filter...  [0.042s]
Searching alignments...  [0.011s]
Deallocating buffers...  [0.001s]
Clearing query masking...  [0s]
Computing alignments...  [0.058s]
Deallocating reference...  [0.001s]
Loading reference sequences...  [0s]
Deallocating buffers...  [0s]
Deallocating queries...  [0s]
Loading query sequences...  [0s]
Closing the input file...  [0s]
Closing the output file...  [0s]
Cleaning up...  [0s]
Total time = 3.91s
Reported 1 pairwise alignments, 1 HSPs.
1 queries aligned.
PUL0775.gff


***************************1. DIAMOND start*************************************************




***************************1. DIAMOND end***************************************************




***************************2. HMMER start*************************************************




***************************2. HMMER end***************************************************




***************************3. dbCAN_sub start***************************************************


total time: 520.6193809509277


***************************3. dbCAN_sub end***************************************************


*****************************CGC-Finder start************************************
**************************************CGC-Finder end***********************************************
Preparing overview table from hmmer, dbCAN_sub and diamond output...
Overview table complete. Saved as ./overview.txt
diamond v2.0.11.149 (C) Max Planck Society for the Advancement of Science
Documentation, support and updates available at http://www.diamondsearch.org
Please cite: http://dx.doi.org/10.1038/s41592-021-01101-x Nature Methods (2021)

#CPU threads: 1
Scoring parameters: (Matrix=BLOSUM62 Lambda=0.267 K=0.041 Penalties=11/1)
Temporary directory: .
#Target sequences to report alignments for: 1
Opening the database...  [0.076s]
Database: /array3/yuchen/db/tcdb.dmnd (type: Diamond database, sequences: 14465, letters: 6343638)
Block size = 2000000000
Opening the input file...  [0s]
Opening the output file...  [0s]
Loading query sequences...  [0s]
Masking queries...  [0.018s]
Algorithm: Double-indexed
Building query histograms...  [0.019s]
Allocating buffers...  [0s]
Loading reference sequences...  [0.034s]
Masking reference...  [0.594s]
Initializing temporary storage...  [0s]
Building reference histograms...  [0.263s]
Allocating buffers...  [0s]
Processing query block 1, reference block 1/1, shape 1/2, index chunk 1/4.
Building reference seed array...  [0.129s]
Building query seed array...  [0.008s]
Computing hash join...  [0.025s]
Building seed filter...  [0.019s]
Searching alignments...  [0.016s]
Processing query block 1, reference block 1/1, shape 1/2, index chunk 2/4.
Building reference seed array...  [0.226s]
Building query seed array...  [0s]
Computing hash join...  [0.013s]
Building seed filter...  [0s]
Searching alignments...  [0s]
Processing query block 1, reference block 1/1, shape 1/2, index chunk 3/4.
Building reference seed array...  [0.127s]
Building query seed array...  [0.004s]
Computing hash join...  [0.033s]
Building seed filter...  [0.024s]
Searching alignments...  [0.004s]
Processing query block 1, reference block 1/1, shape 1/2, index chunk 4/4.
Building reference seed array...  [0.195s]
Building query seed array...  [0.004s]
Computing hash join...  [0.021s]
Building seed filter...  [0.026s]
Searching alignments...  [0.012s]
Processing query block 1, reference block 1/1, shape 2/2, index chunk 1/4.
Building reference seed array...  [0.109s]
Building query seed array...  [0.01s]
Computing hash join...  [0.038s]
Building seed filter...  [0.013s]
Searching alignments...  [0.003s]
Processing query block 1, reference block 1/1, shape 2/2, index chunk 2/4.
Building reference seed array...  [0.178s]
Building query seed array...  [0.01s]
Computing hash join...  [0.04s]
Building seed filter...  [0.023s]
Searching alignments...  [0.011s]
Processing query block 1, reference block 1/1, shape 2/2, index chunk 3/4.
Building reference seed array...  [0.239s]
Building query seed array...  [0.012s]
Computing hash join...  [0.023s]
Building seed filter...  [0.036s]
Searching alignments...  [0.004s]
Processing query block 1, reference block 1/1, shape 2/2, index chunk 4/4.
Building reference seed array...  [0.198s]
Building query seed array...  [0.012s]
Computing hash join...  [0.021s]
Building seed filter...  [0.014s]
Searching alignments...  [0.004s]
Deallocating buffers...  [0.002s]
Clearing query masking...  [0s]
Computing alignments...  [0.049s]
Deallocating reference...  [0.001s]
Loading reference sequences...  [0s]
Deallocating buffers...  [0s]
Deallocating queries...  [0s]
Loading query sequences...  [0s]
Closing the input file...  [0s]
Closing the output file...  [0s]
Cleaning up...  [0s]
Total time = 3.092s
Reported 1 pairwise alignments, 1 HSPs.
1 queries aligned.
PUL0775.gff


***************************1. DIAMOND start*************************************************




***************************1. DIAMOND end***************************************************




***************************2. HMMER start*************************************************




***************************2. HMMER end***************************************************




***************************3. dbCAN_sub start***************************************************


total time: 664.7578327655792


***************************3. dbCAN_sub end***************************************************


*****************************CGC-Finder start************************************
**************************************CGC-Finder end***********************************************
Preparing overview table from hmmer, dbCAN_sub and diamond output...
Overview table complete. Saved as ./overview.txt
