Checking platform devices
в”Ҹв”Ғв”Ғв”ів”Ғв”Ғв”Ғв”Ғв”Ғв”Ғв”ів”Ғв”Ғв”Ғв”Ғв”Ғв”Ғв”ів”Ғв”Ғв”Ғв”Ғв”Ғв”Ғв”Ғв”Ғв”ів”Ғв”Ғв”Ғв”Ғв”Ғв”Ғв”Ғв”“
в”ғ  в”ғ Name в”ғ CUDA в”ғ Memory в”ғ Cores в”ғ
в”Ўв”Ғв”Ғв•Үв”Ғв”Ғв”Ғв”Ғв”Ғв”Ғв•Үв”Ғв”Ғв”Ғв”Ғв”Ғв”Ғв•Үв”Ғв”Ғв”Ғв”Ғв”Ғв”Ғв”Ғв”Ғв•Үв”Ғв”Ғв”Ғв”Ғв”Ғв”Ғв”Ғв”©
в””в”Җв”Җв”ҙв”Җв”Җв”Җв”Җв”Җв”Җв”ҙв”Җв”Җв”Җв”Җв”Җв”Җв”ҙв”Җв”Җв”Җв”Җв”Җв”Җв”Җв”Җв”ҙв”Җв”Җв”Җв”Җв”Җв”Җв”Җв”ҳ
Loading pretrained Model
The modules hash 96496fdc2f944dae98f39ea188e4c11d is not identical to the recorded hash 3eb0deaa6ae639a0e904e2805b903558
Got a model of type <class 
'genecat.model.multilabel_encoder.GeneMultilabelModule'>
Loading Vocab
Loading Features
Collecting Genes
Number of Genes: 772451
Number of Contigs: 463
Fraction of annotated Genes: 0.4356755315223878
Fraction of UNKNOWN Domains: 0.01818516779680155
Vocab   в”Ғв”Ғв”Ғв”Ғв”Ғв”Ғв”Ғв”Ғв”Ғв”Ғв”Ғв”Ғв”Ғв”Ғв”Ғв”Ғв”Ғв”Ғв”Ғв”Ғв”Ғв”Ғв”Ғв”Ғв”Ғв”Ғв”Ғв”Ғв”Ғв”Ғв”Ғв”Ғв”Ғв”Ғв”Ғв”Ғв”Ғв”Ғв”Ғв”Ғ 100% 0:00:00
Genes   в”Ғв”Ғв”Ғв”Ғв”Ғв”Ғв”Ғв”Ғв”Ғв”Ғв”Ғв”Ғв”Ғв”Ғв”Ғв”Ғв”Ғв”Ғв”Ғв”Ғв”Ғв”Ғв”Ғв”Ғв”Ғв”Ғв”Ғв”Ғв”Ғв”Ғв”Ғв”Ғв”Ғв”Ғв”Ғв”Ғв”Ғв”Ғв”Ғв”Ғ 100% 0:00:00
Domains в”Ғв”Ғв”Ғв”Ғв”Ғв”Ғв”Ғв”Ғв”Ғв”Ғв”Ғв”Ғв”Ғв”Ғв”Ғв”Ғв”Ғв”Ғв”Ғв”Ғв”Ғв”Ғв”Ғв”Ғв”Ғв”Ғв”Ғв”Ғв”Ғв”Ғв”Ғв”Ғв”Ғв”Ғв”Ғв”Ғв”Ғв”Ғв”Ғв”Ғ 100% 0:00:00
Indexing Gene Table ...
Indexing Domain Table ...
Indexing time: 0.5596282482147217
Generating Embeddings in Batches
Wrote output to 
/exports/lucid-grpzeller-work/brosenthal/gLM-PUL-Prediction/src/data/results/gen
ecat/PUL_embs/model_gene_multilabel_untied_march_s4spvlec_v0_context_embedding.e
mbedding_database.sqlite3
Wrote output to 
/exports/lucid-grpzeller-work/brosenthal/gLM-PUL-Prediction/src/data/results/gen
ecat/PUL_embs/model_gene_multilabel_untied_march_s4spvlec_v0_context_embedding.e
mbeddings.parquet
  Infer and save Embeddings в”Ғв”Ғв”Ғв”Ғв”Ғв”Ғв”Ғв”Ғв”Ғв”Ғв”Ғв”Ғв”Ғв”Ғв”Ғв”Ғв”Ғв”Ғв”Ғв”Ғв”Ғв”Ғв”Ғв”Ғв”Ғв”Ғв”Ғв”Ғв”Ғв”Ғв”Ғ 100% 0:00:00 1:34:27
