0	CAZyme	0	null	CGC1	AE015928	1	2271	BT_1032	-	DB=GH92;ID=BT_1032	DB=GH92;ID=BT_1032
1	CAZyme	1	0	CGC1	AE015928	2279	3247	BT_1033	-	DB=GH130_2;ID=BT_1033	DB=GH130_2;ID=BT_1033
2	null	null	null	CGC1	AE015928	3300	4631	BT_1033	-	ID=BT_1034;Parent=BT_1034;Name=BT_1034;Note=beta-lactamase-like induction signal transducer;codon_start=1;old_locus_tag=BT1034;product=putative signal transducer;protein_id=AAO76141.1;transl_table=11;translation=length.443
3	CAZyme	2	1	CGC1	AE015928	4730	6934	BT_1035	-	DB=GH163;ID=BT_1035	DB=GH163;ID=BT_1035
4	null	null	null	CGC1	AE015928	7101	8450	BT_1035	-	ID=BT_1036;Parent=BT_1036;Name=BT_1036;codon_start=1;old_locus_tag=BT1036;product=Coagulation factor 5/8 type%2C C-terminal;protein_id=AAO76143.1;transl_table=11;translation=length.449
5	null	null	null	CGC1	AE015928	8467	9654	BT_1035	-	ID=BT_1037;Parent=BT_1037;Name=BT_1037;codon_start=1;old_locus_tag=BT1037;product=Concanavalin A-like lectin/glucanase;protein_id=AAO76144.1;transl_table=11;translation=length.395
6	CAZyme	0	2	CGC1	AE015928	9698	10720	BT_1038	-	DB=GH18;ID=BT_1038	DB=GH18;ID=BT_1038
7	TC	0	0	CGC1	AE015928	10747	12330	BT_1039	-	DB=gnl|TC-DB|Q8A8X0|8.A.46.2.1;ID=BT_1039	DB=gnl|TC-DB|Q8A8X0|8.A.46.2.1;ID=BT_1039
8	TC	1	0	CGC1	AE015928	12339	15101	BT_1040	-	DB=gnl|TC-DB|Q8A8X1|1.B.14.6.13;ID=BT_1040	DB=gnl|TC-DB|Q8A8X1|1.B.14.6.13;ID=BT_1040
9	null	null	null	CGC1	AE015928	15902	17143	BT_1040	-	ID=BT_1041;Parent=BT_1041;Name=BT_1041;codon_start=1;old_locus_tag=BT1041;product=integrase;protein_id=AAO76148.1;transl_table=11;translation=length.413
10	TC	0	1	CGC1	AE015928	17512	20805	BT_1042	+	DB=gnl|TC-DB|Q8A8X1|1.B.14.6.13;ID=BT_1042	DB=gnl|TC-DB|Q8A8X1|1.B.14.6.13;ID=BT_1042
11	TC	0	0	CGC1	AE015928	20826	22466	BT_1043	+	DB=gnl|TC-DB|Q8A0N7|8.A.46.2.2;ID=BT_1043	DB=gnl|TC-DB|Q8A0N7|8.A.46.2.2;ID=BT_1043
12	CAZyme	1	0	CGC1	AE015928	22498	23592	BT_1044	+	DB=GH18;ID=BT_1044	DB=GH18;ID=BT_1044
13	null	null	null	CGC1	AE015928	23602	24792	BT_1044	+	ID=BT_1045;Parent=BT_1045;Name=BT_1045;codon_start=1;old_locus_tag=BT1045;product=Concanavalin A-like lectin/glucanase;protein_id=AAO76152.1;transl_table=11;translation=length.396
14	TC	0	1	CGC1	AE015928	24982	27804	BT_1046	+	DB=gnl|TC-DB|Q8A8X1|1.B.14.6.13;ID=BT_1046	DB=gnl|TC-DB|Q8A8X1|1.B.14.6.13;ID=BT_1046
15	TC	0	0	CGC1	AE015928	27823	29367	BT_1047	+	DB=gnl|TC-DB|Q8A8X0|8.A.46.2.1;ID=BT_1047	DB=gnl|TC-DB|Q8A8X0|8.A.46.2.1;ID=BT_1047
16	CAZyme	2	0	CGC1	AE015928	29392	30519	BT_1048	+	DB=GH18;ID=BT_1048	DB=GH18;ID=BT_1048
17	null	null	null	CGC1	AE015928	30526	31707	BT_1048	+	ID=BT_1049;Parent=BT_1049;Name=BT_1049;codon_start=1;old_locus_tag=BT1049;product=putative patatin-like protein;protein_id=AAO76156.1;transl_table=11;translation=length.393
18	null	null	null	CGC1	AE015928	31736	32641	BT_1048	+	ID=BT_1050;Parent=BT_1050;Name=BT_1050;codon_start=1;old_locus_tag=BT1050;product=Coagulation factor 5/8 type%2C C-terminal;protein_id=AAO76157.1;transl_table=11;translation=length.301
19	CAZyme	null	2	CGC1	AE015928	32772	35093	BT_1051	+	DB=GH20;ID=BT_1051	DB=GH20;ID=BT_1051
+++++
