3	CAZyme	0	null	CGC1	AE015928	2634	5183	BT_4072	+	DB=GH38;ID=BT_4072	DB=GH38;ID=BT_4072
4	CAZyme	0	0	CGC1	AE015928	5218	7566	BT_4073	+	DB=GH92;ID=BT_4073	DB=GH92;ID=BT_4073
5	CAZyme	1	0	CGC1	AE015928	7580	10663	BT_4074	+	DB=GH2;ID=BT_4074	DB=GH2;ID=BT_4074
6	null	null	null	CGC1	AE015928	11429	12832	BT_4074	+	ID=BT_4075;Parent=BT_4075;Name=BT_4075;codon_start=1;old_locus_tag=BT4075;product=putative lipolytic enzyme%2C G-D-S-L family;protein_id=AAO79180.1;transl_table=11;translation=length.467
7	CAZyme	0	1	CGC1	AE015928	12903	15581	BT_4076	+	DB=CBM67|GH78;ID=BT_4076	DB=CBM67|GH78;ID=BT_4076
8	CAZyme	3	0	CGC1	AE015928	15591	16457	BT_4077	+	DB=CE1;ID=BT_4077	DB=CE1;ID=BT_4077
9	null	null	null	CGC1	AE015928	16789	17481	BT_4077	+	ID=BT_4078;Parent=BT_4078;Name=BT_4078;codon_start=1;old_locus_tag=BT4078;product=Lipolytic enzyme%2C G-D-S-L family;protein_id=AAO79183.1;transl_table=11;translation=length.230
10	null	null	null	CGC1	AE015928	17509	19269	BT_4077	+	ID=BT_4079;Parent=BT_4079;Name=BT_4079;codon_start=1;old_locus_tag=BT4079;product=conserved hypothetical protein;protein_id=AAO79184.1;transl_table=11;translation=length.586
11	null	null	null	CGC1	AE015928	19454	20824	BT_4077	+	ID=BT_4080;Parent=BT_4080;Name=BT_4080;codon_start=1;old_locus_tag=BT4080;product=putative cell surface protein;protein_id=AAO79185.1;transl_table=11;translation=length.456
12	TC	8	3	CGC1	AE015928	20856	23957	BT_4081	+	DB=gnl|TC-DB|Q45780|1.B.14.6.1;ID=BT_4081	DB=gnl|TC-DB|Q45780|1.B.14.6.1;ID=BT_4081
13	null	null	null	CGC1	AE015928	23989	26040	BT_4081	+	ID=BT_4082;Parent=BT_4082;Name=BT_4082;codon_start=1;old_locus_tag=BT4082;product=SusD homolog;protein_id=AAO79187.1;transl_table=11;translation=length.683
14	null	null	null	CGC1	AE015928	26060	27088	BT_4081	+	ID=BT_4083;Parent=BT_4083;Name=BT_4083;codon_start=1;old_locus_tag=BT4083;product=hypothetical protein;protein_id=AAO79188.1;transl_table=11;translation=length.342
15	null	null	null	CGC1	AE015928	27115	28446	BT_4081	+	ID=BT_4084;Parent=BT_4084;Name=BT_4084;codon_start=1;old_locus_tag=BT4084;product=conserved hypothetical protein;protein_id=AAO79189.1;transl_table=11;translation=length.443
16	null	null	null	CGC1	AE015928	28664	30520	BT_4081	+	ID=BT_4085;Parent=BT_4085;Name=BT_4085;Note=weak SusD homolog;codon_start=1;old_locus_tag=BT4085;product=SusD homolog;protein_id=AAO79190.1;transl_table=11;translation=length.618
17	null	null	null	CGC1	AE015928	30550	31002	BT_4081	+	ID=BT_4086;Parent=BT_4086;Name=BT_4086;codon_start=1;old_locus_tag=BT4086;product=hypothetical protein;protein_id=AAO79191.1;transl_table=11;translation=length.150
18	null	null	null	CGC1	AE015928	31020	32072	BT_4081	+	ID=BT_4087;Parent=BT_4087;Name=BT_4087;codon_start=1;old_locus_tag=BT4087;product=hypothetical protein;protein_id=AAO79192.1;transl_table=11;translation=length.350
19	null	null	null	CGC1	AE015928	32097	35231	BT_4081	+	ID=BT_4088;Parent=BT_4088;Name=BT_4088;codon_start=1;old_locus_tag=BT4088;product=SusC homolog;protein_id=AAO79193.1;transl_table=11;translation=length.1044
20	null	null	null	CGC1	AE015928	35238	37034	BT_4081	+	ID=BT_4089;Parent=BT_4089;Name=BT_4089;codon_start=1;old_locus_tag=BT4089;product=SusD homolog;protein_id=AAO79194.1;transl_table=11;translation=length.598
21	TC	0	8	CGC1	AE015928	37039	40119	BT_4090	+	DB=gnl|TC-DB|Q45780|1.B.14.6.1;ID=BT_4090	DB=gnl|TC-DB|Q45780|1.B.14.6.1;ID=BT_4090
22	CAZyme	0	0	CGC1	AE015928	40272	42260	BT_4091	+	DB=CE20|CE20;ID=BT_4091	DB=CE20|CE20;ID=BT_4091
23	CAZyme	0	0	CGC1	AE015928	42298	44571	BT_4092	+	DB=GH92;ID=BT_4092	DB=GH92;ID=BT_4092
24	CAZyme	0	0	CGC1	AE015928	44690	46843	BT_4093	+	DB=GH92;ID=BT_4093	DB=GH92;ID=BT_4093
25	CAZyme	0	0	CGC1	AE015928	46870	48003	BT_4094	+	DB=GH130_3;ID=BT_4094	DB=GH130_3;ID=BT_4094
26	CAZyme	null	0	CGC1	AE015928	48010	49548	BT_4095	+	DB=GH43_8;ID=BT_4095	DB=GH43_8;ID=BT_4095
+++++
