6	CAZyme	2	null	CGC1	AE015928	8741	9838	BT_3467	+	DB=GH43_26;ID=BT_3467	DB=GH43_26;ID=BT_3467
7	null	null	null	CGC1	AE015928	9807	10670	BT_3467	-	ID=BT_3468;Parent=BT_3468;Name=BT_3468;codon_start=1;old_locus_tag=BT3468;product=ApbE-like lipoprotein;protein_id=AAO78574.1;transl_table=11;translation=length.287
8	null	null	null	CGC1	AE015928	10762	12111	BT_3467	-	ID=BT_3469;Parent=BT_3469;Name=BT_3469;codon_start=1;old_locus_tag=BT3469;product=probable secreted glycosyl hydrolase;protein_id=AAO78575.1;transl_table=11;translation=length.449
9	CAZyme	1	2	CGC1	AE015928	12170	13552	BT_3470	-	DB=GH109;ID=BT_3470	DB=GH109;ID=BT_3470
10	null	null	null	CGC1	AE015928	13646	13888	BT_3470	-	ID=BT_3471;Parent=BT_3471;Name=BT_3471;codon_start=1;old_locus_tag=BT3471;product=hypothetical protein;protein_id=AAO78577.1;transl_table=11;translation=length.80
11	CAZyme	2	1	CGC1	AE015928	13885	15177	BT_3472	-	DB=GH177;ID=BT_3472	DB=GH177;ID=BT_3472
12	null	null	null	CGC1	AE015928	15279	16280	BT_3472	-	ID=BT_3473;Parent=BT_3473;Name=BT_3473;codon_start=1;old_locus_tag=BT3473;product=hypothetical protein;protein_id=AAO78579.1;transl_table=11;translation=length.333
13	null	null	null	CGC1	AE015928	16300	18345	BT_3472	-	ID=BT_3474;Parent=BT_3474;Name=BT_3474;codon_start=1;old_locus_tag=BT3474;product=SusD homolog;protein_id=AAO78580.1;transl_table=11;translation=length.681
14	TC	7	2	CGC1	AE015928	18362	21481	BT_3475	-	DB=gnl|TC-DB|Q45780|1.B.14.6.1;ID=BT_3475	DB=gnl|TC-DB|Q45780|1.B.14.6.1;ID=BT_3475
15	null	null	null	CGC1	AE015928	21506	22879	BT_3475	-	ID=BT_3476;Parent=BT_3476;Name=BT_3476;codon_start=1;old_locus_tag=BT3476;product=conserved hypothetical protein;protein_id=AAO78582.1;transl_table=11;translation=length.457
16	null	null	null	CGC1	AE015928	22921	25443	BT_3475	-	ID=BT_3477;Parent=BT_3477;Name=BT_3477;codon_start=1;old_locus_tag=BT3477;product=glutaminase A;protein_id=AAO78583.1;transl_table=11;translation=length.840
17	null	null	null	CGC1	AE015928	25985	27268	BT_3475	+	ID=BT_3478;Parent=BT_3478;Name=BT_3478;codon_start=1;old_locus_tag=BT3478;product=integrase;protein_id=AAO78584.1;transl_table=11;translation=length.427
18	null	null	null	CGC1	AE015928	27713	28432	BT_3475	-	ID=BT_3479;Parent=BT_3479;Name=BT_3479;codon_start=1;old_locus_tag=BT3479;product=integrase;protein_id=AAO78585.1;transl_table=11;translation=length.239
19	null	null	null	CGC1	AE015928	28606	28989	BT_3475	-	ID=BT_3480;Parent=BT_3480;Name=BT_3480;codon_start=1;old_locus_tag=BT3480;product=conserved hypothetical protein;protein_id=AAO78586.1;transl_table=11;translation=length.127
20	null	null	null	CGC1	AE015928	29421	29945	BT_3475	+	ID=BT_3481;Parent=BT_3481;Name=BT_3481;codon_start=1;old_locus_tag=BT3481;product=putative glutaminase A;protein_id=AAO78587.1;transl_table=11;translation=length.174
21	null	null	null	CGC1	AE015928	29963	31504	BT_3475	+	ID=BT_3482;Parent=BT_3482;Name=BT_3482;codon_start=1;old_locus_tag=BT3482;product=conserved hypothetical protein containing NHL repeat;protein_id=AAO78588.1;transl_table=11;translation=length.513
22	TC	9	7	CGC1	AE015928	31516	34656	BT_3483	+	DB=gnl|TC-DB|Q45780|1.B.14.6.1;ID=BT_3483	DB=gnl|TC-DB|Q45780|1.B.14.6.1;ID=BT_3483
23	null	null	null	CGC1	AE015928	34673	36721	BT_3483	+	ID=BT_3484;Parent=BT_3484;Name=BT_3484;codon_start=1;old_locus_tag=BT3484;product=SusD homolog;protein_id=AAO78590.1;transl_table=11;translation=length.682
24	null	null	null	CGC1	AE015928	36738	37775	BT_3483	+	ID=BT_3485;Parent=BT_3485;Name=BT_3485;codon_start=1;old_locus_tag=BT3485;product=hypothetical protein;protein_id=AAO78591.1;transl_table=11;translation=length.345
25	null	null	null	CGC1	AE015928	37998	39359	BT_3483	+	ID=BT_3486;Parent=BT_3486;Name=BT_3486;codon_start=1;old_locus_tag=BT3486;product=N-acetylgalactosamine-6-sulfatase precursor;protein_id=AAO78592.1;transl_table=11;translation=length.453
26	null	null	null	CGC1	AE015928	39371	41056	BT_3483	+	ID=BT_3487;Parent=BT_3487;Name=BT_3487;codon_start=1;old_locus_tag=BT3487;product=arylsulfatase (aryl-sulfate sulphohydrolase);protein_id=AAO78593.1;transl_table=11;translation=length.561
27	null	null	null	CGC1	AE015928	41085	42656	BT_3483	+	ID=BT_3488;Parent=BT_3488;Name=BT_3488;codon_start=1;old_locus_tag=BT3488;product=arylsulfatase (aryl-sulfate sulphohydrolase);protein_id=AAO78594.1;transl_table=11;translation=length.523
28	null	null	null	CGC1	AE015928	42671	44047	BT_3483	+	ID=BT_3489;Parent=BT_3489;Name=BT_3489;codon_start=1;old_locus_tag=BT3489;product=arylsulfatase B precursor;protein_id=AAO78595.1;transl_table=11;translation=length.458
29	STP	2	6	CGC1	AE015928	44136	45485	BT_3490	-	DB=STP|ATPase_2;ID=BT_3490	DB=STP|ATPase_2;ID=BT_3490
30	null	null	null	CGC1	AE015928	45920	46438	BT_3490	+	ID=BT_3491;Parent=BT_3491;Name=BT_3491;codon_start=1;old_locus_tag=BT3491;product=glutaminase A;protein_id=AAO78597.1;transl_table=11;translation=length.172
31	null	null	null	CGC1	AE015928	46579	48063	BT_3490	+	ID=BT_3492;Parent=BT_3492;Name=BT_3492;codon_start=1;old_locus_tag=BT3492;product=conserved hypothetical protein%2C with a conserved domain;protein_id=AAO78598.1;transl_table=11;translation=length.494
32	TC	7	9	CGC1	AE015928	48082	48882	BT_3493	+	DB=gnl|TC-DB|Q45780|1.B.14.6.1;ID=BT_3493	DB=gnl|TC-DB|Q45780|1.B.14.6.1;ID=BT_3493
33	null	null	null	CGC1	AE015928	48882	51215	BT_3493	+	ID=BT_3494;Parent=BT_3494;Name=BT_3494;codon_start=1;old_locus_tag=BT3494;product=SusC homolog;protein_id=AAO78600.1;transl_table=11;translation=length.777
34	null	null	null	CGC1	AE015928	51229	53295	BT_3493	+	ID=BT_3495;Parent=BT_3495;Name=BT_3495;codon_start=1;old_locus_tag=BT3495;product=SusD homolog;protein_id=AAO78601.1;transl_table=11;translation=length.688
35	null	null	null	CGC1	AE015928	53316	54314	BT_3493	+	ID=BT_3496;Parent=BT_3496;Name=BT_3496;codon_start=1;old_locus_tag=BT3496;product=hypothetical protein;protein_id=AAO78602.1;transl_table=11;translation=length.332
36	null	null	null	CGC1	AE015928	54398	55153	BT_3493	+	ID=BT_3497;Parent=BT_3497;Name=BT_3497;codon_start=1;old_locus_tag=BT3497;product=Peptidase aspartic%2C active site;protein_id=AAO78603.1;transl_table=11;translation=length.251
37	null	null	null	CGC1	AE015928	55180	55851	BT_3493	+	ID=BT_3498;Parent=BT_3498;Name=BT_3498;codon_start=1;old_locus_tag=BT3498;product=conserved hypothetical protein;protein_id=AAO78604.1;transl_table=11;translation=length.223
38	null	null	null	CGC1	AE015928	55844	56578	BT_3493	+	ID=BT_3499;Parent=BT_3499;Name=BT_3499;codon_start=1;old_locus_tag=BT3499;product=conserved hypothetical protein;protein_id=AAO78605.1;transl_table=11;translation=length.244
39	null	null	null	CGC1	AE015928	56711	58459	BT_3493	+	ID=BT_3500;Parent=BT_3500;Name=BT_3500;codon_start=1;old_locus_tag=BT3500;product=hypothetical protein;protein_id=AAO78606.1;transl_table=11;translation=length.582
40	CAZyme	3	7	CGC1	AE015928	58471	59949	BT_3501	+	DB=GH76;ID=BT_3501	DB=GH76;ID=BT_3501
41	null	null	null	CGC1	AE015928	60046	60321	BT_3501	+	ID=BT_3502;Parent=BT_3502;Name=BT_3502;codon_start=1;old_locus_tag=BT3502;product=hypothetical protein;protein_id=AAO78608.1;transl_table=11;translation=length.91
42	null	null	null	CGC1	AE015928	60553	61068	BT_3501	+	ID=BT_3503;Parent=BT_3503;Name=BT_3503;codon_start=1;old_locus_tag=BT3503;product=glutaminase A;protein_id=AAO78609.1;transl_table=11;translation=length.171
43	null	null	null	CGC1	AE015928	61126	62682	BT_3501	+	ID=BT_3504;Parent=BT_3504;Name=BT_3504;codon_start=1;old_locus_tag=BT3504;product=hypothetical protein;protein_id=AAO78610.1;transl_table=11;translation=length.518
44	TC	null	3	CGC1	AE015928	62699	65821	BT_3505	+	DB=gnl|TC-DB|Q45780|1.B.14.6.1;ID=BT_3505	DB=gnl|TC-DB|Q45780|1.B.14.6.1;ID=BT_3505
+++++
