0	CAZyme	1	null	CGC1	NC_004663	1	1950	BT_RS13250	-	DB=GH97;ID=BT_RS13250	DB=GH97;ID=BT_RS13250
1	null	null	null	CGC1	NC_004663	1976	3295	BT_RS13250	-	ID=BT_RS13255;Parent=BT_RS13255;Dbxref=GeneID:1071921;Name=BT_RS13255;Note=Derived by automated computational analysis using gene prediction method: Protein Homology.;codon_start=1;inference=COORDINATES: protein motif:HMM:NF024863.1,COORDINATES: similar to AA sequence:RefSeq:WP_010611519.1;old_locus_tag=BT2621,BT_2621;product=hypothetical protein;protein_id=WP_164927909.1;transl_table=11;translation=length.439
2	CAZyme	0	1	CGC1	NC_004663	3295	5463	BT_RS13260	-	DB=GH67;ID=BT_RS13260	DB=GH67;ID=BT_RS13260
3	CAZyme	2	0	CGC1	NC_004663	5560	7113	BT_RS13265	-	DB=GH76;ID=BT_RS13265	DB=GH76;ID=BT_RS13265
4	null	null	null	CGC1	NC_004663	7129	8094	BT_RS13265	-	ID=BT_RS13270;Parent=BT_RS13270;Dbxref=GeneID:1071927;Name=BT_RS13270;Note=Derived by automated computational analysis using gene prediction method: Protein Homology.;codon_start=1;inference=COORDINATES: similar to AA sequence:RefSeq:WP_006800898.1;old_locus_tag=BT2624,BT_2624;product=DUF4361 domain-containing protein;protein_id=WP_011108403.1;transl_table=11;translation=length.321
5	null	null	null	CGC1	NC_004663	8106	10088	BT_RS13265	-	ID=BT_RS13275;Parent=BT_RS13275;Dbxref=GeneID:1071928;Name=BT_RS13275;Note=Derived by automated computational analysis using gene prediction method: Protein Homology.;codon_start=1;inference=COORDINATES: similar to AA sequence:RefSeq:WP_005927404.1;old_locus_tag=BT2625,BT_2625;product=RagB/SusD family nutrient uptake outer membrane protein;protein_id=WP_011108404.1;transl_table=11;translation=length.660
6	TC	2	2	CGC1	NC_004663	10099	13197	BT_RS13280	-	DB=gnl|TC-DB|Q45780|1.B.14.6.1;ID=BT_RS13280	DB=gnl|TC-DB|Q45780|1.B.14.6.1;ID=BT_RS13280
7	null	null	null	CGC1	NC_004663	13237	14541	BT_RS13280	-	ID=BT_RS13285;Parent=BT_RS13285;Dbxref=GeneID:1071966;Name=BT_RS13285;Note=Derived by automated computational analysis using gene prediction method: Protein Homology.;codon_start=1;inference=COORDINATES: similar to AA sequence:RefSeq:WP_006800895.1;old_locus_tag=BT2627,BT_2627;product=cell surface protein;protein_id=WP_011108406.1;transl_table=11;translation=length.434
8	TF	0	1	CGC1	NC_004663	15032	19069	BT_RS13290	-	DB=DBD-Pfam|HTH_AraC,DBD-SUPERFAMILY|0035607;ID=BT_RS13290	DB=DBD-Pfam|HTH_AraC,DBD-SUPERFAMILY|0035607;ID=BT_RS13290
9	CAZyme	1	2	CGC1	NC_004663	19280	21562	BT_RS13295	+	DB=GH92;ID=BT_RS13295	DB=GH92;ID=BT_RS13295
10	null	null	null	CGC1	NC_004663	21616	22566	BT_RS13295	+	ID=BT_RS13300;Parent=BT_RS13300;Dbxref=GeneID:1071747;Name=BT_RS13300;Note=Derived by automated computational analysis using gene prediction method: Protein Homology.;codon_start=1;inference=COORDINATES: similar to AA sequence:RefSeq:WP_009040275.1;old_locus_tag=BT2630,BT_2630;product=endonuclease/exonuclease/phosphatase family protein;protein_id=WP_004304952.1;transl_table=11;translation=length.316
11	CAZyme	0	1	CGC1	NC_004663	22619	23776	BT_RS13305	+	DB=GH76;ID=BT_RS13305	DB=GH76;ID=BT_RS13305
12	CAZyme	6	0	CGC1	NC_004663	23836	25281	BT_RS13310	+	DB=GH125;ID=BT_RS13310	DB=GH125;ID=BT_RS13310
13	null	null	null	CGC1	NC_004663	25755	25838	BT_RS13310	-	ID=BT_RS13315;Parent=BT_RS13315;Dbxref=GeneID:44144120;Name=BT_RS13315;Note=Derived by automated computational analysis using gene prediction method: Protein Homology.;codon_start=1;inference=COORDINATES: protein motif:HMM:NF017528.1;product=hypothetical protein;protein_id=WP_113760760.1;transl_table=11;translation=length.27
14	null	null	null	CGC1	NC_004663	26068	27060	BT_RS13310	-	ID=BT_RS13320;Parent=BT_RS13320;Dbxref=GeneID:1071729;Name=BT_RS13320;Note=Derived by automated computational analysis using gene prediction method: Protein Homology.;codon_start=1;inference=COORDINATES: similar to AA sequence:RefSeq:WP_005780077.1;old_locus_tag=BT2634,BT_2634;product=tyrosine-type recombinase/integrase;protein_id=WP_011108412.1;transl_table=11;translation=length.330
15	null	null	null	CGC1	NC_004663	28085	28357	BT_RS13310	-	ID=BT_RS13325;Parent=BT_RS13325;Dbxref=GeneID:44144121;Name=BT_RS13325;Note=Derived by automated computational analysis using gene prediction method: Protein Homology.;codon_start=1;inference=COORDINATES: protein motif:HMM:NF012798.1;product=tyrosine-type recombinase/integrase;protein_id=WP_158257884.1;transl_table=11;translation=length.90
16	null	null	null	CGC1	NC_004663	28430	29455	BT_RS13310	-	ID=BT_RS13330;Parent=BT_RS13330;Dbxref=GeneID:1072911;Name=BT_RS13330;Note=Derived by automated computational analysis using gene prediction method: GeneMarkS-2+.;codon_start=1;inference=COORDINATES: ab initio prediction:GeneMarkS-2+;old_locus_tag=BT2639,BT_2639;product=hypothetical protein;protein_id=WP_162303082.1;transl_table=11;translation=length.341
17	null	null	null	CGC1	NC_004663	30930	32735	BT_RS13310	+	ID=BT_RS13335;Parent=BT_RS13335;Dbxref=GeneID:1072906;Name=BT_RS13335;Note=Derived by automated computational analysis using gene prediction method: Protein Homology.;codon_start=1;inference=COORDINATES: similar to AA sequence:RefSeq:WP_008778581.1;old_locus_tag=BT2642,BT_2642;product=DUF3945 domain-containing protein;protein_id=WP_011108420.1;transl_table=11;translation=length.601
18	null	null	null	CGC1	NC_004663	32782	33057	BT_RS13310	+	ID=BT_RS13340;Parent=BT_RS13340;Dbxref=GeneID:1072905;Name=BT_RS13340;Note=Derived by automated computational analysis using gene prediction method: Protein Homology.;codon_start=1;inference=COORDINATES: similar to AA sequence:RefSeq:WP_008026501.1;old_locus_tag=BT2643,BT_2643;product=DUF4099 domain-containing protein;protein_id=WP_004323215.1;transl_table=11;translation=length.91
19	TC	null	6	CGC1	NC_004663	33152	34912	BT_RS13345	+	DB=gnl|TC-DB|Q07711|3.A.7.7.1;ID=BT_RS13345	DB=gnl|TC-DB|Q07711|3.A.7.7.1;ID=BT_RS13345
+++++
