0	CAZyme	0	null	CGC1	NZ_CP014224	1	3228	AXE80_RS06895	-	DB=GH2;ID=AXE80_RS06895	DB=GH2;ID=AXE80_RS06895
1	CAZyme	0	0	CGC1	NZ_CP014224	3546	5690	AXE80_RS06900	-	DB=GH141;ID=AXE80_RS06900	DB=GH141;ID=AXE80_RS06900
2	CAZyme	3	0	CGC1	NZ_CP014224	5809	8859	AXE80_RS14265	-	DB=GH105|GH154;ID=AXE80_RS14265	DB=GH105|GH154;ID=AXE80_RS14265
3	null	null	null	CGC1	NZ_CP014224	9107	9877	AXE80_RS14265	-	ID=AXE80_RS06910;Parent=AXE80_RS06910;Name=AXE80_RS06910;Note=Derived by automated computational analysis using gene prediction method: Protein Homology.;codon_start=1;inference=COORDINATES: protein motif:HMM:TIGR04183.1;old_locus_tag=AXE80_06895;product=T9SS type A sorting domain-containing protein;protein_id=WP_068825721.1;transl_table=11;translation=length.256
4	null	null	null	CGC1	NZ_CP014224	10086	11663	AXE80_RS14265	-	ID=AXE80_RS06915;Parent=AXE80_RS06915;Name=AXE80_RS06915;Note=Derived by automated computational analysis using gene prediction method: Protein Homology.;codon_start=1;inference=COORDINATES: similar to AA sequence:RefSeq:WP_008615334.1;old_locus_tag=AXE80_06900;product=hypothetical protein;protein_id=WP_068825723.1;transl_table=11;translation=length.525
5	STP	0	2	CGC1	NZ_CP014224	11718	13577	AXE80_RS06920	-	DB=STP|TPR_2;ID=AXE80_RS06920	DB=STP|TPR_2;ID=AXE80_RS06920
6	TC	2	3	CGC1	NZ_CP014224	13634	16762	AXE80_RS06925	-	DB=gnl|TC-DB|Q45780|1.B.14.6.1;ID=AXE80_RS06925	DB=gnl|TC-DB|Q45780|1.B.14.6.1;ID=AXE80_RS06925
7	null	null	null	CGC1	NZ_CP014224	17333	19027	AXE80_RS06925	+	ID=AXE80_RS06930;Parent=AXE80_RS06930;Name=AXE80_RS06930;Note=Derived by automated computational analysis using gene prediction method: Protein Homology.;codon_start=1;inference=COORDINATES: similar to AA sequence:RefSeq:WP_010181493.1;old_locus_tag=AXE80_06915;product=sulfatase;protein_id=WP_068825729.1;transl_table=11;translation=length.564
8	null	null	null	CGC1	NZ_CP014224	19108	20634	AXE80_RS06925	+	ID=AXE80_RS06935;Parent=AXE80_RS06935;Name=AXE80_RS06935;Note=Derived by automated computational analysis using gene prediction method: Protein Homology.;codon_start=1;inference=COORDINATES: similar to AA sequence:RefSeq:WP_010137137.1;old_locus_tag=AXE80_06920;product=arylsulfatase;protein_id=WP_083194606.1;transl_table=11;translation=length.508
9	CAZyme	0	2	CGC1	NZ_CP014224	20975	22156	AXE80_RS06940	+	DB=GH16_11;ID=AXE80_RS06940	DB=GH16_11;ID=AXE80_RS06940
10	CAZyme	0	0	CGC1	NZ_CP014224	22300	23550	AXE80_RS06945	-	DB=GH117;ID=AXE80_RS06945	DB=GH117;ID=AXE80_RS06945
11	CAZyme	0	0	CGC1	NZ_CP014224	23562	24452	AXE80_RS06950	-	DB=GH16_11;ID=AXE80_RS06950	DB=GH16_11;ID=AXE80_RS06950
12	CAZyme	0	0	CGC1	NZ_CP014224	24476	25348	AXE80_RS06955	-	DB=GH16_14;ID=AXE80_RS06955	DB=GH16_14;ID=AXE80_RS06955
13	CAZyme	5	0	CGC1	NZ_CP014224	25892	27424	AXE80_RS06965	+	DB=GH29;ID=AXE80_RS06965	DB=GH29;ID=AXE80_RS06965
14	null	null	null	CGC1	NZ_CP014224	27439	28449	AXE80_RS06965	+	ID=AXE80_RS06970;Parent=AXE80_RS06970;Name=AXE80_RS06970;Note=Derived by automated computational analysis using gene prediction method: Protein Homology.;codon_start=1;inference=COORDINATES: similar to AA sequence:RefSeq:WP_013551266.1;old_locus_tag=AXE80_06955;product=zinc-binding alcohol dehydrogenase family protein;protein_id=WP_068825740.1;transl_table=11;translation=length.336
15	null	null	null	CGC1	NZ_CP014224	28459	30111	AXE80_RS06965	+	ID=AXE80_RS06975;Parent=AXE80_RS06975;Name=AXE80_RS06975;Note=Derived by automated computational analysis using gene prediction method: Protein Homology.;codon_start=1;inference=COORDINATES: similar to AA sequence:RefSeq:WP_010134032.1;old_locus_tag=AXE80_06960;product=altronate dehydratase;protein_id=WP_068825742.1;transl_table=11;translation=length.550
16	null	null	null	CGC1	NZ_CP014224	30126	31577	AXE80_RS06965	+	ID=AXE80_RS06980;Parent=AXE80_RS06980;Name=AXE80_RS06980;Note=Derived by automated computational analysis using gene prediction method: Protein Homology.;codon_start=1;inference=COORDINATES: similar to AA sequence:RefSeq:WP_010179031.1;old_locus_tag=AXE80_06965;product=tagaturonate reductase;protein_id=WP_068825744.1;transl_table=11;translation=length.483
17	null	null	null	CGC1	NZ_CP014224	31587	32414	AXE80_RS06965	+	ID=AXE80_RS06985;Parent=AXE80_RS06985;Name=AXE80_RS06985;Note=Derived by automated computational analysis using gene prediction method: Protein Homology.;codon_start=1;inference=COORDINATES: similar to AA sequence:RefSeq:WP_010134030.1;old_locus_tag=AXE80_06970;product=amidohydrolase family protein;protein_id=WP_068825746.1;transl_table=11;translation=length.275
18	null	null	null	CGC1	NZ_CP014224	32426	33217	AXE80_RS06965	+	ID=AXE80_RS06990;Parent=AXE80_RS06990;Name=AXE80_RS06990;Note=Derived by automated computational analysis using gene prediction method: Protein Homology.;codon_start=1;inference=COORDINATES: similar to AA sequence:RefSeq:WP_013620000.1;old_locus_tag=AXE80_06975;product=SDR family oxidoreductase;protein_id=WP_068825748.1;transl_table=11;translation=length.263
19	TC	null	5	CGC1	NZ_CP014224	33305	34639	AXE80_RS06995	+	DB=gnl|TC-DB|P11551|2.A.1.7.1;ID=AXE80_RS06995	DB=gnl|TC-DB|P11551|2.A.1.7.1;ID=AXE80_RS06995
+++++
