1	CAZyme	1	null	CGC1	LR131284.1	2096	3718	VDS02649.1	-	DB=CBM93|GH33;ID=VDS02649.1	DB=CBM93|GH33;ID=VDS02649.1
2	null	null	null	CGC1	LR131284.1	3734	4117	VDS02649.1	-	ID=VDS02650.1;protein_id=VDS02650.1;product=Protein yjgK
3	TC	9	1	CGC1	LR131284.1	4200	5438	VDS02651.1	-	DB=gnl|TC-DB|O06742|2.A.1.32.1;ID=VDS02651.1	DB=gnl|TC-DB|O06742|2.A.1.32.1;ID=VDS02651.1
4	null	null	null	CGC1	LR131284.1	5477	6661	VDS02651.1	-	ID=VDS02652.1;protein_id=VDS02652.1;product=N-acylglucosamine 2-epimerase
5	null	null	null	CGC1	LR131284.1	6672	7589	VDS02651.1	-	ID=VDS02653.1;protein_id=VDS02653.1;product=N-acetylneuraminate lyase
6	null	null	null	CGC1	LR131284.1	7681	8763	VDS02651.1	-	ID=VDS02654.1;protein_id=VDS02654.1;product=Sialic acid-induced transmembrane protein YjhT(NanM), possible mutarotase
7	TF	5	3	CGC1	LR131284.1	9063	10271	VDS02655.1	+	DB=DBD-Pfam|MarR,DBD-SUPERFAMILY|0043935;ID=VDS02655.1	DB=DBD-Pfam|MarR,DBD-SUPERFAMILY|0043935;ID=VDS02655.1
8	TF	4	4	CGC1	LR131284.1	10334	10543	VDS02656.1	-	DB=DBD-Pfam|HTH_3,DBD-SUPERFAMILY|0043143;ID=VDS02656.1	DB=DBD-Pfam|HTH_3,DBD-SUPERFAMILY|0043143;ID=VDS02656.1
9	null	null	null	CGC1	LR131284.1	10550	10792	VDS02656.1	-	ID=VDS02657.1;protein_id=VDS02657.1;product=hypothetical protein
10	null	null	null	CGC1	LR131284.1	10807	11259	VDS02656.1	-	ID=VDS02658.1;protein_id=VDS02658.1;product=hypothetical protein
11	null	null	null	CGC1	LR131284.1	11271	11918	VDS02656.1	-	ID=VDS02659.1;protein_id=VDS02659.1;product=FIG00403233: hypothetical protein
12	null	null	null	CGC1	LR131284.1	11935	12507	VDS02656.1	-	ID=VDS02660.1;protein_id=VDS02660.1;product=FIG00403233: hypothetical protein
13	TC	1	9	CGC1	LR131284.1	12536	13405	VDS02661.1	-	DB=gnl|TC-DB|L1NER1|9.B.2.1.5;ID=VDS02661.1	DB=gnl|TC-DB|L1NER1|9.B.2.1.5;ID=VDS02661.1
14	null	null	null	CGC1	LR131284.1	13431	13751	VDS02661.1	-	ID=VDS02662.1;protein_id=VDS02662.1;product=FIG00405022: hypothetical protein
15	CAZyme	4	1	CGC1	LR131284.1	14286	17702	VDS02663.1	+	DB=CBM67|GH78;ID=VDS02663.1	DB=CBM67|GH78;ID=VDS02663.1
16	TF	3	0	CGC1	LR131284.1	17783	18676	VDS02664.1	-	DB=DBD-Pfam|HTH_AraC,DBD-Pfam|HTH_AraC,DBD-SUPERFAMILY|0036286,DBD-SUPERFAMILY|0035607;ID=VDS02664.1	DB=DBD-Pfam|HTH_AraC,DBD-Pfam|HTH_AraC,DBD-SUPERFAMILY|0036286,DBD-SUPERFAMILY|0035607;ID=VDS02664.1
17	null	null	null	CGC1	LR131284.1	18651	18812	VDS02664.1	-	ID=VDS02665.1;protein_id=VDS02665.1;product=hypothetical protein
18	null	null	null	CGC1	LR131284.1	18839	20317	VDS02664.1	+	ID=VDS02666.1;protein_id=VDS02666.1;product=Rhamnulokinase
19	null	null	null	CGC1	LR131284.1	20324	21577	VDS02664.1	+	ID=VDS02667.1;protein_id=VDS02667.1;product=L-rhamnose isomerase
20	TC	5	4	CGC1	LR131284.1	21643	22653	VDS02668.1	+	DB=gnl|TC-DB|P27125|2.A.7.6.1;ID=VDS02668.1	DB=gnl|TC-DB|P27125|2.A.7.6.1;ID=VDS02668.1
21	null	null	null	CGC1	LR131284.1	22680	23489	VDS02668.1	+	ID=VDS02669.1;protein_id=VDS02669.1;product=Rhamnulose-1-phosphate aldolase
22	null	null	null	CGC1	LR131284.1	23522	24676	VDS02668.1	+	ID=VDS02670.1;protein_id=VDS02670.1;product=Lactaldehyde reductase
23	null	null	null	CGC1	LR131284.1	24897	25802	VDS02668.1	-	ID=VDS02671.1;protein_id=VDS02671.1;product=Serine acetyltransferase
24	null	null	null	CGC1	LR131284.1	25891	26022	VDS02668.1	+	ID=VDS02672.1;protein_id=VDS02672.1;product=hypothetical protein
25	null	null	null	CGC1	LR131284.1	26102	28252	VDS02668.1	-	ID=VDS02673.1;protein_id=VDS02673.1;product=3'-to-5' exoribonuclease RNase R
26	TC	6	5	CGC1	LR131284.1	28401	29303	VDS02674.1	+	DB=gnl|TC-DB|Q8L725|2.A.4.7.2;ID=VDS02674.1	DB=gnl|TC-DB|Q8L725|2.A.4.7.2;ID=VDS02674.1
27	null	null	null	CGC1	LR131284.1	29308	30318	VDS02674.1	+	ID=VDS02675.1;protein_id=VDS02675.1;product=NAD-dependent epimerase/dehydratase family protein
28	null	null	null	CGC1	LR131284.1	30309	31289	VDS02674.1	+	ID=VDS02676.1;protein_id=VDS02676.1;product=FIG00403590: hypothetical protein
29	null	null	null	CGC1	LR131284.1	31304	32311	VDS02674.1	-	ID=VDS02677.1;protein_id=VDS02677.1;product=tRNA dihydrouridine synthase B
30	null	null	null	CGC1	LR131284.1	32352	33650	VDS02674.1	+	ID=VDS02678.1;protein_id=VDS02678.1;product=Collagenase precursor
31	null	null	null	CGC1	LR131284.1	33933	35429	VDS02674.1	+	ID=VDS02679.1;protein_id=VDS02679.1;product=FIG00409117: hypothetical protein
32	null	null	null	CGC1	LR131284.1	35430	36479	VDS02674.1	-	ID=VDS02680.1;protein_id=VDS02680.1;product=tRNA-specific 2-thiouridylase MnmA
33	CAZyme	0	6	CGC1	LR131284.1	36490	39228	VDS02681.1	-	DB=GH3;ID=VDS02681.1	DB=GH3;ID=VDS02681.1
34	CAZyme	0	0	CGC1	LR131284.1	39750	42053	VDS02682.1	+	DB=GH115;ID=VDS02682.1	DB=GH115;ID=VDS02682.1
35	CAZyme	null	0	CGC1	LR131284.1	42405	44510	VDS02683.1	+	DB=GH97;ID=VDS02683.1	DB=GH97;ID=VDS02683.1
+++++
