17	CAZyme	3	15	CGC1	LR131284	14286	17702	VDS02663.1	+	DB=CBM67|GH78;ID=VDS02663.1	DB=CBM67|GH78;ID=VDS02663.1
18	TF	2	0	CGC1	LR131284	17783	18676	VDS02664.1	-	DB=DBD-Pfam|HTH_AraC,DBD-Pfam|HTH_AraC,DBD-SUPERFAMILY|0036286,DBD-SUPERFAMILY|0035607;ID=VDS02664.1	DB=DBD-Pfam|HTH_AraC,DBD-Pfam|HTH_AraC,DBD-SUPERFAMILY|0036286,DBD-SUPERFAMILY|0035607;ID=VDS02664.1
19	null	null	null	CGC1	LR131284	18839	20317	Rhamnulokinase	+	;ID=Rhamnulokinase
20	null	null	null	CGC1	LR131284	20324	21577	VDS02667.1	+	;ID=VDS02667.1
21	TC	4	3	CGC1	LR131284	21643	22653	VDS02668.1	+	DB=gnl|TC-DB|P27125|2.A.7.6.1;ID=VDS02668.1	DB=gnl|TC-DB|P27125|2.A.7.6.1;ID=VDS02668.1
22	null	null	null	CGC1	LR131284	22680	23489	VDS02669.1	+	;ID=VDS02669.1
23	null	null	null	CGC1	LR131284	23522	24676	VDS02670.1	+	;ID=VDS02670.1
24	null	null	null	CGC1	LR131284	24897	25802	VDS02671.1	-	;ID=VDS02671.1
25	null	null	null	CGC1	LR131284	26102	28252	VDS02673.1	-	;ID=VDS02673.1
26	TC	6	4	CGC1	LR131284	28401	29303	VDS02674.1	+	DB=gnl|TC-DB|Q8L725|2.A.4.7.2;ID=VDS02674.1	DB=gnl|TC-DB|Q8L725|2.A.4.7.2;ID=VDS02674.1
27	null	null	null	CGC1	LR131284	29308	30318	VDS02675.1	+	;ID=VDS02675.1
28	null	null	null	CGC1	LR131284	30309	31289	VDS02676.1	+	;ID=VDS02676.1
29	null	null	null	CGC1	LR131284	31304	32311	VDS02677.1	-	;ID=VDS02677.1
30	null	null	null	CGC1	LR131284	32352	33650	VDS02678.1	+	;ID=VDS02678.1
31	null	null	null	CGC1	LR131284	33933	35429	VDS02679.1	+	;ID=VDS02679.1
32	null	null	null	CGC1	LR131284	35430	36479	VDS02680.1	-	;ID=VDS02680.1
33	CAZyme	0	6	CGC1	LR131284	36490	39228	VDS02681.1	-	DB=GH3;ID=VDS02681.1	DB=GH3;ID=VDS02681.1
34	CAZyme	0	0	CGC1	LR131284	39750	42053	GH115	+	DB=GH115;ID=GH115	DB=GH115;ID=GH115
35	CAZyme	null	0	CGC1	LR131284	42405	44510	VDS02683.1	+	DB=GH97;ID=VDS02683.1	DB=GH97;ID=VDS02683.1
+++++
