diamond v2.0.11.149 (C) Max Planck Society for the Advancement of Science
Documentation, support and updates available at http://www.diamondsearch.org
Please cite: http://dx.doi.org/10.1038/s41592-021-01101-x Nature Methods (2021)

#CPU threads: 1
Scoring parameters: (Matrix=BLOSUM62 Lambda=0.267 K=0.041 Penalties=11/1)
Temporary directory: .
#Target sequences to report alignments for: 1
Opening the database...  [0.023s]
Database: /array3/yuchen/db/tcdb.dmnd (type: Diamond database, sequences: 14465, letters: 6343638)
Block size = 2000000000
Opening the input file...  [0s]
Opening the output file...  [0s]
Loading query sequences...  [0s]
Masking queries...  [0.028s]
Algorithm: Double-indexed
Building query histograms...  [0.034s]
Allocating buffers...  [0s]
Loading reference sequences...  [0.033s]
Masking reference...  [0.615s]
Initializing temporary storage...  [0s]
Building reference histograms...  [0.376s]
Allocating buffers...  [0s]
Processing query block 1, reference block 1/1, shape 1/2, index chunk 1/4.
Building reference seed array...  [0.201s]
Building query seed array...  [0.008s]
Computing hash join...  [0.024s]
Building seed filter...  [0.024s]
Searching alignments...  [0.012s]
Processing query block 1, reference block 1/1, shape 1/2, index chunk 2/4.
Building reference seed array...  [0.269s]
Building query seed array...  [0.025s]
Computing hash join...  [0.064s]
Building seed filter...  [0.049s]
Searching alignments...  [0.03s]
Processing query block 1, reference block 1/1, shape 1/2, index chunk 3/4.
Building reference seed array...  [0.288s]
Building query seed array...  [0.007s]
Computing hash join...  [0.024s]
Building seed filter...  [0.031s]
Searching alignments...  [0.011s]
Processing query block 1, reference block 1/1, shape 1/2, index chunk 4/4.
Building reference seed array...  [0.114s]
Building query seed array...  [0s]
Computing hash join...  [0.012s]
Building seed filter...  [0s]
Searching alignments...  [0s]
Processing query block 1, reference block 1/1, shape 2/2, index chunk 1/4.
Building reference seed array...  [0.101s]
Building query seed array...  [0s]
Computing hash join...  [0.011s]
Building seed filter...  [0s]
Searching alignments...  [0s]
Processing query block 1, reference block 1/1, shape 2/2, index chunk 2/4.
Building reference seed array...  [0.126s]
Building query seed array...  [0s]
Computing hash join...  [0.012s]
Building seed filter...  [0s]
Searching alignments...  [0s]
Processing query block 1, reference block 1/1, shape 2/2, index chunk 3/4.
Building reference seed array...  [0.127s]
Building query seed array...  [0.011s]
Computing hash join...  [0.024s]
Building seed filter...  [0.035s]
Searching alignments...  [0.016s]
Processing query block 1, reference block 1/1, shape 2/2, index chunk 4/4.
Building reference seed array...  [0.245s]
Building query seed array...  [0.009s]
Computing hash join...  [0.028s]
Building seed filter...  [0.023s]
Searching alignments...  [0.011s]
Deallocating buffers...  [0.002s]
Clearing query masking...  [0s]
Computing alignments...  [0.114s]
Deallocating reference...  [0.001s]
Loading reference sequences...  [0s]
Deallocating buffers...  [0s]
Deallocating queries...  [0s]
Loading query sequences...  [0s]
Closing the input file...  [0s]
Closing the output file...  [0s]
Cleaning up...  [0s]
Total time = 3.403s
Reported 1 pairwise alignments, 1 HSPs.
1 queries aligned.
PUL0772.gff


***************************1. DIAMOND start*************************************************




***************************1. DIAMOND end***************************************************




***************************2. HMMER start*************************************************




***************************2. HMMER end***************************************************




***************************3. dbCAN_sub start***************************************************


total time: 523.5065474510193


***************************3. dbCAN_sub end***************************************************


*****************************CGC-Finder start************************************
**************************************CGC-Finder end***********************************************
Preparing overview table from hmmer, dbCAN_sub and diamond output...
Overview table complete. Saved as ./overview.txt
diamond v2.0.11.149 (C) Max Planck Society for the Advancement of Science
Documentation, support and updates available at http://www.diamondsearch.org
Please cite: http://dx.doi.org/10.1038/s41592-021-01101-x Nature Methods (2021)

#CPU threads: 1
Scoring parameters: (Matrix=BLOSUM62 Lambda=0.267 K=0.041 Penalties=11/1)
Temporary directory: .
#Target sequences to report alignments for: 1
Opening the database...  [0.029s]
Database: /array3/yuchen/db/tcdb.dmnd (type: Diamond database, sequences: 14465, letters: 6343638)
Block size = 2000000000
Opening the input file...  [0s]
Opening the output file...  [0s]
Loading query sequences...  [0s]
Masking queries...  [0.009s]
Algorithm: Double-indexed
Building query histograms...  [0.008s]
Allocating buffers...  [0s]
Loading reference sequences...  [0.033s]
Masking reference...  [0.499s]
Initializing temporary storage...  [0s]
Building reference histograms...  [0.34s]
Allocating buffers...  [0s]
Processing query block 1, reference block 1/1, shape 1/2, index chunk 1/4.
Building reference seed array...  [0.213s]
Building query seed array...  [0.01s]
Computing hash join...  [0.04s]
Building seed filter...  [0.026s]
Searching alignments...  [0.01s]
Processing query block 1, reference block 1/1, shape 1/2, index chunk 2/4.
Building reference seed array...  [0.248s]
Building query seed array...  [0.02s]
Computing hash join...  [0.034s]
Building seed filter...  [0.048s]
Searching alignments...  [0.028s]
Processing query block 1, reference block 1/1, shape 1/2, index chunk 3/4.
Building reference seed array...  [0.297s]
Building query seed array...  [0s]
Computing hash join...  [0.012s]
Building seed filter...  [0.008s]
Searching alignments...  [0s]
Processing query block 1, reference block 1/1, shape 1/2, index chunk 4/4.
Building reference seed array...  [0.096s]
Building query seed array...  [0.03s]
Computing hash join...  [0.024s]
Building seed filter...  [0.027s]
Searching alignments...  [0s]
Processing query block 1, reference block 1/1, shape 2/2, index chunk 1/4.
Building reference seed array...  [0.094s]
Building query seed array...  [0s]
Computing hash join...  [0.013s]
Building seed filter...  [0s]
Searching alignments...  [0s]
Processing query block 1, reference block 1/1, shape 2/2, index chunk 2/4.
Building reference seed array...  [0.118s]
Building query seed array...  [0s]
Computing hash join...  [0.012s]
Building seed filter...  [0s]
Searching alignments...  [0s]
Processing query block 1, reference block 1/1, shape 2/2, index chunk 3/4.
Building reference seed array...  [0.121s]
Building query seed array...  [0.03s]
Computing hash join...  [0.051s]
Building seed filter...  [0.017s]
Searching alignments...  [0.014s]
Processing query block 1, reference block 1/1, shape 2/2, index chunk 4/4.
Building reference seed array...  [0.216s]
Building query seed array...  [0.007s]
Computing hash join...  [0.024s]
Building seed filter...  [0.031s]
Searching alignments...  [0.012s]
Deallocating buffers...  [0.002s]
Clearing query masking...  [0s]
Computing alignments...  [0.098s]
Deallocating reference...  [0.001s]
Loading reference sequences...  [0s]
Deallocating buffers...  [0s]
Deallocating queries...  [0s]
Loading query sequences...  [0s]
Closing the input file...  [0s]
Closing the output file...  [0s]
Cleaning up...  [0s]
Total time = 3.082s
Reported 1 pairwise alignments, 1 HSPs.
1 queries aligned.
PUL0772.gff


***************************1. DIAMOND start*************************************************




***************************1. DIAMOND end***************************************************




***************************2. HMMER start*************************************************




***************************2. HMMER end***************************************************




***************************3. dbCAN_sub start***************************************************


total time: 658.7298128604889


***************************3. dbCAN_sub end***************************************************


*****************************CGC-Finder start************************************
**************************************CGC-Finder end***********************************************
Preparing overview table from hmmer, dbCAN_sub and diamond output...
Overview table complete. Saved as ./overview.txt
