1	TC	0	null	CGC1	NZ_JQNQ01000001	1110	2423	FG27_RS08035	-	DB=gnl|TC-DB|A1S5F4|2.A.1.7.10;ID=FG27_RS08035	DB=gnl|TC-DB|A1S5F4|2.A.1.7.10;ID=FG27_RS08035
2	CAZyme	0	0	CGC1	NZ_JQNQ01000001	2427	4796	FG27_RS08040	-	DB=GH92;ID=FG27_RS08040	DB=GH92;ID=FG27_RS08040
3	CAZyme	0	0	CGC1	NZ_JQNQ01000001	4838	7132	FG27_RS08045	-	DB=GH92;ID=FG27_RS08045	DB=GH92;ID=FG27_RS08045
4	CAZyme	1	0	CGC1	NZ_JQNQ01000001	7144	8169	FG27_RS08050	-	DB=GH43_34;ID=FG27_RS08050	DB=GH43_34;ID=FG27_RS08050
5	null	null	null	CGC1	NZ_JQNQ01000001	8185	8883	FG27_RS08050	-	ID=FG27_RS08055;Parent=FG27_RS08055;eC_number=1.-.-.-;Name=FG27_RS08055;Note=Derived by automated computational analysis using gene prediction method: Protein Homology.;codon_start=1;inference=COORDINATES: similar to AA sequence:RefSeq:WP_008611427.1;product=gluconate 2-dehydrogenase subunit 3 family protein;protein_id=WP_037317830.1;transl_table=11;translation=length.232
6	CAZyme	1	1	CGC1	NZ_JQNQ01000001	8895	10622	FG27_RS08060	-	DB=AA3;ID=FG27_RS08060	DB=AA3;ID=FG27_RS08060
7	null	null	null	CGC1	NZ_JQNQ01000001	10640	11764	FG27_RS08060	-	ID=FG27_RS08065;Parent=FG27_RS08065;Name=FG27_RS08065;Note=Derived by automated computational analysis using gene prediction method: Protein Homology.;codon_start=1;inference=COORDINATES: similar to AA sequence:RefSeq:WP_009781012.1;product=ROK family protein;protein_id=WP_037317837.1;transl_table=11;translation=length.374
8	CAZyme	1	1	CGC1	NZ_JQNQ01000001	11806	13239	FG27_RS08070	-	DB=GH125;ID=FG27_RS08070	DB=GH125;ID=FG27_RS08070
9	null	null	null	CGC1	NZ_JQNQ01000001	13310	13984	FG27_RS08070	-	ID=FG27_RS08075;Parent=FG27_RS08075;Name=FG27_RS08075;Note=Derived by automated computational analysis using gene prediction method: Protein Homology.;codon_start=1;inference=COORDINATES: similar to AA sequence:RefSeq:WP_009780999.1;product=basic secretory protein-like protein;protein_id=WP_037317843.1;transl_table=11;translation=length.224
10	CAZyme	0	1	CGC1	NZ_JQNQ01000001	14318	15118	FG27_RS08080	-	DB=CBM32;ID=FG27_RS08080	DB=CBM32;ID=FG27_RS08080
11	TC	0	0	CGC1	NZ_JQNQ01000001	15133	16749	FG27_RS08085	-	DB=gnl|TC-DB|Q8A1G2|8.A.46.1.1;ID=FG27_RS08085	DB=gnl|TC-DB|Q8A1G2|8.A.46.1.1;ID=FG27_RS08085
12	TC	0	0	CGC1	NZ_JQNQ01000001	16762	19824	FG27_RS08090	-	DB=gnl|TC-DB|Q45780|1.B.14.6.1;ID=FG27_RS08090	DB=gnl|TC-DB|Q45780|1.B.14.6.1;ID=FG27_RS08090
13	CAZyme	1	0	CGC1	NZ_JQNQ01000001	19944	22241	FG27_RS08095	-	DB=GH92;ID=FG27_RS08095	DB=GH92;ID=FG27_RS08095
14	null	null	null	CGC1	NZ_JQNQ01000001	22168	23112	FG27_RS08095	-	ID=FG27_RS08100;Parent=FG27_RS08100;Name=FG27_RS08100;Note=Derived by automated computational analysis using gene prediction method: GeneMarkS-2+.;codon_start=1;inference=COORDINATES: ab initio prediction:GeneMarkS-2+;product=hypothetical protein;protein_id=WP_037317858.1;transl_table=11;translation=length.314
15	CAZyme	8	1	CGC1	NZ_JQNQ01000001	23292	25379	FG27_RS08105	+	DB=GH92;ID=FG27_RS08105	DB=GH92;ID=FG27_RS08105
16	null	null	null	CGC1	NZ_JQNQ01000001	25376	26605	FG27_RS08105	+	ID=FG27_RS08110;Parent=FG27_RS08110;gO_function=GO:0003993 - acid phosphatase activity [Evidence IEA]%3B GO:0046872 - metal ion binding [Evidence IEA];Name=FG27_RS08110;Note=Derived by automated computational analysis using gene prediction method: Protein Homology.;codon_start=1;inference=COORDINATES: protein motif:HMM:NF012376.4;product=fibronectin type III domain-containing protein;protein_id=WP_051935788.1;transl_table=11;translation=length.409
17	null	null	null	CGC1	NZ_JQNQ01000001	26950	28428	FG27_RS08105	+	ID=FG27_RS08115;Parent=FG27_RS08115;gO_function=GO:0016491 - oxidoreductase activity [Evidence IEA]%3B GO:0016651 - oxidoreductase activity%2C acting on NAD(P)H [Evidence IEA];Name=FG27_RS08115;Note=Derived by automated computational analysis using gene prediction method: Protein Homology.;codon_start=1;inference=COORDINATES: similar to AA sequence:RefSeq:WP_013306599.1;product=Gfo/Idh/MocA family protein;protein_id=WP_037317860.1;transl_table=11;translation=length.492
18	null	null	null	CGC1	NZ_JQNQ01000001	28475	29302	FG27_RS08105	+	ID=FG27_RS08120;Parent=FG27_RS08120;Name=FG27_RS08120;Note=Derived by automated computational analysis using gene prediction method: Protein Homology.;codon_start=1;inference=COORDINATES: similar to AA sequence:RefSeq:WP_013074018.1;product=3-keto-disaccharide hydrolase;protein_id=WP_037317862.1;transl_table=11;translation=length.275
19	null	null	null	CGC1	NZ_JQNQ01000001	29403	29633	FG27_RS08105	+	ID=FG27_RS19385;Parent=FG27_RS19385;Name=FG27_RS19385;Note=Derived by automated computational analysis using gene prediction method: GeneMarkS-2+.;codon_start=1;inference=COORDINATES: ab initio prediction:GeneMarkS-2+;product=hypothetical protein;protein_id=WP_231563298.1;transl_table=11;translation=length.76
20	null	null	null	CGC1	NZ_JQNQ01000001	29569	29949	FG27_RS08105	+	ID=FG27_RS19515;Parent=FG27_RS19515;gO_function=GO:0003677 - DNA binding [Evidence IEA]%3B GO:0004803 - transposase activity [Evidence IEA];gO_process=GO:0006313 - DNA transposition [Evidence IEA];Name=FG27_RS19515;Note=Derived by automated computational analysis using gene prediction method: Protein Homology.;codon_start=1;inference=COORDINATES: protein motif:HMM:NF013068.4;product=transposase;protein_id=WP_255351525.1;transl_table=11;translation=length.126
21	null	null	null	CGC1	NZ_JQNQ01000001	29888	30256	FG27_RS08105	+	ID=FG27_RS19520;Parent=FG27_RS19520;gO_function=GO:0003677 - DNA binding [Evidence IEA]%3B GO:0004803 - transposase activity [Evidence IEA];gO_process=GO:0006313 - DNA transposition [Evidence IEA];Name=FG27_RS19520;Note=Derived by automated computational analysis using gene prediction method: Protein Homology.;codon_start=1;inference=COORDINATES: protein motif:HMM:NF013068.4;product=transposase;protein_id=WP_255351526.1;transl_table=11;translation=length.122
22	null	null	null	CGC1	NZ_JQNQ01000001	30217	30546	FG27_RS08105	+	ID=FG27_RS19525;Parent=FG27_RS19525;gO_function=GO:0003677 - DNA binding [Evidence IEA]%3B GO:0004803 - transposase activity [Evidence IEA];gO_process=GO:0006313 - DNA transposition [Evidence IEA];Name=FG27_RS19525;Note=Derived by automated computational analysis using gene prediction method: Protein Homology.;codon_start=1;inference=COORDINATES: protein motif:HMM:NF013068.4;product=transposase;protein_id=WP_255351556.1;transl_table=11;translation=length.109
23	null	null	null	CGC1	NZ_JQNQ01000001	30613	31431	FG27_RS08105	-	ID=FG27_RS08130;Parent=FG27_RS08130;eC_number=3.-.-.-;gO_function=GO:0016787 - hydrolase activity [Evidence IEA];Name=FG27_RS08130;Note=Derived by automated computational analysis using gene prediction method: Protein Homology.;codon_start=1;inference=COORDINATES: similar to AA sequence:RefSeq:WP_008462176.1;product=alpha/beta hydrolase;protein_id=WP_037317865.1;transl_table=11;translation=length.272
24	CAZyme	0	8	CGC1	NZ_JQNQ01000001	31564	33768	FG27_RS08135	-	DB=GH92;ID=FG27_RS08135	DB=GH92;ID=FG27_RS08135
25	CAZyme	5	0	CGC1	NZ_JQNQ01000001	33789	34955	FG27_RS08140	-	DB=GH76;ID=FG27_RS08140	DB=GH76;ID=FG27_RS08140
26	TF	4	0	CGC1	NZ_JQNQ01000001	35081	36112	FG27_RS08145	-	DB=DBD-Pfam|LacI,DBD-SUPERFAMILY|0044558;ID=FG27_RS08145	DB=DBD-Pfam|LacI,DBD-SUPERFAMILY|0044558;ID=FG27_RS08145
27	null	null	null	CGC1	NZ_JQNQ01000001	36228	36389	FG27_RS08145	-	ID=FG27_RS19130;Parent=FG27_RS19130;Name=FG27_RS19130;Note=Derived by automated computational analysis using gene prediction method: GeneMarkS-2+.;codon_start=1;inference=COORDINATES: ab initio prediction:GeneMarkS-2+;product=hypothetical protein;protein_id=WP_156101216.1;transl_table=11;translation=length.53
28	null	null	null	CGC1	NZ_JQNQ01000001	36610	36861	FG27_RS08145	-	ID=FG27_RS19240;Parent=FG27_RS19240;Name=FG27_RS19240;Note=Derived by automated computational analysis using gene prediction method: GeneMarkS-2+.;codon_start=1;inference=COORDINATES: ab initio prediction:GeneMarkS-2+;product=hypothetical protein;protein_id=WP_197051675.1;transl_table=11;translation=length.83
29	null	null	null	CGC1	NZ_JQNQ01000001	36864	37709	FG27_RS08145	-	ID=FG27_RS19245;Parent=FG27_RS19245;Name=FG27_RS19245;Note=Derived by automated computational analysis using gene prediction method: GeneMarkS-2+.;codon_start=1;inference=COORDINATES: ab initio prediction:GeneMarkS-2+;product=hypothetical protein;protein_id=WP_197051676.1;transl_table=11;translation=length.281
30	null	null	null	CGC1	NZ_JQNQ01000001	37746	38696	FG27_RS08145	-	ID=FG27_RS19250;Parent=FG27_RS19250;Name=FG27_RS19250;Note=Derived by automated computational analysis using gene prediction method: GeneMarkS-2+.;codon_start=1;inference=COORDINATES: ab initio prediction:GeneMarkS-2+;product=hypothetical protein;protein_id=WP_197051677.1;transl_table=11;translation=length.316
31	CAZyme	1	5	CGC1	NZ_JQNQ01000001	39107	40924	FG27_RS08155	-	DB=GH2;ID=FG27_RS08155	DB=GH2;ID=FG27_RS08155
32	null	null	null	CGC1	NZ_JQNQ01000001	41092	42870	FG27_RS08155	-	ID=FG27_RS08160;Parent=FG27_RS08160;eC_number=5.3.1.8;Name=FG27_RS08160;Note=Derived by automated computational analysis using gene prediction method: Protein Homology.;codon_start=1;inference=COORDINATES: similar to AA sequence:RefSeq:WP_013073741.1;product=class I mannose-6-phosphate isomerase;protein_id=WP_037317875.1;transl_table=11;translation=length.592
33	CAZyme	0	1	CGC1	NZ_JQNQ01000001	42953	45313	FG27_RS08165	-	DB=GH92;ID=FG27_RS08165	DB=GH92;ID=FG27_RS08165
34	TC	null	0	CGC1	NZ_JQNQ01000001	45324	46466	FG27_RS08170	-	DB=gnl|TC-DB|Q8A5Y0|2.A.1.7.16;ID=FG27_RS08170	DB=gnl|TC-DB|Q8A5Y0|2.A.1.7.16;ID=FG27_RS08170
+++++
