0	TC	0	null	CGC1	JQ844187.1	27	1271	AGS52250.1	+	DB=gnl|TC-DB|Q9KWT5|3.A.1.1.10;ID=AGS52250.1	DB=gnl|TC-DB|Q9KWT5|3.A.1.1.10;ID=AGS52250.1
1	CAZyme	0	0	CGC1	JQ844187.1	1344	2711	AGS52251.1	-	DB=GH1;ID=AGS52251.1	DB=GH1;ID=AGS52251.1
2	TC	0	0	CGC1	JQ844187.1	2860	3726	AGS52252.1	+	DB=gnl|TC-DB|Q9KWT8|3.A.1.1.10;ID=AGS52252.1	DB=gnl|TC-DB|Q9KWT8|3.A.1.1.10;ID=AGS52252.1
3	TC	8	0	CGC1	JQ844187.1	3736	4653	AGS52253.1	+	DB=gnl|TC-DB|A9QDR8|3.A.1.1.29;ID=AGS52253.1	DB=gnl|TC-DB|A9QDR8|3.A.1.1.29;ID=AGS52253.1
4	null	null	null	CGC1	JQ844187.1	4710	5279	AGS52253.1	-	ID=AGS52254.1;protein_id=AGS52254.1;product=hypothetical protein
5	null	null	null	CGC1	JQ844187.1	5230	5376	AGS52253.1	+	ID=AGS52255.1;protein_id=AGS52255.1;product=hypothetical protein
6	null	null	null	CGC1	JQ844187.1	5373	6542	AGS52253.1	-	ID=AGS52256.1;protein_id=AGS52256.1;product=putative cell surface protein/ lipoprotein
7	null	null	null	CGC1	JQ844187.1	6496	6621	AGS52253.1	+	ID=AGS52257.1;protein_id=AGS52257.1;product=hypothetical protein
8	null	null	null	CGC1	JQ844187.1	6625	8319	AGS52253.1	-	ID=AGS52258.1;protein_id=AGS52258.1;product=transglutaminase domain protein
9	null	null	null	CGC1	JQ844187.1	8304	8900	AGS52253.1	-	ID=AGS52259.1;protein_id=AGS52259.1;product=hypothetical protein
10	null	null	null	CGC1	JQ844187.1	8988	10235	AGS52253.1	-	ID=AGS52260.1;protein_id=AGS52260.1;product=hypothetical protein
11	STP	0	7	CGC1	JQ844187.1	10235	11230	AGS52261.1	-	DB=STP|AAA;ID=AGS52261.1	DB=STP|AAA;ID=AGS52261.1
12	TC	1	8	CGC1	JQ844187.1	11387	12406	AGS52262.1	+	DB=gnl|TC-DB|C0QCR7|8.A.59.4.1;ID=AGS52262.1	DB=gnl|TC-DB|C0QCR7|8.A.59.4.1;ID=AGS52262.1
13	null	null	null	CGC1	JQ844187.1	12417	13001	AGS52262.1	+	ID=AGS52263.1;protein_id=AGS52263.1;product=hypothetical protein
14	TC	2	1	CGC1	JQ844187.1	13026	14717	AGS52264.1	-	DB=gnl|TC-DB|P21458|3.A.12.1.1;ID=AGS52264.1	DB=gnl|TC-DB|P21458|3.A.12.1.1;ID=AGS52264.1
15	null	null	null	CGC1	JQ844187.1	14735	15286	AGS52264.1	-	ID=AGS52265.1;protein_id=AGS52265.1;product=cell division protein FtsK
16	null	null	null	CGC1	JQ844187.1	15314	15481	AGS52264.1	-	ID=AGS52266.1;protein_id=AGS52266.1;product=hypothetical protein
17	CAZyme	3	2	CGC1	JQ844187.1	15575	17143	AGS52267.1	-	DB=GH44;ID=AGS52267.1	DB=GH44;ID=AGS52267.1
18	null	null	null	CGC1	JQ844187.1	17284	18375	AGS52267.1	-	ID=AGS52268.1;protein_id=AGS52268.1;product=6-phosphofructokinase
19	null	null	null	CGC1	JQ844187.1	18379	19146	AGS52267.1	-	ID=AGS52269.1;protein_id=AGS52269.1;product=nucleoside triphosphate pyrophosphohydrolase MazG
20	null	null	null	CGC1	JQ844187.1	19148	19777	AGS52267.1	-	ID=AGS52270.1;protein_id=AGS52270.1;product=peptidyl-tRNA hydrolase
21	TC	1	3	CGC1	JQ844187.1	19794	21557	AGS52271.1	-	DB=gnl|TC-DB|D8RWR9|1.C.39.4.5;ID=AGS52271.1	DB=gnl|TC-DB|D8RWR9|1.C.39.4.5;ID=AGS52271.1
22	null	null	null	CGC1	JQ844187.1	21636	22301	AGS52271.1	+	ID=AGS52272.1;protein_id=AGS52272.1;product=hypothetical protein
23	TC	null	1	CGC1	JQ844187.1	22390	25974	AGS52273.1	+	DB=gnl|TC-DB|Q93N33|2.A.21.9.2;ID=AGS52273.1	DB=gnl|TC-DB|Q93N33|2.A.21.9.2;ID=AGS52273.1
+++++
