5	CAZyme	1	null	CGC1	NC_008228	5277	6089	PATL_RS11770	+	DB=CE1;ID=PATL_RS11770	DB=CE1;ID=PATL_RS11770
6	null	null	null	CGC1	NC_008228	6202	6852	PATL_RS11770	-	ID=PATL_RS11775;Parent=PATL_RS11775;eC_number=3.4.21.89;gO_component=GO:0016020 - membrane [Evidence IEA];gO_function=GO:0004252 - serine-type endopeptidase activity [Evidence IEA];gO_process=GO:0009306 - protein secretion [Evidence IEA]%3B GO:0006465 - signal peptide processing [Evidence IEA];Name=lepB;Note=Derived by automated computational analysis using gene prediction method: Protein Homology.;codon_start=1;inference=COORDINATES: similar to AA sequence:RefSeq:WP_006990800.1;locus_tag=PATL_RS11775;old_locus_tag=Patl_2309;product=signal peptidase I;protein_id=WP_011575107.1;transl_table=11;translation=length.216
7	TC	7	1	CGC1	NC_008228	7176	9332	PATL_RS11780	+	DB=gnl|TC-DB|D4ZZR3|9.B.34.1.3;ID=PATL_RS11780	DB=gnl|TC-DB|D4ZZR3|9.B.34.1.3;ID=PATL_RS11780
8	null	null	null	CGC1	NC_008228	9490	10611	PATL_RS11780	+	ID=PATL_RS11785;Parent=PATL_RS11785;Name=PATL_RS11785;Note=Derived by automated computational analysis using gene prediction method: Protein Homology.;codon_start=1;inference=COORDINATES: similar to AA sequence:RefSeq:WP_014950344.1;old_locus_tag=Patl_2311;product=zinc-binding dehydrogenase;protein_id=WP_011575109.1;transl_table=11;translation=length.373
9	TF	5	1	CGC1	NC_008228	10819	11727	PATL_RS11790	+	DB=DBD-Pfam|HTH_1,DBD-SUPERFAMILY|0040517;ID=PATL_RS11790	DB=DBD-Pfam|HTH_1,DBD-SUPERFAMILY|0040517;ID=PATL_RS11790
10	TF	4	2	CGC1	NC_008228	11786	12613	PATL_RS11795	-	DB=DBD-Pfam|Trans_reg_C;ID=PATL_RS11795	DB=DBD-Pfam|Trans_reg_C;ID=PATL_RS11795
11	null	null	null	CGC1	NC_008228	13238	15196	PATL_RS11795	+	ID=PATL_RS11800;Parent=PATL_RS11800;Name=PATL_RS11800;Note=Derived by automated computational analysis using gene prediction method: Protein Homology.;codon_start=1;inference=COORDINATES: similar to AA sequence:RefSeq:WP_007986450.1;old_locus_tag=Patl_2314;product=hypothetical protein;protein_id=WP_011575112.1;transl_table=11;translation=length.652
12	null	null	null	CGC1	NC_008228	15278	15625	PATL_RS11795	+	ID=PATL_RS11805;Parent=PATL_RS11805;Name=PATL_RS11805;Note=Derived by automated computational analysis using gene prediction method: Protein Homology.;codon_start=1;inference=COORDINATES: similar to AA sequence:RefSeq:WP_007986452.1;old_locus_tag=Patl_2315;product=hypothetical protein;protein_id=WP_011575113.1;transl_table=11;translation=length.115
13	null	null	null	CGC1	NC_008228	15645	16316	PATL_RS11795	+	ID=PATL_RS11810;Parent=PATL_RS11810;Name=PATL_RS11810;Note=Derived by automated computational analysis using gene prediction method: Protein Homology.;codon_start=1;inference=COORDINATES: similar to AA sequence:RefSeq:WP_011575114.1;old_locus_tag=Patl_2316;product=C39 family peptidase;protein_id=WP_011575114.1;transl_table=11;translation=length.223
14	null	null	null	CGC1	NC_008228	16332	16814	PATL_RS11795	+	ID=PATL_RS11815;Parent=PATL_RS11815;Name=PATL_RS11815;Note=Derived by automated computational analysis using gene prediction method: Protein Homology.;codon_start=1;inference=COORDINATES: similar to AA sequence:RefSeq:WP_011575115.1;old_locus_tag=Patl_2317;product=hypothetical protein;protein_id=WP_011575115.1;transl_table=11;translation=length.160
15	TC	0	7	CGC1	NC_008228	16960	18285	PATL_RS11820	-	DB=gnl|TC-DB|G0K0M9|9.B.153.3.16;ID=PATL_RS11820	DB=gnl|TC-DB|G0K0M9|9.B.153.3.16;ID=PATL_RS11820
16	TC	9	0	CGC1	NC_008228	18581	20878	PATL_RS11825	-	DB=gnl|TC-DB|Q2M5P4|1.B.14.8.2;ID=PATL_RS11825	DB=gnl|TC-DB|Q2M5P4|1.B.14.8.2;ID=PATL_RS11825
17	null	null	null	CGC1	NC_008228	21202	22077	PATL_RS11825	+	ID=PATL_RS11830;Parent=PATL_RS11830;eC_number=3.5.-.-;gO_function=GO:0016812 - hydrolase activity%2C acting on carbon-nitrogen (but not peptide) bonds%2C in cyclic amides [Evidence IEA]%3B GO:0046872 - metal ion binding [Evidence IEA];Name=PATL_RS11830;Note=Derived by automated computational analysis using gene prediction method: Protein Homology.;codon_start=1;inference=COORDINATES: similar to AA sequence:RefSeq:WP_007986462.1;old_locus_tag=Patl_2320;product=cyclase family protein;protein_id=WP_011575118.1;transl_table=11;translation=length.291
18	STP	7	1	CGC1	NC_008228	22203	23114	PATL_RS11835	+	DB=STP|Pyr_redox;ID=PATL_RS11835	DB=STP|Pyr_redox;ID=PATL_RS11835
19	null	null	null	CGC1	NC_008228	23118	24050	PATL_RS11835	+	ID=PATL_RS11840;Parent=PATL_RS11840;eC_number=2.3.1.247;Name=PATL_RS11840;Note=Derived by automated computational analysis using gene prediction method: Protein Homology.;codon_start=1;inference=COORDINATES: similar to AA sequence:RefSeq:WP_007986466.1;old_locus_tag=Patl_2322;product=3-keto-5-aminohexanoate cleavage protein;protein_id=WP_011575120.1;transl_table=11;translation=length.310
20	null	null	null	CGC1	NC_008228	24142	24486	PATL_RS11835	+	ID=PATL_RS11845;Parent=PATL_RS11845;Name=PATL_RS11845;Note=Derived by automated computational analysis using gene prediction method: Protein Homology.;codon_start=1;inference=COORDINATES: similar to AA sequence:RefSeq:WP_006990814.1;old_locus_tag=Patl_2323;product=cupin domain-containing protein;protein_id=WP_011575121.1;transl_table=11;translation=length.114
21	null	null	null	CGC1	NC_008228	24486	25286	PATL_RS11835	+	ID=PATL_RS11850;Parent=PATL_RS11850;eC_number=1.1.1.-;Name=PATL_RS11850;Note=Derived by automated computational analysis using gene prediction method: Protein Homology.;codon_start=1;inference=COORDINATES: similar to AA sequence:RefSeq:WP_011575122.1;old_locus_tag=Patl_2324;product=SDR family NAD(P)-dependent oxidoreductase;protein_id=WP_011575122.1;transl_table=11;translation=length.266
22	null	null	null	CGC1	NC_008228	25365	26834	PATL_RS11835	+	ID=PATL_RS11855;Parent=PATL_RS11855;Name=PATL_RS11855;Note=Derived by automated computational analysis using gene prediction method: Protein Homology.;codon_start=1;inference=COORDINATES: similar to AA sequence:RefSeq:WP_007986472.1;old_locus_tag=Patl_2325;product=sodium:solute symporter family protein;protein_id=WP_011575123.1;transl_table=11;translation=length.489
23	TF	2	6	CGC1	NC_008228	27165	27938	PATL_RS11860	-	DB=DBD-Pfam|MarR;ID=PATL_RS11860	DB=DBD-Pfam|MarR;ID=PATL_RS11860
24	null	null	null	CGC1	NC_008228	28072	28479	PATL_RS11860	-	ID=PATL_RS11865;Parent=PATL_RS11865;gO_component=GO:0016020 - membrane [Evidence IEA];Name=PATL_RS11865;Note=Derived by automated computational analysis using gene prediction method: Protein Homology.;codon_start=1;inference=COORDINATES: similar to AA sequence:RefSeq:WP_006990818.1;old_locus_tag=Patl_2327;product=DoxX family protein;protein_id=WP_011575125.1;transl_table=11;translation=length.135
25	null	null	null	CGC1	NC_008228	28772	30475	PATL_RS11860	+	ID=PATL_RS11870;Parent=PATL_RS11870;eC_number=5.4.99.-;gO_function=GO:0009982 - pseudouridine synthase activity [Evidence IEA]%3B GO:0003723 - RNA binding [Evidence IEA];gO_process=GO:0001522 - pseudouridine synthesis [Evidence IEA]%3B GO:0009451 - RNA modification [Evidence IEA];Name=PATL_RS11870;Note=Derived by automated computational analysis using gene prediction method: Protein Homology.;codon_start=1;inference=COORDINATES: similar to AA sequence:RefSeq:WP_008305958.1;old_locus_tag=Patl_2328;product=RluA family pseudouridine synthase;protein_id=WP_011575126.1;transl_table=11;translation=length.567
26	TC	0	9	CGC1	NC_008228	30584	32023	PATL_RS11875	+	DB=gnl|TC-DB|P76269|2.A.1.3.17;ID=PATL_RS11875	DB=gnl|TC-DB|P76269|2.A.1.3.17;ID=PATL_RS11875
27	TC	7	0	CGC1	NC_008228	32124	33404	PATL_RS11880	-	DB=gnl|TC-DB|O00571|1.I.1.1.3;ID=PATL_RS11880	DB=gnl|TC-DB|O00571|1.I.1.1.3;ID=PATL_RS11880
28	TF	6	0	CGC1	NC_008228	33971	34888	PATL_RS11885	-	DB=DBD-Pfam|HTH_1;ID=PATL_RS11885	DB=DBD-Pfam|HTH_1;ID=PATL_RS11885
29	null	null	null	CGC1	NC_008228	34976	35782	PATL_RS11885	+	ID=PATL_RS11890;Parent=PATL_RS11890;Name=PATL_RS11890;Note=Derived by automated computational analysis using gene prediction method: Protein Homology.;codon_start=1;inference=COORDINATES: similar to AA sequence:RefSeq:WP_010556123.1;old_locus_tag=Patl_2332;product=class II aldolase/adducin family protein;protein_id=WP_011575130.1;transl_table=11;translation=length.268
30	null	null	null	CGC1	NC_008228	35851	36771	PATL_RS11885	-	ID=PATL_RS11895;Parent=PATL_RS11895;eC_number=3.4.17.-;Name=PATL_RS11895;Note=Derived by automated computational analysis using gene prediction method: Protein Homology.;codon_start=1;inference=COORDINATES: similar to AA sequence:RefSeq:WP_011575131.1;old_locus_tag=Patl_2333;product=M14 family metallopeptidase;protein_id=WP_011575131.1;transl_table=11;translation=length.306
31	null	null	null	CGC1	NC_008228	36995	37381	PATL_RS11885	-	ID=PATL_RS11900;Parent=PATL_RS11900;Name=PATL_RS11900;Note=Derived by automated computational analysis using gene prediction method: Protein Homology.;codon_start=1;inference=COORDINATES: similar to AA sequence:RefSeq:WP_013753986.1;old_locus_tag=Patl_2334;product=ribbon-helix-helix domain-containing protein;protein_id=WP_011575132.1;transl_table=11;translation=length.128
32	STP	2	4	CGC1	NC_008228	37521	38159	PATL_RS11905	-	DB=STP|HD;ID=PATL_RS11905	DB=STP|HD;ID=PATL_RS11905
33	null	null	null	CGC1	NC_008228	38334	38669	PATL_RS11905	-	ID=PATL_RS11910;Parent=PATL_RS11910;Name=PATL_RS11910;Note=Derived by automated computational analysis using gene prediction method: Protein Homology.;codon_start=1;inference=COORDINATES: similar to AA sequence:RefSeq:WP_007986490.1;old_locus_tag=Patl_2336;product=excalibur calcium-binding domain-containing protein;protein_id=WP_011575134.1;transl_table=11;translation=length.111
34	STP	0	6	CGC1	NC_008228	38795	39571	PATL_RS11915	-	DB=STP|SBP_bac_3;ID=PATL_RS11915	DB=STP|SBP_bac_3;ID=PATL_RS11915
35	CAZyme	0	7	CGC1	NC_008228	39812	42238	PATL_RS11920	-	DB=GH31;ID=PATL_RS11920	DB=GH31;ID=PATL_RS11920
36	CAZyme	0	0	CGC1	NC_008228	42381	43247	PATL_RS11925	-	DB=CE1;ID=PATL_RS11925	DB=CE1;ID=PATL_RS11925
37	CAZyme	0	0	CGC1	NC_008228	43295	45091	PATL_RS11930	-	DB=GH13_38;ID=PATL_RS11930	DB=GH13_38;ID=PATL_RS11930
38	CAZyme	null	0	CGC1	NC_008228	45551	49066	PATL_RS22240	+	DB=GH86;ID=PATL_RS22240	DB=GH86;ID=PATL_RS22240
+++++
