0	CAZyme	0	null	CGC1	NZ_PJAI02000001	312864	315437	CWS31_RS01305	+	DB=GH2;ID=CWS31_RS01305	DB=GH2;ID=CWS31_RS01305
1	TC	2	0	CGC1	NZ_PJAI02000001	315526	317088	CWS31_RS01310	+	DB=gnl|TC-DB|P96169|2.A.21.3.2;ID=CWS31_RS01310	DB=gnl|TC-DB|P96169|2.A.21.3.2;ID=CWS31_RS01310
2	null	null	null	CGC1	NZ_PJAI02000001	317317	319605	CWS31_RS01310	+	ID=CWS31_RS01315;Parent=CWS31_RS01315;Name=CWS31_RS01315;Note=Derived by automated computational analysis using gene prediction method: Protein Homology.;codon_start=1;inference=COORDINATES: similar to AA sequence:RefSeq:WP_016953857.1;old_locus_tag=CWS31_001315;product=VCBS repeat-containing protein;protein_id=WP_148747639.1;transl_table=11;translation=length.762
3	null	null	null	CGC1	NZ_PJAI02000001	319786	320526	CWS31_RS01310	+	ID=CWS31_RS01320;Parent=CWS31_RS01320;Name=fdhD;Note=Derived by automated computational analysis using gene prediction method: Protein Homology.;codon_start=1;inference=COORDINATES: protein motif:HMM:TIGR00129.1;locus_tag=CWS31_RS01320;old_locus_tag=CWS31_001320;product=formate dehydrogenase accessory sulfurtransferase FdhD;protein_id=WP_148747640.1;transl_table=11;translation=length.246
4	TC	1	2	CGC1	NZ_PJAI02000001	320826	323114	CWS31_RS01325	+	DB=gnl|TC-DB|P07658|3.D.1.9.2;ID=CWS31_RS01325	DB=gnl|TC-DB|P07658|3.D.1.9.2;ID=CWS31_RS01325
5	null	null	null	CGC1	NZ_PJAI02000001	323190	323867	CWS31_RS01325	+	ID=CWS31_RS01330;Parent=CWS31_RS01330;Name=CWS31_RS01330;Note=Derived by automated computational analysis using gene prediction method: Protein Homology.;codon_start=1;inference=COORDINATES: similar to AA sequence:RefSeq:WP_017446578.1;old_locus_tag=CWS31_001330;product=HAD-IA family hydrolase;protein_id=WP_148747642.1;transl_table=11;translation=length.225
6	CAZyme	0	1	CGC1	NZ_PJAI02000001	324568	328530	CWS31_RS01335	+	DB=GH96;ID=CWS31_RS01335	DB=GH96;ID=CWS31_RS01335
7	CAZyme	2	0	CGC1	NZ_PJAI02000001	329138	332644	CWS31_RS01340	+	DB=GH96;ID=CWS31_RS01340	DB=GH96;ID=CWS31_RS01340
8	null	null	null	CGC1	NZ_PJAI02000001	332792	333865	CWS31_RS01340	-	ID=CWS31_RS01345;Parent=CWS31_RS01345;Name=CWS31_RS01345;Note=Derived by automated computational analysis using gene prediction method: Protein Homology.;codon_start=1;inference=COORDINATES: similar to AA sequence:RefSeq:WP_007640722.1;old_locus_tag=CWS31_001345;product=6-bladed beta-propeller;protein_id=WP_148747645.1;transl_table=11;translation=length.357
9	null	null	null	CGC1	NZ_PJAI02000001	334001	334762	CWS31_RS01340	-	ID=CWS31_RS01350;Parent=CWS31_RS01350;Name=CWS31_RS01350;Note=Derived by automated computational analysis using gene prediction method: Protein Homology.;codon_start=1;inference=COORDINATES: similar to AA sequence:RefSeq:WP_016957857.1;old_locus_tag=CWS31_001350;product=phytanoyl-CoA dioxygenase family protein;protein_id=WP_148747646.1;transl_table=11;translation=length.253
10	TC	0	2	CGC1	NZ_PJAI02000001	335029	336648	CWS31_RS01355	-	DB=gnl|TC-DB|P96710|2.A.1.1.55;ID=CWS31_RS01355	DB=gnl|TC-DB|P96710|2.A.1.1.55;ID=CWS31_RS01355
11	CAZyme	0	0	CGC1	NZ_PJAI02000001	337192	339561	CWS31_RS01360	+	DB=GH50;ID=CWS31_RS01360	DB=GH50;ID=CWS31_RS01360
12	CAZyme	1	0	CGC1	NZ_PJAI02000001	339551	341875	CWS31_RS01365	+	DB=GH50;ID=CWS31_RS01365	DB=GH50;ID=CWS31_RS01365
13	null	null	null	CGC1	NZ_PJAI02000001	341994	343706	CWS31_RS01365	+	ID=CWS31_RS01370;Parent=CWS31_RS01370;Name=CWS31_RS01370;Note=Derived by automated computational analysis using gene prediction method: Protein Homology.;codon_start=1;inference=COORDINATES: similar to AA sequence:RefSeq:WP_017446509.1;old_locus_tag=CWS31_001370;product=sulfatase-like hydrolase/transferase;protein_id=WP_148747649.1;transl_table=11;translation=length.570
14	CAZyme	14	1	CGC1	NZ_PJAI02000001	346645	348210	CWS31_RS01380	+	DB=GH29;ID=CWS31_RS01380	DB=GH29;ID=CWS31_RS01380
+++++
29	TC	1	14	CGC2	NZ_PJAI02000001	369450	372224	CWS31_RS01460	-	DB=gnl|TC-DB|Q9A608|1.B.14.12.1;ID=CWS31_RS01460	DB=gnl|TC-DB|Q9A608|1.B.14.12.1;ID=CWS31_RS01460
30	null	null	null	CGC2	NZ_PJAI02000001	372804	373925	CWS31_RS01460	-	ID=CWS31_RS01465;Parent=CWS31_RS01465;Name=CWS31_RS01465;Note=Derived by automated computational analysis using gene prediction method: Protein Homology.;codon_start=1;inference=COORDINATES: protein motif:HMM:NF020039.1;old_locus_tag=CWS31_001465;product=SMP-30/gluconolactonase/LRE family protein;protein_id=WP_148747659.1;transl_table=11;translation=length.373
31	CAZyme	0	1	CGC2	NZ_PJAI02000001	375387	377753	CWS31_RS01475	-	DB=GH50;ID=CWS31_RS01475	DB=GH50;ID=CWS31_RS01475
32	TC	3	0	CGC2	NZ_PJAI02000001	378226	381903	CWS31_RS01480	+	DB=gnl|TC-DB|Q9AAZ6|1.B.14.12.2;ID=CWS31_RS01480	DB=gnl|TC-DB|Q9AAZ6|1.B.14.12.2;ID=CWS31_RS01480
33	null	null	null	CGC2	NZ_PJAI02000001	381968	384112	CWS31_RS01480	+	ID=CWS31_RS01485;Parent=CWS31_RS01485;Name=CWS31_RS01485;Note=Derived by automated computational analysis using gene prediction method: GeneMarkS-2+.;codon_start=1;inference=COORDINATES: ab initio prediction:GeneMarkS-2+;old_locus_tag=CWS31_001485;product=hypothetical protein;protein_id=WP_148747663.1;transl_table=11;translation=length.714
34	null	null	null	CGC2	NZ_PJAI02000001	384574	386124	CWS31_RS01480	+	ID=CWS31_RS01490;Parent=CWS31_RS01490;Name=CWS31_RS01490;Note=Derived by automated computational analysis using gene prediction method: Protein Homology.;codon_start=1;inference=COORDINATES: similar to AA sequence:RefSeq:WP_017446591.1;old_locus_tag=CWS31_001490;product=tryptophan 7-halogenase;protein_id=WP_148747664.1;transl_table=11;translation=length.516
35	null	null	null	CGC2	NZ_PJAI02000001	386157	386876	CWS31_RS01480	+	ID=CWS31_RS01495;Parent=CWS31_RS01495;Name=CWS31_RS01495;Note=Derived by automated computational analysis using gene prediction method: Protein Homology.;codon_start=1;inference=COORDINATES: similar to AA sequence:RefSeq:WP_017446592.1;old_locus_tag=CWS31_001495;product=SapC family protein;protein_id=WP_148747665.1;transl_table=11;translation=length.239
36	CAZyme	1	3	CGC2	NZ_PJAI02000001	387091	389538	CWS31_RS01500	-	DB=GH86;ID=CWS31_RS01500	DB=GH86;ID=CWS31_RS01500
37	null	null	null	CGC2	NZ_PJAI02000001	389783	390202	CWS31_RS01500	-	ID=CWS31_RS01505;Parent=CWS31_RS01505;Name=CWS31_RS01505;Note=Derived by automated computational analysis using gene prediction method: Protein Homology.;codon_start=1;inference=COORDINATES: similar to AA sequence:RefSeq:WP_017085108.1;old_locus_tag=CWS31_001505;product=heme-binding protein;protein_id=WP_148747667.1;transl_table=11;translation=length.139
38	TC	0	1	CGC2	NZ_PJAI02000001	390205	391182	CWS31_RS01510	-	DB=gnl|TC-DB|A8H4W6|3.A.1.2.15;ID=CWS31_RS01510	DB=gnl|TC-DB|A8H4W6|3.A.1.2.15;ID=CWS31_RS01510
39	TC	0	0	CGC2	NZ_PJAI02000001	391210	392226	CWS31_RS01515	-	DB=gnl|TC-DB|Q0HIQ6|3.A.1.2.14;ID=CWS31_RS01515	DB=gnl|TC-DB|Q0HIQ6|3.A.1.2.14;ID=CWS31_RS01515
40	TC	0	0	CGC2	NZ_PJAI02000001	392261	393772	CWS31_RS01520	-	DB=gnl|TC-DB|Q8G847|3.A.1.2.23;ID=CWS31_RS01520	DB=gnl|TC-DB|Q8G847|3.A.1.2.23;ID=CWS31_RS01520
41	TC	2	0	CGC2	NZ_PJAI02000001	393843	394802	CWS31_RS01525	-	DB=gnl|TC-DB|P39325|3.A.1.2.25;ID=CWS31_RS01525	DB=gnl|TC-DB|P39325|3.A.1.2.25;ID=CWS31_RS01525
42	null	null	null	CGC2	NZ_PJAI02000001	394993	398085	CWS31_RS01525	-	ID=CWS31_RS01530;Parent=CWS31_RS01530;Name=CWS31_RS01530;Note=Derived by automated computational analysis using gene prediction method: Protein Homology.;codon_start=1;inference=COORDINATES: similar to AA sequence:RefSeq:WP_006991247.1;old_locus_tag=CWS31_001530;product=VCBS repeat-containing protein;protein_id=WP_148747685.1;transl_table=11;translation=length.1030
43	STP	0	1	CGC2	NZ_PJAI02000001	398426	399367	CWS31_RS01535	+	DB=STP|PfkB;ID=CWS31_RS01535	DB=STP|PfkB;ID=CWS31_RS01535
44	CAZyme	null	2	CGC2	NZ_PJAI02000001	399548	400633	CWS31_RS01540	+	DB=GH117|GH117;ID=CWS31_RS01540	DB=GH117|GH117;ID=CWS31_RS01540
+++++
