CAZy Family	PPR Subfamily	Gene ID	Frequency	Hits	Signature Peptides
CE0	1	WP_101344880.1	14.2	27	VDVEDY,YFHPWE,TVDVED,DPDQPR,GGYFRL,GHELAS,DVEDYF,FYFHPW,HELASH,FHPWEI,GGGGYF,GYRAPS,FFTLGW,LASHGY,LGWVAE,FTLGWV,HPWEID,GWVAER,TFFTLG,GGGYFR,TLGWVA,FRLYPY,YRAPSF,RAPSFS,APSFSI,ELASHG,PWEIDP
CE1	30	WP_101343352.1	12.4	21	RLGAKY,LRLGAK,YGALRL,LLHGVY,HEWSYW,GYGALR,ISGLSM,LHGVYG,MGGYGA,GAKYPE,SMGGYG,LSMGGY,GSAYLP,ALRLGA,LGAKYP,GGYGAL,HGVYGS,GLSMGG,SGLSMG,DGSAYL,GALRLG
CE4	1	WP_101344732.1	6.64	12	GWYTGR,EEGGEN,YEEGGE,DDLPFW,ESIYEY,GLHCRL,YEYGSR,SIYEYG,MESIYE,VPYTLD,NYEEGG,NDMRFA
CE4	66	WP_101344656.1	6.36	7	LQYHHV,AITFDD,AYPYGE,QYHHVS,YPYGEY,ILQYHH,VILQYH
CE9	4	WP_101342840.1	5.9	17	TDAMPP,EGPHLS,THLFNA,AMPPVG,LFNAMS,FTHLFN,VTDAMP,PTLITD,DAMPPV,HLFNAM,GFTHLF,HFEGPH,NAMSPL,REPGVV,GPHLSV,EPGVVG,LVTDAM
CE11	1	WP_101345383.1	15.3	33	GFMRDI,IPIMDG,KILDAI,DEFVKH,KHKILD,ARTFGF,TLRPAP,FGFMRD,DAIGDL,STVEHL,HKILDA,PIMDGS,AIGDLY,RARTFG,ISRART,GLGIDN,IMDGSA,GDKWAE,GIVFRR,RTFGFM,AGLGID,TFGFMR,IKQRTL,EIPIMD,KQRTLK,SRARTF,EFVKHK,ILDAIG,LALGGS,PEIPIM,LDAIGD,APEIPI,MIKQRT
GH1	2	WP_101345173.1	7.48	19	FEWAEG,VTLYHW,GVHAPG,YITENG,MDNFEW,TLYHWD,NFEWAE,TENGAA,DNFEWA,HWDLPQ,SLMDNF,ITENGA,GYFAWS,YHWDLP,YFAWSL,EWAEGY,LYHWDL,WSLMDN,LMDNFE
GH2	27	WP_101344467.1	12.5	32	DFRSPR,TDWWNY,WNYGGI,VRLAHY,DWWNYG,NFVRLA,RGISIH,YGGITR,LAHYPH,SEIPVY,LLNGKP,NYGGIT,VPGDWN,FGAVNY,FVRLAH,VWSEIP,HYPHNE,GISIHE,WNRKGL,WSEIPV,ISIHEE,IPVYWT,ILLNGK,AHYPHN,FLRGIS,EIPVYW,FRSPRR,WAKELG,NTDWWN,RLAHYP,HEGGFT,WWNYGG
GH2	40	WP_148747674.1	7.44	15	TGSGIY,GSGIYR,GVNAIR,IRTAHN,WTGIDY,AIRTAH,DRNHPS,VNAIRT,WYTGSG,RWYTGS,NAIRTA,RNHPSV,RDRNHP,RTAHNP,YTGSGI
GH3	5	WP_101343367.1	22.0	48	DDRWGR,GFVVGD,AVHGHN,IGLGAA,SLVLLK,AAWLPG,HGHNNV,FVVGDW,FAPTVA,LFPHNI,ATLFPH,FVAAWL,RQAVRE,PHNIGL,RESLVL,WNGHGQ,GDWNGH,LVLLKN,RDDRWG,LPGSEG,RILRVK,AVRESL,AWLPGS,LSFSWP,VMASFN,NASDAF,ESLVLL,QAVRES,DAVHGH,VVGDWN,DWNGHG,GATLFP,LTDVLK,VHGHNN,WLPGSE,AFVAAW,DAFVAA,VRESLV,SDAFVA,FPHNIG,TLFPHN,RIDDAV,VAAWLP,SRIDDA,NIGLGA,VGDWNG,HNIGLG,ARQAVR
GH3	5	WP_101345172.1	17.1	38	GFVVGD,DDRWGR,AVHGHN,SLVLLK,HGHNNV,FVVGDW,FAPTVA,LFPHNI,LTDVLK,PHNIGL,RESLVL,WNGHGQ,GDWNGH,LVLLKN,RDDRWG,LPGSEG,RILRVK,AVRESL,MASFNS,LSFSWP,VMASFN,VGDWNG,ESLVLL,QAVRES,DAVHGH,NASDAF,VVGDWN,DWNGHG,GATLFP,ATLFPH,VHGHNN,WLPGSE,VRESLV,SDAFVA,FPHNIG,TLFPHN,RIDDAV,HNIGLG
GH3	31	WP_101343722.1	8.17	13	SHLGLP,VDSHLG,HFPGHG,FPGHGD,QEGGRV,PVINTR,DSHLGL,DQEGGR,NPVINT,DNPVIN,KHFPGH,VINTRS,PGHGDT
GH3	50	WP_101345163.1	6.1	12	KHYALN,FEYMGE,YMGEDP,NFEYMG,KELKGF,EYMGED,RNFEYM,RPVKEL,PVKELK,VKELKG,LGPGVN,GRNFEY
GH5	3	WP_101342537.1	5.33	18	IGEWGG,PNSGDT,SGDTGG,PHDYGP,GNLRGV,DTGGLL,SPHDYG,PLLIGE,YSPHDY,WGGNLR,VYSPHD,LIGEWG,NPNSGD,GDTGGL,LLIGEW,GGNLRG,WWGGNL,NSGDTG
GH5	53	WP_101342538.1	27.2	37	PIAPQT,SINPES,PNWGEN,GIDIFN,NPESGD,PESGDT,EPWDYT,YWSINP,RTIQQT,INPESG,IDIFNE,TIQQTM,SGDTGG,ESGDTG,HSCSNY,YGPSVF,FNEPWD,APMELY,PWDYTW,GAPMEL,TYGPSV,NEPWDY,WSINPE,IAPQTL,PHTYGP,WFGLEG,APQTLD,EHFGYL,IHSCSN,NPNWGE,DIHSCS,HTYGPS,HFGYLR,DIFNEP,CYWSIN,SPHTYG,IFNEPW
GH9	1	WP_101342536.1	6.44	21	GSDLAG,DAGDHV,SDLAGE,VATDYN,DLAGET,FGFPMA,KFGFPM,NEVATD,PGSDLA,EVATDY,DYNAGF,VKFGFP,GALVGG,YDAGDH,ALVGGP,DHVKFG,AGDHVK,GGWYDA,GDHVKF,WYDAGD,GWYDAG
GH9	2	WP_101342539.1	5.54	11	YVVNGG,TAATLN,DILDEA,SDEFYW,STAATL,VSDEFY,DEFYWA,EFYWAA,PHHRFW,PDILDE,ILDEAR
GH9	14	WP_101344028.1	16.3	21	MLYGFG,ISNGIT,ADYLHR,GKENII,DDYTAL,ENIIDD,IDDYTA,SNGITG,NIIDDY,DYLHRI,GISNGI,KENIID,GGISNG,NGITGA,IAALAR,GADYLH,WGADYL,YLHRIL,AIAALA,AALARA,IIDDYT
GH10	11	WP_101344894.1	8.47	16	RIDGIG,FNAWRP,IRIDGI,DGIGIQ,NDFNAW,YYNDFN,RMVKML,DFNAWR,GIRIDG,YNDFNA,LYYNDF,IDGIGI,WDVVNE,ELYYND,MVKMLQ,TELYYN
GH13	2	WP_101345533.1	17.5	34	NNNAYC,LLAGDE,HNEANG,GPTLSF,IAEPWD,YWGYNT,MDSLRY,SLRYWV,GPGGYQ,NAYCQD,DGFRFD,VDGFRF,VKLIAE,LIAEPW,GNNNAY,DVVYNH,YCQDNE,NYWGYN,EPWDIG,LLLDPY,LLDPYA,KLIAEP,NNAYCQ,MLLAGD,KLLLDP,PMLLAG,TGCGNT,NEANGE,AEPWDI,FRFDLA,AYCQDN,VVYNHT,GFRFDL,DSLRYW
GH13	3	WP_101345531.1	23.9	47	EVVHGK,LRVDAV,VVHGKG,VHLGSW,YLDYSR,DWVPGH,EESTAW,PLSHDE,AEESTA,MGWMND,GRENLE,DAVASM,SMLYLD,AVASML,YEVHLG,LYLDYS,WQKFAN,ASMLYL,RVDAVA,ANLRAY,WVPGHF,GLRVDA,VVGDFN,KWNMGW,MLYLDY,EVHLGS,VASMLY,WNMGWM,SHDEVV,GSWGYQ,GGRENL,SWGYQP,LPLSHD,RVSVVG,RENLEA,DEVVHG,NMGWMN,ENLEAI,HDEVVH,HPGKKL,SIYEVH,IAEEST,VDAVAS,DGSWGY,LSHDEV,DGLRVD,KFANLR
GH13	4	WP_101342977.1	8.47	20	GVDAIW,VDGFRL,KGRDGC,GVDGFR,IYQIYP,YQIYPR,DGFRLD,YQGEEL,RGVDGF,DGCRTP,IYPRSF,DWYVWA,DGIGDL,QIYPRS,QGEELG,LGVDAI,GRDGCR,RDGCRT,PNNWLS,GEELGL
GH13	9	WP_101342978.1	10.0	19	MDVVYN,RDAVRG,VPEGSY,FRFDLM,NWGYDP,DAVRGG,IMDVVY,VIMDVV,LWAPTA,WAPTAQ,YNWGYD,RFDLMG,GFRFDL,FDLMGH,DVVYNH,DGFRFD,VVYNHT,IDGFRF,PEGSYA
GH13	27	WP_101342815.1	12.9	22	IDPHLG,TNHTAD,GFRIDT,FRIDTV,RIDTVK,NHTADV,DIITNH,IYYGDE,DTVKHV,YHGYWI,IITNHT,YHGGDL,NHDMGR,GYHGYW,HTADVI,GDEQGF,YYGDEQ,GNHDMG,ITNHTA,VLDFAF,DGFRID,YGDEQG
GH13	38	WP_101342818.1	28.9	30	NETLWD,KHDNET,NWGYDP,PADIIN,RSKSMD,HDNETL,YFYGEG,DNYFYG,DRNTYD,NYFYGE,VSKHDN,FRFDIM,FYGEGW,DNETLW,KSMDRN,TDPYSV,SMDRNT,ADIINY,YVSKHD,SQGIPF,IINYVS,FNWGYD,NYVSKH,RFDIMS,MDRNTY,DPADII,SKSMDR,INYVSK,DIINYV,SKHDNE
GH13	48	WP_101344179.1	9.83	11	GNNQIA,WDNGNN,WWDNGN,QIAFGR,NWWDNG,DNGNNQ,GHGGGG,IAFGRG,RGHGGG,NNQIAF,NGNNQI
GH13	52	WP_101345676.1	13.0	28	HPNATQ,QPAFHP,HILPFF,ASHDGI,DGIGLR,HDGIGL,ILPFFP,WCTFSH,PAFHPN,DDGFAV,VWCTFS,YNFSLP,NATQFT,NFSLPP,CTFSHD,DLVINH,AFHPNA,VVRPRT,IYNFSL,SDDGFA,LPPLLL,VHILPF,FHPNAT,SHDGIG,GIGLRP,PNATQF,TFSHDQ,FSLPPL
GH13	62	WP_101343974.1	38.8	48	DLYQVN,AIQFFS,LPFYYP,IRLDAA,QFFSPG,HDGIGI,RDINRP,NCTYYD,CTYYDA,TYYDAL,TNVGRD,INRPYL,NVGRDI,ARAIQF,NQIDID,TVLDTH,DTHDGI,NVDLYQ,YDFALP,GRDINR,RLDAAG,LIVNHM,ADLIVN,VYDFAL,ATGAAA,LDAAGY,FALPPL,DLIVNH,DPIDHT,DINRPY,FWTTFT,DAAGYA,VGRDIN,MADLIV,VQLITY,FDPIDH,LDTHDG,RAIQFF,THDGIG,QIDIDV,DAGFDP,ISPRNC,GFDPID,IVNHMS,DFALPP,IQFFSP,VLDTHD,AGFDPI
GH16	38	WP_101345528.1	6.0	7	LCGWGN,WEDNFN,LLLNLA,LLNLAV,LNLAVG,GLCGWG,NLAVGG
GH16	54	WP_101343364.1	5.33	8	EIDILE,GEIDIL,SGEIDI,ERQCYT,IDILET,GGNNER,GNNERQ,NNERQC
GH18	105	WP_101343430.1	4.39	6	LTVTDD,GSGSSD,FDGSGS,TLTVTD,DGSGSS,VTLTVT
GH20	4	WP_101342980.1	7.15	23	DMPGHS,LNKLHL,KLHLHL,SLPELT,EGWRLE,YKLNKL,DVARNF,IPSLPE,LAERAW,GWRLEI,AERAWH,ALAERA,HIGADE,YHIGAD,NKLHLH,IGADET,EDEGWR,DEGWRL,MPGHSR,PSLPEL,WRLEIP,KLNKLH,GADETA
GH23	1	WP_101345147.1	6.75	15	YQESHW,ESHWNP,GVRGMM,WRLLAA,GMMMLT,IDWRLL,DWRLLA,NIRRYY,YGYARG,RGMMML,RLLAAI,VRGMMM,QESHWN,TGVRGM,SYQESH
GH23	4	WP_101343029.1	7.66	18	YDGRRD,ESAFDP,SGEGRV,YVPKLL,ALAAYN,VPKLLA,WYDGRR,RRDVVA,LALAAY,YNSGEG,NSGEGR,AYNSGE,PKLLAL,VESAFD,RDVVAS,DVVAST,AAYNSG,DGRRDV
GH23	12	WP_101343708.1	8.6	13	NAGEGA,LMPATA,GLMQLM,YNAGEG,MQLMPA,AAYNAG,AQGLMQ,AYNAGE,QLMPAT,QGLMQL,LMQLMP,GAQGLM,AGEGAV
GH23	14	WP_101343627.1	10.1	23	GFIPWG,QESSFR,DFMGWF,MYQESS,HEGWGG,NGVSKW,LNYHEG,PWGRVS,FIPWGR,FMGWFI,VSKWDA,CEIFRE,QYLNYH,NYHEGW,GVSKWD,YQESSF,DAIDFM,SKWDAY,ESSFRH,IPWGRV,MMYQES,YLNYHE,YHEGWG
GH23	152	WP_101344941.1	9.03	11	RRESSF,ATASYN,ARRESS,KRLIWR,IARRES,TASYNA,AIARRE,LATASY,YGFLAA,ASYNAG,YYGFLA
GH29	2	WP_148747676.1	8.8	22	LLNIGP,MGPKRD,DAKFGI,FGYKDF,GIFIHW,YKDFIP,PVAEHH,FGIFIH,IFIHWG,VAEHHD,WQTDTS,LLLNIG,DIVSKN,AEHHDG,NGEAIY,GYKDFI,AKFGIF,KFGIFI,IVSKNG,SSHRAE,EHHDGF,VPVAEH
GH31	21	WP_101342814.1	36.6	49	YFGNTG,WGDLGE,RVLGMD,GMDRRG,LYWFGK,YGHQWA,GDLGEP,GSQRYG,WWGDLG,GGFAGG,DLGEPE,THSDLG,WLQYGV,PWTGDV,LGGFAG,VLDLYW,DFYFGN,GHMGNL,FYFGNT,QPLPPR,LQYGVF,YGVFQP,LDLYWF,ASRFGY,GWWGDL,QYGVFQ,DVSRSW,YTHSDL,HSDLGG,TGDVSR,LKPQVE,PLPPRW,KPQVEL,DLGGFA,VLGMDR,WTGDVS,SQRYGM,EPEVHP,GEPEVH,RWLQYG,GDVSRS,LGMDRR,LITEPF,SDLGGF,GLKPQV,DLYWFG,LGEPEV,FGNTGL,FDFYFG
GH50	2	WP_148747661.1	17.4	35	PWCVGV,ENYNVG,ANGWII,VFIDNE,DKPSII,GWIIGD,FANGWI,KTVSSG,GAHWFQ,VIDNPY,AHWFQY,VDVMSY,HWFQYI,DGENYN,NYNVGF,VDPEGY,IIGEFH,ATGYFR,QYIDSP,KPSIIG,AYDGEN,YDGENY,KWSLVD,FQYIDS,FIDNEK,WSLVDP,SIIGEF,GENYNV,IDNPYF,NGWIIG,IDNEKS,WFQYID,GVFIDN,DVMSYN,PSIIGE
GH50	2	WP_148747648.1	16.5	33	PWCVGV,ENYNVG,ANGWII,VFIDNE,GWIIGD,RFADWG,FANGWI,KTVSSG,DNEKSW,PDPFDP,HWFQYI,DGENYN,YNVGFV,NVGFVS,NYNVGF,NPYFVG,NEKSWG,IIGEFH,PYFANG,QYIDSP,YFANGW,FIDNEK,DNPYFV,FQYIDS,SIIGEF,GENYNV,IDNPYF,NGWIIG,IDNEKS,WFQYID,GVFIDN,PLTGRA,PSIIGE
GH50	2	WP_148747675.1	8.75	19	ETFSFY,GAHWFQ,GWIIGD,ATGYFR,AHWFQY,GETFSF,YFANGW,TGYFRT,ANGWII,DNEKSW,FIDNEK,IDNEKS,VGAHWF,VDPEGY,NGWIIG,LPNHLY,FANGWI,NEKSWG,PYFANG
GH73	6	WP_101343900.1	8.99	10	AWGTSR,AANESA,TSRFAR,GTSRFA,ANESAW,ESAWGT,NESAWG,WGTSRF,QAANES,SAWGTS
GH73	24	WP_101344143.1	7.97	9	TGWGQK,AGYATD,GYATDP,LFNIKA,NLFNIK,LETGWG,ALETGW,FNIKAD,ETGWGQ
GH73	42	WP_101345364.1	8.25	17	LGNYGL,GLARFD,FFGQWD,WATSRF,KYSERG,SERGQA,YGLARF,ATSRFT,VFFRLM,GNYGLA,ERGQAY,ANENIL,QWDFSG,FGQWDF,NYGLAR,GQWDFS,YSERGQ
GH77	1	WP_101345535.1	5.37	9	ALRIDH,VIGEDL,LGQNWG,GALRID,VNIPGT,GDFGDL,GQNWGL,SPYSPS,IGEDLG
GH77	16	WP_101345533.1	9.54	11	NDRYRD,TGCGNT,GVDGFR,VDGFRF,IAEPWD,NYWGYN,GFRFDL,KLIAEP,DGFRFD,WNDRYR,KLLLDP
GH86	2	WP_148747666.1	7.25	15	VISEYG,GVIEIP,TVAFPD,LRLGIG,VIEIPV,GSNVEA,SNVEAT,GGYTVA,GYTVAF,YTVAFP,RLGIGR,EPLYDL,KAEWGR,KLFIDT,DVYFGR
GH94	5	WP_101345165.1	25.8	29	ARGITD,PNYYRG,NYYRGA,DPMNMV,DWCDPM,FMQPEP,YINQVP,TDPQTR,PMNMVG,EGEGGL,GEGGLH,AELKYI,ELKYIN,WCDPMN,VYNHAA,DPQTRN,INQVPH,GYMSWM,GDWCDP,KYINQV,QGDWCD,LFNTGT,PQTRNY,LKYINQ,FEGEGG,NHWLPR,HHPGRF,HWLPRQ,CDPMNM
GH103	3	WP_101345263.1	9.94	21	GSWAGA,PRFIVA,TWGRQV,EGRREA,WAGAMG,IVALWG,QFMPTS,GDGKKD,FIVALW,MKGSWA,VQPRFI,RFIVAL,SWAGAM,GRREAF,QPRFIV,GKKDIW,KGSWAG,RREAFF,AGAMGQ,DGKKDI,DGDGDG
GH103	11	WP_101342535.1	5.36	9	GSWAGA,AGAMGH,WAGAMG,LATLAC,RWGREV,SWAGAM,SLATLA,FWGLET,ATLACD
GH117	1	WP_148747671.1	16.0	20	GPEKNT,PISNSG,SNSGHE,DKVFPW,NPISNS,NSGHEV,KVHDPC,LYYKGE,DSHKVH,ISNSGH,DGPEKN,GVAIAD,YLYYKG,KVFPWD,HKVHDP,TTDGPE,SHKVHD,TDGPEK,HGVAIA,FDSHKV
AA2	3	WP_101344984.1	8.0	8	KLTHRD,ARAWFK,FARAWF,MGLIYV,YVNPEG,DGRGGA,ARRLLW,KARRLL
AA4	2	WP_101345467.1	10.8	20	YAPLVP,NWGYGS,EPGVTQ,LLWYAP,GYGITP,ERGYGI,LWYAPL,PYRLNI,LAYWRN,VTGAGP,WYAPLV,RGYGIT,LERGYG,VPVTGA,CGLLWY,ALERGY,MVPVTG,PVTGAG,GLLWYA,NALERG
PL6	1	WP_101342524.1	19.8	40	SGLVFK,GTLTLR,VENNYF,LTLRHG,DHNYFG,ETLRIG,GGETLR,RGTLTL,STFGPH,NGGETL,SNGGET,INRYHQ,DESTFG,HRIDHN,MNGVPN,TLRIGT,LRHGNG,EVEIIS,TLTLRH,RIGTSH,GIRIIN,NGVPNS,GGIRII,LRIGTS,RHGNGN,GEVEII,NYFGPR,TLRHGN,NRYHQV,LTGYRF,GETLRI,HTGGIR,IDHNYF,HNYFGP,ESTFGP,EVIAFR,VSGLVF,TGGIRI,GSNGGE,YFGPRP
PL6	2	WP_101343232.1	30.5	42	RGGYDE,DESTIG,RYNQVT,GGYDES,NGEVEI,RHGNYA,YNQVTD,HFGPRP,WGEKGQ,ESTIGG,GPRPRK,RCNGEV,IRSARP,AVMNGI,FESEGS,FFESEG,GYDEST,ESEGSL,CNGEVE,YDESTI,EIISSK,SEIRSA,EVEIIS,MNGIPK,NHFGPR,EIRSAR,TNNYFY,NRYNQV,PRKGGP,GIPKSP,STIGGN,GEVEII,PRPRKG,RPRKGG,LWGEKG,VEIISS,ISSKSN,VMNGIP,SEGSLV,NTGHWI,FGPRPR,NGIPKS
PL7	2	WP_101342534.1	18.5	41	FKAGAY,NTRSEL,YPVWGN,VFWNYE,GSVFWN,YSVVVG,AYPVWG,LGEEFS,ALGEEF,FGWGNE,YFKAGA,KIYYKK,RSELRQ,NQCSTK,AYNQCS,AYSVVV,GWGNEP,FWNYER,PAYSVV,FFYLDD,PADKFD,KAGAYN,AGAYNQ,DIAYPV,HPDFFY,IALGEE,GAYNQC,VGQIHA,QCSTKD,GEEFSY,GIALGE,KGSVFW,SVFWNY,SVVVGQ,TRSELR,YNQCST,IAYPVW,EATLKV,VVVGQI,VVGQIH,VPADKF
PL7	2	WP_101343199.1	13.8	29	NEPLKI,NTRSEL,FKAGAY,AGAYNQ,PLKIYY,GSVFWN,YSVVVG,EEFSYE,NQCSTK,AYNQCS,KIYYKK,SVFWNY,AYSVVV,FWNYER,EPLKIY,PAYSVV,FFYLDD,KAGAYN,HPDFFY,GAYNQC,VGQIHA,GNEPLK,QCSTKD,YNQCST,VFWNYE,SVVVGQ,VVVGQI,VVGQIH,LKIYYK
PL7	3	WP_101343061.1	10.3	19	ATLAVN,DGGMVF,VQATFY,YVQATF,YFKAGV,IGQIHA,YYRKLP,AVNHVT,NNWVFS,DYVQAT,FKAGVY,MYFKAG,AGVYNQ,GVYNQN,KAGVYN,ELREML,LREMLR,HVTTTG,YMYFKA
PL7	3	WP_101344857.1	7.33	17	DDEPIR,DGGMVF,IYFAHE,AVNHVT,IGQIHA,NNWVFS,EPIRLY,AQATFY,YMYFKA,NWVFSS,WVFSSA,MYFKAG,VFSSAP,DEPIRL,ATLAVN,PIRLYY,AGGVDG
PL7	11	WP_101343102.1	23.8	31	ATQIHG,IRSELR,GTTPNS,GNYTQS,LFLSFN,KIGNYT,DIYWTT,SELRER,GIDDAM,VATQIH,KQAITH,IGNYTQ,DDAMVL,IDDAMV,HLVATQ,FKIGNY,HLFLSF,AITHLP,FLSFNG,DAMVLR,NGTTPN,RSELRE,LSFNGG,AMVLRL,NYTQSN,WKITYP,MVLRLE,ITHLPI,QAITHL,LVATQI,QWKITY
PL7	11	WP_101343984.1	19.6	26	ATQIHG,IRSELR,GNYTQS,LFLSFN,RERTED,DIYWTT,SELRER,ELRERT,HLFLSF,LRERTE,TQIHGD,LVATQI,HLVATQ,KVGNYT,VATQIH,AITHLP,FLSFNG,KQAITH,RSELRE,LSFNGG,NYTQSN,QIHGDK,ERTEDG,ITHLPI,AGIDDA,QAITHL
PL17	1	WP_101345554.1	12.9	31	YYQRYA,GYYTEG,YAMYPF,IGANDP,QRYAMY,RYAMYP,GANDPE,YQRYAM,TIAHNT,NDPEFN,EFNLRR,FFPLND,GKLFWQ,HNHSTW,ANDPEF,FSPDGY,PDGYYT,GPYYQR,DGYYTE,DPEFNL,EGPYYQ,YYTEGP,PEFNLR,NHSTWG,QKGMSY,PFSPDG,YTEGPY,TEGPYY,NGYQHL,SPDGYY,PYYQRY
GT1	89	WP_101343647.1	6.38	7	QLPFDR,GEHRND,HRNDHQ,LPFDRL,EHRNDH,GTQLPF,TQLPFD
GT2	3	WP_101343225.1	14.5	17	VLDADS,DFVEAA,FVEAAL,WGHNAI,GHNAII,ALMRRA,LSHDFV,ILSHDF,HNAIIR,YWGHNA,HDFVEA,MRRAGW,VEAALM,LMRRAG,EAALMR,SHDFVE,AALMRR
GT2	129	WP_101343653.1	2.82	6	VNDGST,ILVNDG,DGSTDN,GSTDNS,NDGSTD,LVNDGS
GT4	35	WP_101345633.1	25.7	38	EPNSSA,LRFGAG,GIKGKL,PNWDAV,AGIKGK,MEEQFG,NWDAVL,HKSTQY,EEQFGW,TPSVTT,RHAPNW,FMMEEQ,FRHAPN,IGYVWP,HAPNWD,EQFGWR,KSTQYM,GNFRHA,APLRFG,MMEEQF,GAGIKG,PNSSAA,FGAGIK,QFGWRV,LAPLRF,YVWPEP,NFRHAP,WPEPNS,IGNFRH,PLRFGA,VWPEPN,WDAVLW,YMSQWI,RFGAGI,NSSAAG,APNWDA,CLAPLR,GYVWPE
GT4	68	WP_101345404.1	9.22	16	VVNGSG,TVLEAM,LLIARL,PRTVLE,VNGSGV,IARLLG,LIARLL,PGCRET,GCRETV,FLLIAR,NGSGVD,RLLGDK,RTVLEA,VLEAMA,LLGDKG,ARLLGD
GT4	213	WP_101343519.1	3.41	7	KQKRHD,LVLLCN,AKQKRH,QKRHDI,KRHDIL,KLVLLC,RHDILF
GT5	10	WP_101345529.1	16.5	26	GGEGLE,GISQML,LHLHDW,LFLMPS,FLMPSS,FEPCGI,DATKFA,RAGQPC,PSSFEP,LQGIRP,PRYPHC,PCGISQ,CGISQM,GILNGC,MPSSFE,SSFEPC,MRAGQP,AGQPCL,EPCGIS,DLFLMP,SFEPCG,DPRYPH,LLGSGD,LMPSSF,HLHDWH,GDLFLM
GT19	1	WP_101344056.1	12.6	19	TVHYVS,PSVWAW,EKAFYD,YVSPSV,DAPDFN,HYVSPS,FEKAFY,GIDAPD,VEVLGR,PFEKAF,SPSVWA,IDAPDF,LPFEKA,VHYVSP,VSPSVW,SVWAWR,LGAGLI,IGIDAP,SLPNLL
GT28	1	WP_101345378.1	12.9	29	VGGSLG,AGGTGG,VLGMGG,LGMGGY,AVDDHQ,VVLGMG,GALTVS,ISGLRG,DMAAAY,LGTADR,AGALTV,GTADRM,PGGLAA,PDVVLG,WLGTAD,TADRME,SGLRGK,GGSLGA,MAGGTG,VVGGSL,ADRMEA,GGTGGH,LVVGGS,CRAGAL,DVVLGM,ALTVSE,VMAGGT,RAGALT,VDDHQT
GT30	1	WP_101344786.1	7.55	13	ETELWP,RHPERF,TELWPN,HNPLEP,GGHNPL,METELW,GHNPLE,LVPRHP,LWPNLI,LPITVT,ELWPNL,VPRHPE,PRHPER
GT35	1	WP_101345586.1	30.6	56	GVTPRR,KAAPGY,NNKTNG,QLNDTH,GNGGLG,GYGIRY,TIGTLD,GALTIG,NGVAAL,KRQLLN,EYKRQL,QISTAG,GRLAAC,TLDGAN,LTIGTL,LSEQIS,YKRQLL,KEASGT,LNDTHP,NGALTI,TNGVTP,SGTGNM,EASGTG,LPEALE,NGVTPR,VLYPND,HEYKRQ,NTLRLW,AGKEAS,AACFLD,RIHEYK,AYTNHT,SEQIST,GLGRLA,ACFLDS,EQISTA,KRIHEY,GVAALH,LAACFL,LGRLAA,DLSEQI,IGTLDG,GKEASG,ALTIGT,TGNMKF,GLGNGG,GTGNMK,IHEYKR,GGLGRL,GTLDGA,ASGTGN,RLAACF,LGNGGL,YTNHTL,NGGLGR,TPRRWL
GT51	1	WP_101345651.1	6.5	17	HGYRGP,KPFIYS,TMQVAR,KTGTTN,RHGYRG,GKTGTT,DAWFSG,TITMQV,AAAQVY,STITMQ,GASTIT,ARNFFL,AGLPKA,LAGLPK,GLPKAP,ITMQVA,LPKAPS
GT51	2	WP_101343458.1	8.59	15	AGFNRA,AGRTVQ,GGSTLT,GKTGTS,GRTVQG,TQQLAK,STLTQQ,GSTLTQ,LTQQLA,TLTQQL,EVYLGQ,VQGGST,QGGSTL,NEVYLG,AGKTGT
GT81	2	WP_101345677.1	26.9	41	DWGLEI,IVIGLD,LKATYY,KGRNVW,EIVIGL,GKGRNV,KATYYR,ILPSLF,LWNDGP,FSELEG,RLLVTP,IPSDWG,LHDCDI,SLFSEL,PSDWGL,RIPSDW,PSWNRV,YPVANP,VALHDC,ALHDCD,LFSELE,DFYQNG,WGLEIG,LILPSL,KGYYAR,GLEIGV,PSLFSE,IGVLSE,IGLDRA,WNDGPR,VIGLDR,NDGPRL,EIGVLS,PFIPSW,SDWGLE,GLDRAD,LPSLFS,YDHKHQ,LEIGVL,CQVDIA,GLILPS
CBM9	3	WP_101345164.1	4.57	7	LEIFID,NAFAYH,FMLAYC,GFMLAY,AYCDND,MLAYCD,LAYCDN
CBM22	1	WP_101344894.1	3.11	7	VWHNQT,AWDVVN,TLVWHN,HTLVWH,GHTLVW,WDVVNE,LVWHNQ
CBM41	1	WP_101342978.1	6.67	13	MDVVYN,RDAVRG,VPEGSY,FRFDLM,NWGYDP,DAVRGG,VVYNHT,RFDLMG,GFRFDL,FDLMGH,DVVYNH,DGFRFD,YNWGYD
CBM41	1	WP_101345533.1	3.37	6	LDPYAK,VDGFRF,VVYNHT,GFRFDL,DVVYNH,DGFRFD
CBM48	2	WP_101345531.1	4.44	11	VVGDFN,VSVVGD,YEVHLG,SIYEVH,EVHLGS,RVSVVG,VHLGSW,SVVGDF,DGSWGY,GSWGYQ,SWGYQP
CBM48	5	WP_101342978.1	2.7	8	VTDPYS,NWGYDP,LWAPTA,WAPTAQ,DVVYNH,VVYNHT,YNWGYD,PEGSYA
CBM50	50	WP_101344597.1	2.72	6	GESLSV,RSGESL,SGESLS,HKVRSG,KVRSGE,VRSGES
CBM50	112	WP_101343522.1	4.89	6	LRLYYF,GIVINL,VFPVGI,VHVFPV,ELRLYY,HVFPVG
