0	TC	2	null	CGC1	LT674126.1	647	1024	SIP56342.1	+	DB=gnl|TC-DB|P37002|1.A.43.1.1;ID=SIP56342.1	DB=gnl|TC-DB|P37002|1.A.43.1.1;ID=SIP56342.1
1	null	null	null	CGC1	LT674126.1	1038	1706	SIP56342.1	+	ID=SIP56343.1;protein_id=SIP56343.1;product=Pentapeptide repeats (8 copies)
2	null	null	null	CGC1	LT674126.1	1773	3062	SIP56342.1	+	ID=SIP56344.1;protein_id=SIP56344.1;product=Enolase
3	CAZyme	0	2	CGC1	LT674126.1	3166	5409	SIP56345.1	-	DB=GH3;ID=SIP56345.1	DB=GH3;ID=SIP56345.1
4	CAZyme	0	0	CGC1	LT674126.1	5421	6713	SIP56346.1	-	DB=GH158;ID=SIP56346.1	DB=GH158;ID=SIP56346.1
5	CAZyme	2	0	CGC1	LT674126.1	6803	7747	SIP56347.1	-	DB=GH16_3;ID=SIP56347.1	DB=GH16_3;ID=SIP56347.1
6	null	null	null	CGC1	LT674126.1	7833	8009	SIP56347.1	-	ID=SIP56348.1;protein_id=SIP56348.1;product=hypothetical protein
7	null	null	null	CGC1	LT674126.1	8115	9710	SIP56347.1	-	ID=SIP56349.1;protein_id=SIP56349.1;product=SusD family protein
8	TC	2	2	CGC1	LT674126.1	9729	12881	SIP56350.1	-	DB=gnl|TC-DB|Q45780|1.B.14.6.1;ID=SIP56350.1	DB=gnl|TC-DB|Q45780|1.B.14.6.1;ID=SIP56350.1
9	TF	1	0	CGC1	LT674126.1	13172	16123	SIP56351.1	-	DB=DBD-Pfam|GerE;ID=SIP56351.1	DB=DBD-Pfam|GerE;ID=SIP56351.1
10	null	null	null	CGC1	LT674126.1	16820	17365	SIP56351.1	+	ID=SIP56352.1;protein_id=SIP56352.1;product=hypothetical protein
11	CAZyme	2	2	CGC1	LT674126.1	17421	18374	SIP56353.1	+	DB=GT2;ID=SIP56353.1	DB=GT2;ID=SIP56353.1
12	null	null	null	CGC1	LT674126.1	18377	18862	SIP56353.1	+	ID=SIP56354.1;protein_id=SIP56354.1;product=hypothetical protein
13	null	null	null	CGC1	LT674126.1	18816	19598	SIP56353.1	+	ID=SIP56355.1;protein_id=SIP56355.1;product=hypothetical protein
14	TC	1	2	CGC1	LT674126.1	19606	20184	SIP56356.1	+	DB=gnl|TC-DB|O27840|2.A.107.1.2;ID=SIP56356.1	DB=gnl|TC-DB|O27840|2.A.107.1.2;ID=SIP56356.1
15	null	null	null	CGC1	LT674126.1	20211	21227	SIP56356.1	+	ID=SIP56357.1;protein_id=SIP56357.1;product=Thiamine biosynthesis lipoprotein ApbE precursor
16	TC	7	1	CGC1	LT674126.1	21249	21617	SIP56358.1	-	DB=gnl|TC-DB|Q64X46|2.A.7.34.3;ID=SIP56358.1	DB=gnl|TC-DB|Q64X46|2.A.7.34.3;ID=SIP56358.1
17	null	null	null	CGC1	LT674126.1	21639	22388	SIP56358.1	-	ID=SIP56359.1;protein_id=SIP56359.1;product=tRNA 2-thiocytidine biosynthesis protein TtcA
18	STP	5	1	CGC1	LT674126.1	22555	23985	SIP56360.1	+	DB=STP|TPR_2;ID=SIP56360.1	DB=STP|TPR_2;ID=SIP56360.1
19	null	null	null	CGC1	LT674126.1	23994	24464	SIP56360.1	+	ID=SIP56361.1;protein_id=SIP56361.1;product=hypothetical protein
20	null	null	null	CGC1	LT674126.1	24516	25517	SIP56360.1	+	ID=SIP56362.1;protein_id=SIP56362.1;product=SigmaW regulon antibacterial
21	null	null	null	CGC1	LT674126.1	25612	26490	SIP56360.1	+	ID=SIP56363.1;protein_id=SIP56363.1;product=Purine nucleoside phosphorylase DeoD-type
22	null	null	null	CGC1	LT674126.1	26770	28164	SIP56360.1	+	ID=SIP56364.1;protein_id=SIP56364.1;product=tRNA modification GTPase MnmE
23	TF	0	6	CGC1	LT674126.1	28329	30029	SIP56365.1	-	DB=DBD-Pfam|HTH_AraC,DBD-Pfam|HTH_AraC,DBD-SUPERFAMILY|0036286,DBD-SUPERFAMILY|0035607;ID=SIP56365.1	DB=DBD-Pfam|HTH_AraC,DBD-Pfam|HTH_AraC,DBD-SUPERFAMILY|0036286,DBD-SUPERFAMILY|0035607;ID=SIP56365.1
24	TC	null	7	CGC1	LT674126.1	30437	31612	SIP56366.1	+	DB=gnl|TC-DB|P76628|2.A.1.36.3;ID=SIP56366.1	DB=gnl|TC-DB|P76628|2.A.1.36.3;ID=SIP56366.1
+++++
