0	TC	2	null	CGC1	LT674126	647	1024	SIP56342.1	+	DB=gnl|TC-DB|P37002|1.A.43.1.1;ID=SIP56342.1	DB=gnl|TC-DB|P37002|1.A.43.1.1;ID=SIP56342.1
1	null	null	null	CGC1	LT674126	1038	1706	SIP56343.1	+	;ID=SIP56343.1
2	null	null	null	CGC1	LT674126	1773	3062	Enolase	+	;ID=Enolase
3	CAZyme	0	2	CGC1	LT674126	3166	5409	SIP56345.1	-	DB=GH3;ID=SIP56345.1	DB=GH3;ID=SIP56345.1
4	CAZyme	4	0	CGC1	LT674126	5421	6713	SIP56346.1	-	DB=GH158;ID=SIP56346.1	DB=GH158;ID=SIP56346.1
5	null	null	null	CGC1	LT674126	7833	8009	SIP56348.1	-	;ID=SIP56348.1
6	null	null	null	CGC1	LT674126	16820	17365	SIP56352.1	+	;ID=SIP56352.1
7	null	null	null	CGC1	LT674126	18377	18862	SIP56354.1	+	;ID=SIP56354.1
8	null	null	null	CGC1	LT674126	18816	19598	SIP56355.1	+	;ID=SIP56355.1
9	TC	1	4	CGC1	LT674126	21249	21617	SIP56358.1	-	DB=gnl|TC-DB|Q64X46|2.A.7.34.3;ID=SIP56358.1	DB=gnl|TC-DB|Q64X46|2.A.7.34.3;ID=SIP56358.1
10	null	null	null	CGC1	LT674126	23994	24464	SIP56361.1	+	;ID=SIP56361.1
11	CAZyme	1	1	CGC1	LT674126	6803	7747	SIP56347.1	-	DB=GH16;ID=SIP56347.1	DB=GH16;ID=SIP56347.1
12	null	null	null	CGC1	LT674126	8115	9710	SIP56349.1	-	;ID=SIP56349.1
13	TC	1	1	CGC1	LT674126	9729	12881	SIP56350.1	-	DB=gnl|TC-DB|Q45780|1.B.14.6.1;ID=SIP56350.1	DB=gnl|TC-DB|Q45780|1.B.14.6.1;ID=SIP56350.1
14	TF	0	0	CGC1	LT674126	13172	16123	SIP56351.1	-	DB=DBD-Pfam|GerE;ID=SIP56351.1	DB=DBD-Pfam|GerE;ID=SIP56351.1
15	TC	0	1	CGC1	LT674126	17421	18374	SIP56353.1	+	DB=gnl|TC-DB|P77757|4.D.2.1.8;ID=SIP56353.1	DB=gnl|TC-DB|P77757|4.D.2.1.8;ID=SIP56353.1
16	TC	7	0	CGC1	LT674126	19606	20184	SIP56356.1	+	DB=gnl|TC-DB|O27840|2.A.107.1.2;ID=SIP56356.1	DB=gnl|TC-DB|O27840|2.A.107.1.2;ID=SIP56356.1
17	null	null	null	CGC1	LT674126	20211	21227	SIP56357.1	+	;ID=SIP56357.1
18	null	null	null	CGC1	LT674126	21639	22388	SIP56359.1	-	;ID=SIP56359.1
19	STP	4	2	CGC1	LT674126	22555	23985	SIP56360.1	+	DB=STP|TPR_2;ID=SIP56360.1	DB=STP|TPR_2;ID=SIP56360.1
20	null	null	null	CGC1	LT674126	24516	25517	SIP56362.1	+	;ID=SIP56362.1
21	null	null	null	CGC1	LT674126	25612	26490	SIP56363.1	+	;ID=SIP56363.1
22	null	null	null	CGC1	LT674126	26770	28164	SIP56364.1	+	;ID=SIP56364.1
23	TF	0	6	CGC1	LT674126	28329	30029	SIP56365.1	-	DB=DBD-Pfam|HTH_AraC,DBD-Pfam|HTH_AraC,DBD-SUPERFAMILY|0036286,DBD-SUPERFAMILY|0035607;ID=SIP56365.1	DB=DBD-Pfam|HTH_AraC,DBD-Pfam|HTH_AraC,DBD-SUPERFAMILY|0036286,DBD-SUPERFAMILY|0035607;ID=SIP56365.1
24	TC	null	7	CGC1	LT674126	30437	31612	SIP56366.1	+	DB=gnl|TC-DB|P76628|2.A.1.36.3;ID=SIP56366.1	DB=gnl|TC-DB|P76628|2.A.1.36.3;ID=SIP56366.1
+++++
