CAZy Family	PPR Subfamily	Gene ID	Frequency	Hits	Signature Peptides
CE12	7	Athe_1853.p01	4.42	11	IRAGAH,NIRAGA,YNQPPH,KTADGT,RAGAHY,YGNRVD,RVDRFL,NRVDRF,LGHGDA,GDWREE,GNRVDR
GH5	3	Athe_1859.p01	8.98	24	TTGYGE,SIHMYG,VLEVHD,EVHDTT,VHDTTG,LEVHDT,DAPNWG,INIGNE,DTTGYG,APNWGQ,IMVDAP,HDTTGY,PNWGQD,VRVVLS,NWGQDW,IHMYGV,NIGNEP,VDAPNW,VFSIHM,HTIMVD,NEPYGN,MVDAPN,TGYGED,FSIHMY
GH5	3	Athe_1865.p01	8.98	24	TTGYGE,SIHMYG,VLEVHD,EVHDTT,NEPYGN,LEVHDT,DAPNWG,INIGNE,DTTGYG,APNWGQ,IMVDAP,HDTTGY,PNWGQD,VRVVLS,NWGQDW,IHMYGV,NIGNEP,VDAPNW,VFSIHM,HTIMVD,VHDTTG,MVDAPN,TGYGED,FSIHMY
GH9	6	Athe_1865.p01	9.62	22	PTPTPT,WAAVWL,YYQVGD,HDAGDH,LDLTGG,YGEALQ,AAVWLY,DAGDHV,GALVGG,AGDHVK,DVGLDL,TPTPTP,VGLDLT,NYGEAL,ILYGAL,GLDLTG,LYGALV,DLTGGW,GEALQK,ALVGGP,GDHVKF,YGALVG
GH10	1	Athe_1857.p01	7.14	14	TLVWHS,LVWHSQ,DVVNEA,LFYNDY,TAENEM,YNDYNT,AENEMK,AWDVVN,FYNDYN,YAWDVV,HTLVWH,RGHTLV,GHTLVW,WDVVNE
GH44	1	Athe_1859.p01	24.4	41	ISPYIY,KRLLDV,FGKYGV,PRTLWD,GKRLLD,GADYYL,GVLVWG,WDPTYK,RLLDVL,PISPYI,RRLGGN,TGYNWE,PDLNDN,NYDGKG,ADYYLE,RLGGNR,GYNWEN,PGTKLA,KYYPGT,APRTLW,DWSNYN,RMQAPR,THPRIH,YPGTKL,ISGGIA,TGIKGY,ARMQAP,LWDPTY,ARRLGG,TLWDPT,HWYPEA,RTLWDP,YYPGTK,LGIFGK,HPRIHP,YNWENN,QAPRTL,GTKLAI,MQAPRT,LLDVLD,SPYIYG
GH48	2	Athe_1857.p01	10.7	32	HYLLSW,YLLSWY,TDAPDA,FDKYFK,MGDYLR,EGAIAG,INTFQR,AKMGDY,KAAKMG,KMGDYL,YTDAPD,AAKMGD,APDADA,VWETVP,LQSAEG,GGATNS,PVYHDP,LLSWYY,SVWETV,GDYLRY,AGGATN,GAIAGG,DAPDAD,MFDKYF,GATNSW,IAGGAT,ADARAI,DYLRYA,ESVWET,NTFQRG,DADARA,PDADAR
GH48	2	Athe_1860.p01	10.7	32	HYLLSW,YLLSWY,TDAPDA,FDKYFK,MGDYLR,EGAIAG,INTFQR,AKMGDY,KAAKMG,KMGDYL,YTDAPD,AAKMGD,APDADA,VWETVP,LQSAEG,GGATNS,PVYHDP,LLSWYY,SVWETV,GDYLRY,AGGATN,GAIAGG,DAPDAD,MFDKYF,GATNSW,IAGGAT,ADARAI,DYLRYA,ESVWET,NTFQRG,DADARA,PDADAR
GH74	1	Athe_1860.p01	11.3	23	TDIGGA,IGGAYR,DIGGAY,ATDPVD,YVGVAD,YGTGAT,FKLGGN,PFKLGG,YRSTDG,PKLGWM,MGERLA,GGNMPG,WVRIND,VGVADK,LPFKLG,RSTDGG,RVYGRV,LGGNMP,KLGGNM,IYVGVA,RTDIGG,GNMPGR,LEIDPF
PL3	8	Athe_1854.p01	11.7	21	EDALTV,QKPIFK,KNVIIG,GEDALT,KPIFKL,LKNVII,VGEDAL,LVRQNG,EDVGED,VIIGAP,GKLVRQ,NVIIGA,IIGAPG,DALTVK,WEDVGE,NQKPIF,ENQKPI,PIFKLE,DVGEDA,KLVRQN,IGKLVR
PL9	1	Athe_1855.p01	4.9	10	EDADGF,DADGFA,DDGWDL,DGWDLY,GWDLYT,WDLYTK,GEDADG,GFKLGG,NGFKLG,GNGFKL
PL11	1	Athe_1853.p01	23.8	46	KTADGT,GDLDGD,LGRNIR,GDGKAE,VAYLDG,AHYTQF,SVGDLD,DILGDW,VDRFLA,GNRVDR,YNQPPH,LGDWRE,ILGDWR,LSGPEY,SGPEYL,WWDGDL,IWWDGD,GDGEYE,GAHYTQ,LSVADV,GDWREE,LGHGDA,IRAGAH,NDASVG,NIRAGA,WREEVI,WRIDLG,VGDLDG,DASVGD,DGKDEI,GPEYLT,GHGDAM,DGDGKA,SNNGTK,SVADVD,RAGAHY,AGAHYT,DLDGDG,DWREEV,YGNRVD,RVDRFL,HGDAMH,NRVDRF,LKWDPS,LWRIDL,AYNQPP
GT39	7	Athe_1864.p01	11.9	15	PFGWRI,IYHART,VATHPF,DEIYHA,FDEIYH,VNPFGW,HARTAY,ARTAYE,YFDEIY,YHARTA,GVNPFG,EIYHAR,HPPLGK,NPFGWR,LVATHP
CBM3	2	Athe_1857.p01	14.8	30	PTPTPT,YLEIGF,TIRYWY,WYTVDG,GADYYL,GVLVWG,ATPTPT,WGQEPS,IRYWYT,YWYTVD,TVDGDK,ADYYLE,YTVDGD,QIGASN,TPTPTP,DWSNYN,SGADYY,IGASNV,WAQIGA,LVWGQE,AQIGAS,VWGQEP,VLVWGQ,RYWYTV,VSGADY,TATPTP,VTPTPT,DYYLEI,WSNYNQ,DWAQIG
CBM3	2	Athe_1859.p01	14.8	30	PTPTPT,YLEIGF,TIRYWY,WYTVDG,GADYYL,GVLVWG,ATPTPT,WGQEPS,IRYWYT,YWYTVD,TVDGDK,ADYYLE,YTVDGD,QIGASN,TPTPTP,DWSNYN,SGADYY,IGASNV,WAQIGA,LVWGQE,AQIGAS,VWGQEP,VLVWGQ,RYWYTV,VSGADY,TATPTP,VTPTPT,DYYLEI,WSNYNQ,DWAQIG
CBM3	2	Athe_1860.p01	14.8	30	PTPTPT,YLEIGF,TIRYWY,WYTVDG,GADYYL,GVLVWG,ATPTPT,WGQEPS,IRYWYT,YWYTVD,TVDGDK,ADYYLE,YTVDGD,QIGASN,TPTPTP,DWSNYN,SGADYY,IGASNV,WAQIGA,LVWGQE,AQIGAS,VWGQEP,VLVWGQ,RYWYTV,VSGADY,TATPTP,VTPTPT,DYYLEI,WSNYNQ,DWAQIG
CBM3	2	Athe_1865.p01	14.8	30	PTPTPT,YLEIGF,TIRYWY,WYTVDG,GADYYL,GVLVWG,ATPTPT,WGQEPS,IRYWYT,YWYTVD,TVDGDK,ADYYLE,YTVDGD,QIGASN,TPTPTP,DWSNYN,SGADYY,IGASNV,WAQIGA,LVWGQE,AQIGAS,VWGQEP,VLVWGQ,RYWYTV,VSGADY,TATPTP,VTPTPT,DYYLEI,WSNYNQ,DWAQIG
CBM3	2	Athe_1853.p01	13.9	28	PTPTPT,YLEIGF,TIRYWY,WYTVDG,GADYYL,GVLVWG,ATPTPT,IRYWYT,YWYTVD,TVDGDK,ADYYLE,YTVDGD,QIGASN,TPTPTP,DWSNYN,SGADYY,IGASNV,WAQIGA,LVWGQE,AQIGAS,VWGQEP,VLVWGQ,RYWYTV,VSGADY,TATPTP,DYYLEI,WSNYNQ,DWAQIG
CBM22	1	Athe_1857.p01	7.2	20	LVWHSQ,DVVNEA,VYAWDV,NSITAE,FNSITA,IRGHTL,KHFNSI,AWDVVN,SITAEN,VNEAID,NEMKPE,YAWDVV,ENEMKP,HTLVWH,AENEMK,RGHTLV,GHTLVW,WDVVNE,VVNEAI,HFNSIT
CBM66	3	Athe_1854.p01	7.53	24	DGSKVL,VEAKVK,SKVLKQ,GSEARA,FDDVVV,RAYTGS,SEARAY,SVVVDG,KDSSSG,EARAYT,VIVRYK,FYALVL,SKLVGY,YTGSSD,YALVLR,GSWSVV,GSKVLK,TSNGSW,SSDWSD,LVGYVN,WSVVVD,SSGAGV,VDGSKV,VKDSSS
CBM66	3	Athe_1855.p01	7.53	24	DGSKVL,VEAKVK,SKVLKQ,GSEARA,FDDVVV,RAYTGS,SEARAY,SVVVDG,KDSSSG,EARAYT,VIVRYK,FYALVL,SKLVGY,YTGSSD,YALVLR,GSWSVV,GSKVLK,TSNGSW,SSDWSD,LVGYVN,WSVVVD,SSGAGV,VDGSKV,VKDSSS
