1	CAZyme	0	null	CGC1	HF548278	492	2036	BN138_164	-	DB=GH51_1;ID=BN138_164	DB=GH51_1;ID=BN138_164
2	CAZyme	4	0	CGC1	HF548278	2048	5851	BN138_165	-	DB=GH146|GH97;ID=BN138_165	DB=GH146|GH97;ID=BN138_165
3	null	null	null	CGC1	HF548278	5848	7506	BN138_165	-	ID=BN138_166;Parent=BN138_166;Name=BN138_166;Note=R1_RL7_C388_40--X-Ara;codon_start=1;product=putative ribulokinase;protein_id=CCO20978.1;transl_table=11;translation=length.552
4	null	null	null	CGC1	HF548278	7508	9019	BN138_165	-	ID=BN138_167;Parent=BN138_167;Name=BN138_167;Note=R1_RL7_C388_50--X-Ara;codon_start=1;product=putative L-arabinose isomerase;protein_id=CCO20979.1;transl_table=11;translation=length.503
5	null	null	null	CGC1	HF548278	9047	9733	BN138_165	-	ID=BN138_168;Parent=BN138_168;Name=BN138_168;Note=R1_RL7_C388_60--X-Ara;codon_start=1;product=putative L-ribulose-5-phosphate 4-epimerase;protein_id=CCO20980.1;transl_table=11;translation=length.228
6	STP	0	3	CGC1	HF548278	9738	10412	BN138_169	-	DB=STP|NUDIX;ID=BN138_169	DB=STP|NUDIX;ID=BN138_169
7	TC	1	4	CGC1	HF548278	10416	12107	BN138_170	-	DB=gnl|TC-DB|Q8AAV7|2.A.21.3.19;ID=BN138_170	DB=gnl|TC-DB|Q8AAV7|2.A.21.3.19;ID=BN138_170
8	null	null	null	CGC1	HF548278	12141	13280	BN138_170	-	ID=BN138_171;Parent=BN138_171;Name=BN138_171;Note=R1_RL7_C388_90--X-Ara;codon_start=1;product=putative aldose 1-epimerase;protein_id=CCO20983.1;transl_table=11;translation=length.379
9	CAZyme	2	1	CGC1	HF548278	13328	15247	BN138_172	-	DB=GH43_4;ID=BN138_172	DB=GH43_4;ID=BN138_172
10	null	null	null	CGC1	HF548278	15260	15685	BN138_172	-	ID=BN138_173;Parent=BN138_173;Name=BN138_173;Note=R1_RL7_C388_110--X-Ara;codon_start=1;product=hypothetical protein;protein_id=CCO20985.1;transl_table=11;translation=length.141
11	null	null	null	CGC1	HF548278	15719	17497	BN138_172	-	ID=BN138_174;Parent=BN138_174;Name=BN138_174;Note=R1_RL7_C388_120--X-Ara;codon_start=1;product=hypothetical protein;protein_id=CCO20986.1;transl_table=11;translation=length.592
12	TC	1	2	CGC1	HF548278	17516	20698	BN138_175	-	DB=gnl|TC-DB|Q93TH9|1.B.14.6.2;ID=BN138_175	DB=gnl|TC-DB|Q93TH9|1.B.14.6.2;ID=BN138_175
13	null	null	null	CGC1	HF548278	20720	22462	BN138_175	-	ID=BN138_176;Parent=BN138_176;Name=BN138_176;Note=R1_RL7_C388_140--X-Ara;codon_start=1;product=hypothetical protein;protein_id=CCO20988.1;transl_table=11;translation=length.580
14	TC	3	1	CGC1	HF548278	22470	25535	BN138_177	-	DB=gnl|TC-DB|Q45780|1.B.14.6.1;ID=BN138_177	DB=gnl|TC-DB|Q45780|1.B.14.6.1;ID=BN138_177
15	null	null	null	CGC1	HF548278	25639	26337	BN138_177	-	ID=BN138_178;Parent=BN138_178;Name=BN138_178;Note=R1_RL7_C388_160--X-Ara;codon_start=1;product=hypothetical protein;protein_id=CCO20990.1;transl_table=11;translation=length.232
16	null	null	null	CGC1	HF548278	26357	28096	BN138_177	-	ID=BN138_179;Parent=BN138_179;Name=BN138_179;Note=R1_RL7_C388_170--X-Ara;codon_start=1;product=hypothetical protein;protein_id=CCO20991.1;transl_table=11;translation=length.579
17	TF	0	2	CGC1	HF548278	28303	32367	BN138_180	-	DB=DBD-Pfam|HTH_AraC,DBD-Pfam|HTH_AraC,DBD-SUPERFAMILY|0035607;ID=BN138_180	DB=DBD-Pfam|HTH_AraC,DBD-Pfam|HTH_AraC,DBD-SUPERFAMILY|0035607;ID=BN138_180
18	CAZyme	0	3	CGC1	HF548278	32595	34079	BN138_181	+	DB=GH43_4;ID=BN138_181	DB=GH43_4;ID=BN138_181
19	CAZyme	null	0	CGC1	HF548278	34112	36985	BN138_182	+	DB=GH51_2|GH43_29;ID=BN138_182	DB=GH51_2|GH43_29;ID=BN138_182
+++++
