0	CAZyme	1	null	CGC1	NC_009441	1	2751	FJOH_RS21090	-	DB=CBM67|GH78;ID=FJOH_RS21090	DB=CBM67|GH78;ID=FJOH_RS21090
1	null	null	null	CGC1	NC_009441	2938	4026	FJOH_RS21090	-	ID=FJOH_RS21095;Parent=FJOH_RS21095;Dbxref=GeneID:31766997;Name=FJOH_RS21095;Note=Derived by automated computational analysis using gene prediction method: GeneMarkS-2+.;codon_start=1;inference=COORDINATES: ab initio prediction:GeneMarkS-2+;old_locus_tag=Fjoh_4081;product=hypothetical protein;protein_id=WP_044047975.1;transl_table=11;translation=length.362
2	CAZyme	0	1	CGC1	NC_009441	4100	5668	FJOH_RS21100	-	DB=GH142;ID=FJOH_RS21100	DB=GH142;ID=FJOH_RS21100
3	CAZyme	0	0	CGC1	NC_009441	5855	8305	FJOH_RS21105	-	DB=GH95;ID=FJOH_RS21105	DB=GH95;ID=FJOH_RS21105
4	CAZyme	0	0	CGC1	NC_009441	8581	9999	FJOH_RS21110	-	DB=CE19;ID=FJOH_RS21110	DB=CE19;ID=FJOH_RS21110
5	CAZyme	0	0	CGC1	NC_009441	10150	12930	FJOH_RS21120	-	DB=CBM67|GH78;ID=FJOH_RS21120	DB=CBM67|GH78;ID=FJOH_RS21120
6	CAZyme	0	0	CGC1	NC_009441	13080	14942	FJOH_RS21125	-	DB=GH143;ID=FJOH_RS21125	DB=GH143;ID=FJOH_RS21125
7	CAZyme	0	0	CGC1	NC_009441	15238	16155	FJOH_RS21130	-	DB=GH43_18;ID=FJOH_RS21130	DB=GH43_18;ID=FJOH_RS21130
8	CAZyme	0	0	CGC1	NC_009441	16254	17822	FJOH_RS21135	-	DB=GH28;ID=FJOH_RS21135	DB=GH28;ID=FJOH_RS21135
9	CAZyme	0	0	CGC1	NC_009441	18053	19459	FJOH_RS21140	-	DB=GH140;ID=FJOH_RS21140	DB=GH140;ID=FJOH_RS21140
10	CAZyme	0	0	CGC1	NC_009441	19616	22711	FJOH_RS21145	-	DB=PL29;ID=FJOH_RS21145	DB=PL29;ID=FJOH_RS21145
11	CAZyme	1	0	CGC1	NC_009441	22954	24660	FJOH_RS21150	-	DB=PL1_2;ID=FJOH_RS21150	DB=PL1_2;ID=FJOH_RS21150
12	null	null	null	CGC1	NC_009441	24869	25537	FJOH_RS21150	-	ID=FJOH_RS21155;Parent=FJOH_RS21155;Dbxref=GeneID:31767009;Name=FJOH_RS21155;Note=Derived by automated computational analysis using gene prediction method: Protein Homology.;codon_start=1;inference=COORDINATES: similar to AA sequence:RefSeq:WP_008467468.1;old_locus_tag=Fjoh_4092;product=DUF3826 domain-containing protein;protein_id=WP_012026066.1;transl_table=11;translation=length.222
13	CAZyme	1	1	CGC1	NC_009441	25721	27433	FJOH_RS21160	-	DB=PL1_2;ID=FJOH_RS21160	DB=PL1_2;ID=FJOH_RS21160
14	null	null	null	CGC1	NC_009441	27538	29538	FJOH_RS21160	-	ID=FJOH_RS21165;Parent=FJOH_RS21165;Dbxref=GeneID:31767011;Name=FJOH_RS21165;Note=Derived by automated computational analysis using gene prediction method: Protein Homology.;codon_start=1;inference=COORDINATES: similar to AA sequence:RefSeq:WP_008467473.1;old_locus_tag=Fjoh_4094;product=RagB/SusD family nutrient uptake outer membrane protein;protein_id=WP_012026068.1;transl_table=11;translation=length.666
15	TC	0	1	CGC1	NC_009441	29557	32928	FJOH_RS21170	-	DB=gnl|TC-DB|Q45780|1.B.14.6.1;ID=FJOH_RS21170	DB=gnl|TC-DB|Q45780|1.B.14.6.1;ID=FJOH_RS21170
16	CAZyme	0	0	CGC1	NC_009441	33596	34582	FJOH_RS21175	-	DB=CE8;ID=FJOH_RS21175	DB=CE8;ID=FJOH_RS21175
17	CAZyme	0	0	CGC1	NC_009441	34798	36816	FJOH_RS21180	-	DB=GH127;ID=FJOH_RS21180	DB=GH127;ID=FJOH_RS21180
18	CAZyme	0	0	CGC1	NC_009441	36995	39454	FJOH_RS21185	-	DB=PL1_2;ID=FJOH_RS21185	DB=PL1_2;ID=FJOH_RS21185
19	CAZyme	0	0	CGC1	NC_009441	39470	41797	FJOH_RS21190	-	DB=GH139;ID=FJOH_RS21190	DB=GH139;ID=FJOH_RS21190
20	CAZyme	0	0	CGC1	NC_009441	41959	43383	FJOH_RS21195	-	DB=CE20;ID=FJOH_RS21195	DB=CE20;ID=FJOH_RS21195
21	CAZyme	0	0	CGC1	NC_009441	43649	47038	FJOH_RS21200	-	DB=GH106;ID=FJOH_RS21200	DB=GH106;ID=FJOH_RS21200
22	CAZyme	0	0	CGC1	NC_009441	47290	50541	FJOH_RS21205	-	DB=GH2;ID=FJOH_RS21205	DB=GH2;ID=FJOH_RS21205
23	CAZyme	1	0	CGC1	NC_009441	50847	51971	FJOH_RS21210	-	DB=GH137;ID=FJOH_RS21210	DB=GH137;ID=FJOH_RS21210
24	null	null	null	CGC1	NC_009441	52092	53768	FJOH_RS21210	-	ID=FJOH_RS21215;Parent=FJOH_RS21215;Dbxref=GeneID:31767021;Name=FJOH_RS21215;Note=Derived by automated computational analysis using gene prediction method: Protein Homology.;codon_start=1;inference=COORDINATES: similar to AA sequence:RefSeq:WP_008467500.1;old_locus_tag=Fjoh_4104;product=hypothetical protein;protein_id=WP_012026078.1;transl_table=11;translation=length.558
25	CAZyme	null	1	CGC1	NC_009441	53942	56128	FJOH_RS21220	-	DB=GH78;ID=FJOH_RS21220	DB=GH78;ID=FJOH_RS21220
+++++
