0	CAZyme	3	null	CGC1	LT674124	1	2372	SIP56288.1	-	DB=GH9;ID=SIP56288.1	DB=GH9;ID=SIP56288.1
1	null	null	null	CGC1	LT674124	2378	3613	SIP56289.1	-	;ID=SIP56289.1
2	null	null	null	CGC1	LT674124	18974	20299	SIP56296.1	-	;ID=SIP56296.1
3	null	null	null	CGC1	LT674124	3781	5469	SIP56290.1	-	;ID=SIP56290.1
4	TC	0	3	CGC1	LT674124	5501	8716	SIP56291.1	-	DB=gnl|TC-DB|Q45780|1.B.14.6.1;ID=SIP56291.1	DB=gnl|TC-DB|Q45780|1.B.14.6.1;ID=SIP56291.1
5	CAZyme	1	0	CGC1	LT674124	8759	11134	Alpha-xylosidase	-	DB=GH31;ID=Alpha-xylosidase	DB=GH31;ID=Alpha-xylosidase
6	TF	0	0	CGC1	LT674124	11395	15315	SIP56293.1	+	DB=DBD-Pfam|HTH_AraC,DBD-Pfam|HTH_AraC,DBD-SUPERFAMILY|0036286,DBD-SUPERFAMILY|0035607;ID=SIP56293.1	DB=DBD-Pfam|HTH_AraC,DBD-Pfam|HTH_AraC,DBD-SUPERFAMILY|0036286,DBD-SUPERFAMILY|0035607;ID=SIP56293.1
7	CAZyme	8	1	CGC1	LT674124	15321	17051	SIP56294.1	-	DB=GH9;ID=SIP56294.1	DB=GH9;ID=SIP56294.1
8	null	null	null	CGC1	LT674124	17076	18977	SIP56295.1	-	;ID=SIP56295.1
9	null	null	null	CGC1	LT674124	23286	24707	SIP56298.1	-	;ID=SIP56298.1
10	null	null	null	CGC1	LT674124	26052	27287	SIP56300.1	-	;ID=SIP56300.1
11	null	null	null	CGC1	LT674124	27320	28195	SIP56301.1	-	;ID=SIP56301.1
12	null	null	null	CGC1	LT674124	29550	32894	SIP56302.1	+	;ID=SIP56302.1
13	null	null	null	CGC1	LT674124	33798	34694	SIP56304.1	-	;ID=SIP56304.1
14	null	null	null	CGC1	LT674124	37613	38845	SIP56307.1	-	;ID=SIP56307.1
15	null	null	null	CGC1	LT674124	40028	40228	SIP56310.1	-	;ID=SIP56310.1
16	CAZyme	1	8	CGC1	LT674124	20600	23134	SIP56297.1	+	DB=GH9;ID=SIP56297.1	DB=GH9;ID=SIP56297.1
17	STP	0	0	CGC1	LT674124	24901	26028	SIP56299.1	+	DB=STP|ATPase_2;ID=SIP56299.1	DB=STP|ATPase_2;ID=SIP56299.1
18	CAZyme	null	1	CGC1	LT674124	32998	33654	SIP56303.1	+	DB=CE4;ID=SIP56303.1	DB=CE4;ID=SIP56303.1
+++++
