0	CAZyme	0	null	CGC1	NC_004663	1	2262	BT_RS19030	+	DB=GH92;ID=BT_RS19030	DB=GH92;ID=BT_RS19030
1	CAZyme	0	0	CGC1	NC_004663	2527	6123	BT_RS19035	-	DB=GH38|CBM32;ID=BT_RS19035	DB=GH38|CBM32;ID=BT_RS19035
2	CAZyme	0	0	CGC1	NC_004663	6719	7393	BT_RS19040	-	DB=GT32;ID=BT_RS19040	DB=GT32;ID=BT_RS19040
3	CAZyme	3	0	CGC1	NC_004663	7415	8116	BT_RS19045	-	DB=GT32;ID=BT_RS19045	DB=GT32;ID=BT_RS19045
4	null	null	null	CGC1	NC_004663	8122	8922	BT_RS19045	-	ID=BT_RS19050;Parent=BT_RS19050;Dbxref=GeneID:1075288;Name=BT_RS19050;Note=Derived by automated computational analysis using gene prediction method: Protein Homology.;codon_start=1;inference=COORDINATES: similar to AA sequence:RefSeq:WP_008762714.1;old_locus_tag=BT3777,BT_3777;product=hypothetical protein;protein_id=WP_008766951.1;transl_table=11;translation=length.266
5	null	null	null	CGC1	NC_004663	9006	9950	BT_RS19045	-	ID=BT_RS19055;Parent=BT_RS19055;Dbxref=GeneID:1071682;Name=BT_RS19055;Note=Derived by automated computational analysis using gene prediction method: Protein Homology.;codon_start=1;inference=COORDINATES: similar to AA sequence:RefSeq:WP_008766950.1;old_locus_tag=BT3778,BT_3778;product=hypothetical protein;protein_id=WP_008766950.1;transl_table=11;translation=length.314
6	null	null	null	CGC1	NC_004663	10034	11455	BT_RS19045	-	ID=BT_RS19060;Parent=BT_RS19060;Dbxref=GeneID:1072673;Name=BT_RS19060;Note=Derived by automated computational analysis using gene prediction method: Protein Homology.;codon_start=1;inference=COORDINATES: similar to AA sequence:RefSeq:WP_008762716.1;old_locus_tag=BT3779,BT_3779;product=hypothetical protein;protein_id=WP_008762716.1;transl_table=11;translation=length.473
7	CAZyme	0	3	CGC1	NC_004663	11703	12854	BT_RS19065	-	DB=GH130_3;ID=BT_RS19065	DB=GH130_3;ID=BT_RS19065
8	CAZyme	0	0	CGC1	NC_004663	13305	14750	BT_RS19070	-	DB=GH125;ID=BT_RS19070	DB=GH125;ID=BT_RS19070
9	CAZyme	1	0	CGC1	NC_004663	14796	15959	BT_RS19075	-	DB=GH76;ID=BT_RS19075	DB=GH76;ID=BT_RS19075
10	null	null	null	CGC1	NC_004663	15994	16941	BT_RS19075	-	ID=BT_RS19080;Parent=BT_RS19080;Dbxref=GeneID:1072756;Name=BT_RS19080;Note=Derived by automated computational analysis using gene prediction method: Protein Homology.;codon_start=1;inference=COORDINATES: similar to AA sequence:RefSeq:WP_009040275.1;old_locus_tag=BT3783,BT_3783;product=endonuclease/exonuclease/phosphatase family protein;protein_id=WP_011108968.1;transl_table=11;translation=length.315
11	CAZyme	2	1	CGC1	NC_004663	17000	19282	BT_RS19085	-	DB=GH92;ID=BT_RS19085	DB=GH92;ID=BT_RS19085
12	TF	1	0	CGC1	NC_004663	19492	23529	BT_RS19090	+	DB=DBD-Pfam|HTH_AraC,DBD-SUPERFAMILY|0035607;ID=BT_RS19090	DB=DBD-Pfam|HTH_AraC,DBD-SUPERFAMILY|0035607;ID=BT_RS19090
13	null	null	null	CGC1	NC_004663	24048	25406	BT_RS19090	+	ID=BT_RS19095;Parent=BT_RS19095;Dbxref=GeneID:1071905;Name=BT_RS19095;Note=Derived by automated computational analysis using gene prediction method: Protein Homology.;codon_start=1;inference=COORDINATES: similar to AA sequence:RefSeq:WP_016269844.1;old_locus_tag=BT3787,BT_3787;product=hypothetical protein;protein_id=WP_011108971.1;transl_table=11;translation=length.452
14	TC	3	2	CGC1	NC_004663	25429	28530	BT_RS19100	+	DB=gnl|TC-DB|Q45780|1.B.14.6.1;ID=BT_RS19100	DB=gnl|TC-DB|Q45780|1.B.14.6.1;ID=BT_RS19100
15	null	null	null	CGC1	NC_004663	28550	30529	BT_RS19100	+	ID=BT_RS19105;Parent=BT_RS19105;Dbxref=GeneID:1072668;Name=BT_RS19105;Note=Derived by automated computational analysis using gene prediction method: Protein Homology.;codon_start=1;inference=COORDINATES: similar to AA sequence:RefSeq:WP_010536431.1;old_locus_tag=BT3789,BT_3789;product=RagB/SusD family nutrient uptake outer membrane protein;protein_id=WP_011108973.1;transl_table=11;translation=length.659
16	null	null	null	CGC1	NC_004663	30548	31522	BT_RS19100	+	ID=BT_RS19110;Parent=BT_RS19110;Dbxref=GeneID:1072670;Name=BT_RS19110;Note=Derived by automated computational analysis using gene prediction method: Protein Homology.;codon_start=1;inference=COORDINATES: similar to AA sequence:RefSeq:WP_008766942.1;old_locus_tag=BT3790,BT_3790;product=DUF4361 domain-containing protein;protein_id=WP_011108974.1;transl_table=11;translation=length.324
17	null	null	null	CGC1	NC_004663	31602	33230	BT_RS19100	+	ID=BT_RS19115;Parent=BT_RS19115;Dbxref=GeneID:1075271;Name=BT_RS19115;Note=Derived by automated computational analysis using gene prediction method: Protein Homology.;codon_start=1;inference=COORDINATES: similar to AA sequence:RefSeq:WP_008766941.1;old_locus_tag=BT3791,BT_3791;product=LamG domain-containing protein;protein_id=WP_162303170.1;transl_table=11;translation=length.542
18	CAZyme	null	3	CGC1	NC_004663	33250	34827	BT_RS19120	+	DB=GH76;ID=BT_RS19120	DB=GH76;ID=BT_RS19120
+++++
