0	CAZyme	0	null	CGC1	NC_000853	1	2025	TM_RS00250	-	DB=GH67;ID=TM_RS00250	DB=GH67;ID=TM_RS00250
1	TC	0	0	CGC1	NC_000853	2082	4055	TM_RS00255	-	DB=gnl|TC-DB|Q9WXR2|3.A.1.5.29;ID=TM_RS00255	DB=gnl|TC-DB|Q9WXR2|3.A.1.5.29;ID=TM_RS00255
2	TC	0	0	CGC1	NC_000853	4069	5085	TM_RS00260	-	DB=gnl|TC-DB|Q9WXR3|3.A.1.5.29;ID=TM_RS00260	DB=gnl|TC-DB|Q9WXR3|3.A.1.5.29;ID=TM_RS00260
3	TC	0	0	CGC1	NC_000853	5082	6077	TM_RS00265	-	DB=gnl|TC-DB|Q9WXR4|3.A.1.5.29;ID=TM_RS00265	DB=gnl|TC-DB|Q9WXR4|3.A.1.5.29;ID=TM_RS00265
4	TC	0	0	CGC1	NC_000853	6091	7179	TM_RS00270	-	DB=gnl|TC-DB|Q9WXR5|3.A.1.5.29;ID=TM_RS00270	DB=gnl|TC-DB|Q9WXR5|3.A.1.5.29;ID=TM_RS00270
5	TC	0	0	CGC1	NC_000853	7208	8194	TM_RS00275	-	DB=gnl|TC-DB|Q9WXR6|3.A.1.5.29;ID=TM_RS00275	DB=gnl|TC-DB|Q9WXR6|3.A.1.5.29;ID=TM_RS00275
6	CAZyme	0	0	CGC1	NC_000853	8513	11692	TM_RS00280	+	DB=CBM22|CBM22|GH10|CBM9|CBM9;ID=TM_RS00280	DB=CBM22|CBM22|GH10|CBM9|CBM9;ID=TM_RS00280
7	CAZyme	7	0	CGC1	NC_000853	11748	12287	TM_RS00285	+	DB=CBM22;ID=TM_RS00285	DB=CBM22;ID=TM_RS00285
8	null	null	null	CGC1	NC_000853	12334	12780	TM_RS00285	-	ID=TM_RS00290;Parent=TM_RS00290;Dbxref=GeneID:896887;Name=TM_RS00290;Note=Derived by automated computational analysis using gene prediction method: Protein Homology.;codon_start=1;inference=COORDINATES: similar to AA sequence:RefSeq:WP_011943445.1;old_locus_tag=TM0063,TM_0063;product=hypothetical protein;protein_id=WP_004082554.1;transl_table=11;translation=length.148
9	null	null	null	CGC1	NC_000853	12792	14147	TM_RS00285	-	ID=TM_RS00295;Parent=TM_RS00295;Dbxref=GeneID:896888;eC_number=5.3.1.12;Name=uxaC;Note=Derived by automated computational analysis using gene prediction method: Protein Homology.;codon_start=1;inference=COORDINATES: similar to AA sequence:RefSeq:WP_011943444.1;locus_tag=TM_RS00295;old_locus_tag=TM0064,TM_0064;product=glucuronate isomerase;protein_id=WP_004082556.1;transl_table=11;translation=length.451
10	TF	4	2	CGC1	NC_000853	14249	14989	TM_RS00300	+	DB=DBD-Pfam|HTH_11,DBD-SUPERFAMILY|0040266;ID=TM_RS00300	DB=DBD-Pfam|HTH_11,DBD-SUPERFAMILY|0040266;ID=TM_RS00300
11	null	null	null	CGC1	NC_000853	15058	15669	TM_RS00300	+	ID=TM_RS00305;Parent=TM_RS00305;Dbxref=GeneID:896890;Name=TM_RS00305;Note=Derived by automated computational analysis using gene prediction method: Protein Homology.;codon_start=1;inference=COORDINATES: similar to AA sequence:RefSeq:WP_012896103.1;old_locus_tag=TM0066,TM_0066;product=bifunctional 4-hydroxy-2-oxoglutarate aldolase/2-dehydro-3-deoxy-phosphogluconate aldolase;protein_id=WP_004082560.1;transl_table=11;translation=length.203
12	STP	2	4	CGC1	NC_000853	15666	16685	TM_RS00310	+	DB=STP|PfkB;ID=TM_RS00310	DB=STP|PfkB;ID=TM_RS00310
13	null	null	null	CGC1	NC_000853	16698	18317	TM_RS00310	+	ID=TM_RS00315;Parent=TM_RS00315;Dbxref=GeneID:896892;eC_number=1.1.1.57;Name=uxuB;Note=Derived by automated computational analysis using gene prediction method: Protein Homology.;codon_start=1;inference=COORDINATES: similar to AA sequence:RefSeq:WP_004082564.1;locus_tag=TM_RS00315;old_locus_tag=TM0068,TM_0068;product=D-mannonate dehydrogenase UxuB;protein_id=WP_004082564.1;transl_table=11;translation=length.539
14	null	null	null	CGC1	NC_000853	18314	19396	TM_RS00310	+	ID=TM_RS00320;Parent=TM_RS00320;Dbxref=GeneID:896894;eC_number=4.2.1.8;Name=uxuA;Note=Derived by automated computational analysis using gene prediction method: Protein Homology.;codon_start=1;inference=COORDINATES: similar to AA sequence:RefSeq:WP_004082566.1;locus_tag=TM_RS00320;old_locus_tag=TM0069,TM_0069;product=mannonate dehydratase;protein_id=WP_004082566.1;transl_table=11;translation=length.360
15	CAZyme	0	7	CGC1	NC_000853	19418	20461	TM_RS00325	-	DB=GH10;ID=TM_RS00325	DB=GH10;ID=TM_RS00325
16	TC	0	0	CGC1	NC_000853	20681	22558	TM_RS00330	+	DB=gnl|TC-DB|Q9WXS6|3.A.1.5.13;ID=TM_RS00330	DB=gnl|TC-DB|Q9WXS6|3.A.1.5.13;ID=TM_RS00330
17	TC	0	0	CGC1	NC_000853	22635	23642	TM_RS00335	+	DB=gnl|TC-DB|Q9WXS7|3.A.1.5.13;ID=TM_RS00335	DB=gnl|TC-DB|Q9WXS7|3.A.1.5.13;ID=TM_RS00335
18	TC	0	0	CGC1	NC_000853	23659	24513	TM_RS00340	+	DB=gnl|TC-DB|Q9WXS8|3.A.1.5.13;ID=TM_RS00340	DB=gnl|TC-DB|Q9WXS8|3.A.1.5.13;ID=TM_RS00340
19	TC	0	0	CGC1	NC_000853	24515	25522	TM_RS00345	+	DB=gnl|TC-DB|Q9WXS9|3.A.1.5.13;ID=TM_RS00345	DB=gnl|TC-DB|Q9WXS9|3.A.1.5.13;ID=TM_RS00345
20	TC	0	0	CGC1	NC_000853	25509	26471	TM_RS00350	+	DB=gnl|TC-DB|Q9WXT0|3.A.1.5.13;ID=TM_RS00350	DB=gnl|TC-DB|Q9WXT0|3.A.1.5.13;ID=TM_RS00350
21	CAZyme	0	0	CGC1	NC_000853	26509	28845	TM_RS00355	+	DB=GH3;ID=TM_RS00355	DB=GH3;ID=TM_RS00355
22	CAZyme	0	0	CGC1	NC_000853	28850	29827	TM_RS00360	+	DB=CE7;ID=TM_RS00360	DB=CE7;ID=TM_RS00360
23	TC	null	0	CGC1	NC_000853	29810	29827	TM_RS00365	-	DB=gnl|TC-DB|Q8GRB0|3.A.1.14.8;ID=TM_RS00365	DB=gnl|TC-DB|Q8GRB0|3.A.1.14.8;ID=TM_RS00365
+++++
