0	CAZyme	0	null	CGC1	NZ_CP012938	1	1200	Bovatus_RS21315	+	DB=GH105;ID=Bovatus_RS21315	DB=GH105;ID=Bovatus_RS21315
1	CAZyme	0	0	CGC1	NZ_CP012938	1210	2181	Bovatus_RS21320	+	DB=CE8;ID=Bovatus_RS21320	DB=CE8;ID=Bovatus_RS21320
2	CAZyme	1	0	CGC1	NZ_CP012938	2541	4289	Bovatus_RS21325	+	DB=CE12|CE8;ID=Bovatus_RS21325	DB=CE12|CE8;ID=Bovatus_RS21325
3	TF	0	0	CGC1	NZ_CP012938	4455	8990	Bovatus_RS21330	+	DB=DBD-Pfam|HTH_AraC,DBD-SUPERFAMILY|0035607;ID=Bovatus_RS21330	DB=DBD-Pfam|HTH_AraC,DBD-SUPERFAMILY|0035607;ID=Bovatus_RS21330
4	CAZyme	0	1	CGC1	NZ_CP012938	9135	10631	Bovatus_RS21335	-	DB=PL1_2;ID=Bovatus_RS21335	DB=PL1_2;ID=Bovatus_RS21335
5	CAZyme	0	0	CGC1	NZ_CP012938	10667	12328	Bovatus_RS21340	-	DB=PL1_2;ID=Bovatus_RS21340	DB=PL1_2;ID=Bovatus_RS21340
6	CAZyme	0	0	CGC1	NZ_CP012938	12360	13943	Bovatus_RS21345	-	DB=PL1_2;ID=Bovatus_RS21345	DB=PL1_2;ID=Bovatus_RS21345
7	CAZyme	2	0	CGC1	NZ_CP012938	14037	15665	Bovatus_RS21350	-	DB=CE8;ID=Bovatus_RS21350	DB=CE8;ID=Bovatus_RS21350
8	null	null	null	CGC1	NZ_CP012938	15750	17669	Bovatus_RS21350	-	ID=Bovatus_RS21355;Parent=Bovatus_RS21355;Dbxref=GeneID:29452531;Name=Bovatus_RS21355;Note=Derived by automated computational analysis using gene prediction method: Protein Homology.;codon_start=1;inference=COORDINATES: similar to AA sequence:RefSeq:WP_004309416.1;old_locus_tag=Bovatus_04366;product=DUF5123 domain-containing protein;protein_id=WP_004301513.1;transl_table=11;translation=length.639
9	null	null	null	CGC1	NZ_CP012938	17685	19592	Bovatus_RS21350	-	ID=Bovatus_RS21360;Parent=Bovatus_RS21360;Dbxref=GeneID:29452751;Name=Bovatus_RS21360;Note=Derived by automated computational analysis using gene prediction method: Protein Homology.;codon_start=1;inference=COORDINATES: similar to AA sequence:RefSeq:WP_004301514.1;old_locus_tag=Bovatus_04367;product=RagB/SusD family nutrient uptake outer membrane protein;protein_id=WP_004301514.1;transl_table=11;translation=length.635
10	TC	0	2	CGC1	NZ_CP012938	19618	22875	Bovatus_RS21365	-	DB=gnl|TC-DB|Q45780|1.B.14.6.1;ID=Bovatus_RS21365	DB=gnl|TC-DB|Q45780|1.B.14.6.1;ID=Bovatus_RS21365
11	TC	1	0	CGC1	NZ_CP012938	23222	24016	Bovatus_RS21370	+	DB=gnl|TC-DB|A6ECX8|9.B.116.3.2;ID=Bovatus_RS21370	DB=gnl|TC-DB|A6ECX8|9.B.116.3.2;ID=Bovatus_RS21370
12	TF	0	0	CGC1	NZ_CP012938	24020	24838	Bovatus_RS21375	+	DB=DBD-Pfam|LytTR;ID=Bovatus_RS21375	DB=DBD-Pfam|LytTR;ID=Bovatus_RS21375
13	CAZyme	2	1	CGC1	NZ_CP012938	24957	26486	Bovatus_RS21380	+	DB=PL1_2;ID=Bovatus_RS21380	DB=PL1_2;ID=Bovatus_RS21380
14	null	null	null	CGC1	NZ_CP012938	26882	27766	Bovatus_RS21380	+	ID=Bovatus_RS21385;Parent=Bovatus_RS21385;Dbxref=GeneID:29456074;Name=Bovatus_RS21385;Note=Derived by automated computational analysis using gene prediction method: Protein Homology.;codon_start=1;inference=COORDINATES: similar to AA sequence:RefSeq:WP_004320966.1;old_locus_tag=Bovatus_04372;product=hypothetical protein;protein_id=WP_004320966.1;transl_table=11;translation=length.294
15	null	null	null	CGC1	NZ_CP012938	27779	29584	Bovatus_RS21380	+	ID=Bovatus_RS21390;Parent=Bovatus_RS21390;Dbxref=GeneID:29453127;Name=Bovatus_RS21390;Note=Derived by automated computational analysis using gene prediction method: Protein Homology.;codon_start=1;inference=COORDINATES: similar to AA sequence:RefSeq:WP_008650719.1;old_locus_tag=Bovatus_04373;product=DUF4957 domain-containing protein;protein_id=WP_004301523.1;transl_table=11;translation=length.601
16	CAZyme	0	2	CGC1	NZ_CP012938	29619	32006	Bovatus_RS21395	+	DB=PL1_2;ID=Bovatus_RS21395	DB=PL1_2;ID=Bovatus_RS21395
17	TC	0	0	CGC1	NZ_CP012938	32051	35263	Bovatus_RS21400	+	DB=gnl|TC-DB|Q45780|1.B.14.6.1;ID=Bovatus_RS21400	DB=gnl|TC-DB|Q45780|1.B.14.6.1;ID=Bovatus_RS21400
18	TC	2	0	CGC1	NZ_CP012938	35289	37190	Bovatus_RS21405	+	DB=gnl|TC-DB|C6Y217|8.A.46.1.3;ID=Bovatus_RS21405	DB=gnl|TC-DB|C6Y217|8.A.46.1.3;ID=Bovatus_RS21405
19	null	null	null	CGC1	NZ_CP012938	37211	38863	Bovatus_RS21405	+	ID=Bovatus_RS21410;Parent=Bovatus_RS21410;Dbxref=GeneID:29454641;Name=Bovatus_RS21410;Note=Derived by automated computational analysis using gene prediction method: Protein Homology.;codon_start=1;inference=COORDINATES: similar to AA sequence:RefSeq:WP_009000422.1;old_locus_tag=Bovatus_04377;product=DUF5123 domain-containing protein;protein_id=WP_004301527.1;transl_table=11;translation=length.550
20	null	null	null	CGC1	NZ_CP012938	38919	40775	Bovatus_RS21405	+	ID=Bovatus_RS21415;Parent=Bovatus_RS21415;Dbxref=GeneID:29455353;Name=Bovatus_RS21415;Note=Derived by automated computational analysis using gene prediction method: Protein Homology.;codon_start=1;inference=COORDINATES: similar to AA sequence:RefSeq:WP_004320964.1;old_locus_tag=Bovatus_04378;product=hypothetical protein;protein_id=WP_004320964.1;transl_table=11;translation=length.618
21	CAZyme	0	2	CGC1	NZ_CP012938	40817	43228	Bovatus_RS21420	+	DB=CE8;ID=Bovatus_RS21420	DB=CE8;ID=Bovatus_RS21420
22	CAZyme	0	0	CGC1	NZ_CP012938	43254	44828	Bovatus_RS21425	+	DB=GH28;ID=Bovatus_RS21425	DB=GH28;ID=Bovatus_RS21425
23	CAZyme	0	0	CGC1	NZ_CP012938	45552	48143	Bovatus_RS21430	-	DB=GH3;ID=Bovatus_RS21430	DB=GH3;ID=Bovatus_RS21430
24	CAZyme	null	0	CGC1	NZ_CP012938	48482	50488	Bovatus_RS21435	+	DB=GH43_10|CBM91;ID=Bovatus_RS21435	DB=GH43_10|CBM91;ID=Bovatus_RS21435
+++++
