2	CAZyme	2	null	CGC1	NC_009328	2951	4558	GTNG_RS09205	-	DB=GH43_11|CBM91;ID=GTNG_RS09205	DB=GH43_11|CBM91;ID=GTNG_RS09205
3	null	null	null	CGC1	NC_009328	5004	5666	GTNG_RS09205	-	ID=GTNG_RS09210;Parent=GTNG_RS09210;Dbxref=GeneID:31761016;Name=GTNG_RS09210;Note=Derived by automated computational analysis using gene prediction method: Protein Homology.;codon_start=1;inference=COORDINATES: similar to AA sequence:RefSeq:WP_008880080.1;old_locus_tag=GTNG_1759;product=SGNH/GDSL hydrolase family protein;protein_id=WP_008880080.1;transl_table=11;translation=length.220
4	null	null	null	CGC1	NC_009328	5689	6483	GTNG_RS09205	-	ID=GTNG_RS09215;Parent=GTNG_RS09215;Dbxref=GeneID:31761017;Name=GTNG_RS09215;Note=Derived by automated computational analysis using gene prediction method: Protein Homology.;codon_start=1;inference=COORDINATES: similar to AA sequence:RefSeq:WP_008880079.1;old_locus_tag=GTNG_1760;product=transcriptional regulator;protein_id=WP_008880079.1;transl_table=11;translation=length.264
5	CAZyme	0	2	CGC1	NC_009328	7000	8223	GTNG_RS09220	+	DB=GH10;ID=GTNG_RS09220	DB=GH10;ID=GTNG_RS09220
6	TC	6	0	CGC1	NC_009328	8427	9068	GTNG_RS09225	-	DB=gnl|TC-DB|G4PA66|9.B.28.1.5;ID=GTNG_RS09225	DB=gnl|TC-DB|G4PA66|9.B.28.1.5;ID=GTNG_RS09225
7	null	null	null	CGC1	NC_009328	9148	9993	GTNG_RS09225	-	ID=GTNG_RS09230;Parent=GTNG_RS09230;Dbxref=GeneID:31761020;Name=GTNG_RS09230;Note=Derived by automated computational analysis using gene prediction method: Protein Homology.;codon_start=1;inference=COORDINATES: similar to AA sequence:RefSeq:WP_008880076.1;old_locus_tag=GTNG_1763;product=SDR family oxidoreductase;protein_id=WP_011887510.1;transl_table=11;translation=length.281
8	null	null	null	CGC1	NC_009328	9969	11084	GTNG_RS09225	-	ID=GTNG_RS09235;Parent=GTNG_RS09235;Dbxref=GeneID:31761021;eC_number=4.2.1.8;Name=uxuA;Note=Derived by automated computational analysis using gene prediction method: Protein Homology.;codon_start=1;inference=COORDINATES: similar to AA sequence:RefSeq:WP_008880075.1;locus_tag=GTNG_RS09235;old_locus_tag=GTNG_1764;product=mannonate dehydratase;protein_id=WP_008880075.1;transl_table=11;translation=length.371
9	null	null	null	CGC1	NC_009328	11105	12508	GTNG_RS09225	-	ID=GTNG_RS09240;Parent=GTNG_RS09240;Dbxref=GeneID:31761022;eC_number=5.3.1.12;Name=uxaC;Note=Derived by automated computational analysis using gene prediction method: Protein Homology.;codon_start=1;inference=COORDINATES: similar to AA sequence:RefSeq:WP_008880074.1;locus_tag=GTNG_RS09240;old_locus_tag=GTNG_1765;product=glucuronate isomerase;protein_id=WP_008880074.1;transl_table=11;translation=length.467
10	TF	2	3	CGC1	NC_009328	12550	13248	GTNG_RS09245	-	DB=DBD-Pfam|GntR,DBD-SUPERFAMILY|0039384;ID=GTNG_RS09245	DB=DBD-Pfam|GntR,DBD-SUPERFAMILY|0039384;ID=GTNG_RS09245
11	null	null	null	CGC1	NC_009328	13366	14016	GTNG_RS09245	-	ID=GTNG_RS09250;Parent=GTNG_RS09250;Dbxref=GeneID:31761024;Name=GTNG_RS09250;Note=Derived by automated computational analysis using gene prediction method: Protein Homology.;codon_start=1;inference=COORDINATES: similar to AA sequence:RefSeq:WP_008880072.1;old_locus_tag=GTNG_1767;product=bifunctional 4-hydroxy-2-oxoglutarate aldolase/2-dehydro-3-deoxy-phosphogluconate aldolase;protein_id=WP_008880072.1;transl_table=11;translation=length.216
12	STP	0	5	CGC1	NC_009328	14034	14987	GTNG_RS09255	-	DB=STP|PfkB;ID=GTNG_RS09255	DB=STP|PfkB;ID=GTNG_RS09255
13	CAZyme	0	6	CGC1	NC_009328	15020	16540	GTNG_RS09260	-	DB=GH39;ID=GTNG_RS09260	DB=GH39;ID=GTNG_RS09260
14	CAZyme	0	0	CGC1	NC_009328	16557	18611	GTNG_RS09265	-	DB=GH67;ID=GTNG_RS09265	DB=GH67;ID=GTNG_RS09265
15	TC	0	0	CGC1	NC_009328	18627	19517	GTNG_RS09270	-	DB=gnl|TC-DB|Q09LY6|3.A.1.1.9;ID=GTNG_RS09270	DB=gnl|TC-DB|Q09LY6|3.A.1.1.9;ID=GTNG_RS09270
16	TC	0	0	CGC1	NC_009328	19532	20482	GTNG_RS09275	-	DB=gnl|TC-DB|Q09LY7|3.A.1.1.9;ID=GTNG_RS09275	DB=gnl|TC-DB|Q09LY7|3.A.1.1.9;ID=GTNG_RS09275
17	TC	0	0	CGC1	NC_009328	20613	22256	GTNG_RS09280	-	DB=gnl|TC-DB|C9RT46|3.A.1.1.9;ID=GTNG_RS09280	DB=gnl|TC-DB|C9RT46|3.A.1.1.9;ID=GTNG_RS09280
18	CAZyme	0	0	CGC1	NC_009328	22805	23800	GTNG_RS09285	-	DB=GH10;ID=GTNG_RS09285	DB=GH10;ID=GTNG_RS09285
19	CAZyme	0	0	CGC1	NC_009328	23803	25920	GTNG_RS09290	-	DB=GH52;ID=GTNG_RS09290	DB=GH52;ID=GTNG_RS09290
20	CAZyme	1	0	CGC1	NC_009328	26031	26657	GTNG_RS09295	-	DB=CE4;ID=GTNG_RS09295	DB=CE4;ID=GTNG_RS09295
21	null	null	null	CGC1	NC_009328	26671	27720	GTNG_RS09295	-	ID=GTNG_RS09300;Parent=GTNG_RS09300;Dbxref=GeneID:31761034;Name=GTNG_RS09300;Note=Derived by automated computational analysis using gene prediction method: Protein Homology.;codon_start=1;inference=COORDINATES: similar to AA sequence:RefSeq:WP_008880060.1;old_locus_tag=GTNG_1777;product=galactose mutarotase;protein_id=WP_008880060.1;transl_table=11;translation=length.349
22	TC	0	1	CGC1	NC_009328	27936	28802	GTNG_RS09305	-	DB=gnl|TC-DB|G4FGN6|3.A.1.1.41;ID=GTNG_RS09305	DB=gnl|TC-DB|G4FGN6|3.A.1.1.41;ID=GTNG_RS09305
23	TC	2	0	CGC1	NC_009328	28817	29686	GTNG_RS09310	-	DB=gnl|TC-DB|Q8RJU9|3.A.1.1.18;ID=GTNG_RS09310	DB=gnl|TC-DB|Q8RJU9|3.A.1.1.18;ID=GTNG_RS09310
24	STP	1	0	CGC1	NC_009328	29762	31084	GTNG_RS09315	-	DB=STP|SBP_bac_1;ID=GTNG_RS09315	DB=STP|SBP_bac_1;ID=GTNG_RS09315
25	TF	0	1	CGC1	NC_009328	31199	31990	GTNG_RS09320	-	DB=DBD-Pfam|HTH_AraC,DBD-Pfam|HTH_AraC,DBD-SUPERFAMILY|0036286,DBD-SUPERFAMILY|0035607;ID=GTNG_RS09320	DB=DBD-Pfam|HTH_AraC,DBD-Pfam|HTH_AraC,DBD-SUPERFAMILY|0036286,DBD-SUPERFAMILY|0035607;ID=GTNG_RS09320
26	TC	4	2	CGC1	NC_009328	31990	33720	GTNG_RS09325	-	DB=gnl|TC-DB|F4LXP4|8.A.59.2.1;ID=GTNG_RS09325	DB=gnl|TC-DB|F4LXP4|8.A.59.2.1;ID=GTNG_RS09325
27	null	null	null	CGC1	NC_009328	34226	34417	GTNG_RS09325	-	ID=GTNG_RS09330;Parent=GTNG_RS09330;Dbxref=GeneID:31761040;Name=GTNG_RS09330;Note=Derived by automated computational analysis using gene prediction method: Protein Homology.;codon_start=1;inference=COORDINATES: similar to AA sequence:RefSeq:WP_008880054.1;old_locus_tag=GTNG_1783;product=hypothetical protein;protein_id=WP_008880054.1;transl_table=11;translation=length.63
28	null	null	null	CGC1	NC_009328	36252	37466	GTNG_RS09325	-	ID=GTNG_RS09340;Parent=GTNG_RS09340;Dbxref=GeneID:31761042;Name=GTNG_RS09340;Note=Derived by automated computational analysis using gene prediction method: Protein Homology.;codon_start=1;inference=COORDINATES: similar to AA sequence:RefSeq:WP_011887518.1;old_locus_tag=GTNG_1788;product=sn-glycerol-1-phosphate dehydrogenase;protein_id=WP_011887518.1;transl_table=11;translation=length.404
29	null	null	null	CGC1	NC_009328	37463	38272	GTNG_RS09325	-	ID=GTNG_RS09345;Parent=GTNG_RS09345;Dbxref=GeneID:31761043;Name=GTNG_RS09345;Note=Derived by automated computational analysis using gene prediction method: Protein Homology.;codon_start=1;inference=COORDINATES: similar to AA sequence:RefSeq:WP_013145174.1;old_locus_tag=GTNG_1789;product=HAD-IIA family hydrolase;protein_id=WP_011887519.1;transl_table=11;translation=length.269
30	null	null	null	CGC1	NC_009328	38330	39325	GTNG_RS09325	-	ID=GTNG_RS09350;Parent=GTNG_RS09350;Dbxref=GeneID:31761044;Name=GTNG_RS09350;Note=Derived by automated computational analysis using gene prediction method: Protein Homology.;codon_start=1;inference=COORDINATES: similar to AA sequence:RefSeq:WP_013523901.1;old_locus_tag=GTNG_1790;product=Gfo/Idh/MocA family oxidoreductase;protein_id=WP_011887520.1;transl_table=11;translation=length.331
31	CAZyme	0	4	CGC1	NC_009328	39388	40896	GTNG_RS09355	-	DB=GH51_1;ID=GTNG_RS09355	DB=GH51_1;ID=GTNG_RS09355
32	TC	0	0	CGC1	NC_009328	40936	41781	GTNG_RS09360	-	DB=gnl|TC-DB|P94530|3.A.1.1.34;ID=GTNG_RS09360	DB=gnl|TC-DB|P94530|3.A.1.1.34;ID=GTNG_RS09360
33	TC	0	0	CGC1	NC_009328	41785	42717	GTNG_RS09365	-	DB=gnl|TC-DB|P94529|3.A.1.1.34;ID=GTNG_RS09365	DB=gnl|TC-DB|P94529|3.A.1.1.34;ID=GTNG_RS09365
34	TC	4	0	CGC1	NC_009328	42845	44152	GTNG_RS09370	-	DB=gnl|TC-DB|P94528|3.A.1.1.34;ID=GTNG_RS09370	DB=gnl|TC-DB|P94528|3.A.1.1.34;ID=GTNG_RS09370
35	null	null	null	CGC1	NC_009328	44653	46143	GTNG_RS09370	-	ID=GTNG_RS09375;Parent=GTNG_RS09375;Dbxref=GeneID:31761049;eC_number=5.3.1.4;Name=araA;Note=Derived by automated computational analysis using gene prediction method: Protein Homology.;codon_start=1;inference=COORDINATES: similar to AA sequence:RefSeq:WP_015374996.1;locus_tag=GTNG_RS09375;old_locus_tag=GTNG_1795;product=L-arabinose isomerase;protein_id=WP_011887523.1;transl_table=11;translation=length.496
36	null	null	null	CGC1	NC_009328	46160	47854	GTNG_RS09370	-	ID=GTNG_RS09380;Parent=GTNG_RS09380;Dbxref=GeneID:31761050;eC_number=2.7.1.16;Name=GTNG_RS09380;Note=Derived by automated computational analysis using gene prediction method: Protein Homology.;codon_start=1;inference=COORDINATES: similar to AA sequence:RefSeq:WP_011887524.1;old_locus_tag=GTNG_1796;product=ribulokinase;protein_id=WP_011887524.1;transl_table=11;translation=length.564
37	null	null	null	CGC1	NC_009328	47870	48556	GTNG_RS09370	-	ID=GTNG_RS09385;Parent=GTNG_RS09385;Dbxref=GeneID:31761051;eC_number=5.1.3.4;Name=araD;Note=Derived by automated computational analysis using gene prediction method: Protein Homology.;codon_start=1;inference=COORDINATES: similar to AA sequence:RefSeq:WP_015374998.1;locus_tag=GTNG_RS09385;old_locus_tag=GTNG_1797;product=L-ribulose-5-phosphate 4-epimerase;protein_id=WP_011887525.1;transl_table=11;translation=length.228
38	TF	0	3	CGC1	NC_009328	48648	49742	GTNG_RS09390	-	DB=DBD-Pfam|GntR,DBD-SUPERFAMILY|0037767;ID=GTNG_RS09390	DB=DBD-Pfam|GntR,DBD-SUPERFAMILY|0037767;ID=GTNG_RS09390
39	TC	0	4	CGC1	NC_009328	49862	51085	GTNG_RS09395	-	DB=gnl|TC-DB|O05177|3.A.1.2.5;ID=GTNG_RS09395	DB=gnl|TC-DB|O05177|3.A.1.2.5;ID=GTNG_RS09395
40	TC	0	0	CGC1	NC_009328	51087	52628	GTNG_RS09400	-	DB=gnl|TC-DB|O05176|3.A.1.2.5;ID=GTNG_RS09400	DB=gnl|TC-DB|O05176|3.A.1.2.5;ID=GTNG_RS09400
41	TC	null	0	CGC1	NC_009328	52702	53778	GTNG_RS09405	-	DB=gnl|TC-DB|P25548|3.A.1.2.5;ID=GTNG_RS09405	DB=gnl|TC-DB|P25548|3.A.1.2.5;ID=GTNG_RS09405
+++++
