1	TC	1	null	CGC1	NC_008228	1189	4104	PATL_RS09880	+	DB=gnl|TC-DB|Q9A608|1.B.14.12.1;ID=PATL_RS09880	DB=gnl|TC-DB|Q9A608|1.B.14.12.1;ID=PATL_RS09880
2	null	null	null	CGC1	NC_008228	4299	5795	PATL_RS09880	+	ID=PATL_RS09885;Parent=PATL_RS09885;eC_number=1.14.19.-;gO_function=GO:0000166 - nucleotide binding [Evidence IEA]%3B GO:0016491 - oxidoreductase activity [Evidence IEA];Name=PATL_RS09885;Note=Derived by automated computational analysis using gene prediction method: Protein Homology.;codon_start=1;inference=COORDINATES: similar to AA sequence:RefSeq:WP_007991346.1;old_locus_tag=Patl_1939;product=tryptophan halogenase family protein;protein_id=WP_041713642.1;transl_table=11;translation=length.498
3	TC	0	1	CGC1	NC_008228	6284	9316	PATL_RS09890	+	DB=gnl|TC-DB|Q9A608|1.B.14.12.1;ID=PATL_RS09890	DB=gnl|TC-DB|Q9A608|1.B.14.12.1;ID=PATL_RS09890
4	CAZyme	16	0	CGC1	NC_008228	9412	13764	PATL_RS09895	+	DB=GH13_13;ID=PATL_RS09895	DB=GH13_13;ID=PATL_RS09895
+++++
21	TC	9	16	CGC2	NC_008228	29163	29783	PATL_RS09990	+	DB=gnl|TC-DB|D5T4Y6|8.A.58.2.12;ID=PATL_RS09990	DB=gnl|TC-DB|D5T4Y6|8.A.58.2.12;ID=PATL_RS09990
22	null	null	null	CGC2	NC_008228	30032	30814	PATL_RS09990	-	ID=PATL_RS09995;Parent=PATL_RS09995;Name=PATL_RS09995;Note=Derived by automated computational analysis using gene prediction method: Protein Homology.;codon_start=1;inference=COORDINATES: similar to AA sequence:RefSeq:WP_006992914.1;old_locus_tag=Patl_1959;product=zinc ribbon-containing protein;protein_id=WP_011574772.1;transl_table=11;translation=length.260
23	TF	7	1	CGC2	NC_008228	30977	31747	PATL_RS10000	-	DB=DBD-SUPERFAMILY|0040266;ID=PATL_RS10000	DB=DBD-SUPERFAMILY|0040266;ID=PATL_RS10000
24	null	null	null	CGC2	NC_008228	31950	32732	PATL_RS10000	+	ID=PATL_RS10005;Parent=PATL_RS10005;eC_number=1.14.-.-;Name=PATL_RS10005;Note=Derived by automated computational analysis using gene prediction method: Protein Homology.;codon_start=1;inference=COORDINATES: similar to AA sequence:RefSeq:WP_013753893.1;old_locus_tag=Patl_1961;product=phytanoyl-CoA dioxygenase family protein;protein_id=WP_011574774.1;transl_table=11;translation=length.260
25	null	null	null	CGC2	NC_008228	32733	33860	PATL_RS10000	+	ID=PATL_RS10010;Parent=PATL_RS10010;Name=PATL_RS10010;Note=Derived by automated computational analysis using gene prediction method: Protein Homology.;codon_start=1;inference=COORDINATES: similar to AA sequence:RefSeq:WP_008306117.1;old_locus_tag=Patl_1962;product=type I secretion protein TolC;protein_id=WP_011574775.1;transl_table=11;translation=length.375
26	null	null	null	CGC2	NC_008228	34121	34858	PATL_RS10000	-	ID=PATL_RS10015;Parent=PATL_RS10015;Name=PATL_RS10015;Note=Derived by automated computational analysis using gene prediction method: Protein Homology.;codon_start=1;inference=COORDINATES: similar to AA sequence:RefSeq:WP_013753890.1;old_locus_tag=Patl_1963;product=SapC family protein;protein_id=WP_011574776.1;transl_table=11;translation=length.245
27	null	null	null	CGC2	NC_008228	34911	36506	PATL_RS10000	-	ID=PATL_RS10020;Parent=PATL_RS10020;eC_number=1.14.19.-;gO_function=GO:0000166 - nucleotide binding [Evidence IEA]%3B GO:0016491 - oxidoreductase activity [Evidence IEA];Name=PATL_RS10020;Note=Derived by automated computational analysis using gene prediction method: Protein Homology.;codon_start=1;inference=COORDINATES: similar to AA sequence:RefSeq:WP_007106361.1;old_locus_tag=Patl_1964;product=tryptophan halogenase family protein;protein_id=WP_011574777.1;transl_table=11;translation=length.531
28	null	null	null	CGC2	NC_008228	36654	38789	PATL_RS10000	-	ID=PATL_RS10025;Parent=PATL_RS10025;Name=PATL_RS10025;Note=Derived by automated computational analysis using gene prediction method: Protein Homology.;codon_start=1;inference=COORDINATES: similar to AA sequence:RefSeq:WP_007991419.1;old_locus_tag=Patl_1965;product=hypothetical protein;protein_id=WP_011574778.1;transl_table=11;translation=length.711
29	null	null	null	CGC2	NC_008228	38863	42525	PATL_RS10000	-	ID=PATL_RS10030;Parent=PATL_RS10030;gO_component=GO:0019867 - outer membrane [Evidence IEA];gO_function=GO:0022857 - transmembrane transporter activity [Evidence IEA];gO_process=GO:0006810 - transport [Evidence IEA];Name=PATL_RS10030;Note=Derived by automated computational analysis using gene prediction method: Protein Homology.;codon_start=1;inference=COORDINATES: similar to AA sequence:RefSeq:WP_007991417.1;old_locus_tag=Patl_1966;product=TonB-dependent receptor;protein_id=WP_041714384.1;transl_table=11;translation=length.1220
30	TF	0	8	CGC2	NC_008228	43463	43732	PATL_RS10035	-	DB=DBD-Pfam|HTH_11,DBD-Pfam|HTH_3,DBD-SUPERFAMILY|0043707;ID=PATL_RS10035	DB=DBD-Pfam|HTH_11,DBD-Pfam|HTH_3,DBD-SUPERFAMILY|0043707;ID=PATL_RS10035
31	CAZyme	1	9	CGC2	NC_008228	43847	44932	PATL_RS10040	-	DB=GH117|GH117;ID=PATL_RS10040	DB=GH117|GH117;ID=PATL_RS10040
32	STP	0	0	CGC2	NC_008228	44971	45927	PATL_RS10045	-	DB=STP|PfkB;ID=PATL_RS10045	DB=STP|PfkB;ID=PATL_RS10045
33	TC	0	1	CGC2	NC_008228	45929	47518	PATL_RS10050	-	DB=gnl|TC-DB|P96710|2.A.1.1.55;ID=PATL_RS10050	DB=gnl|TC-DB|P96710|2.A.1.1.55;ID=PATL_RS10050
34	CAZyme	3	0	CGC2	NC_008228	47990	50371	PATL_RS10055	+	DB=GH50;ID=PATL_RS10055	DB=GH50;ID=PATL_RS10055
35	null	null	null	CGC2	NC_008228	50736	51269	PATL_RS10055	+	ID=PATL_RS23040;Parent=PATL_RS23040;Name=PATL_RS23040;Note=Derived by automated computational analysis using gene prediction method: Protein Homology.;codon_start=1;inference=COORDINATES: similar to AA sequence:RefSeq:WP_019027991.1;old_locus_tag=Patl_1972;product=prepilin-type N-terminal cleavage/methylation domain-containing protein;protein_id=WP_011574785.1;transl_table=11;translation=length.177
36	STP	1	1	CGC2	NC_008228	51496	52686	PATL_RS10065	+	DB=STP|Pkinase;ID=PATL_RS10065	DB=STP|Pkinase;ID=PATL_RS10065
37	null	null	null	CGC2	NC_008228	52713	52883	PATL_RS10065	-	ID=PATL_RS22815;Parent=PATL_RS22815;Name=PATL_RS22815;Note=Derived by automated computational analysis using gene prediction method: Protein Homology.;codon_start=1;inference=COORDINATES: similar to AA sequence:RefSeq:WP_011574787.1;old_locus_tag=Patl_1974;product=hypothetical protein;protein_id=WP_011574787.1;transl_table=11;translation=length.56
38	CAZyme	3	3	CGC2	NC_008228	53112	55373	PATL_RS10070	+	DB=AA2;ID=PATL_RS10070	DB=AA2;ID=PATL_RS10070
39	null	null	null	CGC2	NC_008228	55498	56283	PATL_RS10070	-	ID=PATL_RS10075;Parent=PATL_RS10075;eC_number=1.1.1.30;gO_function=GO:0003858 - 3-hydroxybutyrate dehydrogenase activity [Evidence IEA];Name=PATL_RS10075;Note=Derived by automated computational analysis using gene prediction method: Protein Homology.;codon_start=1;inference=COORDINATES: similar to AA sequence:RefSeq:WP_006992904.1;old_locus_tag=Patl_1976;product=3-hydroxybutyrate dehydrogenase;protein_id=WP_011574789.1;transl_table=11;translation=length.261
40	null	null	null	CGC2	NC_008228	56280	57389	PATL_RS10070	-	ID=PATL_RS10080;Parent=PATL_RS10080;gO_component=GO:0005576 - extracellular region [Evidence IEA];gO_function=GO:0016787 - hydrolase activity [Evidence IEA];Name=PATL_RS10080;Note=Derived by automated computational analysis using gene prediction method: Protein Homology.;codon_start=1;inference=COORDINATES: similar to AA sequence:RefSeq:WP_007991308.1;old_locus_tag=Patl_1977;product=PHB depolymerase family esterase;protein_id=WP_011574790.1;transl_table=11;translation=length.369
41	null	null	null	CGC2	NC_008228	57416	58618	PATL_RS10070	-	ID=PATL_RS10085;Parent=PATL_RS10085;eC_number=2.3.1.31;gO_function=GO:0016747 - acyltransferase activity%2C transferring groups other than amino-acyl groups [Evidence IEA];gO_process=GO:0009058 - biosynthetic process [Evidence IEA];Name=PATL_RS10085;Note=Derived by automated computational analysis using gene prediction method: Protein Homology.;codon_start=1;inference=COORDINATES: similar to AA sequence:RefSeq:WP_006992902.1;old_locus_tag=Patl_1978;product=E22 family MetX-like putative esterase;protein_id=WP_011574791.1;transl_table=11;translation=length.400
42	TC	0	3	CGC2	NC_008228	58650	59945	PATL_RS10090	-	DB=gnl|TC-DB|Q8RFA1|2.A.8.1.13;ID=PATL_RS10090	DB=gnl|TC-DB|Q8RFA1|2.A.8.1.13;ID=PATL_RS10090
43	TC	null	0	CGC2	NC_008228	60139	62463	PATL_RS10095	+	DB=gnl|TC-DB|Q2M5P4|1.B.14.8.2;ID=PATL_RS10095	DB=gnl|TC-DB|Q2M5P4|1.B.14.8.2;ID=PATL_RS10095
+++++
