5	TC	2	null	CGC1	LR131279.1	7839	9491	VDS02519.1	+	DB=gnl|TC-DB|Q0P9C4|3.A.1.106.15;ID=VDS02519.1	DB=gnl|TC-DB|Q0P9C4|3.A.1.106.15;ID=VDS02519.1
6	null	null	null	CGC1	LR131279.1	9532	10389	VDS02519.1	+	ID=VDS02520.1;protein_id=VDS02520.1;product=FIG00413187: hypothetical protein
7	null	null	null	CGC1	LR131279.1	10364	10825	VDS02519.1	+	ID=VDS02521.1;protein_id=VDS02521.1;product=FIG00414138: hypothetical protein
8	CAZyme	1	2	CGC1	LR131279.1	10853	11962	VDS02522.1	-	DB=GH171;ID=VDS02522.1	DB=GH171;ID=VDS02522.1
9	STP	0	0	CGC1	LR131279.1	12067	12603	VDS02523.1	+	DB=STP|HD;ID=VDS02523.1	DB=STP|HD;ID=VDS02523.1
10	TC	1	1	CGC1	LR131279.1	12832	15429	VDS02524.1	+	DB=gnl|TC-DB|L7WGX6|1.B.42.1.8;ID=VDS02524.1	DB=gnl|TC-DB|L7WGX6|1.B.42.1.8;ID=VDS02524.1
11	null	null	null	CGC1	LR131279.1	15519	16181	VDS02524.1	-	ID=VDS02525.1;protein_id=VDS02525.1;product=Uracil-DNA glycosylase, family 1
12	TC	2	1	CGC1	LR131279.1	16829	19813	VDS02526.1	+	DB=gnl|TC-DB|Q45780|1.B.14.6.1;ID=VDS02526.1	DB=gnl|TC-DB|Q45780|1.B.14.6.1;ID=VDS02526.1
13	null	null	null	CGC1	LR131279.1	19833	21536	VDS02526.1	+	ID=VDS02527.1;protein_id=VDS02527.1;product=putative outer membrane protein probably involved in nutrient binding
14	null	null	null	CGC1	LR131279.1	21592	22050	VDS02526.1	+	ID=VDS02528.1;protein_id=VDS02528.1;product=FIG00409546: hypothetical protein
15	CAZyme	1	2	CGC1	LR131279.1	22245	23702	VDS02529.1	+	DB=GH27;ID=VDS02529.1	DB=GH27;ID=VDS02529.1
16	null	null	null	CGC1	LR131279.1	23796	24836	VDS02529.1	-	ID=VDS02530.1;protein_id=VDS02530.1;product=Aspartate--ammonia ligase
17	TC	0	1	CGC1	LR131279.1	25473	28697	VDS02531.1	+	DB=gnl|TC-DB|Q45780|1.B.14.6.1;ID=VDS02531.1	DB=gnl|TC-DB|Q45780|1.B.14.6.1;ID=VDS02531.1
18	TC	0	0	CGC1	LR131279.1	28717	30219	VDS02532.1	+	DB=gnl|TC-DB|Q5LEN2|8.A.46.1.4;ID=VDS02532.1	DB=gnl|TC-DB|Q5LEN2|8.A.46.1.4;ID=VDS02532.1
19	CAZyme	0	0	CGC1	LR131279.1	30409	31992	VDS02533.1	+	DB=CBM93|GH33;ID=VDS02533.1	DB=CBM93|GH33;ID=VDS02533.1
20	CAZyme	1	0	CGC1	LR131279.1	31996	34002	VDS02534.1	+	DB=GH20;ID=VDS02534.1	DB=GH20;ID=VDS02534.1
21	null	null	null	CGC1	LR131279.1	34004	34669	VDS02534.1	+	ID=VDS02535.1;protein_id=VDS02535.1;product=Beta-lactamase (Cephalosporinase)
22	CAZyme	0	1	CGC1	LR131279.1	34732	36729	VDS02536.1	+	DB=CE3|CE20;ID=VDS02536.1	DB=CE3|CE20;ID=VDS02536.1
23	CAZyme	0	0	CGC1	LR131279.1	36780	39323	VDS02537.1	+	DB=GH2;ID=VDS02537.1	DB=GH2;ID=VDS02537.1
24	CAZyme	null	0	CGC1	LR131279.1	39352	41664	VDS02538.1	+	DB=GH20;ID=VDS02538.1	DB=GH20;ID=VDS02538.1
+++++
