5	TC	4	null	CGC1	LR131279	7839	9491	VDS02519.1	+	DB=gnl|TC-DB|Q0P9C4|3.A.1.106.15;ID=VDS02519.1	DB=gnl|TC-DB|Q0P9C4|3.A.1.106.15;ID=VDS02519.1
6	null	null	null	CGC1	LR131279	9532	10389	VDS02520.1	+	;ID=VDS02520.1
7	null	null	null	CGC1	LR131279	10364	10825	VDS02521.1	+	;ID=VDS02521.1
8	null	null	null	CGC1	LR131279	10853	11962	VDS02522.1	-	;ID=VDS02522.1
9	STP	0	3	CGC1	LR131279	12067	12603	VDS02523.1	+	DB=STP|HD;ID=VDS02523.1	DB=STP|HD;ID=VDS02523.1
10	TC	1	4	CGC1	LR131279	12832	15429	VDS02524.1	+	DB=gnl|TC-DB|L7WGX6|1.B.42.1.8;ID=VDS02524.1	DB=gnl|TC-DB|L7WGX6|1.B.42.1.8;ID=VDS02524.1
11	null	null	null	CGC1	LR131279	15519	16181	VDS02525.1	-	;ID=VDS02525.1
12	TC	0	1	CGC1	LR131279	16829	19813	VDS02526.1	+	DB=gnl|TC-DB|Q45780|1.B.14.6.1;ID=VDS02526.1	DB=gnl|TC-DB|Q45780|1.B.14.6.1;ID=VDS02526.1
13	TC	2	0	CGC1	LR131279	25473	28697	VDS02531.1	+	DB=gnl|TC-DB|Q45780|1.B.14.6.1;ID=VDS02531.1	DB=gnl|TC-DB|Q45780|1.B.14.6.1;ID=VDS02531.1
14	null	null	null	CGC1	LR131279	19833	21536	VDS02527.1	+	;ID=VDS02527.1
15	null	null	null	CGC1	LR131279	21592	22050	VDS02528.1	+	;ID=VDS02528.1
16	CAZyme	1	2	CGC1	LR131279	22245	23702	VDS02529.1	+	DB=GH27;ID=VDS02529.1	DB=GH27;ID=VDS02529.1
17	null	null	null	CGC1	LR131279	23796	24836	VDS02530.1	-	;ID=VDS02530.1
18	TC	0	1	CGC1	LR131279	28717	30219	VDS02532.1	+	DB=gnl|TC-DB|Q5LEN2|8.A.46.1.4;ID=VDS02532.1	DB=gnl|TC-DB|Q5LEN2|8.A.46.1.4;ID=VDS02532.1
19	CAZyme	0	0	CGC1	LR131279	30409	31992	VDS02533.1	+	DB=GH33;ID=VDS02533.1	DB=GH33;ID=VDS02533.1
20	CAZyme	2	0	CGC1	LR131279	31996	34002	VDS02534.1	+	DB=GH20;ID=VDS02534.1	DB=GH20;ID=VDS02534.1
21	null	null	null	CGC1	LR131279	34004	34669	VDS02535.1	+	;ID=VDS02535.1
22	null	null	null	CGC1	LR131279	34732	36729	VDS02536.1	+	;ID=VDS02536.1
23	CAZyme	0	2	CGC1	LR131279	36780	39323	VDS02537.1	+	DB=GH2;ID=VDS02537.1	DB=GH2;ID=VDS02537.1
24	CAZyme	null	0	CGC1	LR131279	39352	41664	VDS02538.1	+	DB=GH20;ID=VDS02538.1	DB=GH20;ID=VDS02538.1
+++++
