5	CAZyme	0	null	CGC1	NZ_VISB01000001	3567	4664	JM81_RS13695	-	DB=GH33;ID=JM81_RS13695	DB=GH33;ID=JM81_RS13695
6	CAZyme	4	0	CGC1	NZ_VISB01000001	4676	6094	JM81_RS13700	-	DB=GH29;ID=JM81_RS13700	DB=GH29;ID=JM81_RS13700
7	null	null	null	CGC1	NZ_VISB01000001	6545	7903	JM81_RS13700	+	ID=JM81_RS13705;Parent=JM81_RS13705;gO_function=GO:0016491 - oxidoreductase activity [Evidence IEA]%3B GO:0016651 - oxidoreductase activity%2C acting on NAD(P)H [Evidence IEA];Name=JM81_RS13705;Note=Derived by automated computational analysis using gene prediction method: Protein Homology.;codon_start=1;inference=COORDINATES: protein motif:HMM:NF013567.5;old_locus_tag=JM81_2795;product=Gfo/Idh/MocA family protein;protein_id=WP_144804255.1;transl_table=11;translation=length.452
8	null	null	null	CGC1	NZ_VISB01000001	7916	8992	JM81_RS13700	+	ID=JM81_RS13710;Parent=JM81_RS13710;Name=JM81_RS13710;Note=Derived by automated computational analysis using gene prediction method: Protein Homology.;codon_start=1;inference=COORDINATES: protein motif:HMM:NF025465.5;old_locus_tag=JM81_2796;product=PmoA family protein;protein_id=WP_144804257.1;transl_table=11;translation=length.358
9	null	null	null	CGC1	NZ_VISB01000001	8998	9603	JM81_RS13700	+	ID=JM81_RS13715;Parent=JM81_RS13715;Name=JM81_RS13715;Note=Derived by automated computational analysis using gene prediction method: Protein Homology.;codon_start=1;inference=COORDINATES: protein motif:HMM:NF018178.5;old_locus_tag=JM81_2797;product=3-keto-disaccharide hydrolase;protein_id=WP_144804259.1;transl_table=11;translation=length.201
10	TF	0	3	CGC1	NZ_VISB01000001	9682	10719	JM81_RS13720	+	DB=DBD-Pfam|LacI,DBD-SUPERFAMILY|0036955;ID=JM81_RS13720	DB=DBD-Pfam|LacI,DBD-SUPERFAMILY|0036955;ID=JM81_RS13720
11	TC	0	4	CGC1	NZ_VISB01000001	10799	12457	JM81_RS13725	-	DB=gnl|TC-DB|G0IYY9|8.A.46.1.6;ID=JM81_RS13725	DB=gnl|TC-DB|G0IYY9|8.A.46.1.6;ID=JM81_RS13725
12	TC	9	0	CGC1	NZ_VISB01000001	12499	15573	JM81_RS13730	-	DB=gnl|TC-DB|Q45780|1.B.14.6.1;ID=JM81_RS13730	DB=gnl|TC-DB|Q45780|1.B.14.6.1;ID=JM81_RS13730
13	null	null	null	CGC1	NZ_VISB01000001	15956	16849	JM81_RS13730	-	ID=JM81_RS13735;Parent=JM81_RS13735;Name=JM81_RS13735;Note=Derived by automated computational analysis using gene prediction method: GeneMarkS-2+.;codon_start=1;inference=COORDINATES: ab initio prediction:GeneMarkS-2+;old_locus_tag=JM81_2801;product=hypothetical protein;protein_id=WP_144804267.1;transl_table=11;translation=length.297
14	null	null	null	CGC1	NZ_VISB01000001	17091	18305	JM81_RS13730	+	ID=JM81_RS13740;Parent=JM81_RS13740;eC_number=2.7.7.7;gO_function=GO:0003684 - damaged DNA binding [Evidence IEA]%3B GO:0003887 - DNA-directed DNA polymerase activity [Evidence IEA];gO_process=GO:0006281 - DNA repair [Evidence IEA];Name=dinB;Note=Derived by automated computational analysis using gene prediction method: Protein Homology.;codon_start=1;inference=COORDINATES: similar to AA sequence:RefSeq:WP_012813835.1;locus_tag=JM81_RS13740;old_locus_tag=JM81_2802;product=DNA polymerase IV;protein_id=WP_144804269.1;transl_table=11;translation=length.404
15	null	null	null	CGC1	NZ_VISB01000001	18551	21592	JM81_RS13730	+	ID=JM81_RS13745;Parent=JM81_RS13745;eC_number=2.7.7.7;gO_function=GO:0008408 - 3'-5' exonuclease activity [Evidence IEA]%3B GO:0003677 - DNA binding [Evidence IEA]%3B GO:0003887 - DNA-directed DNA polymerase activity [Evidence IEA];gO_process=GO:0006260 - DNA replication [Evidence IEA]%3B GO:0006261 - DNA-templated DNA replication [Evidence IEA];Name=JM81_RS13745;Note=Derived by automated computational analysis using gene prediction method: Protein Homology.;codon_start=1;inference=COORDINATES: similar to AA sequence:RefSeq:WP_010519487.1;old_locus_tag=JM81_2803;product=DNA polymerase III subunit alpha;protein_id=WP_144805648.1;transl_table=11;translation=length.1013
16	TF	5	3	CGC1	NZ_VISB01000001	21799	22659	JM81_RS13750	-	DB=DBD-Pfam|HTH_AraC,DBD-SUPERFAMILY|0035607;ID=JM81_RS13750	DB=DBD-Pfam|HTH_AraC,DBD-SUPERFAMILY|0035607;ID=JM81_RS13750
17	STP	4	4	CGC1	NZ_VISB01000001	22868	23452	JM81_RS13755	+	DB=STP|SIS;ID=JM81_RS13755	DB=STP|SIS;ID=JM81_RS13755
18	null	null	null	CGC1	NZ_VISB01000001	23502	24131	JM81_RS13755	+	ID=JM81_RS13760;Parent=JM81_RS13760;eC_number=4.1.2.43;gO_function=GO:0043801 - hexulose-6-phosphate synthase activity [Evidence IEA];gO_process=GO:0005975 - carbohydrate metabolic process [Evidence IEA]%3B GO:0019647 - formaldehyde assimilation via ribulose monophosphate cycle [Evidence IEA];Name=hxlA;Note=Derived by automated computational analysis using gene prediction method: Protein Homology.;codon_start=1;inference=COORDINATES: similar to AA sequence:RefSeq:WP_013552630.1;locus_tag=JM81_RS13760;old_locus_tag=JM81_2806;product=3-hexulose-6-phosphate synthase;protein_id=WP_144804273.1;transl_table=11;translation=length.209
19	null	null	null	CGC1	NZ_VISB01000001	24328	24540	JM81_RS13755	+	ID=JM81_RS13765;Parent=JM81_RS13765;Name=JM81_RS13765;Note=Derived by automated computational analysis using gene prediction method: GeneMarkS-2+.;codon_start=1;inference=COORDINATES: ab initio prediction:GeneMarkS-2+;old_locus_tag=JM81_2807;product=hypothetical protein;protein_id=WP_144804275.1;transl_table=11;translation=length.70
20	null	null	null	CGC1	NZ_VISB01000001	24608	24745	JM81_RS13755	-	ID=JM81_RS18460;Parent=JM81_RS18460;Name=JM81_RS18460;Note=Derived by automated computational analysis using gene prediction method: Protein Homology.;codon_start=1;inference=COORDINATES: similar to AA sequence:RefSeq:WP_013187821.1;old_locus_tag=JM81_2808;product=hypothetical protein;protein_id=WP_027065147.1;transl_table=11;translation=length.45
21	null	null	null	CGC1	NZ_VISB01000001	24868	26499	JM81_RS13755	-	ID=JM81_RS13770;Parent=JM81_RS13770;eC_number=3.1.1.-;Name=JM81_RS13770;Note=Derived by automated computational analysis using gene prediction method: Protein Homology.;codon_start=1;inference=COORDINATES: similar to AA sequence:RefSeq:WP_007136699.1;old_locus_tag=JM81_2809;product=carboxylesterase/lipase family protein;protein_id=WP_144804277.1;transl_table=11;translation=length.543
22	TC	5	9	CGC1	NZ_VISB01000001	26681	28102	JM81_RS13775	-	DB=gnl|TC-DB|Q082R8|2.A.39.5.1;ID=JM81_RS13775	DB=gnl|TC-DB|Q082R8|2.A.39.5.1;ID=JM81_RS13775
23	null	null	null	CGC1	NZ_VISB01000001	28117	29268	JM81_RS13775	-	ID=JM81_RS13780;Parent=JM81_RS13780;eC_number=1.-.-.-;gO_function=GO:0016491 - oxidoreductase activity [Evidence IEA];Name=JM81_RS13780;Note=Derived by automated computational analysis using gene prediction method: Protein Homology.;codon_start=1;inference=COORDINATES: similar to AA sequence:RefSeq:WP_013071030.1;old_locus_tag=JM81_2811;product=alpha-hydroxy acid oxidase;protein_id=WP_144804281.1;transl_table=11;translation=length.383
24	null	null	null	CGC1	NZ_VISB01000001	29278	30648	JM81_RS13775	-	ID=JM81_RS13785;Parent=JM81_RS13785;eC_number=2.7.1.-;gO_function=GO:0005524 - ATP binding [Evidence IEA]%3B GO:0019200 - carbohydrate kinase activity [Evidence IEA];gO_process=GO:0016310 - phosphorylation [Evidence IEA];Name=JM81_RS13785;Note=Derived by automated computational analysis using gene prediction method: Protein Homology.;codon_start=1;inference=COORDINATES: similar to AA sequence:RefSeq:WP_009781043.1;old_locus_tag=JM81_2812;product=FGGY-family carbohydrate kinase;protein_id=WP_144804283.1;transl_table=11;translation=length.456
25	null	null	null	CGC1	NZ_VISB01000001	30652	31932	JM81_RS13775	-	ID=JM81_RS13790;Parent=JM81_RS13790;Name=JM81_RS13790;Note=Derived by automated computational analysis using gene prediction method: Protein Homology.;codon_start=1;inference=COORDINATES: similar to AA sequence:RefSeq:WP_008467630.1;old_locus_tag=JM81_2813;product=sugar isomerase;protein_id=WP_144804285.1;transl_table=11;translation=length.426
26	null	null	null	CGC1	NZ_VISB01000001	32002	34098	JM81_RS13775	-	ID=JM81_RS13795;Parent=JM81_RS13795;Name=JM81_RS13795;Note=Derived by automated computational analysis using gene prediction method: Protein Homology.;codon_start=1;inference=COORDINATES: similar to AA sequence:RefSeq:WP_008612677.1;old_locus_tag=JM81_2814;product=bifunctional aldolase/short-chain dehydrogenase;protein_id=WP_144804287.1;transl_table=11;translation=length.698
27	TF	0	4	CGC1	NZ_VISB01000001	34298	35344	JM81_RS13800	+	DB=DBD-Pfam|GntR,DBD-SUPERFAMILY|0037767;ID=JM81_RS13800	DB=DBD-Pfam|GntR,DBD-SUPERFAMILY|0037767;ID=JM81_RS13800
28	CAZyme	0	5	CGC1	NZ_VISB01000001	35518	36750	JM81_RS13805	+	DB=CE12;ID=JM81_RS13805	DB=CE12;ID=JM81_RS13805
29	CAZyme	0	0	CGC1	NZ_VISB01000001	36764	39619	JM81_RS13810	+	DB=GH2;ID=JM81_RS13810	DB=GH2;ID=JM81_RS13810
30	CAZyme	0	0	CGC1	NZ_VISB01000001	39622	41133	JM81_RS13815	+	DB=CE12|CE12;ID=JM81_RS13815	DB=CE12|CE12;ID=JM81_RS13815
31	CAZyme	1	0	CGC1	NZ_VISB01000001	41138	43579	JM81_RS13820	-	DB=GH115;ID=JM81_RS13820	DB=GH115;ID=JM81_RS13820
32	null	null	null	CGC1	NZ_VISB01000001	43587	45731	JM81_RS13820	-	ID=JM81_RS13825;Parent=JM81_RS13825;Name=JM81_RS13825;Note=Derived by automated computational analysis using gene prediction method: Protein Homology.;codon_start=1;inference=COORDINATES: similar to AA sequence:RefSeq:WP_008612670.1;old_locus_tag=JM81_2820;product=hypothetical protein;protein_id=WP_144804299.1;transl_table=11;translation=length.714
33	CAZyme	2	1	CGC1	NZ_VISB01000001	45753	47234	JM81_RS13830	-	DB=GH28;ID=JM81_RS13830	DB=GH28;ID=JM81_RS13830
34	null	null	null	CGC1	NZ_VISB01000001	47272	47586	JM81_RS13830	-	ID=JM81_RS13835;Parent=JM81_RS13835;eC_number=5.1.3.32;gO_component=GO:0005737 - cytoplasm [Evidence IEA];gO_function=GO:0062192 - L-rhamnose mutarotase activity [Evidence IEA]%3B GO:0016857 - racemase and epimerase activity%2C acting on carbohydrates and derivatives [Evidence IEA];gO_process=GO:0019299 - rhamnose metabolic process [Evidence IEA];Name=rhaM;Note=Derived by automated computational analysis using gene prediction method: Protein Homology.;codon_start=1;inference=COORDINATES: similar to AA sequence:RefSeq:WP_010517532.1;locus_tag=JM81_RS13835;old_locus_tag=JM81_2822;product=L-rhamnose mutarotase;protein_id=WP_144804303.1;transl_table=11;translation=length.104
35	null	null	null	CGC1	NZ_VISB01000001	47591	48946	JM81_RS13830	-	ID=JM81_RS13840;Parent=JM81_RS13840;gO_function=GO:0008484 - sulfuric ester hydrolase activity [Evidence IEA];Name=JM81_RS13840;Note=Derived by automated computational analysis using gene prediction method: Protein Homology.;codon_start=1;inference=COORDINATES: similar to AA sequence:RefSeq:WP_009779299.1;old_locus_tag=JM81_2823;product=sulfatase-like hydrolase/transferase;protein_id=WP_144804305.1;transl_table=11;translation=length.451
36	CAZyme	2	2	CGC1	NZ_VISB01000001	48950	50251	JM81_RS13845	-	DB=GH105;ID=JM81_RS13845	DB=GH105;ID=JM81_RS13845
37	null	null	null	CGC1	NZ_VISB01000001	50325	51602	JM81_RS13845	-	ID=JM81_RS13850;Parent=JM81_RS13850;Name=JM81_RS13850;Note=Derived by automated computational analysis using gene prediction method: Protein Homology.;codon_start=1;inference=COORDINATES: similar to AA sequence:RefSeq:WP_012026203.1;old_locus_tag=JM81_2825;product=DUF4861 domain-containing protein;protein_id=WP_144804309.1;transl_table=11;translation=length.425
38	null	null	null	CGC1	NZ_VISB01000001	51615	52874	JM81_RS13845	-	ID=JM81_RS13855;Parent=JM81_RS13855;Name=JM81_RS13855;Note=Derived by automated computational analysis using gene prediction method: Protein Homology.;codon_start=1;inference=COORDINATES: similar to AA sequence:RefSeq:WP_010517528.1;old_locus_tag=JM81_2826;product=PD40 domain-containing protein;protein_id=WP_144804311.1;transl_table=11;translation=length.419
39	TC	0	2	CGC1	NZ_VISB01000001	52969	54546	JM81_RS13860	-	DB=gnl|TC-DB|G0IYY9|8.A.46.1.6;ID=JM81_RS13860	DB=gnl|TC-DB|G0IYY9|8.A.46.1.6;ID=JM81_RS13860
40	TC	1	0	CGC1	NZ_VISB01000001	54579	57563	JM81_RS13865	-	DB=gnl|TC-DB|Q45780|1.B.14.6.1;ID=JM81_RS13865	DB=gnl|TC-DB|Q45780|1.B.14.6.1;ID=JM81_RS13865
41	null	null	null	CGC1	NZ_VISB01000001	57807	59750	JM81_RS13865	-	ID=JM81_RS13870;Parent=JM81_RS13870;Name=JM81_RS13870;Note=Derived by automated computational analysis using gene prediction method: Protein Homology.;codon_start=1;inference=COORDINATES: similar to AA sequence:RefSeq:WP_010516991.1;old_locus_tag=JM81_2829;product=RagB/SusD family nutrient uptake outer membrane protein;protein_id=WP_144804317.1;transl_table=11;translation=length.647
42	TC	1	1	CGC1	NZ_VISB01000001	59783	62914	JM81_RS13875	-	DB=gnl|TC-DB|Q45780|1.B.14.6.1;ID=JM81_RS13875	DB=gnl|TC-DB|Q45780|1.B.14.6.1;ID=JM81_RS13875
43	null	null	null	CGC1	NZ_VISB01000001	63171	63722	JM81_RS13875	-	ID=JM81_RS18530;Parent=JM81_RS18530;Name=JM81_RS18530;Note=Derived by automated computational analysis using gene prediction method: Protein Homology.;codon_start=1;inference=COORDINATES: protein motif:HMM:NF044456.2;product=DUF5110 domain-containing protein;protein_id=WP_222430307.1;transl_table=11;translation=length.183
44	CAZyme	0	1	CGC1	NZ_VISB01000001	63719	65593	JM81_RS13880	-	DB=GH31_9;ID=JM81_RS13880	DB=GH31_9;ID=JM81_RS13880
45	CAZyme	0	0	CGC1	NZ_VISB01000001	65701	68529	JM81_RS13885	+	DB=GH106;ID=JM81_RS13885	DB=GH106;ID=JM81_RS13885
46	CAZyme	0	0	CGC1	NZ_VISB01000001	68540	69664	JM81_RS13890	+	DB=GH105;ID=JM81_RS13890	DB=GH105;ID=JM81_RS13890
47	CAZyme	0	0	CGC1	NZ_VISB01000001	69689	71470	JM81_RS13895	+	DB=GH43_18;ID=JM81_RS13895	DB=GH43_18;ID=JM81_RS13895
48	CAZyme	0	0	CGC1	NZ_VISB01000001	71544	75179	JM81_RS13900	+	DB=CBM67|GH78;ID=JM81_RS13900	DB=CBM67|GH78;ID=JM81_RS13900
49	CAZyme	null	0	CGC1	NZ_VISB01000001	75221	76201	JM81_RS13905	-	DB=GH179;ID=JM81_RS13905	DB=GH179;ID=JM81_RS13905
+++++
