2	CAZyme	4	null	CGC1	JAATOH010000049	4387	6855	HCN73_09295	-	DB=GH43_4;ID=HCN73_09295	DB=GH43_4;ID=HCN73_09295
3	null	null	null	CGC1	JAATOH010000049	7142	8740	HCN73_09295	+	ID=HCN73_09300;Parent=HCN73_09300.t01;Name=HCN73_09300;Note=Derived by automated computational analysis using gene prediction method: Protein Homology.;codon_start=1;inference=COORDINATES: similar to AA sequence:RefSeq:WP_011102218.1;product=FGGY-family carbohydrate kinase;protein_id=MBA2916506.1;transl_table=11;translation=length.532
4	null	null	null	CGC1	JAATOH010000049	8759	9487	HCN73_09295	+	ID=HCN73_09305;Parent=HCN73_09305.t01;Name=HCN73_09305;Note=Derived by automated computational analysis using gene prediction method: Protein Homology.;codon_start=1;inference=COORDINATES: similar to AA sequence:RefSeq:WP_003676120.1;product=L-ribulose-5-phosphate 4-epimerase;protein_id=MBA2916507.1;transl_table=11;translation=length.242
5	TF	1	2	CGC1	JAATOH010000049	9628	10722	HCN73_09310	+	DB=DBD-Pfam|GntR,DBD-SUPERFAMILY|0043758;ID=HCN73_09310	DB=DBD-Pfam|GntR,DBD-SUPERFAMILY|0043758;ID=HCN73_09310
6	null	null	null	CGC1	JAATOH010000049	10861	11820	HCN73_09310	-	ID=HCN73_09315;Parent=HCN73_09315.t01;Name=HCN73_09315;Note=Derived by automated computational analysis using gene prediction method: Protein Homology.;codon_start=1;inference=COORDINATES: similar to AA sequence:RefSeq:WP_003675957.1;product=beta-galactosidase small subunit;protein_id=MBA2916509.1;transl_table=11;translation=length.319
7	CAZyme	1	4	CGC1	JAATOH010000049	11804	13675	HCN73_09320	-	DB=GH2;ID=HCN73_09320	DB=GH2;ID=HCN73_09320
8	null	null	null	CGC1	JAATOH010000049	13847	15274	HCN73_09320	+	ID=HCN73_09325;Parent=HCN73_09325.t01;eC_number=5.3.1.4;Name=araA;Note=Derived by automated computational analysis using gene prediction method: Protein Homology.;codon_start=1;inference=COORDINATES: similar to AA sequence:RefSeq:WP_007123496.1;locus_tag=HCN73_09325;product=L-arabinose isomerase;protein_id=MBA2916511.1;transl_table=11;translation=length.475
9	CAZyme	0	1	CGC1	JAATOH010000049	15456	17120	HCN73_09330	-	DB=GH43_4;ID=HCN73_09330	DB=GH43_4;ID=HCN73_09330
10	CAZyme	0	0	CGC1	JAATOH010000049	17297	19243	HCN73_09335	+	DB=GH127;ID=HCN73_09335	DB=GH127;ID=HCN73_09335
11	CAZyme	1	0	CGC1	JAATOH010000049	19246	20694	HCN73_09340	+	DB=GH51_1;ID=HCN73_09340	DB=GH51_1;ID=HCN73_09340
12	null	null	null	CGC1	JAATOH010000049	20787	21416	HCN73_09340	-	ID=HCN73_09345;Parent=HCN73_09345.t01;Name=HCN73_09345;Note=Derived by automated computational analysis using gene prediction method: GeneMarkS-2+.;codon_start=1;inference=COORDINATES: ab initio prediction:GeneMarkS-2+;product=hypothetical protein;protein_id=MBA2916515.1;transl_table=11;translation=length.209
13	TC	0	1	CGC1	JAATOH010000049	21661	23019	HCN73_09350	+	DB=gnl|TC-DB|P94528|3.A.1.1.34;ID=HCN73_09350	DB=gnl|TC-DB|P94528|3.A.1.1.34;ID=HCN73_09350
14	TC	0	0	CGC1	JAATOH010000049	23093	24010	HCN73_09355	+	DB=gnl|TC-DB|P94529|3.A.1.1.34;ID=HCN73_09355	DB=gnl|TC-DB|P94529|3.A.1.1.34;ID=HCN73_09355
15	TC	1	0	CGC1	JAATOH010000049	24027	24875	HCN73_09360	+	DB=gnl|TC-DB|P94530|3.A.1.1.34;ID=HCN73_09360	DB=gnl|TC-DB|P94530|3.A.1.1.34;ID=HCN73_09360
16	null	null	null	CGC1	JAATOH010000049	24883	25554	HCN73_09360	+	ID=HCN73_09365;Parent=HCN73_09365.t01;Name=HCN73_09365;Note=Derived by automated computational analysis using gene prediction method: GeneMarkS-2+.;codon_start=1;inference=COORDINATES: ab initio prediction:GeneMarkS-2+;product=hypothetical protein;protein_id=MBA2916519.1;transl_table=11;translation=length.223
17	CAZyme	0	1	CGC1	JAATOH010000049	25634	26578	HCN73_09370	+	DB=GH43_26;ID=HCN73_09370	DB=GH43_26;ID=HCN73_09370
18	CAZyme	1	0	CGC1	JAATOH010000049	26598	28091	HCN73_09375	+	DB=GH51_1;ID=HCN73_09375	DB=GH51_1;ID=HCN73_09375
19	null	null	null	CGC1	JAATOH010000049	28102	29124	HCN73_09375	+	ID=HCN73_09380;Parent=HCN73_09380.t01;Name=HCN73_09380;Note=Derived by automated computational analysis using gene prediction method: Protein Homology.;codon_start=1;inference=COORDINATES: similar to AA sequence:RefSeq:WP_003629442.1;product=galactose mutarotase;protein_id=MBA2916522.1;transl_table=11;translation=length.340
20	CAZyme	0	1	CGC1	JAATOH010000049	29190	30458	HCN73_09385	+	DB=GH27;ID=HCN73_09385	DB=GH27;ID=HCN73_09385
21	TC	null	0	CGC1	JAATOH010000049	30517	31626	HCN73_09390	-	DB=gnl|TC-DB|Q7WWQ6|3.A.1.1.20;ID=HCN73_09390	DB=gnl|TC-DB|Q7WWQ6|3.A.1.1.20;ID=HCN73_09390
+++++
