0	TC	7	null	CGC1	LT674128.1	329	1504	SIP56396.1	-	DB=gnl|TC-DB|P76628|2.A.1.36.3;ID=SIP56396.1	DB=gnl|TC-DB|P76628|2.A.1.36.3;ID=SIP56396.1
1	TF	6	0	CGC1	LT674128.1	1912	3612	SIP56397.1	+	DB=DBD-Pfam|HTH_AraC,DBD-Pfam|HTH_AraC,DBD-SUPERFAMILY|0036286,DBD-SUPERFAMILY|0035607;ID=SIP56397.1	DB=DBD-Pfam|HTH_AraC,DBD-Pfam|HTH_AraC,DBD-SUPERFAMILY|0036286,DBD-SUPERFAMILY|0035607;ID=SIP56397.1
2	null	null	null	CGC1	LT674128.1	3777	5171	SIP56397.1	-	ID=SIP56398.1;protein_id=SIP56398.1;product=tRNA modification GTPase MnmE
3	null	null	null	CGC1	LT674128.1	5451	6329	SIP56397.1	-	ID=SIP56399.1;protein_id=SIP56399.1;product=Purine nucleoside phosphorylase DeoD-type
4	null	null	null	CGC1	LT674128.1	6424	7425	SIP56397.1	-	ID=SIP56400.1;protein_id=SIP56400.1;product=SigmaW regulon antibacterial
5	null	null	null	CGC1	LT674128.1	7477	7947	SIP56397.1	-	ID=SIP56401.1;protein_id=SIP56401.1;product=hypothetical protein
6	STP	1	5	CGC1	LT674128.1	7956	9386	SIP56402.1	-	DB=STP|TPR_2;ID=SIP56402.1	DB=STP|TPR_2;ID=SIP56402.1
7	null	null	null	CGC1	LT674128.1	9553	10302	SIP56402.1	+	ID=SIP56403.1;protein_id=SIP56403.1;product=tRNA 2-thiocytidine biosynthesis protein TtcA
8	TC	1	7	CGC1	LT674128.1	10324	10692	SIP56404.1	+	DB=gnl|TC-DB|Q64X46|2.A.7.34.3;ID=SIP56404.1	DB=gnl|TC-DB|Q64X46|2.A.7.34.3;ID=SIP56404.1
9	null	null	null	CGC1	LT674128.1	10714	11730	SIP56404.1	-	ID=SIP56405.1;protein_id=SIP56405.1;product=Thiamine biosynthesis lipoprotein ApbE precursor
10	TC	2	1	CGC1	LT674128.1	11757	12335	SIP56406.1	-	DB=gnl|TC-DB|O27840|2.A.107.1.2;ID=SIP56406.1	DB=gnl|TC-DB|O27840|2.A.107.1.2;ID=SIP56406.1
11	null	null	null	CGC1	LT674128.1	12343	13125	SIP56406.1	-	ID=SIP56407.1;protein_id=SIP56407.1;product=hypothetical protein
12	null	null	null	CGC1	LT674128.1	13079	13564	SIP56406.1	-	ID=SIP56408.1;protein_id=SIP56408.1;product=hypothetical protein
13	CAZyme	2	2	CGC1	LT674128.1	13567	14520	SIP56409.1	-	DB=GT2;ID=SIP56409.1	DB=GT2;ID=SIP56409.1
14	null	null	null	CGC1	LT674128.1	14576	15121	SIP56409.1	-	ID=SIP56410.1;protein_id=SIP56410.1;product=hypothetical protein
15	TF	0	1	CGC1	LT674128.1	15817	18768	SIP56411.1	+	DB=DBD-Pfam|GerE;ID=SIP56411.1	DB=DBD-Pfam|GerE;ID=SIP56411.1
16	TC	2	2	CGC1	LT674128.1	19059	22211	SIP56412.1	+	DB=gnl|TC-DB|Q45780|1.B.14.6.1;ID=SIP56412.1	DB=gnl|TC-DB|Q45780|1.B.14.6.1;ID=SIP56412.1
17	null	null	null	CGC1	LT674128.1	22230	23825	SIP56412.1	+	ID=SIP56413.1;protein_id=SIP56413.1;product=SusD family protein
18	null	null	null	CGC1	LT674128.1	23899	24108	SIP56412.1	+	ID=SIP56414.1;protein_id=SIP56414.1;product=hypothetical protein
19	CAZyme	0	2	CGC1	LT674128.1	24194	25138	SIP56415.1	+	DB=GH16_3;ID=SIP56415.1	DB=GH16_3;ID=SIP56415.1
20	CAZyme	0	0	CGC1	LT674128.1	25228	26520	SIP56416.1	+	DB=GH158;ID=SIP56416.1	DB=GH158;ID=SIP56416.1
21	CAZyme	2	0	CGC1	LT674128.1	26532	28775	SIP56417.1	+	DB=GH3;ID=SIP56417.1	DB=GH3;ID=SIP56417.1
22	null	null	null	CGC1	LT674128.1	28879	30168	SIP56417.1	-	ID=SIP56418.1;protein_id=SIP56418.1;product=Enolase
23	null	null	null	CGC1	LT674128.1	30233	30901	SIP56417.1	-	ID=SIP56419.1;protein_id=SIP56419.1;product=Pentapeptide repeats (8 copies)
24	TC	1	2	CGC1	LT674128.1	30915	31292	SIP56420.1	-	DB=gnl|TC-DB|P37002|1.A.43.1.1;ID=SIP56420.1	DB=gnl|TC-DB|P37002|1.A.43.1.1;ID=SIP56420.1
25	null	null	null	CGC1	LT674128.1	32018	32503	SIP56420.1	+	ID=SIP56421.1;protein_id=SIP56421.1;product=hypothetical protein
26	CAZyme	null	1	CGC1	LT674128.1	32731	34884	SIP56422.1	+	DB=GH97;ID=SIP56422.1	DB=GH97;ID=SIP56422.1
+++++
