0	TC	5	null	CGC1	LT674128	329	1504	SIP56396.1	-	DB=gnl|TC-DB|P76628|2.A.1.36.3;ID=SIP56396.1	DB=gnl|TC-DB|P76628|2.A.1.36.3;ID=SIP56396.1
1	TF	4	0	CGC1	LT674128	1912	3612	SIP56397.1	+	DB=DBD-Pfam|HTH_AraC,DBD-Pfam|HTH_AraC,DBD-SUPERFAMILY|0036286,DBD-SUPERFAMILY|0035607;ID=SIP56397.1	DB=DBD-Pfam|HTH_AraC,DBD-Pfam|HTH_AraC,DBD-SUPERFAMILY|0036286,DBD-SUPERFAMILY|0035607;ID=SIP56397.1
2	null	null	null	CGC1	LT674128	3777	5171	SIP56398.1	-	;ID=SIP56398.1
3	null	null	null	CGC1	LT674128	5451	6329	SIP56399.1	-	;ID=SIP56399.1
4	null	null	null	CGC1	LT674128	6424	7425	SIP56400.1	-	;ID=SIP56400.1
5	null	null	null	CGC1	LT674128	7477	7947	SIP56401.1	-	;ID=SIP56401.1
6	TC	4	5	CGC1	LT674128	10324	10692	SIP56404.1	+	DB=gnl|TC-DB|Q64X46|2.A.7.34.3;ID=SIP56404.1	DB=gnl|TC-DB|Q64X46|2.A.7.34.3;ID=SIP56404.1
7	null	null	null	CGC1	LT674128	12343	13125	SIP56407.1	-	;ID=SIP56407.1
8	null	null	null	CGC1	LT674128	13079	13564	SIP56408.1	-	;ID=SIP56408.1
9	null	null	null	CGC1	LT674128	14576	15121	SIP56410.1	-	;ID=SIP56410.1
10	null	null	null	CGC1	LT674128	23899	24108	SIP56414.1	+	;ID=SIP56414.1
11	CAZyme	5	4	CGC1	LT674128	25228	26520	SIP56416.1	+	DB=GH158;ID=SIP56416.1	DB=GH158;ID=SIP56416.1
12	null	null	null	CGC1	LT674128	32018	32503	SIP56421.1	+	;ID=SIP56421.1
13	STP	3	1	CGC1	LT674128	35090	36031	SIP56423.1	+	DB=STP|Fer4;ID=SIP56423.1	DB=STP|Fer4;ID=SIP56423.1
14	STP	2	2	CGC1	LT674128	7956	9386	SIP56402.1	-	DB=STP|TPR_2;ID=SIP56402.1	DB=STP|TPR_2;ID=SIP56402.1
15	null	null	null	CGC1	LT674128	9553	10302	SIP56403.1	+	;ID=SIP56403.1
16	null	null	null	CGC1	LT674128	10714	11730	SIP56405.1	-	;ID=SIP56405.1
17	TC	0	5	CGC1	LT674128	11757	12335	SIP56406.1	-	DB=gnl|TC-DB|O27840|2.A.107.1.2;ID=SIP56406.1	DB=gnl|TC-DB|O27840|2.A.107.1.2;ID=SIP56406.1
18	TC	1	0	CGC1	LT674128	13567	14520	SIP56409.1	-	DB=gnl|TC-DB|P77757|4.D.2.1.8;ID=SIP56409.1	DB=gnl|TC-DB|P77757|4.D.2.1.8;ID=SIP56409.1
19	TF	0	0	CGC1	LT674128	15817	18768	SIP56411.1	+	DB=DBD-Pfam|GerE;ID=SIP56411.1	DB=DBD-Pfam|GerE;ID=SIP56411.1
20	TC	1	1	CGC1	LT674128	19059	22211	SIP56412.1	+	DB=gnl|TC-DB|Q45780|1.B.14.6.1;ID=SIP56412.1	DB=gnl|TC-DB|Q45780|1.B.14.6.1;ID=SIP56412.1
21	null	null	null	CGC1	LT674128	22230	23825	SIP56413.1	+	;ID=SIP56413.1
22	CAZyme	0	1	CGC1	LT674128	24194	25138	SIP56415.1	+	DB=GH16;ID=SIP56415.1	DB=GH16;ID=SIP56415.1
23	CAZyme	2	0	CGC1	LT674128	26532	28775	SIP56417.1	+	DB=GH3;ID=SIP56417.1	DB=GH3;ID=SIP56417.1
24	null	null	null	CGC1	LT674128	28879	30168	Enolase	-	;ID=Enolase
25	null	null	null	CGC1	LT674128	30233	30901	SIP56419.1	-	;ID=SIP56419.1
26	TC	0	2	CGC1	LT674128	30915	31292	SIP56420.1	-	DB=gnl|TC-DB|P37002|1.A.43.1.1;ID=SIP56420.1	DB=gnl|TC-DB|P37002|1.A.43.1.1;ID=SIP56420.1
27	CAZyme	null	0	CGC1	LT674128	32731	34884	SIP56422.1	+	DB=GH97;ID=SIP56422.1	DB=GH97;ID=SIP56422.1
+++++
