0	CAZyme	0	null	CGC1	NZ_CP014224	1	2403	AXE80_RS07320	-	DB=GH107;ID=AXE80_RS07320	DB=GH107;ID=AXE80_RS07320
1	CAZyme	0	0	CGC1	NZ_CP014224	2569	5220	AXE80_RS07325	-	DB=GH107;ID=AXE80_RS07325	DB=GH107;ID=AXE80_RS07325
2	CAZyme	0	0	CGC1	NZ_CP014224	5595	7751	AXE80_RS07330	-	DB=GH141;ID=AXE80_RS07330	DB=GH141;ID=AXE80_RS07330
3	CAZyme	1	0	CGC1	NZ_CP014224	7766	9385	AXE80_RS07335	-	DB=GH43_2;ID=AXE80_RS07335	DB=GH43_2;ID=AXE80_RS07335
4	null	null	null	CGC1	NZ_CP014224	9397	10251	AXE80_RS07335	-	ID=AXE80_RS07340;Parent=AXE80_RS07340;Name=AXE80_RS07340;Note=Derived by automated computational analysis using gene prediction method: GeneMarkS-2+.;codon_start=1;inference=COORDINATES: ab initio prediction:GeneMarkS-2+;old_locus_tag=AXE80_07325;product=hypothetical protein;protein_id=WP_068825877.1;transl_table=11;translation=length.284
5	CAZyme	2	1	CGC1	NZ_CP014224	10288	12660	AXE80_RS07345	-	DB=GH141;ID=AXE80_RS07345	DB=GH141;ID=AXE80_RS07345
6	null	null	null	CGC1	NZ_CP014224	12673	14160	AXE80_RS07345	-	ID=AXE80_RS07350;Parent=AXE80_RS07350;eC_number=3.1.6.-;Name=AXE80_RS07350;Note=Derived by automated computational analysis using gene prediction method: Protein Homology.;codon_start=1;inference=COORDINATES: protein motif:HMM:NF013080.4;old_locus_tag=AXE80_07335;product=arylsulfatase;protein_id=WP_068825883.1;transl_table=11;translation=length.495
7	null	null	null	CGC1	NZ_CP014224	14190	15755	AXE80_RS07345	-	ID=AXE80_RS07355;Parent=AXE80_RS07355;eC_number=3.1.6.-;Name=AXE80_RS07355;Note=Derived by automated computational analysis using gene prediction method: Protein Homology.;codon_start=1;inference=COORDINATES: protein motif:HMM:NF013080.4;old_locus_tag=AXE80_07340;product=sulfatase family protein;protein_id=WP_068828760.1;transl_table=11;translation=length.521
8	CAZyme	0	2	CGC1	NZ_CP014224	15799	18024	AXE80_RS07360	-	DB=GH141;ID=AXE80_RS07360	DB=GH141;ID=AXE80_RS07360
9	CAZyme	0	0	CGC1	NZ_CP014224	18028	19146	AXE80_RS07365	-	DB=GH29;ID=AXE80_RS07365	DB=GH29;ID=AXE80_RS07365
10	CAZyme	1	0	CGC1	NZ_CP014224	19164	21869	AXE80_RS07370	-	DB=GH95;ID=AXE80_RS07370	DB=GH95;ID=AXE80_RS07370
11	null	null	null	CGC1	NZ_CP014224	22045	22494	AXE80_RS07370	-	ID=AXE80_RS07375;Parent=AXE80_RS07375;Name=AXE80_RS07375;Note=Derived by automated computational analysis using gene prediction method: Protein Homology.;codon_start=1;inference=COORDINATES: protein motif:HMM:NF025851.4;old_locus_tag=AXE80_07360;product=glycoside hydrolase N-terminal domain-containing protein;protein_id=WP_083194613.1;transl_table=11;translation=length.149
12	CAZyme	0	1	CGC1	NZ_CP014224	22531	23700	AXE80_RS07380	-	DB=GH168;ID=AXE80_RS07380	DB=GH168;ID=AXE80_RS07380
13	CAZyme	0	0	CGC1	NZ_CP014224	23732	25294	AXE80_RS07385	-	DB=GH29;ID=AXE80_RS07385	DB=GH29;ID=AXE80_RS07385
14	CAZyme	0	0	CGC1	NZ_CP014224	25334	26377	AXE80_RS07390	-	DB=GH117;ID=AXE80_RS07390	DB=GH117;ID=AXE80_RS07390
15	CAZyme	1	0	CGC1	NZ_CP014224	26392	28233	AXE80_RS07395	-	DB=GH29;ID=AXE80_RS07395	DB=GH29;ID=AXE80_RS07395
16	null	null	null	CGC1	NZ_CP014224	28243	30030	AXE80_RS07395	-	ID=AXE80_RS07400;Parent=AXE80_RS07400;eC_number=3.1.6.-;Name=AXE80_RS07400;Note=Derived by automated computational analysis using gene prediction method: Protein Homology.;codon_start=1;inference=COORDINATES: protein motif:HMM:NF013080.4;old_locus_tag=AXE80_07385;product=arylsulfatase;protein_id=WP_068825900.1;transl_table=11;translation=length.595
17	TC	0	1	CGC1	NZ_CP014224	30452	32128	AXE80_RS07405	-	DB=gnl|TC-DB|C6Y217|8.A.46.1.3;ID=AXE80_RS07405	DB=gnl|TC-DB|C6Y217|8.A.46.1.3;ID=AXE80_RS07405
18	TC	2	0	CGC1	NZ_CP014224	32152	35343	AXE80_RS07410	-	DB=gnl|TC-DB|Q45780|1.B.14.6.1;ID=AXE80_RS07410	DB=gnl|TC-DB|Q45780|1.B.14.6.1;ID=AXE80_RS07410
19	null	null	null	CGC1	NZ_CP014224	35375	36865	AXE80_RS07410	-	ID=AXE80_RS07415;Parent=AXE80_RS07415;Name=AXE80_RS07415;Note=Derived by automated computational analysis using gene prediction method: Protein Homology.;codon_start=1;inference=COORDINATES: protein motif:HMM:NF013080.4;old_locus_tag=AXE80_07400;product=sulfatase;protein_id=WP_206208113.1;transl_table=11;translation=length.496
20	null	null	null	CGC1	NZ_CP014224	36870	37736	AXE80_RS07410	-	ID=AXE80_RS07420;Parent=AXE80_RS07420;eC_number=3.1.-.-;Name=AXE80_RS07420;Note=Derived by automated computational analysis using gene prediction method: GeneMarkS-2+.;codon_start=1;inference=COORDINATES: ab initio prediction:GeneMarkS-2+;old_locus_tag=AXE80_07405;product=SGNH/GDSL hydrolase family protein;protein_id=WP_068825905.1;transl_table=11;translation=length.288
21	CAZyme	1	2	CGC1	NZ_CP014224	37751	39235	AXE80_RS07425	-	DB=GH29;ID=AXE80_RS07425	DB=GH29;ID=AXE80_RS07425
22	null	null	null	CGC1	NZ_CP014224	39267	40718	AXE80_RS07425	-	ID=AXE80_RS07430;Parent=AXE80_RS07430;gO_function=GO:0008484 - sulfuric ester hydrolase activity [Evidence IEA];Name=AXE80_RS07430;Note=Derived by automated computational analysis using gene prediction method: Protein Homology.;codon_start=1;inference=COORDINATES: protein motif:HMM:NF013080.4;old_locus_tag=AXE80_07415;product=sulfatase;protein_id=WP_068825908.1;transl_table=11;translation=length.483
23	CAZyme	0	1	CGC1	NZ_CP014224	41020	43923	AXE80_RS07435	-	DB=GH107;ID=AXE80_RS07435	DB=GH107;ID=AXE80_RS07435
24	CAZyme	4	0	CGC1	NZ_CP014224	44316	46715	AXE80_RS07440	-	DB=GH107;ID=AXE80_RS07440	DB=GH107;ID=AXE80_RS07440
25	null	null	null	CGC1	NZ_CP014224	46856	47794	AXE80_RS07440	-	ID=AXE80_RS07445;Parent=AXE80_RS07445;gO_component=GO:0031240 - external side of cell outer membrane [Evidence IEA];Name=AXE80_RS07445;Note=Derived by automated computational analysis using gene prediction method: Protein Homology.;codon_start=1;inference=COORDINATES: protein motif:HMM:TIGR04183.1;old_locus_tag=AXE80_07430;product=T9SS type A sorting domain-containing protein;protein_id=WP_068825914.1;transl_table=11;translation=length.312
26	null	null	null	CGC1	NZ_CP014224	47829	48917	AXE80_RS07440	-	ID=AXE80_RS07450;Parent=AXE80_RS07450;gO_function=GO:0016787 - hydrolase activity [Evidence IEA];Name=AXE80_RS07450;Note=Derived by automated computational analysis using gene prediction method: Protein Homology.;codon_start=1;inference=COORDINATES: protein motif:HMM:NF019474.4;old_locus_tag=AXE80_07435;product=alpha/beta hydrolase fold domain-containing protein;protein_id=WP_206208114.1;transl_table=11;translation=length.362
27	null	null	null	CGC1	NZ_CP014224	48992	49342	AXE80_RS07440	-	ID=AXE80_RS07455;Parent=AXE80_RS07455;Name=AXE80_RS07455;Note=Derived by automated computational analysis using gene prediction method: GeneMarkS-2+.;codon_start=1;inference=COORDINATES: ab initio prediction:GeneMarkS-2+;old_locus_tag=AXE80_07440;product=hypothetical protein;protein_id=WP_157359371.1;transl_table=11;translation=length.116
28	null	null	null	CGC1	NZ_CP014224	49481	51292	AXE80_RS07440	-	ID=AXE80_RS07460;Parent=AXE80_RS07460;eC_number=3.1.6.-;Name=AXE80_RS07460;Note=Derived by automated computational analysis using gene prediction method: Protein Homology.;codon_start=1;inference=COORDINATES: similar to AA sequence:RefSeq:WP_013551253.1;old_locus_tag=AXE80_07445;product=arylsulfatase;protein_id=WP_068825919.1;transl_table=11;translation=length.603
29	CAZyme	null	4	CGC1	NZ_CP014224	51328	53106	AXE80_RS07465	-	DB=GH29;ID=AXE80_RS07465	DB=GH29;ID=AXE80_RS07465
+++++
