0	TC	2	null	CGC1	LR131283.1	180	3533	VDS02615.1	-	DB=gnl|TC-DB|Q45780|1.B.14.6.1;ID=VDS02615.1	DB=gnl|TC-DB|Q45780|1.B.14.6.1;ID=VDS02615.1
1	TF	1	0	CGC1	LR131283.1	3763	4179	VDS02616.1	+	DB=DBD-Pfam|HTH_11,DBD-SUPERFAMILY|0039939;ID=VDS02616.1	DB=DBD-Pfam|HTH_11,DBD-SUPERFAMILY|0039939;ID=VDS02616.1
2	null	null	null	CGC1	LR131283.1	4236	4772	VDS02616.1	+	ID=VDS02617.1;protein_id=VDS02617.1;product=Mobile element protein
3	CAZyme	1	2	CGC1	LR131283.1	4996	6618	VDS02618.1	-	DB=CBM93|GH33;ID=VDS02618.1	DB=CBM93|GH33;ID=VDS02618.1
4	null	null	null	CGC1	LR131283.1	6634	7017	VDS02618.1	-	ID=VDS02619.1;protein_id=VDS02619.1;product=Protein yjgK
5	TC	9	1	CGC1	LR131283.1	7100	8338	VDS02620.1	-	DB=gnl|TC-DB|O06742|2.A.1.32.1;ID=VDS02620.1	DB=gnl|TC-DB|O06742|2.A.1.32.1;ID=VDS02620.1
6	null	null	null	CGC1	LR131283.1	8377	9561	VDS02620.1	-	ID=VDS02621.1;protein_id=VDS02621.1;product=N-acylglucosamine 2-epimerase
7	null	null	null	CGC1	LR131283.1	9572	10489	VDS02620.1	-	ID=VDS02622.1;protein_id=VDS02622.1;product=N-acetylneuraminate lyase
8	null	null	null	CGC1	LR131283.1	10581	11444	VDS02620.1	-	ID=VDS02623.1;protein_id=VDS02623.1;product=Sialic acid-induced transmembrane protein YjhT(NanM), possible mutarotase
9	TF	5	3	CGC1	LR131283.1	11961	13169	VDS02624.1	+	DB=DBD-Pfam|MarR,DBD-SUPERFAMILY|0043935;ID=VDS02624.1	DB=DBD-Pfam|MarR,DBD-SUPERFAMILY|0043935;ID=VDS02624.1
10	TF	4	4	CGC1	LR131283.1	13232	13441	VDS02625.1	-	DB=DBD-Pfam|HTH_3,DBD-SUPERFAMILY|0043143;ID=VDS02625.1	DB=DBD-Pfam|HTH_3,DBD-SUPERFAMILY|0043143;ID=VDS02625.1
11	null	null	null	CGC1	LR131283.1	13448	13690	VDS02625.1	-	ID=VDS02626.1;protein_id=VDS02626.1;product=hypothetical protein
12	null	null	null	CGC1	LR131283.1	13705	14157	VDS02625.1	-	ID=VDS02627.1;protein_id=VDS02627.1;product=hypothetical protein
13	null	null	null	CGC1	LR131283.1	14169	14816	VDS02625.1	-	ID=VDS02628.1;protein_id=VDS02628.1;product=FIG00403233: hypothetical protein
14	null	null	null	CGC1	LR131283.1	14833	15405	VDS02625.1	-	ID=VDS02629.1;protein_id=VDS02629.1;product=FIG00403233: hypothetical protein
15	TC	1	9	CGC1	LR131283.1	15434	16303	VDS02630.1	-	DB=gnl|TC-DB|L1NER1|9.B.2.1.5;ID=VDS02630.1	DB=gnl|TC-DB|L1NER1|9.B.2.1.5;ID=VDS02630.1
16	null	null	null	CGC1	LR131283.1	16329	16649	VDS02630.1	-	ID=VDS02631.1;protein_id=VDS02631.1;product=FIG00405022: hypothetical protein
17	CAZyme	4	1	CGC1	LR131283.1	17184	20600	VDS02632.1	+	DB=CBM67|GH78;ID=VDS02632.1	DB=CBM67|GH78;ID=VDS02632.1
18	TF	3	0	CGC1	LR131283.1	20681	21574	VDS02633.1	-	DB=DBD-Pfam|HTH_AraC,DBD-Pfam|HTH_AraC,DBD-SUPERFAMILY|0036286,DBD-SUPERFAMILY|0035607;ID=VDS02633.1	DB=DBD-Pfam|HTH_AraC,DBD-Pfam|HTH_AraC,DBD-SUPERFAMILY|0036286,DBD-SUPERFAMILY|0035607;ID=VDS02633.1
19	null	null	null	CGC1	LR131283.1	21549	21710	VDS02633.1	-	ID=VDS02634.1;protein_id=VDS02634.1;product=hypothetical protein
20	null	null	null	CGC1	LR131283.1	21737	23215	VDS02633.1	+	ID=VDS02635.1;protein_id=VDS02635.1;product=Rhamnulokinase
21	null	null	null	CGC1	LR131283.1	23222	24475	VDS02633.1	+	ID=VDS02636.1;protein_id=VDS02636.1;product=L-rhamnose isomerase
22	TC	5	4	CGC1	LR131283.1	24541	25551	VDS02637.1	+	DB=gnl|TC-DB|P27125|2.A.7.6.1;ID=VDS02637.1	DB=gnl|TC-DB|P27125|2.A.7.6.1;ID=VDS02637.1
23	null	null	null	CGC1	LR131283.1	25578	26387	VDS02637.1	+	ID=VDS02638.1;protein_id=VDS02638.1;product=Rhamnulose-1-phosphate aldolase
24	null	null	null	CGC1	LR131283.1	26420	27574	VDS02637.1	+	ID=VDS02639.1;protein_id=VDS02639.1;product=Lactaldehyde reductase
25	null	null	null	CGC1	LR131283.1	27795	28700	VDS02637.1	-	ID=VDS02640.1;protein_id=VDS02640.1;product=Serine acetyltransferase
26	null	null	null	CGC1	LR131283.1	28789	28920	VDS02637.1	+	ID=VDS02641.1;protein_id=VDS02641.1;product=hypothetical protein
27	null	null	null	CGC1	LR131283.1	29000	31150	VDS02637.1	-	ID=VDS02642.1;protein_id=VDS02642.1;product=3'-to-5' exoribonuclease RNase R
28	TC	null	5	CGC1	LR131283.1	31299	32201	VDS02643.1	+	DB=gnl|TC-DB|Q8L725|2.A.4.7.2;ID=VDS02643.1	DB=gnl|TC-DB|Q8L725|2.A.4.7.2;ID=VDS02643.1
+++++
