0	TC	6	null	CGC1	LR131283	180	3533	VDS02615.1	-	DB=gnl|TC-DB|Q45780|1.B.14.6.1;ID=VDS02615.1	DB=gnl|TC-DB|Q45780|1.B.14.6.1;ID=VDS02615.1
1	TF	5	0	CGC1	LR131283	3763	4179	VDS02616.1	+	DB=DBD-Pfam|HTH_11,DBD-SUPERFAMILY|0039939;ID=VDS02616.1	DB=DBD-Pfam|HTH_11,DBD-SUPERFAMILY|0039939;ID=VDS02616.1
2	null	null	null	CGC1	LR131283	13448	13690	VDS02626.1	-	;ID=VDS02626.1
3	null	null	null	CGC1	LR131283	13705	14157	VDS02627.1	-	;ID=VDS02627.1
4	null	null	null	CGC1	LR131283	21549	21710	VDS02634.1	-	;ID=VDS02634.1
5	null	null	null	CGC1	LR131283	28789	28920	VDS02641.1	+	;ID=VDS02641.1
6	null	null	null	CGC1	LR131283	4236	4772	VDS02617.1	+	;ID=VDS02617.1
7	CAZyme	11	6	CGC1	LR131283	4996	6618	VDS02618.1	-	DB=GH33;ID=VDS02618.1	DB=GH33;ID=VDS02618.1
+++++
19	CAZyme	3	11	CGC2	LR131283	17184	20600	VDS02632.1	+	DB=CBM67|GH78;ID=VDS02632.1	DB=CBM67|GH78;ID=VDS02632.1
20	TF	2	0	CGC2	LR131283	20681	21574	VDS02633.1	-	DB=DBD-Pfam|HTH_AraC,DBD-Pfam|HTH_AraC,DBD-SUPERFAMILY|0036286,DBD-SUPERFAMILY|0035607;ID=VDS02633.1	DB=DBD-Pfam|HTH_AraC,DBD-Pfam|HTH_AraC,DBD-SUPERFAMILY|0036286,DBD-SUPERFAMILY|0035607;ID=VDS02633.1
21	null	null	null	CGC2	LR131283	21737	23215	Rhamnulokinase	+	;ID=Rhamnulokinase
22	null	null	null	CGC2	LR131283	23222	24475	VDS02636.1	+	;ID=VDS02636.1
23	TC	4	3	CGC2	LR131283	24541	25551	VDS02637.1	+	DB=gnl|TC-DB|P27125|2.A.7.6.1;ID=VDS02637.1	DB=gnl|TC-DB|P27125|2.A.7.6.1;ID=VDS02637.1
24	null	null	null	CGC2	LR131283	25578	26387	VDS02638.1	+	;ID=VDS02638.1
25	null	null	null	CGC2	LR131283	26420	27574	VDS02639.1	+	;ID=VDS02639.1
26	null	null	null	CGC2	LR131283	27795	28700	VDS02640.1	-	;ID=VDS02640.1
27	null	null	null	CGC2	LR131283	29000	31150	VDS02642.1	-	;ID=VDS02642.1
28	TC	null	4	CGC2	LR131283	31299	32201	VDS02643.1	+	DB=gnl|TC-DB|Q8L725|2.A.4.7.2;ID=VDS02643.1	DB=gnl|TC-DB|Q8L725|2.A.4.7.2;ID=VDS02643.1
+++++
