6	CAZyme	7	null	CGC1	JN903693.1	3970	5175	AFK83726.1	-	DB=GH10;ID=AFK83726.1	DB=GH10;ID=AFK83726.1
7	TF	6	0	CGC1	JN903693.1	5486	7804	AFK83727.1	+	DB=DBD-SUPERFAMILY|0044258;ID=AFK83727.1	DB=DBD-SUPERFAMILY|0044258;ID=AFK83727.1
8	STP	5	1	CGC1	JN903693.1	7844	8842	AFK83746.1	+	DB=STP|AAA;ID=AFK83746.1	DB=STP|AAA;ID=AFK83746.1
9	null	null	null	CGC1	JN903693.1	8842	10059	AFK83746.1	+	ID=AFK83728.1;protein_id=AFK83728.1;product=protein of unknown function DUF58
10	null	null	null	CGC1	JN903693.1	10115	12442	AFK83746.1	+	ID=AFK83729.1;protein_id=AFK83729.1;product=transglutaminase domain-containing protein
11	null	null	null	CGC1	JN903693.1	12517	13656	AFK83746.1	+	ID=AFK83730.1;protein_id=AFK83730.1;product=pyrrolo-quinoline quinone repeat protein
12	null	null	null	CGC1	JN903693.1	13743	14285	AFK83746.1	+	ID=AFK83731.1;protein_id=AFK83731.1;product=excinuclease ABC subunit A
13	null	null	null	CGC1	JN903693.1	14357	14947	AFK83746.1	+	ID=AFK83732.1;protein_id=AFK83732.1;product=GARP complex subunit
14	TC	0	7	CGC1	JN903693.1	15013	16578	AFK83733.1	-	DB=gnl|TC-DB|C9RT46|3.A.1.1.9;ID=AFK83733.1	DB=gnl|TC-DB|C9RT46|3.A.1.1.9;ID=AFK83733.1
15	TC	0	0	CGC1	JN903693.1	16634	17557	AFK83734.1	-	DB=gnl|TC-DB|A9QDR8|3.A.1.1.29;ID=AFK83734.1	DB=gnl|TC-DB|A9QDR8|3.A.1.1.29;ID=AFK83734.1
16	TC	0	0	CGC1	JN903693.1	17565	18509	AFK83735.1	-	DB=gnl|TC-DB|Q9KWT8|3.A.1.1.10;ID=AFK83735.1	DB=gnl|TC-DB|Q9KWT8|3.A.1.1.10;ID=AFK83735.1
17	CAZyme	0	0	CGC1	JN903693.1	18596	19927	AFK83736.1	+	DB=GH1;ID=AFK83736.1	DB=GH1;ID=AFK83736.1
18	CAZyme	0	0	CGC1	JN903693.1	19928	21358	AFK83737.1	-	DB=GH10;ID=AFK83737.1	DB=GH10;ID=AFK83737.1
19	CAZyme	0	0	CGC1	JN903693.1	21373	22515	AFK83738.1	-	DB=GH10;ID=AFK83738.1	DB=GH10;ID=AFK83738.1
20	CAZyme	3	0	CGC1	JN903693.1	22512	24023	AFK83739.1	-	DB=GH10;ID=AFK83739.1	DB=GH10;ID=AFK83739.1
21	null	null	null	CGC1	JN903693.1	24166	24633	AFK83739.1	-	ID=AFK83740.1;protein_id=AFK83740.1;product=Hsp20/alpha crystallin family protein
22	null	null	null	CGC1	JN903693.1	24511	24843	AFK83739.1	+	ID=AFK83747.1;protein_id=AFK83747.1;product=hypothetical protein MELLADRAFT_68204
23	STP	0	2	CGC1	JN903693.1	24852	26114	AFK83741.1	-	DB=STP|ATPase_2;ID=AFK83741.1	DB=STP|ATPase_2;ID=AFK83741.1
24	CAZyme	null	3	CGC1	JN903693.1	26314	28230	AFK83742.1	+	DB=GH94;ID=AFK83742.1	DB=GH94;ID=AFK83742.1
+++++
