3	TC	0	null	CGC1	NZ_CP012938	682	2286	Bovatus_RS21690	-	DB=gnl|TC-DB|C6Y217|8.A.46.1.3;ID=Bovatus_RS21690	DB=gnl|TC-DB|C6Y217|8.A.46.1.3;ID=Bovatus_RS21690
4	TC	1	0	CGC1	NZ_CP012938	2306	5437	Bovatus_RS21695	-	DB=gnl|TC-DB|Q45780|1.B.14.6.1;ID=Bovatus_RS21695	DB=gnl|TC-DB|Q45780|1.B.14.6.1;ID=Bovatus_RS21695
5	null	null	null	CGC1	NZ_CP012938	5649	6527	Bovatus_RS21695	-	ID=Bovatus_RS21700;Parent=Bovatus_RS21700;Dbxref=GeneID:29452193;Name=Bovatus_RS21700;Note=Derived by automated computational analysis using gene prediction method: Protein Homology.;codon_start=1;inference=COORDINATES: similar to AA sequence:RefSeq:WP_009000474.1;old_locus_tag=Bovatus_04436;product=sialate O-acetylesterase;protein_id=WP_004320945.1;transl_table=11;translation=length.292
6	CAZyme	1	1	CGC1	NZ_CP012938	6660	9623	Bovatus_RS21705	-	DB=GH2;ID=Bovatus_RS21705	DB=GH2;ID=Bovatus_RS21705
7	TF	0	0	CGC1	NZ_CP012938	9823	14160	Bovatus_RS21710	-	DB=DBD-Pfam|HTH_AraC,DBD-SUPERFAMILY|0036286,DBD-SUPERFAMILY|0035607;ID=Bovatus_RS21710	DB=DBD-Pfam|HTH_AraC,DBD-SUPERFAMILY|0036286,DBD-SUPERFAMILY|0035607;ID=Bovatus_RS21710
8	CAZyme	0	1	CGC1	NZ_CP012938	14298	16199	Bovatus_RS21715	-	DB=PL11;ID=Bovatus_RS21715	DB=PL11;ID=Bovatus_RS21715
9	CAZyme	0	0	CGC1	NZ_CP012938	16420	17883	Bovatus_RS21720	+	DB=GH28;ID=Bovatus_RS21720	DB=GH28;ID=Bovatus_RS21720
10	CAZyme	1	0	CGC1	NZ_CP012938	18396	19940	Bovatus_RS21725	+	DB=PL9_1;ID=Bovatus_RS21725	DB=PL9_1;ID=Bovatus_RS21725
11	null	null	null	CGC1	NZ_CP012938	19987	20421	Bovatus_RS21725	+	ID=Bovatus_RS21730;Parent=Bovatus_RS21730;Dbxref=GeneID:29451949;Name=Bovatus_RS21730;Note=Derived by automated computational analysis using gene prediction method: Protein Homology.;codon_start=1;inference=COORDINATES: similar to AA sequence:RefSeq:WP_004324942.1;old_locus_tag=Bovatus_04442;product=hypothetical protein;protein_id=WP_004301610.1;transl_table=11;translation=length.144
12	CAZyme	0	1	CGC1	NZ_CP012938	20715	22025	Bovatus_RS21740	+	DB=GH28;ID=Bovatus_RS21740	DB=GH28;ID=Bovatus_RS21740
13	CAZyme	0	0	CGC1	NZ_CP012938	22328	24757	Bovatus_RS21745	+	DB=CE20|GH105;ID=Bovatus_RS21745	DB=CE20|GH105;ID=Bovatus_RS21745
14	CAZyme	1	0	CGC1	NZ_CP012938	24931	26622	Bovatus_RS21750	+	DB=PL1_2;ID=Bovatus_RS21750	DB=PL1_2;ID=Bovatus_RS21750
15	null	null	null	CGC1	NZ_CP012938	26649	28922	Bovatus_RS21750	+	ID=Bovatus_RS21755;Parent=Bovatus_RS21755;Dbxref=GeneID:29451989;Name=Bovatus_RS21755;Note=Derived by automated computational analysis using gene prediction method: Protein Homology.;codon_start=1;inference=COORDINATES: similar to AA sequence:RefSeq:WP_004301617.1;old_locus_tag=Bovatus_04447;product=fasciclin domain-containing protein;protein_id=WP_004301617.1;transl_table=11;translation=length.757
16	TC	3	1	CGC1	NZ_CP012938	28935	32201	Bovatus_RS21760	+	DB=gnl|TC-DB|Q45780|1.B.14.6.1;ID=Bovatus_RS21760	DB=gnl|TC-DB|Q45780|1.B.14.6.1;ID=Bovatus_RS21760
17	null	null	null	CGC1	NZ_CP012938	32215	33762	Bovatus_RS21760	+	ID=Bovatus_RS21765;Parent=Bovatus_RS21765;Dbxref=GeneID:29451421;gO_component=GO:0009279 - cell outer membrane [Evidence IEA]%3B GO:0016020 - membrane [Evidence IEA];gO_function=GO:0030246 - carbohydrate binding [Evidence IEA];Name=Bovatus_RS21765;Note=Derived by automated computational analysis using gene prediction method: Protein Homology.;codon_start=1;inference=COORDINATES: similar to AA sequence:RefSeq:WP_004301622.1;old_locus_tag=Bovatus_04449;product=RagB/SusD family nutrient uptake outer membrane protein;protein_id=WP_004301622.1;transl_table=11;translation=length.515
18	null	null	null	CGC1	NZ_CP012938	33779	35512	Bovatus_RS21760	+	ID=Bovatus_RS21770;Parent=Bovatus_RS21770;Dbxref=GeneID:29455952;Name=Bovatus_RS21770;Note=Derived by automated computational analysis using gene prediction method: Protein Homology.;codon_start=1;inference=COORDINATES: similar to AA sequence:RefSeq:WP_004324950.1;old_locus_tag=Bovatus_04450;product=DUF5108 domain-containing protein;protein_id=WP_032846044.1;transl_table=11;translation=length.577
19	null	null	null	CGC1	NZ_CP012938	35520	37199	Bovatus_RS21760	+	ID=Bovatus_RS21775;Parent=Bovatus_RS21775;Dbxref=GeneID:29453392;Name=Bovatus_RS21775;Note=Derived by automated computational analysis using gene prediction method: Protein Homology.;codon_start=1;inference=COORDINATES: similar to AA sequence:RefSeq:WP_004301626.1;old_locus_tag=Bovatus_04451;product=hypothetical protein;protein_id=WP_004301626.1;transl_table=11;translation=length.559
20	TC	3	3	CGC1	NZ_CP012938	37220	40360	Bovatus_RS21780	+	DB=gnl|TC-DB|Q45780|1.B.14.6.1;ID=Bovatus_RS21780	DB=gnl|TC-DB|Q45780|1.B.14.6.1;ID=Bovatus_RS21780
21	null	null	null	CGC1	NZ_CP012938	40363	42036	Bovatus_RS21780	+	ID=Bovatus_RS21785;Parent=Bovatus_RS21785;Dbxref=GeneID:29453373;Name=Bovatus_RS21785;Note=Derived by automated computational analysis using gene prediction method: Protein Homology.;codon_start=1;inference=COORDINATES: similar to AA sequence:RefSeq:WP_004301633.1;old_locus_tag=Bovatus_04453;product=RagB/SusD family nutrient uptake outer membrane protein;protein_id=WP_004301633.1;transl_table=11;translation=length.557
22	null	null	null	CGC1	NZ_CP012938	42160	44271	Bovatus_RS21780	+	ID=Bovatus_RS21790;Parent=Bovatus_RS21790;Dbxref=GeneID:29453055;Name=Bovatus_RS21790;Note=Derived by automated computational analysis using gene prediction method: Protein Homology.;codon_start=1;inference=COORDINATES: similar to AA sequence:RefSeq:WP_008645533.1;old_locus_tag=Bovatus_04454;product=hypothetical protein;protein_id=WP_004301639.1;transl_table=11;translation=length.703
23	null	null	null	CGC1	NZ_CP012938	44288	47551	Bovatus_RS21780	+	ID=Bovatus_RS21795;Parent=Bovatus_RS21795;Dbxref=GeneID:29451971;Name=Bovatus_RS21795;Note=Derived by automated computational analysis using gene prediction method: Protein Homology.;codon_start=1;inference=COORDINATES: similar to AA sequence:RefSeq:WP_004304478.1;old_locus_tag=Bovatus_04455;product=DUF4450 domain-containing protein;protein_id=WP_004301641.1;transl_table=11;translation=length.1087
24	CAZyme	null	3	CGC1	NZ_CP012938	47587	48996	Bovatus_RS21800	+	DB=GH28;ID=Bovatus_RS21800	DB=GH28;ID=Bovatus_RS21800
+++++
