0	CAZyme	0	null	CGC1	FP929033	1	1605	BXY_29170	+	DB=GH43_10|CBM91;ID=BXY_29170	DB=GH43_10|CBM91;ID=BXY_29170
1	CAZyme	1	0	CGC1	FP929033	1702	4287	BXY_29180	+	DB=GH3;ID=BXY_29180	DB=GH3;ID=BXY_29180
2	null	null	null	CGC1	FP929033	4488	4649	BXY_29180	+	ID=BXY_29190;Parent=BXY_29190;Dbxref=EnsemblGenomes-Gn:BXY_29190,EnsemblGenomes-Tr:CBK67942,UniProtKB/TrEMBL:D6D0J0;Name=BXY_29190;codon_start=1;product=hypothetical protein;protein_id=CBK67942.1;transl_table=11;translation=length.53
3	CAZyme	0	1	CGC1	FP929033	4780	6447	BXY_29200	+	DB=GH43_12|CBM91;ID=BXY_29200	DB=GH43_12|CBM91;ID=BXY_29200
4	CAZyme	0	0	CGC1	FP929033	6473	8917	BXY_29210	+	DB=GH31_4;ID=BXY_29210	DB=GH31_4;ID=BXY_29210
5	CAZyme	0	0	CGC1	FP929033	8939	10915	BXY_29220	+	DB=GH97;ID=BXY_29220	DB=GH97;ID=BXY_29220
6	CAZyme	0	0	CGC1	FP929033	10935	12266	BXY_29230	+	DB=GH43_29|CBM6;ID=BXY_29230	DB=GH43_29|CBM6;ID=BXY_29230
7	CAZyme	0	0	CGC1	FP929033	12555	13913	BXY_29240	+	DB=GH43_12|CBM91;ID=BXY_29240	DB=GH43_12|CBM91;ID=BXY_29240
8	TC	4	0	CGC1	FP929033	14034	17177	BXY_29250	+	DB=gnl|TC-DB|Q45780|1.B.14.6.1;ID=BXY_29250	DB=gnl|TC-DB|Q45780|1.B.14.6.1;ID=BXY_29250
9	null	null	null	CGC1	FP929033	17192	19093	BXY_29250	+	ID=BXY_29260;Parent=BXY_29260;Dbxref=EnsemblGenomes-Gn:BXY_29260,EnsemblGenomes-Tr:CBK67949,InterPro:IPR011990,InterPro:IPR012944,UniProtKB/TrEMBL:D6D0J7;Name=BXY_29260;codon_start=1;product=SusD family.;protein_id=CBK67949.1;transl_table=11;translation=length.633
10	null	null	null	CGC1	FP929033	19125	21935	BXY_29250	+	ID=BXY_29270;Parent=BXY_29270;Dbxref=EnsemblGenomes-Gn:BXY_29270,EnsemblGenomes-Tr:CBK67950,GOA:D6D0J8,InterPro:IPR012910,InterPro:IPR023996,UniProtKB/TrEMBL:D6D0J8;Name=BXY_29270;codon_start=1;product=TonB-dependent Receptor Plug Domain.;protein_id=CBK67950.1;transl_table=11;translation=length.936
11	null	null	null	CGC1	FP929033	21980	23737	BXY_29250	+	ID=BXY_29280;Parent=BXY_29280;Dbxref=EnsemblGenomes-Gn:BXY_29280,EnsemblGenomes-Tr:CBK67951,InterPro:IPR011990,InterPro:IPR012944,UniProtKB/TrEMBL:D6D0J9;Name=BXY_29280;codon_start=1;product=SusD family.;protein_id=CBK67951.1;transl_table=11;translation=length.585
12	null	null	null	CGC1	FP929033	23776	24849	BXY_29250	+	ID=BXY_29290;Parent=BXY_29290;Dbxref=EnsemblGenomes-Gn:BXY_29290,EnsemblGenomes-Tr:CBK67952,InterPro:IPR013728,UniProtKB/TrEMBL:D6D0K0;Name=BXY_29290;codon_start=1;product=Domain of unknown function (DUF1735).;protein_id=CBK67952.1;transl_table=11;translation=length.357
13	CAZyme	1	4	CGC1	FP929033	24880	27144	BXY_29300	+	DB=GH10;ID=BXY_29300	DB=GH10;ID=BXY_29300
14	null	null	null	CGC1	FP929033	27224	27961	BXY_29300	+	ID=BXY_29310;Parent=BXY_29310;Dbxref=EnsemblGenomes-Gn:BXY_29310,EnsemblGenomes-Tr:CBK67954,UniProtKB/TrEMBL:D6D0K2;Name=BXY_29310;codon_start=1;product=hypothetical protein;protein_id=CBK67954.1;transl_table=11;translation=length.245
15	CAZyme	0	1	CGC1	FP929033	28006	29964	BXY_29320	+	DB=GH5_21;ID=BXY_29320	DB=GH5_21;ID=BXY_29320
16	CAZyme	0	0	CGC1	FP929033	30089	31912	BXY_29330	+	DB=CE6|CE1;ID=BXY_29330	DB=CE6|CE1;ID=BXY_29330
17	CAZyme	1	0	CGC1	FP929033	31920	33305	BXY_29340	+	DB=GH43_29|CBM6;ID=BXY_29340	DB=GH43_29|CBM6;ID=BXY_29340
18	TF	0	0	CGC1	FP929033	33327	37346	BXY_29350	-	DB=DBD-Pfam|HTH_AraC,DBD-Pfam|HTH_AraC,DBD-SUPERFAMILY|0036286,DBD-SUPERFAMILY|0035607;ID=BXY_29350	DB=DBD-Pfam|HTH_AraC,DBD-Pfam|HTH_AraC,DBD-SUPERFAMILY|0036286,DBD-SUPERFAMILY|0035607;ID=BXY_29350
19	CAZyme	0	1	CGC1	FP929033	37505	39940	BXY_29360	-	DB=GH95;ID=BXY_29360	DB=GH95;ID=BXY_29360
20	CAZyme	null	0	CGC1	FP929033	40650	43220	BXY_29370	-	DB=GH115;ID=BXY_29370	DB=GH115;ID=BXY_29370
+++++
