5	TC	0	null	CGC1	ADOP01000016	5781	6731	PH505_ap00470	+	DB=gnl|TC-DB|P43020|2.A.56.1.5;ID=PH505_ap00470	DB=gnl|TC-DB|P43020|2.A.56.1.5;ID=PH505_ap00470
6	TC	0	0	CGC1	ADOP01000016	6741	7229	PH505_ap00480	+	DB=gnl|TC-DB|Q8ZKR9|2.A.56.1.5;ID=PH505_ap00480	DB=gnl|TC-DB|Q8ZKR9|2.A.56.1.5;ID=PH505_ap00480
7	TC	2	0	CGC1	ADOP01000016	7229	8530	PH505_ap00490	+	DB=gnl|TC-DB|Q8ZKS0|2.A.56.1.5;ID=PH505_ap00490	DB=gnl|TC-DB|Q8ZKS0|2.A.56.1.5;ID=PH505_ap00490
8	TF	1	0	CGC1	ADOP01000016	8721	9722	PH505_ap00500	+	DB=DBD-Pfam|LacI,DBD-SUPERFAMILY|0036955;ID=PH505_ap00500	DB=DBD-Pfam|LacI,DBD-SUPERFAMILY|0036955;ID=PH505_ap00500
9	null	null	null	CGC1	ADOP01000016	9939	10106	PH505_ap00500	-	ID=PH505_ap00510;Parent=PH505_ap00510;Name=PH505_ap00510;codon_start=1;product=hypothetical protein;protein_id=EGI73600.1;transl_table=11;translation=length.55
10	CAZyme	1	2	CGC1	ADOP01000016	10428	16586	PH505_ap00520	-	DB=CE8|PL1_5;ID=PH505_ap00520	DB=CE8|PL1_5;ID=PH505_ap00520
11	null	null	null	CGC1	ADOP01000016	16665	19634	PH505_ap00520	-	ID=PH505_ap00530;Parent=PH505_ap00530;Name=tbdB;codon_start=1;locus_tag=PH505_ap00530;product=TBDR (TonB-dependent receptor);protein_id=EGI73602.2;transl_table=11;translation=length.989
12	CAZyme	4	1	CGC1	ADOP01000016	19825	21282	PH505_ap00550	+	DB=PL1_2;ID=PH505_ap00550	DB=PL1_2;ID=PH505_ap00550
13	null	null	null	CGC1	ADOP01000016	21324	22280	PH505_ap00550	-	ID=PH505_ap00560;Parent=PH505_ap00560;Name=estP;codon_start=1;locus_tag=PH505_ap00560;product=esterase/lipase/thioesterase;protein_id=EGI73605.1;transl_table=11;translation=length.318
14	null	null	null	CGC1	ADOP01000016	22287	22616	PH505_ap00550	-	ID=PH505_ap00570;Parent=PH505_ap00570;Name=PH505_ap00570;codon_start=1;product=hypothetical protein;protein_id=EGI73606.2;transl_table=11;translation=length.109
15	null	null	null	CGC1	ADOP01000016	22577	22807	PH505_ap00550	-	ID=PH505_ap00580;Parent=PH505_ap00580;Name=xylB;codon_start=1;locus_tag=PH505_ap00580;product=xylosidase/arabinosidase;protein_id=EGI73607.1;transl_table=11;translation=length.76
16	null	null	null	CGC1	ADOP01000016	23173	23529	PH505_ap00550	-	ID=PH505_ap00590;Parent=PH505_ap00590;Name=xylA;codon_start=1;locus_tag=PH505_ap00590;product=xylosidase/arabinosidase;protein_id=EGI73608.2;transl_table=11;translation=length.118
17	CAZyme	0	4	CGC1	ADOP01000016	23533	24744	PH505_ap00600	-	DB=GH105;ID=PH505_ap00600	DB=GH105;ID=PH505_ap00600
18	CAZyme	2	0	CGC1	ADOP01000016	24855	27404	PH505_ap00610	-	DB=GH105;ID=PH505_ap00610	DB=GH105;ID=PH505_ap00610
19	null	null	null	CGC1	ADOP01000016	27454	28902	PH505_ap00610	-	ID=PH505_ap00620;Parent=PH505_ap00620;eC_number=5.3.1.12;Name=uxaC;codon_start=1;locus_tag=PH505_ap00620;product=uronate isomerase;protein_id=EGI73611.1;transl_table=11;translation=length.482
20	null	null	null	CGC1	ADOP01000016	28995	29618	PH505_ap00610	-	ID=PH505_ap00630;Parent=PH505_ap00630;eC_number=4.1.2.14;Name=kdgA;codon_start=1;locus_tag=PH505_ap00630;product=2-dehydro-3-deoxyphosphogluconate aldolase;protein_id=EGI73612.1;transl_table=11;translation=length.207
21	CAZyme	2	2	CGC1	ADOP01000016	29632	31104	PH505_ap00640	-	DB=GH28;ID=PH505_ap00640	DB=GH28;ID=PH505_ap00640
22	null	null	null	CGC1	ADOP01000016	31347	31481	PH505_ap00640	-	ID=PH505_ap00650;Parent=PH505_ap00650;Name=PH505_ap00650;codon_start=1;product=hypothetical protein;protein_id=EGI73614.1;transl_table=11;translation=length.44
23	null	null	null	CGC1	ADOP01000016	31490	32014	PH505_ap00640	-	ID=PH505_ap00660;Parent=PH505_ap00660;Name=tbdC;codon_start=1;locus_tag=PH505_ap00660;product=TonB-dependent receptor;protein_id=EGI73615.2;transl_table=11;translation=length.174
24	TC	0	2	CGC1	ADOP01000016	32503	35217	PH505_ap00670	-	DB=gnl|TC-DB|Q9AAZ6|1.B.14.12.2;ID=PH505_ap00670	DB=gnl|TC-DB|Q9AAZ6|1.B.14.12.2;ID=PH505_ap00670
25	CAZyme	null	0	CGC1	ADOP01000016	35638	36396	PH505_ap00680	+	DB=CE12;ID=PH505_ap00680	DB=CE12;ID=PH505_ap00680
+++++
