0	CAZyme	0	null	CGC1	NZ_LSNE01000005	1	2562	AX660_RS08390	+	DB=GH2;ID=AX660_RS08390	DB=GH2;ID=AX660_RS08390
1	CAZyme	2	0	CGC1	NZ_LSNE01000005	2593	4191	AX660_RS08395	+	DB=GH29;ID=AX660_RS08395	DB=GH29;ID=AX660_RS08395
2	null	null	null	CGC1	NZ_LSNE01000005	4434	5636	AX660_RS08395	-	ID=AX660_RS08400;Parent=AX660_RS08400;Name=AX660_RS08400;Note=Derived by automated computational analysis using gene prediction method: Protein Homology.;codon_start=1;inference=COORDINATES: similar to AA sequence:RefSeq:WP_006994660.1;old_locus_tag=AX660_11340;product=AGE family epimerase/isomerase;protein_id=WP_068375539.1;transl_table=11;translation=length.400
3	STP	0	1	CGC1	NZ_LSNE01000005	5629	6615	AX660_RS08405	-	DB=STP|PfkB;ID=AX660_RS08405	DB=STP|PfkB;ID=AX660_RS08405
4	CAZyme	1	2	CGC1	NZ_LSNE01000005	6646	7935	AX660_RS08410	-	DB=GH63;ID=AX660_RS08410	DB=GH63;ID=AX660_RS08410
5	null	null	null	CGC1	NZ_LSNE01000005	8138	10585	AX660_RS08410	+	ID=AX660_RS08415;Parent=AX660_RS08415;Name=AX660_RS08415;Note=Derived by automated computational analysis using gene prediction method: Protein Homology.;codon_start=1;inference=COORDINATES: similar to AA sequence:RefSeq:WP_006994662.1;old_locus_tag=AX660_11355;product=TonB-dependent receptor plug domain-containing protein;protein_id=WP_068375547.1;transl_table=11;translation=length.815
6	TC	7	1	CGC1	NZ_LSNE01000005	10754	12331	AX660_RS08420	+	DB=gnl|TC-DB|Q92911|2.A.21.5.1;ID=AX660_RS08420	DB=gnl|TC-DB|Q92911|2.A.21.5.1;ID=AX660_RS08420
7	null	null	null	CGC1	NZ_LSNE01000005	12347	13612	AX660_RS08420	+	ID=AX660_RS08425;Parent=AX660_RS08425;Name=AX660_RS08425;Note=Derived by automated computational analysis using gene prediction method: Protein Homology.;codon_start=1;inference=COORDINATES: similar to AA sequence:RefSeq:WP_017443787.1;old_locus_tag=AX660_11365;product=glycerate kinase type-2 family protein;protein_id=WP_068375554.1;transl_table=11;translation=length.421
8	STP	5	1	CGC1	NZ_LSNE01000005	13668	14825	AX660_RS08430	+	DB=STP|Sigma70_r4;ID=AX660_RS08430	DB=STP|Sigma70_r4;ID=AX660_RS08430
9	null	null	null	CGC1	NZ_LSNE01000005	14976	16082	AX660_RS08430	-	ID=AX660_RS08435;Parent=AX660_RS08435;Name=AX660_RS08435;Note=Derived by automated computational analysis using gene prediction method: GeneMarkS-2+.;codon_start=1;inference=COORDINATES: ab initio prediction:GeneMarkS-2+;old_locus_tag=AX660_11375;product=6-bladed beta-propeller;protein_id=WP_068375558.1;transl_table=11;translation=length.368
10	null	null	null	CGC1	NZ_LSNE01000005	16149	16501	AX660_RS08430	-	ID=AX660_RS08440;Parent=AX660_RS08440;eC_number=1.14.-.-;Name=AX660_RS08440;Note=Derived by automated computational analysis using gene prediction method: Protein Homology.;codon_start=3;inference=COORDINATES: similar to AA sequence:RefSeq:WP_013753893.1;old_locus_tag=AX660_11380;product=phytanoyl-CoA dioxygenase family protein;protein_id=WP_162266408.1;transl_table=11;translation=length.116
11	null	null	null	CGC1	NZ_LSNE01000005	16635	17064	AX660_RS08430	-	ID=AX660_RS08445;Parent=AX660_RS08445;eC_number=1.14.-.-;Name=AX660_RS08445;Note=Derived by automated computational analysis using gene prediction method: Protein Homology.;codon_start=1;inference=COORDINATES: similar to AA sequence:RefSeq:WP_010554492.1;old_locus_tag=AX660_11385;product=phytanoyl-CoA dioxygenase family protein;protein_id=WP_162266409.1;transl_table=11;translation=length.143
12	TF	1	5	CGC1	NZ_LSNE01000005	17967	18956	AX660_RS23290	+	DB=DBD-SUPERFAMILY|0035607;ID=AX660_RS23290	DB=DBD-SUPERFAMILY|0035607;ID=AX660_RS23290
13	TF	0	6	CGC1	NZ_LSNE01000005	19107	19259	AX660_RS23700	+	DB=DBD-Pfam|HTH_AraC,DBD-Pfam|HTH_AraC,DBD-SUPERFAMILY|0035607,DBD-SUPERFAMILY|0035607;ID=AX660_RS23700	DB=DBD-Pfam|HTH_AraC,DBD-Pfam|HTH_AraC,DBD-SUPERFAMILY|0035607,DBD-SUPERFAMILY|0035607;ID=AX660_RS23700
14	CAZyme	0	7	CGC1	NZ_LSNE01000005	19441	20676	AX660_RS08455	+	DB=CE2;ID=AX660_RS08455	DB=CE2;ID=AX660_RS08455
15	TC	3	0	CGC1	NZ_LSNE01000005	20958	24233	AX660_RS08460	+	DB=gnl|TC-DB|Q9A608|1.B.14.12.1;ID=AX660_RS08460	DB=gnl|TC-DB|Q9A608|1.B.14.12.1;ID=AX660_RS08460
16	null	null	null	CGC1	NZ_LSNE01000005	24340	25845	AX660_RS08460	+	ID=AX660_RS08465;Parent=AX660_RS08465;eC_number=1.14.19.-;gO_function=GO:0000166 - nucleotide binding [Evidence IEA]%3B GO:0016491 - oxidoreductase activity [Evidence IEA];Name=AX660_RS08465;Note=Derived by automated computational analysis using gene prediction method: Protein Homology.;codon_start=1;inference=COORDINATES: protein motif:HMM:NF016693.5;old_locus_tag=AX660_11405;product=tryptophan halogenase family protein;protein_id=WP_068375567.1;transl_table=11;translation=length.501
17	null	null	null	CGC1	NZ_LSNE01000005	25849	27324	AX660_RS08460	+	ID=AX660_RS08470;Parent=AX660_RS08470;gO_function=GO:0004497 - monooxygenase activity [Evidence IEA];Name=AX660_RS08470;Note=Derived by automated computational analysis using gene prediction method: Protein Homology.;codon_start=1;inference=COORDINATES: protein motif:HMM:NF016693.5;old_locus_tag=AX660_11410;product=tryptophan 7-halogenase;protein_id=WP_068375568.1;transl_table=11;translation=length.491
18	TF	0	2	CGC1	NZ_LSNE01000005	27638	28420	AX660_RS08475	+	DB=DBD-Pfam|TrmB,DBD-SUPERFAMILY|0040266;ID=AX660_RS08475	DB=DBD-Pfam|TrmB,DBD-SUPERFAMILY|0040266;ID=AX660_RS08475
19	CAZyme	2	3	CGC1	NZ_LSNE01000005	28974	33920	AX660_RS08480	+	DB=GH86|GH86|CBM6;ID=AX660_RS08480	DB=GH86|GH86|CBM6;ID=AX660_RS08480
20	null	null	null	CGC1	NZ_LSNE01000005	33944	34519	AX660_RS08480	+	ID=AX660_RS08485;Parent=AX660_RS08485;Name=AX660_RS08485;Note=Derived by automated computational analysis using gene prediction method: Protein Homology.;codon_start=1;inference=COORDINATES: protein motif:HMM:NF019225.5;old_locus_tag=AX660_11425;product=PEP-CTERM sorting domain-containing protein;protein_id=WP_068375574.1;transl_table=11;translation=length.191
21	TF	0	1	CGC1	NZ_LSNE01000005	34650	35264	AX660_RS08490	-	DB=DBD-Pfam|GntR,DBD-SUPERFAMILY|0039384;ID=AX660_RS08490	DB=DBD-Pfam|GntR,DBD-SUPERFAMILY|0039384;ID=AX660_RS08490
22	CAZyme	null	2	CGC1	NZ_LSNE01000005	35616	37949	AX660_RS08495	-	DB=GH50;ID=AX660_RS08495	DB=GH50;ID=AX660_RS08495
+++++
