CAZy Family	PPR Subfamily	Gene ID	Frequency	Hits	Signature Peptides
CE9	6	WP_017262590.1	18.6	46	HSNATR,HSHGGY,KGMPEG,SELGGQ,FIDVHS,ELGGQK,KDKQAR,FPTTMT,EPGVTG,MRAKGM,LYNAQR,SMRAKG,DVHSHG,AKGMPE,PTTMTQ,GHSNAT,PGVTGH,GVTGHA,TDSMRA,VKDKQA,QKVIVK,TTMTQS,GGQKVI,IHLEGP,KQARLE,GQKVIV,REPGVT,DKQARL,THLYNA,LEGPFI,LAGSVL,HREPGV,LGGQKV,VHSHGG,VPGFID,GIHLEG,RAKGMP,PGFIDV,GFIDVH,HLYNAQ,KGAQPE,LVTDSM,IDVHSH,DSMRAK,HLEGPF,VTDSMR
GH2	3	WP_017260980.1	21.8	42	INAVRT,YGGDFD,INGVNR,EYMHDM,GVNRHE,GGFIWD,KPAMQE,FWSLGN,LPAHSD,HDMGNS,RYGGDF,GFIWDF,IWDFID,YMHDMG,GYAEDS,PAMQEV,EFSGDG,WLNGHF,FIWDFI,YAEDSF,AENNLE,MHDMGN,PAHSDH,FSGIFR,SLGNES,QDMFRF,RTCHYP,WDFIDQ,LGNESY,WSLGNE,NESYAG,GGDFDD,VNRHEW,NGVNRH,GNESYA,RFSGIF,CEYMHD,DFIDQA,QGGFIW,YQGGFI,SEFDLT,YVWLNG
GH3	2	WP_017261864.1	7.24	24	FGFGLS,NFEYYS,LSYTTF,GRNFEY,KHFAAN,FEYYSE,LDLEMP,PFGFGL,RNFEYY,FGLSYT,EYYSED,GFGLSY,LREIYL,ERTLRE,NPSGKL,VGYRYY,GLSYTT,FVGYRY,HFAANN,VNPSGK,DERTLR,YYSEDP,GLDLEM,GYRYYD
GH13	1	WP_017261281.1	9.57	22	VVYQIY,NHDQPR,VYQIYP,DNGYDI,QPDLNW,GFRMDV,FRMDVI,VVNHTS,PDLNWE,RTPMQW,RDNART,LNWENP,NARTPM,DNARTP,DLVVNH,DLNWEN,QYYLHL,VNHTSD,ARTPMQ,LVVNHT,YYLHLF,MDLVVN
GH13	11	WP_017261402.1	9.63	26	LDAVFN,NHKYDT,FPERFA,ILGEIW,GGDLQG,DAVFNH,QIFPER,WRLDVA,DSHDTA,WYQIFP,KYDTED,YDTEDY,LDSHDT,HFGDAR,SNHKYD,SHDTAR,MPKLNT,ERFANG,FYGGDL,RLDVAN,IFPERF,HKYDTE,PERFAN,MLDAVF,LDVANE,YQIFPE
GH23	115	WP_017262326.1	10.0	15	ATDGLF,QGGVVH,NDGAGQ,HQRNAV,GQNWKE,DIGSWI,PSGELK,VHTRLS,HKATDG,ELLQLP,NWKELL,VKFAQG,KDPLGN,VINAGV,NAGVDA
GH36	1	WP_017260470.1	16.0	42	SCSSGG,ILINNW,LDDGWF,IELFVL,NNWEAT,FGLWFE,GGGRFD,EATYFD,LFESCS,WEATYF,ATYFDF,FVLDDG,INNWEA,SAVPNH,NWEATY,ESCSSG,LFVLDD,SSLGDW,VLDDGW,VSAVPN,LINNWE,LVYSGN,WFEPEM,ERLKIQ,DYIKWD,EPEMIS,DDGWFG,LWFEPE,DGWFGK,GWFGKR,KWDMNR,MGAHVS,IKWDMN,AVPNHQ,GLWFEP,GIELFV,PILINN,VYSGNF,HVSAVP,RPILIN,ELFVLD,YIKWDM
GH36	6	WP_017261125.1	6.32	16	VIFNDY,KMDYNI,IENCGS,YIKMDY,IKMDYN,FNDYMN,IFNDYM,IPGLWL,YGVGYI,ENCGSG,VGYIKM,LVIENC,GYIKMD,PGLWLE,GVGYIK,AVWSYP
GH42	5	WP_152323487.1	22.5	30	TYWKGL,PYPGQL,YWKGLL,YWHWHS,DNETKH,HNSFET,WHWHSI,NSFETY,PGQLRL,IHNSFE,INVVRI,QLRLQA,KGLLSH,FETYWK,HWHSIH,SIHNSF,YWSNRI,YPGQLR,GLLSHD,HSIHNS,ESTWST,WKGLLS,SFETYW,DYWSNR,LLSHDF,WHSIHN,EIAFGG,GTPTYA,ETYWKG,GQLRLQ
GH43	2	WP_017263019.1	15.1	25	PLYDPN,VNEGPA,DPNRHT,SASATD,NEGPAV,RADPFI,TDENYC,DENYCM,YSASAT,GDPLYD,YDPNRH,LYDPNR,GPGHNS,ASATDE,DPLYDP,SATDEN,GHNSFT,LIWAPE,ATDENY,PGHNSF,NPWTLK,QRADPF,MFQHRM,FQHRMF,ENYCMG
GH43	20	WP_017261048.1	21.2	22	FAAQGG,YLFAAQ,WDHREY,GHGALV,AAQGGT,GITLTE,TWDHRE,QGHGAL,QQTWDH,QKQGHG,LFAAQG,YYLFAA,VQQTWD,QGGTVF,GEWYYA,QTWDHR,GGTVFT,EWYYAS,WYYASL,DPRGWS,AQGGTV,GTVFTH
GH43	29	WP_017261061.1	50.6	59	LMSRPL,GFTTRG,GGFTGL,LGDPDA,APGHIV,NPLGRE,FTGLFN,EIGGFT,DEGVNG,AGHGSL,KAGHGS,HLFSLG,SIGFDP,IYLTSI,GGTGYA,LNPLGR,MAPDPS,MSRPLP,DPDAGH,TSIGFD,GMAPDP,IGGFTG,PGHIVI,APDPSI,GHIVIA,ATSTFH,DPSIIR,EGVNGE,LTSIGF,GEIGGF,NMAGRE,PDPSII,LSDEGV,FTTRGC,LFSLGD,GDPDAG,YLSDEG,IWAPHL,GIWAPH,TGLFNF,HIVIAE,PIYLTS,TSTFHW,WAPHLS,SLGDPD,HLMSRP,GFTGLF,MAGREF,SDEGVN,TGYAHG,YLTSIG,PSIIRV,FSLGDP,GTGYAH,QKAGHG,GLFNFI,QAPGHI,PLGRET,GHGSLV
GH51	1	WP_017263024.1	23.7	35	VNVIAP,GNEMDG,FDEWNV,IAPIMT,LAQLVN,LGNEMD,LSFDEW,NLGTRG,EWNVWY,AVNLGT,CLGNEM,AQLVNV,CLAQLV,RYPGGN,VACGSS,NEMDGP,VIAPIM,YPGGNF,ELVACG,WCLGNE,LGTRGI,LGRAVY,IRYPGG,NVIAPI,NVWYHS,SFDEWN,WNVWYH,EMDGPW,DEWNVW,LVACGS,VNLGTR,ACLAQL,LVNVIA,QLVNVI,MAVNLG
GH65	1	WP_017262195.1	5.53	15	WRTING,YFWDTE,EGHYFW,VTGPDE,TGPDEY,GHYFWD,PLLLHY,GYEGHY,AKGLTG,HYFWDT,YPLLLH,HDSSLS,YEGHYF,HINADI,INADIA
GH65	2	WP_017261404.1	47.6	56	TFEEIH,GFTGEK,VGWWKN,QGIRFN,TARLDL,NIGPKG,KTRVGW,ITFEEI,TGEKYG,EWEITF,TRVGWW,RVGWWK,ESSLSP,WWKNGY,TVHESS,EITFEE,PKGFTG,NEWEIT,FEEIHR,TYWDTE,VHESSL,ARLDLD,GEKYGG,DGLHIT,ECHNEW,WEITFE,QQGIRF,HNEWEI,AQQGIR,EKYGGA,NNWYTN,EYENNV,GGATYW,CHNEWE,YGGATY,EEIHRN,EIHRNG,HGVTGP,RLNIGP,HESSLS,GPKGFT,KYGGAT,YWDTEA,GATYWD,DKTRVG,LNIGPK,FTGEKY,KGFTGE,PDKTRV,LDLDNY,IGPKGF,RTARLD,WKNGYP,GWWKNG,RLDLDN,DLDNYN
GH65	2	WP_017261216.1	44.4	52	TFEEIH,GFTGEK,VGWWKN,QGIRFN,NIGPKG,EIHRNG,ITFEEI,TGEKYG,EWEITF,TRVGWW,GATYWD,WWKNGY,TVHESS,EITFEE,PKGFTG,NEWEIT,KTRVGW,TYWDTE,VHESSL,GEKYGG,LHITSM,DGLHIT,HGVTGP,WEITFE,QQGIRF,HNEWEI,AQQGIR,EKYGGA,NNWYTN,FEEIHR,EYENNV,YGGATY,EEIHRN,GGATYW,RVGWWK,RLNIGP,HESSLS,GPKGFT,KYGGAT,YWDTEA,DKTRVG,LNIGPK,FTGEKY,KGFTGE,PDKTRV,LDLDNY,IGPKGF,GLHITS,WKNGYP,GWWKNG,RLDLDN,DLDNYN
GH65	3	WP_017261776.1	13.3	25	MYPWQS,GHVFWD,HGEAYR,LVNLPN,FWDELF,LHGEAY,DIQGGT,GEAYRG,ARGLHG,RGLHGE,HVFWDE,EGIHLG,HGSTLS,GAMYPW,EAYRGH,IQGGTT,AYRGHV,YRGHVF,GLHGEA,GTTAEG,RGHVFW,VMGPDE,MGPDEF,GPDEFH,AMYPWQ
GH73	9	WP_017262126.1	6.83	10	NLFGIK,HNLFGI,GYATDP,ILESGW,DGYATD,LESGWG,QAILES,AQAILE,LFGIKG,AILESG
GH73	9	WP_162129510.1	4.57	8	HNLFGI,SGWGQS,GYATDP,DGYATD,ESGWGQ,DHGAFL,LFGIKG,NLFGIK
GH73	38	WP_017262705.1	6.55	8	LESDWG,ILESDW,GYATDP,DGYATD,QAILES,AQAILE,AILESD,IAQAIL
GH126	6	WP_017262568.1	6.0	6	ATLDDL,DDLRII,VNATLD,TLDDLR,LDDLRI,NATLDD
GT0	11	WP_017261548.1	2.89	6	IMLAPP,AFGYNG,TVDKPP,LAFGYN,PYIIKT,VDKPPV
GT2	18	WP_017261549.1	5.15	9	TGDFRL,DTGDFR,ADLQDP,DLQDPP,GDFRLM,FSRNFG,DADLQD,RNFGHQ,SRNFGH
GT2	22	WP_017261709.1	14.2	30	NRFSKG,VMDVDL,RFSKGI,FGKESA,FSRNFG,IFSWVG,NFGKES,SRNFGK,VGFKTK,WVGFKT,SWVGFK,KGIFSW,GIFSWV,MTRQVV,RNFGKE,DLQDPP,GFKTKY,SFSRNF,VPCYNE,MDVDLQ,EVNRFS,FSWVGF,SKGIFS,VNRFSK,LMTRQV,DVDLQD,RLMTRQ,VDLQDP,LQDPPE,FSKGIF
GT2	22	WP_017262546.1	8.32	16	NRFSKG,MDVDLQ,VMDVDL,EVNRFS,RNFGKE,DLQDPP,DVDLQD,RFSKGI,SFSRNF,VNRFSK,FSRNFG,VPCYNE,VDLQDP,LQDPPE,FSKGIF,SRNFGK
GT2	30	WP_017262768.1	9.22	24	YVYDNN,GDDTYP,DIMTGY,GDRLSS,GYRAFS,MTGYRA,GKGNVI,KGNVIR,DNNSTD,YDNNST,EIETEM,ENKRPF,TGYRAF,VYDNNS,GFEIET,QGKGNV,IETEMS,IMTGYR,IPCYNE,DGDDTY,NKRPFH,FEIETE,DDTYPA,LIPCYN
GT2	69	WP_026017212.1	26.1	46	GGKGKS,SNALNI,ALAEDT,LGAVIG,DTEISF,TRFINI,NALNIG,VPAHNE,CTIPGT,AEDTEI,FQWMAQ,GKGKSN,NIETLS,QWMAQA,KFRTRN,TLSFQW,INIETL,GAVIGK,WMAQAG,GKSNAL,KGKSNA,TIPGTN,VTWEQE,EDTEIS,LSFQWM,GKFRTR,ETLSFQ,LCTIPG,KSNALN,RFINIE,VIGKFR,KGNIYV,IGKFRT,KALAED,ADNTPE,TEISFR,TWEQEP,IETLSF,AVIGKF,LAEDTE,EQEPQT,LTRFIN,DADNTP,MAQAGR,YDADNT,FINIET
GT4	17	WP_017261117.1	13.3	24	TQTEFS,SGVATS,VHTYHT,YHTMYE,YFPQVS,GLTYIE,VSGVAT,TYHTMY,SFTDRR,TMYEDY,ATSIKT,HTYHTM,FPQVSG,VATSIK,LLSLSR,TSIKTL,QGLTYI,TYFPQV,QVSGVA,HTMYED,HTQTEF,PQVSGV,GVATSI,RVIPTG
GT4	52	WP_017261116.1	26.5	47	LLPSYN,YVHFLP,FLPETL,LFLLPS,WAGGFS,ADLFLL,QGVGSA,IGYVHF,PNFVSK,DLFLLP,VHFLPE,MSVLEA,SYNELF,KIGYVH,GVGSAY,VLLRDL,TPVLLR,FLLPSY,GQGVGS,YIPNFV,SVLEAF,ELFPMS,LFPMSV,ISHYHT,LRDLDL,YNELFP,FPMSVL,HFLPET,PVLLRD,EAFSCG,IVVVNP,NELFPM,PSYNEL,FYKRMD,LEAFSC,GYVHFL,IIDGYY,TLEGSL,LLRDLD,PMSVLE,RDLDLY,GGFSFG,IPNFVS,AGGFSF,VLEAFS,LPSYNE,TYIPNF
GT8	20	WP_017262440.1	7.01	13	QHFTTS,VFQHFT,NSGVLL,GVLLLN,ILFCGD,LRLYAD,FQHFTT,MLRLYA,SGVLLL,TVFQHF,NILFCG,HFTTSF,MNILFC
GT8	23	WP_017262439.1	6.44	11	CIAPDQ,IAPDQD,FYRLFI,DCIAPD,RADFFT,DQDYLN,IHYNLF,IFYRLF,PDQDYL,LIHYNL,APDQDY
GT28	2	WP_017262812.1	11.8	26	HEQNSV,IYPALA,SGGGTG,GGHIYP,AEITAL,TNKFLS,LIPSPY,IHEQNS,TGNPRA,GTGGHI,ILIPSP,TGGYVS,GHIYPA,DHQTKN,VSGGGT,PSPYVT,YPALAL,EITALG,GGTGGH,HIYPAL,IPSPYV,HQTKNA,LIFGGS,GGGTGG,GTGGYV,TGGHIY
GT51	8	WP_017261826.1	6.15	10	GGSTLT,QGGSTL,STLTQQ,YINKVY,QAGKTG,TLTQQL,LAGMPQ,ANGGTY,GSTLTQ,INKVYM
GT51	38	WP_042655403.1	6.4	13	VAGKTG,GGSTLT,FRGFNR,GKTGTT,GYKIYT,STLTQQ,QQLVKN,LTQQLV,GGGSTL,TLTQQL,TQQLVK,GSTLTQ,AGKTGT
CBM50	133	WP_017260974.1	4.08	9	SGDTVS,KSGDTV,TVKSGD,TTVDAI,GDTVSK,NTTVDA,VKSGDT,DTVSKL,TVSKLA
