0	TC	0	null	CGC1	DQ868502.2	1	1008	ACE73663.1	+	DB=gnl|TC-DB|G4FGN5|3.A.1.2.20;ID=ACE73663.1	DB=gnl|TC-DB|G4FGN5|3.A.1.2.20;ID=ACE73663.1
1	TC	1	0	CGC1	DQ868502.2	1042	2817	ACE73664.1	+	DB=gnl|TC-DB|F4LXP4|8.A.59.2.1;ID=ACE73664.1	DB=gnl|TC-DB|F4LXP4|8.A.59.2.1;ID=ACE73664.1
2	TF	0	0	CGC1	DQ868502.2	2965	4179	ACE73665.1	+	DB=DBD-Pfam|HTH_AraC,DBD-Pfam|HTH_AraC,DBD-SUPERFAMILY|0036286,DBD-SUPERFAMILY|0035607;ID=ACE73665.1	DB=DBD-Pfam|HTH_AraC,DBD-Pfam|HTH_AraC,DBD-SUPERFAMILY|0036286,DBD-SUPERFAMILY|0035607;ID=ACE73665.1
3	TC	2	1	CGC1	DQ868502.2	4358	5446	ACE73666.1	+	DB=gnl|TC-DB|P25548|3.A.1.2.5;ID=ACE73666.1	DB=gnl|TC-DB|P25548|3.A.1.2.5;ID=ACE73666.1
4	null	null	null	CGC1	DQ868502.2	5108	6568	ACE73666.1	-	ID=ACE73667.1;protein_id=ACE73667.1;product=transposase
5	null	null	null	CGC1	DQ868502.2	6810	8177	ACE73666.1	+	ID=ACE73668.1;gene=IE1;protein_id=ACE73668.1;product=transposase
6	TC	0	2	CGC1	DQ868502.2	8627	10168	ACE73669.1	+	DB=gnl|TC-DB|O05176|3.A.1.2.5;ID=ACE73669.1	DB=gnl|TC-DB|O05176|3.A.1.2.5;ID=ACE73669.1
7	TC	5	0	CGC1	DQ868502.2	10170	11393	ACE73670.1	+	DB=gnl|TC-DB|O05177|3.A.1.2.5;ID=ACE73670.1	DB=gnl|TC-DB|O05177|3.A.1.2.5;ID=ACE73670.1
8	TF	4	0	CGC1	DQ868502.2	11699	12793	ACE73671.1	+	DB=DBD-Pfam|GntR,DBD-SUPERFAMILY|0043758;ID=ACE73671.1	DB=DBD-Pfam|GntR,DBD-SUPERFAMILY|0043758;ID=ACE73671.1
9	null	null	null	CGC1	DQ868502.2	12887	13573	ACE73671.1	+	ID=ACE73672.1;gene=araD;protein_id=ACE73672.1;product=l-ribulose-5-phosphate 4-epimerase
10	null	null	null	CGC1	DQ868502.2	13590	15284	ACE73671.1	+	ID=ACE73673.1;gene=araB;protein_id=ACE73673.1;product=ribulokinase
11	null	null	null	CGC1	DQ868502.2	15298	16791	ACE73671.1	+	ID=ACE73674.1;gene=araA;protein_id=ACE73674.1;product=l-arabinose isomerase
12	null	null	null	CGC1	DQ868502.2	17231	18079	ACE73671.1	+	ID=ACE73675.1;gene=abp;protein_id=ACE73675.1;product=transposase
13	CAZyme	1	5	CGC1	DQ868502.2	19589	20536	ACE73676.1	+	DB=GH43_5;ID=ACE73676.1	DB=GH43_5;ID=ACE73676.1
14	STP	0	0	CGC1	DQ868502.2	20864	22228	ACE73677.1	+	DB=STP|SBP_bac_1;ID=ACE73677.1	DB=STP|SBP_bac_1;ID=ACE73677.1
15	TC	0	1	CGC1	DQ868502.2	22315	23241	ACE73678.1	+	DB=gnl|TC-DB|Q7WWQ9|3.A.1.1.20;ID=ACE73678.1	DB=gnl|TC-DB|Q7WWQ9|3.A.1.1.20;ID=ACE73678.1
16	TC	0	0	CGC1	DQ868502.2	23241	24149	ACE73679.1	+	DB=gnl|TC-DB|Q93J92|3.A.1.1.36;ID=ACE73679.1	DB=gnl|TC-DB|Q93J92|3.A.1.1.36;ID=ACE73679.1
17	CAZyme	0	0	CGC1	DQ868502.2	24179	26725	ACE73680.1	+	DB=GH43_4;ID=ACE73680.1	DB=GH43_4;ID=ACE73680.1
18	CAZyme	0	0	CGC1	DQ868502.2	26989	28509	ACE73681.1	+	DB=GH51_1;ID=ACE73681.1	DB=GH51_1;ID=ACE73681.1
19	CAZyme	4	0	CGC1	DQ868502.2	28836	30344	ACE73682.1	+	DB=GH51_1;ID=ACE73682.1	DB=GH51_1;ID=ACE73682.1
20	null	null	null	CGC1	DQ868502.2	30408	31403	ACE73682.1	+	ID=ACE73683.1;gene=araJ;protein_id=ACE73683.1;product=putative oxidoreductase
21	null	null	null	CGC1	DQ868502.2	31422	32474	ACE73682.1	+	ID=ACE73684.1;gene=araK;protein_id=ACE73684.1;product=aldose 1-epimerase
22	null	null	null	CGC1	DQ868502.2	32479	33300	ACE73682.1	+	ID=ACE73685.1;gene=araL;protein_id=ACE73685.1;product=putative sugar phosphatase
23	null	null	null	CGC1	DQ868502.2	33381	34511	ACE73682.1	+	ID=ACE73686.1;gene=araM;protein_id=ACE73686.1;product=putative glycerol-1-phosphate dehydrogenase
24	CAZyme	null	4	CGC1	DQ868502.2	34521	36449	ACE73687.1	+	DB=GH127;ID=ACE73687.1	DB=GH127;ID=ACE73687.1
+++++
