0	TC	0	null	CGC1	DQ868502	1	1008	araP.p01	+	DB=gnl|TC-DB|G4FGN5|3.A.1.2.20;ID=araP.p01	DB=gnl|TC-DB|G4FGN5|3.A.1.2.20;ID=araP.p01
1	TC	2	0	CGC1	DQ868502	1042	2817	araS.p01	+	DB=gnl|TC-DB|F4LXP4|8.A.59.2.1;ID=araS.p01	DB=gnl|TC-DB|F4LXP4|8.A.59.2.1;ID=araS.p01
2	STP	1	0	CGC1	DQ868502	2965	4179	araT.p01	+	DB=STP|Response_reg,STP|HTH_18;ID=araT.p01	DB=STP|Response_reg,STP|HTH_18;ID=araT.p01
3	null	null	null	CGC1	DQ868502	5108	6568	transposase	-	;ID=transposase
4	TC	1	2	CGC1	DQ868502	4358	5446	araE.p01	+	DB=gnl|TC-DB|P25548|3.A.1.2.5;ID=araE.p01	DB=gnl|TC-DB|P25548|3.A.1.2.5;ID=araE.p01
5	null	null	null	CGC1	DQ868502	6810	8177	IE1.p01	+	;ID=IE1.p01
6	TC	0	1	CGC1	DQ868502	8627	10168	araG.p01	+	DB=gnl|TC-DB|O05176|3.A.1.2.5;ID=araG.p01	DB=gnl|TC-DB|O05176|3.A.1.2.5;ID=araG.p01
7	TC	5	0	CGC1	DQ868502	10170	11393	araH.p01	+	DB=gnl|TC-DB|O05177|3.A.1.2.5;ID=araH.p01	DB=gnl|TC-DB|O05177|3.A.1.2.5;ID=araH.p01
8	STP	4	0	CGC1	DQ868502	11699	12793	araR.p01	+	DB=STP|GntR,STP|Peripla_BP_3;ID=araR.p01	DB=STP|GntR,STP|Peripla_BP_3;ID=araR.p01
9	null	null	null	CGC1	DQ868502	12887	13573	araD.p01	+	;ID=araD.p01
10	null	null	null	CGC1	DQ868502	13590	15284	araB.p01	+	;ID=araB.p01
11	null	null	null	CGC1	DQ868502	15298	16791	araA.p01	+	;ID=araA.p01
12	null	null	null	CGC1	DQ868502	17231	18079	abp.p01	+	;ID=abp.p01
13	CAZyme	1	5	CGC1	DQ868502	19589	20536	abnB.p01	+	DB=GH43|GH43_5;ID=abnB.p01	DB=GH43|GH43_5;ID=abnB.p01
14	STP	0	0	CGC1	DQ868502	20864	22228	abnE.p01	+	DB=STP|SBP_bac_1;ID=abnE.p01	DB=STP|SBP_bac_1;ID=abnE.p01
15	TC	0	1	CGC1	DQ868502	22315	23241	abnF.p01	+	DB=gnl|TC-DB|Q7WWQ9|3.A.1.1.20;ID=abnF.p01	DB=gnl|TC-DB|Q7WWQ9|3.A.1.1.20;ID=abnF.p01
16	TC	0	0	CGC1	DQ868502	23241	24149	abnJ.p01	+	DB=gnl|TC-DB|Q9X9R5|3.A.1.1.23;ID=abnJ.p01	DB=gnl|TC-DB|Q9X9R5|3.A.1.1.23;ID=abnJ.p01
17	CAZyme	0	0	CGC1	DQ868502	24179	26725	abnA.p01	+	DB=GH43|GH43_4|CBM54;ID=abnA.p01	DB=GH43|GH43_4|CBM54;ID=abnA.p01
18	CAZyme	0	0	CGC1	DQ868502	26989	28509	abfB.p01	+	DB=GH51;ID=abfB.p01	DB=GH51;ID=abfB.p01
19	CAZyme	4	0	CGC1	DQ868502	28836	30344	abfA.p01	+	DB=GH51;ID=abfA.p01	DB=GH51;ID=abfA.p01
20	null	null	null	CGC1	DQ868502	30408	31403	araJ.p01	+	;ID=araJ.p01
21	null	null	null	CGC1	DQ868502	31422	32474	araK.p01	+	;ID=araK.p01
22	null	null	null	CGC1	DQ868502	32479	33300	araL.p01	+	;ID=araL.p01
23	null	null	null	CGC1	DQ868502	33381	34511	araM.p01	+	;ID=araM.p01
24	CAZyme	null	4	CGC1	DQ868502	34521	36449	araN.p01	+	DB=GH127;ID=araN.p01	DB=GH127;ID=araN.p01
+++++
