1	CAZyme	0	null	CGC1	AAXF02000051	1	1605	BACOVA_03417	+	DB=GH43_10|CBM91;ID=BACOVA_03417	DB=GH43_10|CBM91;ID=BACOVA_03417
2	CAZyme	1	0	CGC1	AAXF02000051	1702	4287	BACOVA_03419	+	DB=GH3;ID=BACOVA_03419	DB=GH3;ID=BACOVA_03419
3	null	null	null	CGC1	AAXF02000051	4488	4649	BACOVA_03419	+	ID=BACOVA_03420;Parent=BACOVA_03420;Name=BACOVA_03420;Note=Psort location: Cytoplasmic%2C score:8.96;codon_start=1;product=hypothetical protein;protein_id=EDO10787.1;transl_table=11;translation=length.53
4	CAZyme	0	1	CGC1	AAXF02000051	4720	6447	BACOVA_03421	+	DB=GH43_12|CBM91;ID=BACOVA_03421	DB=GH43_12|CBM91;ID=BACOVA_03421
5	CAZyme	0	0	CGC1	AAXF02000051	6473	8917	BACOVA_03422	+	DB=GH31_4;ID=BACOVA_03422	DB=GH31_4;ID=BACOVA_03422
6	CAZyme	0	0	CGC1	AAXF02000051	8914	10914	BACOVA_03423	+	DB=GH97;ID=BACOVA_03423	DB=GH97;ID=BACOVA_03423
7	CAZyme	0	0	CGC1	AAXF02000051	10934	12265	BACOVA_03424	+	DB=GH43_29|CBM6;ID=BACOVA_03424	DB=GH43_29|CBM6;ID=BACOVA_03424
8	CAZyme	0	0	CGC1	AAXF02000051	12413	14215	BACOVA_03425	+	DB=GH43_12|CBM91;ID=BACOVA_03425	DB=GH43_12|CBM91;ID=BACOVA_03425
9	TC	1	0	CGC1	AAXF02000051	14336	17488	BACOVA_03426	+	DB=gnl|TC-DB|Q45780|1.B.14.6.1;ID=BACOVA_03426	DB=gnl|TC-DB|Q45780|1.B.14.6.1;ID=BACOVA_03426
10	null	null	null	CGC1	AAXF02000051	17505	19376	BACOVA_03426	+	ID=BACOVA_03427;Parent=BACOVA_03427;Dbxref=InterPro:IPR012944;Name=BACOVA_03427;codon_start=1;inference=protein motif:HMMPfam:IPR012944,similar to AA sequence:REFSEQ:YP_098227.1;product=SusD family protein;protein_id=EDO10794.1;transl_table=11;translation=length.623
11	TC	2	1	CGC1	AAXF02000051	19409	22228	BACOVA_03428	+	DB=gnl|TC-DB|Q45780|1.B.14.6.1;ID=BACOVA_03428	DB=gnl|TC-DB|Q45780|1.B.14.6.1;ID=BACOVA_03428
12	null	null	null	CGC1	AAXF02000051	22256	24031	BACOVA_03428	+	ID=BACOVA_03429;Parent=BACOVA_03429;Dbxref=InterPro:IPR012944;Name=BACOVA_03429;codon_start=1;inference=protein motif:HMMPfam:IPR012944,similar to AA sequence:INSD:AAO79194.1;product=SusD family protein;protein_id=EDO10796.1;transl_table=11;translation=length.591
13	null	null	null	CGC1	AAXF02000051	24063	25097	BACOVA_03428	+	ID=BACOVA_03430;Parent=BACOVA_03430;Name=BACOVA_03430;codon_start=1;product=hypothetical protein;protein_id=EDO10797.1;transl_table=11;translation=length.344
14	CAZyme	0	2	CGC1	AAXF02000051	25130	27382	BACOVA_03431	+	DB=GH10;ID=BACOVA_03431	DB=GH10;ID=BACOVA_03431
15	CAZyme	0	0	CGC1	AAXF02000051	27416	29059	BACOVA_03432	+	DB=GH30_8;ID=BACOVA_03432	DB=GH30_8;ID=BACOVA_03432
16	CAZyme	0	0	CGC1	AAXF02000051	29059	31902	BACOVA_03433	+	DB=GH98|CBM35;ID=BACOVA_03433	DB=GH98|CBM35;ID=BACOVA_03433
17	CAZyme	0	0	CGC1	AAXF02000051	31988	34531	BACOVA_03434	+	DB=GH115;ID=BACOVA_03434	DB=GH115;ID=BACOVA_03434
18	CAZyme	0	0	CGC1	AAXF02000051	34558	36474	BACOVA_03435	+	DB=CE6|CE1;ID=BACOVA_03435	DB=CE6|CE1;ID=BACOVA_03435
19	CAZyme	1	0	CGC1	AAXF02000051	36482	37870	BACOVA_03436	+	DB=GH43_29|CBM6;ID=BACOVA_03436	DB=GH43_29|CBM6;ID=BACOVA_03436
20	TF	0	0	CGC1	AAXF02000051	37892	41911	BACOVA_03437	-	DB=DBD-Pfam|HTH_AraC,DBD-Pfam|HTH_AraC,DBD-SUPERFAMILY|0036286,DBD-SUPERFAMILY|0035607;ID=BACOVA_03437	DB=DBD-Pfam|HTH_AraC,DBD-Pfam|HTH_AraC,DBD-SUPERFAMILY|0036286,DBD-SUPERFAMILY|0035607;ID=BACOVA_03437
21	CAZyme	3	1	CGC1	AAXF02000051	42070	44505	BACOVA_03438	-	DB=GH95;ID=BACOVA_03438	DB=GH95;ID=BACOVA_03438
22	null	null	null	CGC1	AAXF02000051	44502	44672	BACOVA_03438	-	ID=BACOVA_03439;Parent=BACOVA_03439;Name=BACOVA_03439;codon_start=1;product=hypothetical protein;protein_id=EDO10806.1;transl_table=11;translation=length.56
23	null	null	null	CGC1	AAXF02000051	44716	45183	BACOVA_03438	-	ID=BACOVA_03440;Parent=BACOVA_03440;Name=BACOVA_03440;codon_start=1;product=hypothetical protein;protein_id=EDO10807.1;transl_table=11;translation=length.155
24	TF	0	2	CGC1	AAXF02000051	45402	49367	BACOVA_03441	+	DB=DBD-Pfam|HTH_8,DBD-Pfam|HTH_AraC,DBD-SUPERFAMILY|0036286,DBD-SUPERFAMILY|0035607;ID=BACOVA_03441	DB=DBD-Pfam|HTH_8,DBD-Pfam|HTH_AraC,DBD-SUPERFAMILY|0036286,DBD-SUPERFAMILY|0035607;ID=BACOVA_03441
25	CAZyme	0	3	CGC1	AAXF02000051	49547	51058	BACOVA_03442	+	DB=GH30;ID=BACOVA_03442	DB=GH30;ID=BACOVA_03442
26	TC	5	0	CGC1	AAXF02000051	51263	54484	BACOVA_03443	+	DB=gnl|TC-DB|Q45780|1.B.14.6.1;ID=BACOVA_03443	DB=gnl|TC-DB|Q45780|1.B.14.6.1;ID=BACOVA_03443
27	null	null	null	CGC1	AAXF02000051	54498	56354	BACOVA_03443	+	ID=BACOVA_03444;Parent=BACOVA_03444;Dbxref=InterPro:IPR012944;Name=BACOVA_03444;Note=COG: NOG28394 non supervised orthologous group;codon_start=1;inference=protein motif:HMMPfam:IPR012944,similar to AA sequence:INSD:ABQ06875.1;product=SusD family protein;protein_id=EDO10811.1;transl_table=11;translation=length.618
28	null	null	null	CGC1	AAXF02000051	56338	57720	BACOVA_03443	+	ID=BACOVA_03445;Parent=BACOVA_03445;Dbxref=InterPro:IPR002909;Name=BACOVA_03445;codon_start=1;inference=protein motif:HMMPfam:IPR002909;product=IPT/TIG domain protein;protein_id=EDO10812.1;transl_table=11;translation=length.460
29	null	null	null	CGC1	AAXF02000051	57746	59749	BACOVA_03443	+	ID=BACOVA_03446;Parent=BACOVA_03446;Name=BACOVA_03446;codon_start=1;product=hypothetical protein;protein_id=EDO10813.1;transl_table=11;translation=length.667
30	null	null	null	CGC1	AAXF02000051	59771	60190	BACOVA_03443	+	ID=BACOVA_03447;Parent=BACOVA_03447;Name=BACOVA_03447;codon_start=1;product=hypothetical protein;protein_id=EDO10814.1;transl_table=11;translation=length.139
31	null	null	null	CGC1	AAXF02000051	60552	60677	BACOVA_03443	-	ID=BACOVA_03448;Parent=BACOVA_03448;Name=BACOVA_03448;codon_start=1;product=hypothetical protein;protein_id=EDO10815.1;transl_table=11;translation=length.41
32	CAZyme	0	5	CGC1	AAXF02000051	60862	63432	BACOVA_03449	-	DB=GH115;ID=BACOVA_03449	DB=GH115;ID=BACOVA_03449
33	CAZyme	null	0	CGC1	AAXF02000051	63463	65394	BACOVA_03450	-	DB=CE20|CE20;ID=BACOVA_03450	DB=CE20|CE20;ID=BACOVA_03450
+++++
