0	CAZyme	2	null	CGC1	NZ_CAWLDM010000001	1	2529	ACI5KW_RS09655	-	DB=GH95;ID=ACI5KW_RS09655	DB=GH95;ID=ACI5KW_RS09655
1	STP	1	0	CGC1	NZ_CAWLDM010000001	3308	3802	ACI5KW_RS09660	+	DB=STP|Sigma70_r2,STP|Sigma70_r4_2;ID=ACI5KW_RS09660	DB=STP|Sigma70_r2,STP|Sigma70_r4_2;ID=ACI5KW_RS09660
2	STP	0	1	CGC1	NZ_CAWLDM010000001	3807	6482	ACI5KW_RS09665	+	DB=STP|FecR;ID=ACI5KW_RS09665	DB=STP|FecR;ID=ACI5KW_RS09665
3	CAZyme	3	2	CGC1	NZ_CAWLDM010000001	6674	9727	ACI5KW_RS09670	+	DB=CBM32;ID=ACI5KW_RS09670	DB=CBM32;ID=ACI5KW_RS09670
4	null	null	null	CGC1	NZ_CAWLDM010000001	9827	11104	ACI5KW_RS09670	+	ID=ACI5KW_RS09675;Parent=ACI5KW_RS09675;gO_component=GO:0042597 - periplasmic space [Evidence IEA];gO_function=GO:0016829 - lyase activity [Evidence IEA];Name=ACI5KW_RS09675;Note=Derived by automated computational analysis using gene prediction method: Protein Homology.;codon_start=1;inference=COORDINATES: similar to AA sequence:RefSeq:WP_008700961.1;product=alginate lyase family protein;protein_id=WP_404307346.1;transl_table=11;translation=length.425
5	null	null	null	CGC1	NZ_CAWLDM010000001	11435	12976	ACI5KW_RS09670	-	ID=ACI5KW_RS09680;Parent=ACI5KW_RS09680;eC_number=3.1.6.-;Name=ACI5KW_RS09680;Note=Derived by automated computational analysis using gene prediction method: Protein Homology.;codon_start=1;inference=COORDINATES: similar to AA sequence:RefSeq:WP_009101951.1;product=sulfatase family protein;protein_id=WP_404307348.1;transl_table=11;translation=length.513
6	null	null	null	CGC1	NZ_CAWLDM010000001	13249	14727	ACI5KW_RS09670	-	ID=ACI5KW_RS09685;Parent=ACI5KW_RS09685;Name=ACI5KW_RS09685;Note=Derived by automated computational analysis using gene prediction method: Protein Homology.;codon_start=1;inference=COORDINATES: similar to AA sequence:RefSeq:WP_009098490.1;product=sulfatase;protein_id=WP_404307350.1;transl_table=11;translation=length.492
7	CAZyme	1	3	CGC1	NZ_CAWLDM010000001	15068	16879	ACI5KW_RS09690	-	DB=GH29;ID=ACI5KW_RS09690	DB=GH29;ID=ACI5KW_RS09690
8	null	null	null	CGC1	NZ_CAWLDM010000001	16967	17116	ACI5KW_RS09690	+	ID=ACI5KW_RS09695;Parent=ACI5KW_RS09695;Name=ACI5KW_RS09695;Note=Derived by automated computational analysis using gene prediction method: GeneMarkS-2+.;codon_start=1;inference=COORDINATES: ab initio prediction:GeneMarkS-2+;product=hypothetical protein;protein_id=WP_404307354.1;transl_table=11;translation=length.49
9	CAZyme	2	1	CGC1	NZ_CAWLDM010000001	17132	20470	ACI5KW_RS09700	-	DB=CE12;ID=ACI5KW_RS09700	DB=CE12;ID=ACI5KW_RS09700
10	null	null	null	CGC1	NZ_CAWLDM010000001	21331	22050	ACI5KW_RS09700	+	ID=ACI5KW_RS09705;Parent=ACI5KW_RS09705;Name=ACI5KW_RS09705;Note=Derived by automated computational analysis using gene prediction method: Protein Homology.;codon_start=1;inference=COORDINATES: similar to AA sequence:RefSeq:WP_011117980.1;product=3-keto-disaccharide hydrolase;protein_id=WP_404307358.1;transl_table=11;translation=length.239
11	null	null	null	CGC1	NZ_CAWLDM010000001	22207	23685	ACI5KW_RS09700	+	ID=ACI5KW_RS09710;Parent=ACI5KW_RS09710;gO_function=GO:0016491 - oxidoreductase activity [Evidence IEA]%3B GO:0016651 - oxidoreductase activity%2C acting on NAD(P)H [Evidence IEA];Name=ACI5KW_RS09710;Note=Derived by automated computational analysis using gene prediction method: Protein Homology.;codon_start=1;inference=COORDINATES: similar to AA sequence:RefSeq:WP_008662464.1;product=Gfo/Idh/MocA family protein;protein_id=WP_404307360.1;transl_table=11;translation=length.492
12	CAZyme	1	2	CGC1	NZ_CAWLDM010000001	23813	25465	ACI5KW_RS09715	-	DB=GH29;ID=ACI5KW_RS09715	DB=GH29;ID=ACI5KW_RS09715
13	null	null	null	CGC1	NZ_CAWLDM010000001	25715	27403	ACI5KW_RS09715	-	ID=ACI5KW_RS09720;Parent=ACI5KW_RS09720;Name=ACI5KW_RS09720;Note=Derived by automated computational analysis using gene prediction method: Protein Homology.;codon_start=1;inference=COORDINATES: similar to AA sequence:RefSeq:WP_009100756.1;product=hypothetical protein;protein_id=WP_404307364.1;transl_table=11;translation=length.562
14	CAZyme	0	1	CGC1	NZ_CAWLDM010000001	27493	29862	ACI5KW_RS09725	-	DB=CE6;ID=ACI5KW_RS09725	DB=CE6;ID=ACI5KW_RS09725
15	CAZyme	0	0	CGC1	NZ_CAWLDM010000001	30078	33032	ACI5KW_RS09730	-	DB=GH141;ID=ACI5KW_RS09730	DB=GH141;ID=ACI5KW_RS09730
16	CAZyme	4	0	CGC1	NZ_CAWLDM010000001	33733	35526	ACI5KW_RS09735	+	DB=GH29;ID=ACI5KW_RS09735	DB=GH29;ID=ACI5KW_RS09735
17	null	null	null	CGC1	NZ_CAWLDM010000001	36072	37985	ACI5KW_RS09735	+	ID=ACI5KW_RS09740;Parent=ACI5KW_RS09740;eC_number=2.7.13.3;gO_function=GO:0005524 - ATP binding [Evidence IEA]%3B GO:0000155 - phosphorelay sensor kinase activity [Evidence IEA];Name=ACI5KW_RS09740;Note=Derived by automated computational analysis using gene prediction method: Protein Homology.;codon_start=1;inference=COORDINATES: similar to AA sequence:RefSeq:WP_009100018.1;product=sensor histidine kinase;protein_id=WP_404307372.1;transl_table=11;translation=length.637
18	TF	2	1	CGC1	NZ_CAWLDM010000001	37982	38662	ACI5KW_RS09745	+	DB=DBD-Pfam|GerE,DBD-SUPERFAMILY|0039939;ID=ACI5KW_RS09745	DB=DBD-Pfam|GerE,DBD-SUPERFAMILY|0039939;ID=ACI5KW_RS09745
19	null	null	null	CGC1	NZ_CAWLDM010000001	39012	40349	ACI5KW_RS09745	-	ID=ACI5KW_RS09750;Parent=ACI5KW_RS09750;Name=ACI5KW_RS09750;Note=Derived by automated computational analysis using gene prediction method: Protein Homology.;codon_start=1;inference=COORDINATES: similar to AA sequence:RefSeq:WP_008680637.1;product=chromosome condensation protein;protein_id=WP_404307376.1;transl_table=11;translation=length.445
20	null	null	null	CGC1	NZ_CAWLDM010000001	40799	42238	ACI5KW_RS09745	+	ID=ACI5KW_RS09755;Parent=ACI5KW_RS09755;Name=ACI5KW_RS09755;Note=Derived by automated computational analysis using gene prediction method: Protein Homology.;codon_start=1;inference=COORDINATES: similar to AA sequence:RefSeq:WP_007335166.1;product=DUF1598 domain-containing protein;protein_id=WP_404307378.1;transl_table=11;translation=length.479
21	TC	null	4	CGC1	NZ_CAWLDM010000001	42689	44668	ACI5KW_RS09760	-	DB=gnl|TC-DB|Q0WML0|3.A.1.201.8;ID=ACI5KW_RS09760	DB=gnl|TC-DB|Q0WML0|3.A.1.201.8;ID=ACI5KW_RS09760
+++++
