0	TC	0	null	CGC1	NZ_CP012938	1	3327	Bovatus_RS02815	+	DB=gnl|TC-DB|Q8A8X1|1.B.14.6.13;ID=Bovatus_RS02815	DB=gnl|TC-DB|Q8A8X1|1.B.14.6.13;ID=Bovatus_RS02815
1	TC	0	0	CGC1	NZ_CP012938	3346	4923	Bovatus_RS02820	+	DB=gnl|TC-DB|Q8A0N7|8.A.46.2.2;ID=Bovatus_RS02820	DB=gnl|TC-DB|Q8A0N7|8.A.46.2.2;ID=Bovatus_RS02820
2	CAZyme	2	0	CGC1	NZ_CP012938	4956	6020	Bovatus_RS02825	+	DB=GH18;ID=Bovatus_RS02825	DB=GH18;ID=Bovatus_RS02825
3	null	null	null	CGC1	NZ_CP012938	6043	7254	Bovatus_RS02825	+	ID=Bovatus_RS02830;Parent=Bovatus_RS02830;Dbxref=GeneID:29454016;Name=Bovatus_RS02830;Note=Derived by automated computational analysis using gene prediction method: Protein Homology.;codon_start=1;inference=COORDINATES: similar to AA sequence:RefSeq:WP_004306236.1;old_locus_tag=Bovatus_00580;product=DUF1735 and LamG domain-containing protein;protein_id=WP_004300469.1;transl_table=11;translation=length.403
4	null	null	null	CGC1	NZ_CP012938	7278	8243	Bovatus_RS02825	+	ID=Bovatus_RS02835;Parent=Bovatus_RS02835;Dbxref=GeneID:29454015;Name=Bovatus_RS02835;Note=Derived by automated computational analysis using gene prediction method: Protein Homology.;codon_start=1;inference=COORDINATES: similar to AA sequence:RefSeq:WP_004300470.1;old_locus_tag=Bovatus_00581;product=BT_3987 domain-containing protein;protein_id=WP_004300470.1;transl_table=11;translation=length.321
5	CAZyme	1	2	CGC1	NZ_CP012938	8408	10609	Bovatus_RS02840	+	DB=GH163;ID=Bovatus_RS02840	DB=GH163;ID=Bovatus_RS02840
6	null	null	null	CGC1	NZ_CP012938	10708	12036	Bovatus_RS02840	+	ID=Bovatus_RS02845;Parent=Bovatus_RS02845;Dbxref=GeneID:29454012;gO_function=GO:0022857 - transmembrane transporter activity [Evidence IEA];gO_process=GO:0055085 - transmembrane transport [Evidence IEA];Name=Bovatus_RS02845;Note=Derived by automated computational analysis using gene prediction method: Protein Homology.;codon_start=1;inference=COORDINATES: similar to AA sequence:RefSeq:WP_004300472.1;old_locus_tag=Bovatus_00583;product=MFS transporter;protein_id=WP_004300472.1;transl_table=11;translation=length.442
7	CAZyme	0	1	CGC1	NZ_CP012938	12053	13021	Bovatus_RS02850	+	DB=GH130_2;ID=Bovatus_RS02850	DB=GH130_2;ID=Bovatus_RS02850
8	CAZyme	3	0	CGC1	NZ_CP012938	13029	15302	Bovatus_RS02855	+	DB=GH92;ID=Bovatus_RS02855	DB=GH92;ID=Bovatus_RS02855
9	null	null	null	CGC1	NZ_CP012938	15457	17118	Bovatus_RS02855	+	ID=Bovatus_RS02860;Parent=Bovatus_RS02860;Dbxref=GeneID:29453994;gO_function=GO:0004803 - transposase activity [Evidence IEA];gO_process=GO:0006313 - DNA transposition [Evidence IEA];Name=Bovatus_RS02860;Note=Derived by automated computational analysis using gene prediction method: Protein Homology.;codon_start=1;inference=COORDINATES: similar to AA sequence:RefSeq:WP_011199135.1;old_locus_tag=Bovatus_00586;product=IS1182-like element ISBf3 family transposase;protein_id=WP_004300475.1;transl_table=11;translation=length.553
10	null	null	null	CGC1	NZ_CP012938	17418	18311	Bovatus_RS02855	+	ID=Bovatus_RS02865;Parent=Bovatus_RS02865;Dbxref=GeneID:29453993;gO_function=GO:0003824 - catalytic activity [Evidence IEA];Name=Bovatus_RS02865;Note=Derived by automated computational analysis using gene prediction method: Protein Homology.;codon_start=1;inference=COORDINATES: similar to AA sequence:RefSeq:WP_008640537.1;old_locus_tag=Bovatus_00587;product=sugar phosphate isomerase/epimerase family protein;protein_id=WP_004300476.1;transl_table=11;translation=length.297
11	null	null	null	CGC1	NZ_CP012938	18483	20006	Bovatus_RS02855	+	ID=Bovatus_RS02870;Parent=Bovatus_RS02870;Dbxref=GeneID:29453992;Name=Bovatus_RS02870;Note=Derived by automated computational analysis using gene prediction method: Protein Homology.;codon_start=1;inference=COORDINATES: similar to AA sequence:RefSeq:WP_004300477.1;old_locus_tag=Bovatus_00588;product=DUF4992 family lipoprotein;protein_id=WP_004300477.1;transl_table=11;translation=length.507
12	TC	1	3	CGC1	NZ_CP012938	20037	23423	Bovatus_RS02875	+	DB=gnl|TC-DB|Q45780|1.B.14.6.1;ID=Bovatus_RS02875	DB=gnl|TC-DB|Q45780|1.B.14.6.1;ID=Bovatus_RS02875
13	null	null	null	CGC1	NZ_CP012938	23436	25649	Bovatus_RS02875	+	ID=Bovatus_RS02880;Parent=Bovatus_RS02880;Dbxref=GeneID:29453987;gO_component=GO:0009279 - cell outer membrane [Evidence IEA]%3B GO:0019867 - outer membrane [Evidence IEA];gO_function=GO:2001070 - starch binding [Evidence IEA];Name=Bovatus_RS02880;Note=Derived by automated computational analysis using gene prediction method: Protein Homology.;codon_start=1;inference=COORDINATES: similar to AA sequence:RefSeq:WP_004306228.1;old_locus_tag=Bovatus_00590;product=RagB/SusD family nutrient uptake outer membrane protein;protein_id=WP_004300479.1;transl_table=11;translation=length.737
14	CAZyme	1	1	CGC1	NZ_CP012938	25855	27594	Bovatus_RS02885	+	DB=PL1_2;ID=Bovatus_RS02885	DB=PL1_2;ID=Bovatus_RS02885
15	null	null	null	CGC1	NZ_CP012938	27597	28265	Bovatus_RS02885	+	ID=Bovatus_RS02890;Parent=Bovatus_RS02890;Dbxref=GeneID:29453983;Name=Bovatus_RS02890;Note=Derived by automated computational analysis using gene prediction method: Protein Homology.;codon_start=1;inference=COORDINATES: similar to AA sequence:RefSeq:WP_004300481.1;old_locus_tag=Bovatus_00592;product=DUF3826 domain-containing protein;protein_id=WP_004300481.1;transl_table=11;translation=length.222
16	CAZyme	0	1	CGC1	NZ_CP012938	28471	29394	Bovatus_RS02895	+	DB=GH43_18;ID=Bovatus_RS02895	DB=GH43_18;ID=Bovatus_RS02895
17	CAZyme	0	0	CGC1	NZ_CP012938	29426	32746	Bovatus_RS02900	+	DB=GH143|GH142;ID=Bovatus_RS02900	DB=GH143|GH142;ID=Bovatus_RS02900
18	CAZyme	0	0	CGC1	NZ_CP012938	33038	35872	Bovatus_RS02905	+	DB=CBM67|GH78;ID=Bovatus_RS02905	DB=CBM67|GH78;ID=Bovatus_RS02905
19	CAZyme	0	0	CGC1	NZ_CP012938	36073	37425	Bovatus_RS02910	+	DB=GH28;ID=Bovatus_RS02910	DB=GH28;ID=Bovatus_RS02910
20	CAZyme	1	0	CGC1	NZ_CP012938	37522	39486	Bovatus_RS02915	+	DB=CE19;ID=Bovatus_RS02915	DB=CE19;ID=Bovatus_RS02915
21	null	null	null	CGC1	NZ_CP012938	39719	40606	Bovatus_RS02915	-	ID=Bovatus_RS02920;Parent=Bovatus_RS02920;Dbxref=GeneID:29453967;eC_number=1.1.1.-;gO_function=GO:0070403 - NAD+ binding [Evidence IEA]%3B GO:0016491 - oxidoreductase activity [Evidence IEA];Name=Bovatus_RS02920;Note=Derived by automated computational analysis using gene prediction method: Protein Homology.;codon_start=1;inference=COORDINATES: similar to AA sequence:RefSeq:WP_008775766.1;old_locus_tag=Bovatus_00598;product=SDR family NAD(P)-dependent oxidoreductase;protein_id=WP_004300487.1;transl_table=11;translation=length.295
22	CAZyme	0	1	CGC1	NZ_CP012938	40720	44580	Bovatus_RS02925	-	DB=CBM67|GH78|GH33;ID=Bovatus_RS02925	DB=CBM67|GH78|GH33;ID=Bovatus_RS02925
23	CAZyme	0	0	CGC1	NZ_CP012938	44612	46078	Bovatus_RS02930	-	DB=GH140;ID=Bovatus_RS02930	DB=GH140;ID=Bovatus_RS02930
24	CAZyme	0	0	CGC1	NZ_CP012938	46099	47301	Bovatus_RS02935	-	DB=GH105;ID=Bovatus_RS02935	DB=GH105;ID=Bovatus_RS02935
25	CAZyme	null	0	CGC1	NZ_CP012938	47315	49783	Bovatus_RS02940	-	DB=GH95;ID=Bovatus_RS02940	DB=GH95;ID=Bovatus_RS02940
+++++
