0	CAZyme	3	null	CGC1	NZ_LSNE01000005	1	1488	AX660_RS08785	+	DB=GH16_13;ID=AX660_RS08785	DB=GH16_13;ID=AX660_RS08785
1	null	null	null	CGC1	NZ_LSNE01000005	1522	3069	AX660_RS08785	+	ID=AX660_RS08790;Parent=AX660_RS08790;gO_function=GO:0008484 - sulfuric ester hydrolase activity [Evidence IEA];Name=AX660_RS08790;Note=Derived by automated computational analysis using gene prediction method: Protein Homology.;codon_start=1;inference=COORDINATES: similar to AA sequence:RefSeq:WP_007375144.1;old_locus_tag=AX660_11730;product=sulfatase-like hydrolase/transferase;protein_id=WP_068375678.1;transl_table=11;translation=length.515
2	null	null	null	CGC1	NZ_LSNE01000005	3106	4575	AX660_RS08785	+	ID=AX660_RS08795;Parent=AX660_RS08795;Name=AX660_RS08795;Note=Derived by automated computational analysis using gene prediction method: Protein Homology.;codon_start=1;inference=COORDINATES: similar to AA sequence:RefSeq:WP_007375143.1;old_locus_tag=AX660_11735;product=sulfatase;protein_id=WP_235594702.1;transl_table=11;translation=length.489
3	null	null	null	CGC1	NZ_LSNE01000005	4617	6500	AX660_RS08785	+	ID=AX660_RS08800;Parent=AX660_RS08800;Name=AX660_RS08800;Note=Derived by automated computational analysis using gene prediction method: Protein Homology.;codon_start=1;inference=COORDINATES: similar to AA sequence:RefSeq:WP_011573776.1;old_locus_tag=AX660_11740;product=CRTAC1 family protein;protein_id=WP_068375680.1;transl_table=11;translation=length.627
4	CAZyme	5	3	CGC1	NZ_LSNE01000005	6551	8533	AX660_RS08805	+	DB=GH127;ID=AX660_RS08805	DB=GH127;ID=AX660_RS08805
5	null	null	null	CGC1	NZ_LSNE01000005	8615	9652	AX660_RS08805	+	ID=AX660_RS08810;Parent=AX660_RS08810;Name=AX660_RS08810;Note=Derived by automated computational analysis using gene prediction method: GeneMarkS-2+.;codon_start=1;inference=COORDINATES: ab initio prediction:GeneMarkS-2+;old_locus_tag=AX660_11750;product=hypothetical protein;protein_id=WP_201027429.1;transl_table=11;translation=length.345
6	null	null	null	CGC1	NZ_LSNE01000005	9889	10407	AX660_RS08805	-	ID=AX660_RS08815;Parent=AX660_RS08815;Name=AX660_RS08815;Note=Derived by automated computational analysis using gene prediction method: GeneMarkS-2+.;codon_start=1;inference=COORDINATES: ab initio prediction:GeneMarkS-2+;old_locus_tag=AX660_11755;product=hypothetical protein;protein_id=WP_068375685.1;transl_table=11;translation=length.172
7	null	null	null	CGC1	NZ_LSNE01000005	10671	11107	AX660_RS08805	-	ID=AX660_RS23295;Parent=AX660_RS23295;Name=AX660_RS23295;Note=Derived by automated computational analysis using gene prediction method: GeneMarkS-2+.;codon_start=1;inference=COORDINATES: ab initio prediction:GeneMarkS-2+;product=hypothetical protein;protein_id=WP_162266411.1;transl_table=11;translation=length.146
8	null	null	null	CGC1	NZ_LSNE01000005	11156	12628	AX660_RS08805	-	ID=AX660_RS08820;Parent=AX660_RS08820;Name=AX660_RS08820;Note=Derived by automated computational analysis using gene prediction method: GeneMarkS-2+.;codon_start=1;inference=COORDINATES: ab initio prediction:GeneMarkS-2+;old_locus_tag=AX660_11760;product=hypothetical protein;protein_id=WP_131811777.1;transl_table=11;translation=length.490
9	null	null	null	CGC1	NZ_LSNE01000005	13255	14370	AX660_RS08805	-	ID=AX660_RS08825;Parent=AX660_RS08825;Name=AX660_RS08825;Note=Derived by automated computational analysis using gene prediction method: Protein Homology.;codon_start=1;inference=COORDINATES: protein motif:HMM:NF021778.5;old_locus_tag=AX660_11765;product=lactonase family protein;protein_id=WP_068375690.1;transl_table=11;translation=length.371
10	CAZyme	0	5	CGC1	NZ_LSNE01000005	14489	15472	AX660_RS08830	-	DB=GH16_13;ID=AX660_RS08830	DB=GH16_13;ID=AX660_RS08830
11	CAZyme	1	0	CGC1	NZ_LSNE01000005	15659	18091	AX660_RS08835	-	DB=GH167;ID=AX660_RS08835	DB=GH167;ID=AX660_RS08835
12	null	null	null	CGC1	NZ_LSNE01000005	18116	20467	AX660_RS08835	-	ID=AX660_RS08840;Parent=AX660_RS08840;Name=AX660_RS08840;Note=Derived by automated computational analysis using gene prediction method: Protein Homology.;codon_start=1;inference=COORDINATES: similar to AA sequence:RefSeq:WP_007985228.1;old_locus_tag=AX660_11780;product=alkaline phosphatase D family protein;protein_id=WP_068375694.1;transl_table=11;translation=length.783
13	CAZyme	2	1	CGC1	NZ_LSNE01000005	20587	22263	AX660_RS08845	-	DB=GH82;ID=AX660_RS08845	DB=GH82;ID=AX660_RS08845
14	null	null	null	CGC1	NZ_LSNE01000005	22422	23138	AX660_RS08845	-	ID=AX660_RS08850;Parent=AX660_RS08850;Name=AX660_RS08850;Note=Derived by automated computational analysis using gene prediction method: Protein Homology.;codon_start=1;inference=COORDINATES: protein motif:HMM:NF039455.4;old_locus_tag=AX660_11790;product=DUF6445 family protein;protein_id=WP_068375699.1;transl_table=11;translation=length.238
15	STP	0	1	CGC1	NZ_LSNE01000005	23159	23890	AX660_RS08855	-	DB=STP|Y_Y_Y;ID=AX660_RS08855	DB=STP|Y_Y_Y;ID=AX660_RS08855
16	CAZyme	0	2	CGC1	NZ_LSNE01000005	23890	25281	AX660_RS08860	-	DB=GH16_13;ID=AX660_RS08860	DB=GH16_13;ID=AX660_RS08860
17	CAZyme	5	0	CGC1	NZ_LSNE01000005	25312	26280	AX660_RS08865	-	DB=GH16_17;ID=AX660_RS08865	DB=GH16_17;ID=AX660_RS08865
18	null	null	null	CGC1	NZ_LSNE01000005	26358	28118	AX660_RS08865	-	ID=AX660_RS08870;Parent=AX660_RS08870;Name=AX660_RS08870;Note=Derived by automated computational analysis using gene prediction method: Protein Homology.;codon_start=1;inference=COORDINATES: protein motif:HMM:NF014427.5;old_locus_tag=AX660_11810;product=Ig-like domain-containing protein;protein_id=WP_068375706.1;transl_table=11;translation=length.586
19	null	null	null	CGC1	NZ_LSNE01000005	28190	31855	AX660_RS08865	-	ID=AX660_RS08875;Parent=AX660_RS08875;gO_component=GO:0019867 - outer membrane [Evidence IEA];gO_function=GO:0022857 - transmembrane transporter activity [Evidence IEA];gO_process=GO:0006810 - transport [Evidence IEA];Name=AX660_RS08875;Note=Derived by automated computational analysis using gene prediction method: Protein Homology.;codon_start=1;inference=COORDINATES: similar to AA sequence:RefSeq:WP_007375140.1;old_locus_tag=AX660_11815;product=TonB-dependent receptor;protein_id=WP_068375710.1;transl_table=11;translation=length.1221
20	null	null	null	CGC1	NZ_LSNE01000005	32737	33822	AX660_RS08865	-	ID=AX660_RS08880;Parent=AX660_RS08880;Name=AX660_RS08880;Note=Derived by automated computational analysis using gene prediction method: Protein Homology.;codon_start=1;inference=COORDINATES: similar to AA sequence:RefSeq:WP_007636998.1;old_locus_tag=AX660_11820;product=DUF917 domain-containing protein;protein_id=WP_068375712.1;transl_table=11;translation=length.361
21	null	null	null	CGC1	NZ_LSNE01000005	33819	35399	AX660_RS08865	-	ID=AX660_RS08885;Parent=AX660_RS08885;Name=AX660_RS08885;Note=Derived by automated computational analysis using gene prediction method: Protein Homology.;codon_start=1;inference=COORDINATES: similar to AA sequence:RefSeq:WP_007636997.1;old_locus_tag=AX660_11825;product=hydantoinase/oxoprolinase family protein;protein_id=WP_068375714.1;transl_table=11;translation=length.526
22	null	null	null	CGC1	NZ_LSNE01000005	35412	36698	AX660_RS08865	-	ID=AX660_RS08890;Parent=AX660_RS08890;Name=AX660_RS08890;Note=Derived by automated computational analysis using gene prediction method: Protein Homology.;codon_start=1;inference=COORDINATES: similar to AA sequence:RefSeq:WP_007636996.1;old_locus_tag=AX660_11830;product=purine-cytosine permease family protein;protein_id=WP_068375716.1;transl_table=11;translation=length.428
23	TC	4	5	CGC1	NZ_LSNE01000005	36774	38900	AX660_RS08895	-	DB=gnl|TC-DB|Q9LAE4|1.B.14.8.1;ID=AX660_RS08895	DB=gnl|TC-DB|Q9LAE4|1.B.14.8.1;ID=AX660_RS08895
24	TF	3	0	CGC1	NZ_LSNE01000005	39074	39574	AX660_RS08900	+	DB=DBD-Pfam|MarR,DBD-SUPERFAMILY|0040517;ID=AX660_RS08900	DB=DBD-Pfam|MarR,DBD-SUPERFAMILY|0040517;ID=AX660_RS08900
25	TF	2	1	CGC1	NZ_LSNE01000005	39595	40059	AX660_RS08905	-	DB=DBD-Pfam|HTH_11,DBD-SUPERFAMILY|0044258;ID=AX660_RS08905	DB=DBD-Pfam|HTH_11,DBD-SUPERFAMILY|0044258;ID=AX660_RS08905
26	null	null	null	CGC1	NZ_LSNE01000005	40194	41267	AX660_RS08905	+	ID=AX660_RS08910;Parent=AX660_RS08910;Name=AX660_RS08910;Note=Derived by automated computational analysis using gene prediction method: Protein Homology.;codon_start=1;inference=COORDINATES: similar to AA sequence:RefSeq:WP_007103388.1;old_locus_tag=AX660_11850;product=ornithine cyclodeaminase;protein_id=WP_068375721.1;transl_table=11;translation=length.357
27	TF	0	3	CGC1	NZ_LSNE01000005	41267	42190	AX660_RS08915	+	DB=DBD-Pfam|Crp;ID=AX660_RS08915	DB=DBD-Pfam|Crp;ID=AX660_RS08915
28	CAZyme	null	4	CGC1	NZ_LSNE01000005	42800	43849	AX660_RS08920	-	DB=GH16_13;ID=AX660_RS08920	DB=GH16_13;ID=AX660_RS08920
+++++
