0	TC	2	null	CGC1	DQ868502.2	238	1965	ABI49930.1	+	DB=gnl|TC-DB|F4LXP4|8.A.59.2.1;ID=ABI49930.1	DB=gnl|TC-DB|F4LXP4|8.A.59.2.1;ID=ABI49930.1
1	TF	1	0	CGC1	DQ868502.2	1958	2737	ABI49931.1	+	DB=DBD-Pfam|HTH_AraC,DBD-Pfam|HTH_AraC,DBD-SUPERFAMILY|0036286,DBD-SUPERFAMILY|0035607;ID=ABI49931.1	DB=DBD-Pfam|HTH_AraC,DBD-Pfam|HTH_AraC,DBD-SUPERFAMILY|0036286,DBD-SUPERFAMILY|0035607;ID=ABI49931.1
2	STP	0	1	CGC1	DQ868502.2	2842	4167	ABI49932.1	+	DB=STP|SBP_bac_1;ID=ABI49932.1	DB=STP|SBP_bac_1;ID=ABI49932.1
3	TC	0	2	CGC1	DQ868502.2	4230	5099	ABI49933.1	+	DB=gnl|TC-DB|Q8RJU9|3.A.1.1.18;ID=ABI49933.1	DB=gnl|TC-DB|Q8RJU9|3.A.1.1.18;ID=ABI49933.1
4	TC	1	0	CGC1	DQ868502.2	5114	5980	ABI49934.1	+	DB=gnl|TC-DB|G4FGN6|3.A.1.1.41;ID=ABI49934.1	DB=gnl|TC-DB|G4FGN6|3.A.1.1.41;ID=ABI49934.1
5	null	null	null	CGC1	DQ868502.2	6173	7141	ABI49934.1	+	ID=ABI49935.1;gene=xylM;protein_id=ABI49935.1;product=aldose 1-epimerase
6	CAZyme	0	1	CGC1	DQ868502.2	7165	7779	ABI49936.1	+	DB=CE4;ID=ABI49936.1	DB=CE4;ID=ABI49936.1
7	CAZyme	0	0	CGC1	DQ868502.2	7859	9976	ABI49956.1	+	DB=GH52;ID=ABI49956.1	DB=GH52;ID=ABI49956.1
8	CAZyme	1	0	CGC1	DQ868502.2	9979	10974	ABI49937.2	+	DB=GH10;ID=ABI49937.2	DB=GH10;ID=ABI49937.2
9	null	null	null	CGC1	DQ868502.2	11739	13196	ABI49937.2	+	ID=ABI49960.1;protein_id=ABI49960.1;product=transposase
10	TC	0	1	CGC1	DQ868502.2	14709	15791	ABI49938.1	+	DB=gnl|TC-DB|Q09LY7|3.A.1.1.9;ID=ABI49938.1	DB=gnl|TC-DB|Q09LY7|3.A.1.1.9;ID=ABI49938.1
11	TC	0	0	CGC1	DQ868502.2	15807	16697	ABI49939.1	+	DB=gnl|TC-DB|Q09LY6|3.A.1.1.9;ID=ABI49939.1	DB=gnl|TC-DB|Q09LY6|3.A.1.1.9;ID=ABI49939.1
12	CAZyme	0	0	CGC1	DQ868502.2	16715	18754	ABI49940.1	+	DB=GH67;ID=ABI49940.1	DB=GH67;ID=ABI49940.1
13	CAZyme	6	0	CGC1	DQ868502.2	18770	20284	ABI49941.1	+	DB=GH39;ID=ABI49941.1	DB=GH39;ID=ABI49941.1
14	STP	5	0	CGC1	DQ868502.2	20316	21260	ABI49942.1	+	DB=STP|PfkB;ID=ABI49942.1	DB=STP|PfkB;ID=ABI49942.1
15	null	null	null	CGC1	DQ868502.2	21276	21926	ABI49942.1	+	ID=ABI49943.1;gene=kdgA;protein_id=ABI49943.1;product=2-keto-3-deoxy-6-phosphogluconate aldolase
16	TF	3	2	CGC1	DQ868502.2	21991	22740	ABI49944.1	+	DB=DBD-Pfam|GntR,DBD-SUPERFAMILY|0039384;ID=ABI49944.1	DB=DBD-Pfam|GntR,DBD-SUPERFAMILY|0039384;ID=ABI49944.1
17	null	null	null	CGC1	DQ868502.2	22777	24198	ABI49944.1	+	ID=ABI49945.1;gene=uxaC;protein_id=ABI49945.1;product=uronate isomerase
18	null	null	null	CGC1	DQ868502.2	24206	25321	ABI49944.1	+	ID=ABI49946.1;gene=uxuA;protein_id=ABI49946.1;product=d-mannonate hydrolase
19	null	null	null	CGC1	DQ868502.2	25297	26142	ABI49944.1	+	ID=ABI49947.1;gene=uxuB;protein_id=ABI49947.1;product=d-mannonate oxidoreductase
20	TC	3	6	CGC1	DQ868502.2	26219	26863	ABI49948.1	+	DB=gnl|TC-DB|G4PA66|9.B.28.1.5;ID=ABI49948.1	DB=gnl|TC-DB|G4PA66|9.B.28.1.5;ID=ABI49948.1
21	null	null	null	CGC1	DQ868502.2	27135	27650	ABI49948.1	+	ID=ABI49949.1;gene=orfB;protein_id=ABI49949.1;product=hypothetical protein
22	null	null	null	CGC1	DQ868502.2	27832	29085	ABI49948.1	+	ID=ABI49958.1;protein_id=ABI49958.1;product=transposase
23	STP	0	2	CGC1	DQ868502.2	29078	29878	ABI49950.1	+	DB=STP|AAA;ID=ABI49950.1	DB=STP|AAA;ID=ABI49950.1
24	CAZyme	2	3	CGC1	DQ868502.2	30216	31454	ABI49951.1	-	DB=GH10;ID=ABI49951.1	DB=GH10;ID=ABI49951.1
25	null	null	null	CGC1	DQ868502.2	32071	32742	ABI49951.1	+	ID=ABI49952.1;gene=xynX;protein_id=ABI49952.1;product=potential regulatory protein
26	null	null	null	CGC1	DQ868502.2	32916	33575	ABI49951.1	+	ID=ABI49953.1;gene=axe2;protein_id=ABI49953.1;product=acetyl xylan esterase
27	CAZyme	null	2	CGC1	DQ868502.2	33620	35227	ABI49959.1	+	DB=GH43_11|CBM91;ID=ABI49959.1	DB=GH43_11|CBM91;ID=ABI49959.1
+++++
