0	TC	2	null	CGC1	DQ868502	238	1965	xynD.p01	+	DB=gnl|TC-DB|F4LXP4|8.A.59.2.1;ID=xynD.p01	DB=gnl|TC-DB|F4LXP4|8.A.59.2.1;ID=xynD.p01
1	TF	1	0	CGC1	DQ868502	1958	2737	xynC.p01	+	DB=DBD-Pfam|HTH_AraC,DBD-Pfam|HTH_AraC,DBD-SUPERFAMILY|0036286,DBD-SUPERFAMILY|0035607;ID=xynC.p01	DB=DBD-Pfam|HTH_AraC,DBD-Pfam|HTH_AraC,DBD-SUPERFAMILY|0036286,DBD-SUPERFAMILY|0035607;ID=xynC.p01
2	STP	0	1	CGC1	DQ868502	2842	4167	xynE.p01	+	DB=STP|SBP_bac_1;ID=xynE.p01	DB=STP|SBP_bac_1;ID=xynE.p01
3	TC	0	2	CGC1	DQ868502	4230	5099	xynF.p01	+	DB=gnl|TC-DB|Q8RJU9|3.A.1.1.18;ID=xynF.p01	DB=gnl|TC-DB|Q8RJU9|3.A.1.1.18;ID=xynF.p01
4	TC	1	0	CGC1	DQ868502	5114	5980	xynG.p01	+	DB=gnl|TC-DB|G4FGN6|3.A.1.1.41;ID=xynG.p01	DB=gnl|TC-DB|G4FGN6|3.A.1.1.41;ID=xynG.p01
5	null	null	null	CGC1	DQ868502	6173	7141	xylM.p01	+	;ID=xylM.p01
6	CAZyme	0	1	CGC1	DQ868502	7165	7779	axe1.p01	+	DB=CE4;ID=axe1.p01	DB=CE4;ID=axe1.p01
7	CAZyme	0	0	CGC1	DQ868502	7859	9976	xynB2.p01	+	DB=GH52;ID=xynB2.p01	DB=GH52;ID=xynB2.p01
8	CAZyme	1	0	CGC1	DQ868502	9979	10974	xynA2.p01	+	DB=GH10;ID=xynA2.p01	DB=GH10;ID=xynA2.p01
9	null	null	null	CGC1	DQ868502	11739	13196	transposase	+	;ID=transposase
10	TC	0	1	CGC1	DQ868502	14709	15791	aguF.p01	+	DB=gnl|TC-DB|Q09LY7|3.A.1.1.9;ID=aguF.p01	DB=gnl|TC-DB|Q09LY7|3.A.1.1.9;ID=aguF.p01
11	TC	0	0	CGC1	DQ868502	15807	16697	aguG.p01	+	DB=gnl|TC-DB|Q09LY6|3.A.1.1.9;ID=aguG.p01	DB=gnl|TC-DB|Q09LY6|3.A.1.1.9;ID=aguG.p01
12	CAZyme	0	0	CGC1	DQ868502	16715	18754	aguA.p01	+	DB=GH67;ID=aguA.p01	DB=GH67;ID=aguA.p01
13	CAZyme	6	0	CGC1	DQ868502	18770	20284	xynB1.p01	+	DB=GH39;ID=xynB1.p01	DB=GH39;ID=xynB1.p01
14	STP	5	0	CGC1	DQ868502	20316	21260	kdgK.p01	+	DB=STP|PfkB;ID=kdgK.p01	DB=STP|PfkB;ID=kdgK.p01
15	null	null	null	CGC1	DQ868502	21276	21926	kdgA.p01	+	;ID=kdgA.p01
16	TF	3	2	CGC1	DQ868502	21991	22740	uxuR.p01	+	DB=DBD-Pfam|GntR,DBD-SUPERFAMILY|0039384;ID=uxuR.p01	DB=DBD-Pfam|GntR,DBD-SUPERFAMILY|0039384;ID=uxuR.p01
17	null	null	null	CGC1	DQ868502	22777	24198	uxaC.p01	+	;ID=uxaC.p01
18	null	null	null	CGC1	DQ868502	24206	25321	uxuA.p01	+	;ID=uxuA.p01
19	null	null	null	CGC1	DQ868502	25297	26142	uxuB.p01	+	;ID=uxuB.p01
20	TC	6	6	CGC1	DQ868502	26219	26863	orfA.p01	+	DB=gnl|TC-DB|G4PA66|9.B.28.1.5;ID=orfA.p01	DB=gnl|TC-DB|G4PA66|9.B.28.1.5;ID=orfA.p01
21	null	null	null	CGC1	DQ868502	27832	29085	transposase.CDS	+	;ID=transposase.CDS
22	null	null	null	CGC1	DQ868502	27135	27650	orfB.p01	+	;ID=orfB.p01
23	STP	3	2	CGC1	DQ868502	29078	29878	orfC.p01	+	DB=STP|AAA;ID=orfC.p01	DB=STP|AAA;ID=orfC.p01
24	null	null	null	CGC1	DQ868502	30216	31454	xynA.p01.CDS	-	;ID=xynA.p01.CDS
25	null	null	null	CGC1	DQ868502	32071	32742	xynX.p01	+	;ID=xynX.p01
26	null	null	null	CGC1	DQ868502	32916	33575	axe2.p01	+	;ID=axe2.p01
27	CAZyme	null	6	CGC1	DQ868502	33620	35227	xynB3.p01	+	DB=GH43_11;ID=xynB3.p01	DB=GH43_11;ID=xynB3.p01
+++++
