0	CAZyme	0	null	CGC1	MH687413	1	771	CE12	-	DB=CE12;ID=CE12	DB=CE12;ID=CE12
1	TC	1	0	CGC1	MH687413	1336	4365	AYK02488.1	+	DB=gnl|TC-DB|Q9A608|1.B.14.12.1;ID=AYK02488.1	DB=gnl|TC-DB|Q9A608|1.B.14.12.1;ID=AYK02488.1
2	null	null	null	CGC1	MH687413	4368	4493	AYK02488.1	+	ID=AYK02489.1;Name="";codon_start=1;product=hypothetical protein;protein_id=AYK02489.1;transl_table=11;translation=length.41
3	CAZyme	2	1	CGC1	MH687413	4584	6053	GH28	+	DB=GH28;ID=GH28	DB=GH28;ID=GH28
4	null	null	null	CGC1	MH687413	6068	6697	GH28	+	ID=KdgA;Name=KdgA;Note=2-keto-3-deoxygluconate 6-phosphate aldolase;codon_start=1;product=KdgA;protein_id=AYK02490.1;transl_table=11;translation=length.209
5	null	null	null	CGC1	MH687413	6762	8207	GH28	+	ID=UxaC;Name=UxaC;Note=Uronate isomerase;codon_start=1;product=UxaC;protein_id=AYK02491.1;transl_table=11;translation=length.481
6	CAZyme	0	2	CGC1	MH687413	8265	10817	GH105A	+	DB=GH105;ID=GH105A	DB=GH105;ID=GH105A
7	CAZyme	0	0	CGC1	MH687413	10847	12040	GH105B	+	DB=GH105;ID=GH105B	DB=GH105;ID=GH105B
8	CAZyme	2	0	CGC1	MH687413	12050	13735	GH43	+	DB=GH43_10|CBM91;ID=GH43	DB=GH43_10|CBM91;ID=GH43
9	null	null	null	CGC1	MH687413	13738	14688	GH43	+	ID=CE10;Name=CE10;Note=Pectin acetylesterase%2C carbohydrate esterase family 10 (CE10)%3B PsCE10;codon_start=1;product=CE10;protein_id=AYK02506.1;transl_table=11;translation=length.316
10	TF	0	1	CGC1	MH687413	14860	15876	AYK02492.1	-	DB=DBD-Pfam|LacI,DBD-SUPERFAMILY|0036955;ID=AYK02492.1	DB=DBD-Pfam|LacI,DBD-SUPERFAMILY|0036955;ID=AYK02492.1
11	TC	0	2	CGC1	MH687413	16140	17441	DctM	-	DB=gnl|TC-DB|Q8ZKS0|2.A.56.1.5;ID=DctM	DB=gnl|TC-DB|Q8ZKS0|2.A.56.1.5;ID=DctM
12	TC	0	0	CGC1	MH687413	17441	17932	DctQ	-	DB=gnl|TC-DB|Q8ZKR9|2.A.56.1.5;ID=DctQ	DB=gnl|TC-DB|Q8ZKR9|2.A.56.1.5;ID=DctQ
13	TC	5	0	CGC1	MH687413	17939	18937	SBP	-	DB=gnl|TC-DB|P43020|2.A.56.1.5;ID=SBP	DB=gnl|TC-DB|P43020|2.A.56.1.5;ID=SBP
14	null	null	null	CGC1	MH687413	18967	19809	SBP	-	ID=KduI;Name=KduI;Note=5-keto-4-deoxyuronate isomerase;codon_start=1;product=KduI;protein_id=AYK02499.1;transl_table=11;translation=length.280
15	null	null	null	CGC1	MH687413	19831	20595	SBP	-	ID=KduD;Name=KduD;Note=2%2C5-diketo-3-deoxygluconate reductase;codon_start=1;product=KduD;protein_id=AYK02500.1;transl_table=11;translation=length.254
16	null	null	null	CGC1	MH687413	20727	22229	SBP	+	ID=UxaB;Name=UxaB;Note=Altronate oxidoreductase;codon_start=1;product=UxaB;protein_id=AYK02501.1;transl_table=11;translation=length.500
17	null	null	null	CGC1	MH687413	22231	23718	SBP	+	ID=UxaA;Name=UxaA;Note=Altronate dehydratase;codon_start=1;product=UxaA;protein_id=AYK02502.1;transl_table=11;translation=length.495
18	STP	0	4	CGC1	MH687413	23719	24669	KdgK	+	DB=STP|PfkB;ID=KdgK	DB=STP|PfkB;ID=KdgK
19	CAZyme	0	5	CGC1	MH687413	24762	25718	CE8	+	DB=CE8;ID=CE8	DB=CE8;ID=CE8
20	CAZyme	null	0	CGC1	MH687413	25735	27138	PL1	+	DB=PL1_2;ID=PL1	DB=PL1_2;ID=PL1
+++++
