0	TC	5	null	CGC1	LR131278	77	1312	VDS02490.1	+	DB=gnl|TC-DB|Q8FDB7|2.A.1.14.14;ID=VDS02490.1	DB=gnl|TC-DB|Q8FDB7|2.A.1.14.14;ID=VDS02490.1
1	null	null	null	CGC1	LR131278	1358	2149	VDS02491.1	+	;ID=VDS02491.1
2	STP	3	1	CGC1	LR131278	2153	4141	VDS02492.1	+	DB=STP|PIG-L;ID=VDS02492.1	DB=STP|PIG-L;ID=VDS02492.1
3	null	null	null	CGC1	LR131278	4317	5051	VDS02493.1	-	;ID=VDS02493.1
4	TF	1	3	CGC1	LR131278	5147	6025	VDS02494.1	-	DB=DBD-Pfam|HTH_AraC,DBD-SUPERFAMILY|0035607;ID=VDS02494.1	DB=DBD-Pfam|HTH_AraC,DBD-SUPERFAMILY|0035607;ID=VDS02494.1
5	null	null	null	CGC1	LR131278	6202	7269	VDS02495.1	+	;ID=VDS02495.1
6	TC	4	5	CGC1	LR131278	7269	10394	VDS02496.1	+	DB=gnl|TC-DB|A6P7H1|2.A.6.2.37;ID=VDS02496.1	DB=gnl|TC-DB|A6P7H1|2.A.6.2.37;ID=VDS02496.1
7	null	null	null	CGC1	LR131278	10439	11806	VDS02497.1	+	;ID=VDS02497.1
8	null	null	null	CGC1	LR131278	12021	12647	VDS02498.1	-	;ID=VDS02498.1
9	null	null	null	CGC1	LR131278	12968	13801	VDS02499.1	+	;ID=VDS02499.1
10	null	null	null	CGC1	LR131278	13939	14868	VDS02500.1	+	;ID=VDS02500.1
11	TC	0	4	CGC1	LR131278	14865	15542	VDS02501.1	+	DB=gnl|TC-DB|Q18BL2|3.A.1.124.6;ID=VDS02501.1	DB=gnl|TC-DB|Q18BL2|3.A.1.124.6;ID=VDS02501.1
12	TC	3	0	CGC1	LR131278	15599	18259	VDS02502.1	-	DB=gnl|TC-DB|E6X5M3|1.C.105.2.12;ID=VDS02502.1	DB=gnl|TC-DB|E6X5M3|1.C.105.2.12;ID=VDS02502.1
13	null	null	null	CGC1	LR131278	18264	19130	VDS02503.1	-	;ID=VDS02503.1
14	STP	1	1	CGC1	LR131278	19415	20734	VDS02504.1	+	DB=STP|HATPase_c;ID=VDS02504.1	DB=STP|HATPase_c;ID=VDS02504.1
15	TF	0	2	CGC1	LR131278	20757	21458	VDS02505.1	+	DB=DBD-Pfam|Trans_reg_C;ID=VDS02505.1	DB=DBD-Pfam|Trans_reg_C;ID=VDS02505.1
16	CAZyme	0	3	CGC1	LR131278	21527	22741	VDS02506.1	-	DB=CE9;ID=VDS02506.1	DB=CE9;ID=VDS02506.1
17	CAZyme	0	0	CGC1	LR131278	22865	25369	VDS02507.1	-	DB=GH2;ID=VDS02507.1	DB=GH2;ID=VDS02507.1
18	CAZyme	0	0	CGC1	LR131278	25372	27624	VDS02508.1	-	DB=GH92;ID=VDS02508.1	DB=GH92;ID=VDS02508.1
19	CAZyme	0	0	CGC1	LR131278	27651	29705	VDS02509.1	-	DB=GH20;ID=VDS02509.1	DB=GH20;ID=VDS02509.1
20	CAZyme	1	0	CGC1	LR131278	31016	33328	VDS02511.1	-	DB=GH20;ID=VDS02511.1	DB=GH20;ID=VDS02511.1
21	null	null	null	CGC1	LR131278	29702	30916	VDS02510.1	-	;ID=VDS02510.1
22	CAZyme	null	1	CGC1	LR131278	33357	35924	VDS02512.1	-	DB=GH2;ID=VDS02512.1	DB=GH2;ID=VDS02512.1
+++++
