0	TC	0	null	CGC1	NC_015067	1	1830	BLLJ_RS09480	-	DB=gnl|TC-DB|E8MFM3|3.A.1.135.6;ID=BLLJ_RS09480	DB=gnl|TC-DB|E8MFM3|3.A.1.135.6;ID=BLLJ_RS09480
1	TC	2	0	CGC1	NC_015067	2044	3915	BLLJ_RS09485	-	DB=gnl|TC-DB|E8MFM4|3.A.1.135.6;ID=BLLJ_RS09485	DB=gnl|TC-DB|E8MFM4|3.A.1.135.6;ID=BLLJ_RS09485
2	TF	1	0	CGC1	NC_015067	4102	4623	BLLJ_RS09490	-	DB=DBD-Pfam|MarR,DBD-SUPERFAMILY|0040586;ID=BLLJ_RS09490	DB=DBD-Pfam|MarR,DBD-SUPERFAMILY|0040586;ID=BLLJ_RS09490
3	null	null	null	CGC1	NC_015067	4985	5578	BLLJ_RS09490	+	ID=BLLJ_RS09495;Parent=BLLJ_RS09495;Name=BLLJ_RS09495;Note=Derived by automated computational analysis using gene prediction method: Protein Homology.;codon_start=1;inference=COORDINATES: similar to AA sequence:RefSeq:WP_014485246.1;old_locus_tag=BLLJ_1839;product=DNA damage-inducible protein;protein_id=WP_013582999.1;transl_table=11;translation=length.197
4	CAZyme	0	2	CGC1	NC_015067	6034	9870	BLLJ_RS09500	-	DB=GH43_24;ID=BLLJ_RS09500	DB=GH43_24;ID=BLLJ_RS09500
5	CAZyme	1	0	CGC1	NC_015067	10082	14623	BLLJ_RS09505	-	DB=GH30_5;ID=BLLJ_RS09505	DB=GH30_5;ID=BLLJ_RS09505
6	TF	0	0	CGC1	NC_015067	14927	16423	BLLJ_RS09510	-	DB=DBD-SUPERFAMILY|0045030;ID=BLLJ_RS09510	DB=DBD-SUPERFAMILY|0045030;ID=BLLJ_RS09510
7	TC	1	1	CGC1	NC_015067	16763	18286	BLLJ_RS09515	-	DB=gnl|TC-DB|F2HQ24|2.A.3.1.20;ID=BLLJ_RS09515	DB=gnl|TC-DB|F2HQ24|2.A.3.1.20;ID=BLLJ_RS09515
8	null	null	null	CGC1	NC_015067	18474	22157	BLLJ_RS09515	-	ID=BLLJ_RS09520;Parent=BLLJ_RS09520;Name=BLLJ_RS09520;Note=Derived by automated computational analysis using gene prediction method: Protein Homology.;codon_start=1;inference=COORDINATES: similar to AA sequence:RefSeq:WP_007055060.1;old_locus_tag=BLLJ_1844;product=FtsX-like permease family protein;protein_id=WP_032740909.1;transl_table=11;translation=length.1227
9	TC	1	1	CGC1	NC_015067	22246	22947	BLLJ_RS09525	-	DB=gnl|TC-DB|Q73MJ2|3.A.1.122.8;ID=BLLJ_RS09525	DB=gnl|TC-DB|Q73MJ2|3.A.1.122.8;ID=BLLJ_RS09525
10	TF	0	0	CGC1	NC_015067	23091	23660	BLLJ_RS09530	+	DB=DBD-Pfam|HTH_11;ID=BLLJ_RS09530	DB=DBD-Pfam|HTH_11;ID=BLLJ_RS09530
11	TC	0	1	CGC1	NC_015067	23883	25364	BLLJ_RS09535	+	DB=gnl|TC-DB|P15993|2.A.3.1.3;ID=BLLJ_RS09535	DB=gnl|TC-DB|P15993|2.A.3.1.3;ID=BLLJ_RS09535
12	CAZyme	1	0	CGC1	NC_015067	25487	31441	BLLJ_RS09540	-	DB=GH146;ID=BLLJ_RS09540	DB=GH146;ID=BLLJ_RS09540
13	null	null	null	CGC1	NC_015067	32029	33132	BLLJ_RS09540	+	ID=BLLJ_RS09545;Parent=BLLJ_RS09545;Name=BLLJ_RS09545;Note=Derived by automated computational analysis using gene prediction method: Protein Homology.;codon_start=1;inference=COORDINATES: similar to AA sequence:RefSeq:WP_007057436.1;old_locus_tag=BLLJ_1849;product=DNA helicase;protein_id=WP_007057436.1;transl_table=11;translation=length.367
14	CAZyme	0	1	CGC1	NC_015067	33237	38231	BLLJ_RS09550	-	DB=GH43_22|GH43_34;ID=BLLJ_RS09550	DB=GH43_22|GH43_34;ID=BLLJ_RS09550
15	CAZyme	0	0	CGC1	NC_015067	38358	44360	BLLJ_RS09555	-	DB=GH43_22|GH43_26;ID=BLLJ_RS09555	DB=GH43_22|GH43_26;ID=BLLJ_RS09555
16	CAZyme	0	0	CGC1	NC_015067	45249	48989	BLLJ_RS09560	-	DB=GH43_27;ID=BLLJ_RS09560	DB=GH43_27;ID=BLLJ_RS09560
17	CAZyme	0	0	CGC1	NC_015067	49233	52526	BLLJ_RS09565	-	DB=GH43_22;ID=BLLJ_RS09565	DB=GH43_22;ID=BLLJ_RS09565
18	CAZyme	0	0	CGC1	NC_015067	52873	56070	BLLJ_RS09570	-	DB=GH43_22;ID=BLLJ_RS09570	DB=GH43_22;ID=BLLJ_RS09570
19	TC	0	0	CGC1	NC_015067	56408	57013	BLLJ_RS09575	-	DB=gnl|TC-DB|E4R229|9.B.28.1.3;ID=BLLJ_RS09575	DB=gnl|TC-DB|E4R229|9.B.28.1.3;ID=BLLJ_RS09575
20	TC	0	0	CGC1	NC_015067	57219	58061	BLLJ_RS09580	-	DB=gnl|TC-DB|Q8NMV5|3.A.1.1.45;ID=BLLJ_RS09580	DB=gnl|TC-DB|Q8NMV5|3.A.1.1.45;ID=BLLJ_RS09580
21	TC	1	0	CGC1	NC_015067	58061	58915	BLLJ_RS09585	-	DB=gnl|TC-DB|Q8NMV4|3.A.1.1.45;ID=BLLJ_RS09585	DB=gnl|TC-DB|Q8NMV4|3.A.1.1.45;ID=BLLJ_RS09585
22	TF	0	0	CGC1	NC_015067	59298	60314	BLLJ_RS09590	+	DB=DBD-Pfam|LacI,DBD-SUPERFAMILY|0036955;ID=BLLJ_RS09590	DB=DBD-Pfam|LacI,DBD-SUPERFAMILY|0036955;ID=BLLJ_RS09590
23	TC	null	1	CGC1	NC_015067	60569	61897	BLLJ_RS09595	-	DB=gnl|TC-DB|Q8NMV3|3.A.1.1.45;ID=BLLJ_RS09595	DB=gnl|TC-DB|Q8NMV3|3.A.1.1.45;ID=BLLJ_RS09595
+++++
