CAZy Family	PPR Subfamily	Gene ID	Frequency	Hits	Signature Peptides
CE1	25	WP_006281119.1	34.4	47	HEWLTW,WGGHQT,YGASFY,FSGAIF,SGAIFG,LSWGGH,GGHQTF,GFHYYF,TPAEYE,VVGFHY,EDETGW,LQHGMG,HGMGED,GKKYDM,YLQHGM,MVYTPA,GAIFGL,SWGGHQ,GMGEDE,LYLQHG,SGIEIP,AGLSWG,VLYLQH,EWLTWR,TWRRCL,RAMAGL,AMAGLS,LTWRRC,PVLYLQ,HRAMAG,VYTPAE,GLSWGG,GEDETG,QHGMGE,MGEDET,AIFGLD,IEIPEG,DETGWS,MAGLSW,EGDYYR,RYPVLY,KRYPVL,GIEIPE,YTPAEY,WLTWRR,YPVLYL,VGFHYY
CE4	119	WP_006281240.1	21.1	23	RDYSKW,LTFDDG,ITFHDS,HDSLKS,TFHDSL,DGPIPE,YLTFDD,FRPPHG,IITFHD,DSLKSI,VGNHTY,FDDGPI,RNGSII,FHDSLK,NGSIIT,TRDYSK,GSIITF,VTRDYS,DDGPIP,SIITFH,TFDDGP,VYLTFD,RPPHGW
CE6	2	WP_006283119.1	3.3	7	NFHIYL,LGKRYA,VIKGIL,ELGKRY,GVIKGI,AHVISS,FHIYLC
CE7	3	WP_006281506.1	8.35	17	GSQGGA,GFSPEK,QGGALS,CPPTTS,AYYDVV,SQGGAL,DVVNFA,YYDVVN,VVNFAR,KVGFSP,YDVVNF,GGSQGG,FSPEKL,QGGSQG,NHPALS,VGFSPE,PPTTSY
CE7	3	WP_036857936.1	4.45	12	IGIHGI,VPGAGV,GIHGIP,LEIGIH,IHGIPV,AGVRPY,RVPGAG,LRVPGA,PGAGVR,GAGVRP,AGGWPH,EIGIHG
CE8	3	WP_006281205.1	8.11	18	GTTDFI,NCRFLG,TAASTP,YLGRPW,CYIEGT,LGRPWR,RPWRPY,TDFIFG,DCYIEG,VYLGRP,YIEGTT,VTAAST,IEGTTD,GRPWRP,EGTTDF,TTDFIF,YVTAAS,PWRPYA
CE8	17	WP_006282200.1	5.01	6	GQTAPG,FPGAEG,AFPGAE,PGAEGG,PAFPGA,AGQTAP
CE11	3	WP_006282494.1	7.48	13	MPGVLQ,FQGHFP,RHKLLD,LIKGGD,IKGGDL,LPHRYP,PVMPGV,FFQGHF,VVPGDT,KVVPGD,VMPGVL,VPGDTL,NLIKGG
CE12	2	WP_006281397.1	5.18	13	VLIQFG,IQFGHN,NGRSSK,RSSKSF,YVLIQF,FGHNDE,GRSSKS,LIQFGH,QFGHND,DYVLIQ,GHNDEK,ETRAKG,GDYVLI
CE12	5	WP_006283698.1	13.0	27	FLCGNS,ADNTHF,STVVDQ,FGHNDQ,WASWGQ,ASWGQM,VFLCGN,TPTQRR,TLEFNG,GNSTVV,VTPTQR,GHNDQK,DNTHFN,GQMIPR,SWGQMI,LCGNST,NSTVVD,EFGHND,TVFLCG,LTLEFN,WGQMIP,LADNTH,VPDGNY,CGNSTV,PWASWG,YPEAMR,EPWASW
CE12	9	WP_027453049.1	14.1	25	GDFVLI,DSTVKN,PGDFVL,NGPYDS,VGNSTM,GHNDNG,SGRARA,PYDSGR,LFLVGN,NDNGPY,SLTPRN,GDSTVK,QPGDFV,GNSTMR,FLVGNS,DNGPYD,DHTHTS,VLFLVG,LQPGDF,HNDNGP,LVGNST,NGQWGW,GDWVII,GQWGWG,GNGNNG
GH0	58	WP_006283099.1	10.1	14	GFRGDE,FKSQPS,WIIDEG,FSESFA,GKYPSG,LGFRGD,IDEGKY,SESFAA,FRGDEP,IIDEGK,QPSRGG,DEGKYP,DDCISI,EGKYPS
GH2	1	WP_039869962.1	8.14	16	DGSYLE,SYLEDQ,GSYLED,YLEDQD,AHAMGN,YAHAMG,EYAHAM,SLGNES,LGNESG,GVNRHE,GGFIWD,DEANIE,WDWVDQ,WSLGNE,RGVNRH,VNRHEH
GH2	7	WP_036858001.1	7.65	21	WTGFDY,SRWYPG,SIGNEI,TGFDYL,WYPGAG,DLGPLG,HLLPHW,PHDWAI,GFDYLG,HDLGPL,RWYPGA,DYLGEP,HHDLGP,FDYLGE,SSYFGI,VCLHHD,FVWTGF,GVCLHH,WSIGNE,MWSIGN,VWTGFD
GH2	7	WP_006282251.1	6.83	18	AGFPKD,VCLHHD,PHDWAI,YFGIVD,WTGFDY,DYIGEP,IGEPTP,SRWYSG,FDGVYM,SYFGIV,YIGEPT,SSYFGI,WSIGNE,GVCLHH,GEPTPY,RDRNHP,MWSIGN,GVGWYR
GH2	8	WP_006283775.1	3.52	9	GSGIYR,RNHPSI,IYRHVW,DRNHPS,YRHVWL,DLPHDW,WSIGNE,RDRNHP,GIYRHV
GH2	18	WP_039870078.1	8.35	21	PPEAAF,CPPEAA,LGNELW,PELPFW,DTQTNW,AGFQLL,FLRGKH,GFQLLD,LRGKHD,HSWCPP,SWCPPE,ELPFWG,WCPPEA,GNELWG,QTNWNG,RFHSWC,VGKGKL,TNWNGI,TFLRGK,TQTNWN,FHSWCP
GH2	18	WP_006281632.1	7.5	15	PPEAAF,HPSFVM,YGNHPS,QGTALV,QGNWNG,AGFQLL,GNHPSF,NHPSFV,CPPEAA,PLTGYP,FPLTGY,SGQGTA,GTALVG,GQGTAL,TQGNWN
GH2	20	WP_039869961.1	18.5	37	ADGIVG,ELQGFG,FLHGLY,MPTEFL,WELQGF,EKEGSY,GVNRHS,KGVNRH,HGLYDG,MNMNAV,GFRTIE,GGHGAG,EFLHGL,FGFRTI,YPEFKG,SLGLYV,GLYDGG,GHGAGL,VPSCWE,DGGHGA,PEFKGY,LHGLYD,NHPSII,NMNAVR,VNRHSF,WTAETP,GPYRVW,FMPTEF,NGNEGG,AGGFLW,YDGGHG,DSLGLY,DGIVGP,WSNGNE,TEFLHG,CDSLGL,PTEFLH
GH2	28	WP_006281867.1	21.4	32	GIYRDV,ACDELG,NRHQDF,WYRKHF,PILNET,FMDACD,EPILNE,MDACDE,GANRHQ,IRRDRN,HQRGYH,YFGGIY,RGYHPD,RDRNHP,DACDEL,ADGSDF,MWEPIL,DHQRGY,QRGYHP,GFWLNG,IDGKVV,RHQDFA,RRDRNH,TPGWQF,HYPQDP,AHYPQD,ANRHQD,GGIYRD,FWLNGK,FDHQRG,WEPILN,GYHPDP
GH2	33	WP_006281645.1	42.9	55	DEGLRK,QRTSNE,WYRKHF,GYGYLY,GSREML,GGEMLY,NANYGG,LRKYWD,GNESIS,EGLRKY,GRAIGS,ESCDRV,QTLPLY,AEYGGE,SREMLD,VESCDR,LPVECG,IGSREM,FWSWGY,YQTLPL,AHQVMW,SCDRVG,TGFRKT,AIGSRE,SILFYE,WGYGYL,RNNPSI,YGGEML,WSWGYG,GDAEKD,GLRKYW,RDAIIY,PSILFY,RAIGSR,TSNEWP,EYGGEM,CDRVGL,ANYGGI,HFWSWG,QDVESC,TLPLYS,KQDVES,NFNANY,ERPGTG,PLYSNL,GGRAIG,LPLYSN,SWGYGY,RTSNEW,NPSILF,RDEGLR,FNANYG,AQRTSN,NNPSIL,AGDAEK
GH2	37	WP_006282193.1	29.9	44	DIFCPM,IFCPMY,IQCEYN,NFNCNG,DRQLNP,TMGNSG,DFWRLS,QFFPYI,ERNQHN,FPYIRP,NHVGSY,AVRTCH,LVNGQP,YQNIWA,SHGFGY,MGNSGG,RPLIQC,FGSVTS,EYNHTM,QETGTK,VGFRKV,WKFNWV,RPVQYE,VGSYRR,ADQRPT,LIQCEY,PQETGT,PLIQCE,WSLGNE,GFRKVE,AHFGSV,VRTCHY,LSGVAR,HEMDPD,YNHTMG,RQLNPH,FRKVEI,RERMIQ,TYGGDY,DWDFVD,PNFWRA,DNNFNC,RKVEIK,QLNPHA
GH2	41	WP_006281872.1	26.4	34	HGNLHG,GEYGAW,FSEGSQ,IREMDP,WSGTYG,IIREMD,FGVHIW,EYGAWR,PWVCGG,GTDWNV,EPFGVH,VCGGCS,EWGFSE,GFSEGS,RRNSPS,SGTYGG,IEPFGV,RNSPSV,QNWSGT,RIEPFG,GLQNES,ERRNSP,PFGVHI,IDKVGP,GFNAFR,TTCNGG,WVCGGC,GVHIWN,AGFNAF,WGFSEG,KERRNS,LNGEYG,SEGSQP,WGLQNE
GH2	44	WP_039870411.1	15.5	27	RGFKEM,GLAYWG,KRDRNH,SRWYTG,IEQPWV,YNYRYM,TSHNPY,DFEGIM,NYRYMY,YRYMYF,RDRNHP,FEGIMY,LGNELQ,GALGAA,SLGNEL,IKRDRN,LGALGA,WSLGNE,EWIKRD,WIKRDR,GIMYVG,GKKVLL,GILVVD,GGTDYG,SHNPYS,GTDYGY,RTSHNP
GH3	1	WP_027453138.1	11.3	16	RDPRWG,PFGYGL,GLSYTT,PLYPFG,YPFGYG,GYGLSY,DPRWGR,FGYGLS,FGDYNP,LFGDYN,DVLFGD,VLFGDY,ADVLFG,LSYTTF,YGLSYT,LYPFGY
GH3	4	WP_006281630.1	6.83	19	RWGRGQ,GRGQET,WGRGQE,RDPRWG,PFGYGL,NIFRDP,IFRDPR,ETYGED,PRWGRG,DPRWGR,TYGEDP,FRDPRW,AVIGPN,IGPNAD,AVHSGP,IAVIGP,GEDPYL,VHSGPE,VIGPNA
GH3	39	WP_006282898.1	6.61	16	IYVGYR,HRNPLC,VGYRYF,YVGYRY,LCGRNF,GYRYFD,LKGFEI,RNPLCG,NPLCGR,YLKGFE,PLCGRN,ADGPAG,GRNFEY,IVMTDW,GIVMTD,CGRNFE
GH3	64	WP_006281955.1	33.6	58	ATQSVV,KPVVLV,LGYGGG,YGEDGY,YSRGCD,ENVMLC,SKHYLG,ESYGED,GENVML,GGRAQV,KLSVSY,LCGENR,FGGRAQ,LEESYG,FNRLEE,GENRDR,PFGYGL,GMVVSD,FGYGLS,AWYPGE,MVVSDY,YPGEEG,RGCDWT,KHYLGY,DGMVVS,DVIIAA,NDVDFP,QSVVLL,SYGEDG,GKPVVL,RLEESY,SFNRLE,ACSKHY,TQSVVL,AMCGDY,HEEVLS,GEDGYL,TGKPVV,IQLQGF,DGYLSA,MLCGEN,DILRGY,KIGASS,LSPMVD,SPMVDV,PIQLQG,MIRLAG,GIGHFS,PMVDVC,IRLAGS,WYPGEE,EDGYLS,EESYGE,ATGKPV,PGEEGG,MVDVCR,FDGMVV,GNDVDF
GH5	26	WP_006282915.1	7.91	18	GNTLDA,NVHHDT,RNLIVN,LLFEGY,RATGGN,EGYNEM,LGNTLD,NTLDAN,NLIVNT,LFEGYN,LIVNTY,VRATGG,TGGNNA,FEGYNE,ATGGNN,YNEMLD,GYNEML,NLGNTL
GH5	34	WP_039870310.1	4.57	9	FVDAVR,VRATGG,RATGGN,ATGGNN,AVRATG,DAVRAT,TGGNNA,GWNLGN,VDAVRA
GH5	40	WP_006282897.1	14.3	34	GNEPRA,MSWQIG,LYLNNS,WEWSGG,EWSGGY,WQIGNE,EPRAFS,NSWEWS,VLYLNN,NNSWEW,GVYNDT,WYGAIL,NEPRAF,NFWYGA,IGNEPR,DDPTIM,PTIMSW,VYNDTI,DPTIMS,QIGNEP,LNNSWE,AGCNFW,SWQIGN,YLNNSW,FWYGAI,QGLNSV,AVLYLN,GAILGS,GINNLR,PGVYND,SWEWSG,IMSWQI,YGAILG,TIMSWQ
GH5	82	WP_081456337.1	8.39	11	QYGFGG,ELANEP,TGQYGF,PPGVCP,GQYGFG,SFRLFD,GWYGSD,LANEPV,IVDKIR,RPPGVC,YGFGGW
GH9	4	WP_006281353.1	4.67	14	NEIAIN,GVYHKL,GGVYHK,WMLTMQ,AGDYNK,EIAINW,YHKLTT,GDYNKY,DGGVYH,VYHKLT,DAGDYN,YDAGDY,WYDAGD,GWYDAG
GH10	2	WP_039869723.1	5.75	14	LVWHSQ,DVVNEA,ADPDAE,LYYNDY,DPDAEL,DAELYY,VVNEAI,YYNDYS,PDAELY,KGWDVV,AELYYN,GWDVVN,WDVVNE,ELYYND
GH10	21	WP_006282137.1	10.0	22	DGVTKI,KAWDVV,DVVNEP,TKIDGI,SELDMG,INDYNL,VVNEPM,ISELDM,LFINDY,VKAWDV,FINDYN,AATGKL,AWDVVN,NDYNLE,GVTKID,VTKIDG,YFEIIP,WDVVNE,KYFEII,KIDGIG,KLFIND,LGKDYA
GH13	20	WP_027453072.1	5.14	13	YHIDGF,EYHIDG,ILDVVY,LDVVYN,NWGYDP,VILDVV,GSGCGN,VVYNHT,HIDGFR,NGSGCG,DVVYNH,SGCGNE,YNWGYD
GH13	23	WP_006283225.1	24.8	39	MGNEFG,DQALVG,FDGVTS,FMGNEF,SFGYHV,LVGDKT,DGFRFD,FRFDGV,SRFGTP,FDGFRF,WIDFPR,QALVGD,LNFMGN,GHPEWI,FGHPEW,LHKMIR,ALVGDK,YLNFMG,DGVTSM,FPREGN,HKMIRL,NFMGNE,SSRFGT,HPEWID,EFGHPE,HDQALV,ESHDQA,PEWIDF,GYLNFM,RFDGVT,ALHKMI,RGIALH,EWIDFP,VGDKTI,GFRFDG,GNEFGH,NEFGHP,SHDQAL,GIALHK
GH13	72	WP_143031295.1	15.0	20	DEQRIA,DYLYDK,FLENHD,AEMVPV,VPVEFW,LENHDE,GVDGFR,LYDKVG,MVPVEF,DMAEMV,RTTIFD,TTIFDY,KGVDGF,YLYDKV,EQRIAS,ENHDEQ,HDEQRI,NHDEQR,MAEMVP,EMVPVE
GH13	77	WP_006282884.1	7.15	22	EYPNFN,SMPDLN,YLIQNS,LMPDRF,GTEILM,LYYGTE,MPDLNQ,DPRFGS,MDMIFN,MPDRFA,YYGTEI,VMDMIF,IPQLYY,PDLNQR,QLYYGT,DLNQRN,YGTEIL,PQLYYG,VDPRFG,RHGGDL,PRFGSN,DGWFVP
GH23	37	WP_006281207.1	8.98	22	GATGLW,ATGLWQ,IESALN,GLWQFM,TGLWQF,PLELKY,LELKYL,PAFIAA,AAYNCG,GYVPAF,SRVGAT,FIAANY,ETRGYV,DERRDP,TRGYVP,RVGATG,RGYVPA,YVPAFI,VPAFIA,ESALNP,AYNCGP,VGATGL
GH24	53	WP_006281071.1	5.13	6	YNVGPY,NVGPYR,DSLLLA,LAYNVG,AYNVGP,LLRKDL
GH25	10	WP_006283212.1	11.3	24	YWIAHY,AHYYVD,KFWQHT,WIAHYY,FIRGAY,YPYWIA,DISHYQ,KPIIYT,PYWIAH,ISHYQG,GFIRGA,WKFWQH,PVLDVE,LPPVLD,VKPIIY,RGAYHF,IDISHY,FWQHTD,GIDISH,DLPPVL,IAHYYV,PPVLDV,IRGAYH,GDLPPV
GH25	43	WP_006282457.1	13.6	16	QYTGKG,GYVDKS,EDTCSH,KATEGG,CEDTCS,YVYLKA,QCEDTC,WQYTGK,YLKATE,VGSYHF,VYLKAT,GSYHFY,YVDKSR,YHFYRP,SYHFYR,LKATEG
GH25	52	WP_081456335.1	10.4	13	IARYGE,YHFFST,VLDVEP,PVLDVE,FFSTTS,WIARYG,HFFSTT,ARYGEY,IKSTEG,YGEYKP,RIYGID,PPVLDV,RYGEYK
GH26	11	WP_006282915.1	33.7	59	NVHHDT,AYVDII,GRDLYG,WNAGAK,HLLFEG,LMWHFN,PFHEAA,NCYDFI,DAYVDI,IIGRDL,AAGNAT,HEAAGN,TTFKAS,DAGGIV,DDDWYP,LLFEGY,WYPGDA,ALVSGT,WRPFHE,RPFHEA,EGYNEM,LFEGYN,GDAYVD,AWFWWG,RATGGN,KLQDAG,DWYPGD,ATFYWM,YDFIHI,DIIGRD,GYNEML,YVDIIG,GTWENK,LTGKYP,GKYPAI,EAAGNA,YPGDAY,TGKYPA,TGGNNA,CYDFIH,YNEMLD,FHEAAG,QNYNGD,WHFNVP,QHLLFE,LKLQDA,YPAINC,KAWFWW,PGDAYV,VSGTWE,ATGGNN,NYNGDS,LVSGTW,VRATGG,VDIIGR,FEGYNE,MWHFNV,LQDAGI,SGTWEN
GH28	5	WP_006283448.1	7.52	17	SEISGG,IKSGRN,GVVIGS,DGCDPE,GHGGVV,CIAIKS,DCIAIK,VVIGSE,GGVVIG,DDCIAI,HGGVVI,GDDCIA,TGDDCI,GSEISG,IAIKSG,AIKSGR,IGSEIS
GH28	7	WP_050787886.1	13.1	26	DVGLRF,HGHGGF,GLRFKS,GRGGVV,GSEMSG,FVIGSE,TDVGLR,GDDAIC,EMSGGV,ICIKSG,GFVIGS,VIGSEM,GGVVEN,GTDVGL,VGLRFK,SEMSGG,IGSEMS,GGFVIG,NIAITG,GHGGFV,GVVENI,HGGFVI,LEGVTF,RGRGGV,RGGVVE,CIKSGK
GH28	9	WP_006283274.1	8.82	9	AIKSGK,DCIAIK,CIAIKS,FNTGDD,NTGDDC,DDCIAI,GDDCIA,TGDDCI,IAIKSG
GH28	18	WP_006283697.1	7.39	10	RPDTPQ,LWLKMR,NSPFWT,LKGGKG,DAIDID,LKMRPD,WLKMRP,KMRPDT,MRPDTP,VLKGSD
GH28	38	WP_006281661.1	15.7	24	DNVAIK,NPDRGG,LVNNDG,AKLVNN,PFWCIH,LVLQGT,TSWEGT,GSEMSA,SPFIYG,NNGDDN,GYCKRG,WCIHLL,SWEGTF,PDRGGF,WEGTFL,NNDGID,FNNGDD,IKTNPD,DAKLVN,NGDDNV,VEDLFY,DGIDPE,KTNPDR,NDGIDP
GH30	7	WP_006281856.1	7.05	19	GLATNT,FIRPGA,SRFIRP,DYKDGL,YKDGLI,ATNTGR,FGASDA,DGHWNW,RFIRPG,EPDGHW,LYVARI,NGLATN,ASDAWS,GPKQEG,NEPDGH,LATNTG,PDGHWN,ADWLFS,GASDAW
GH30	20	WP_006281855.1	7.65	11	LWVLGN,DIALYM,WVLGNY,SWSYWT,MDIALY,VLGNYS,FGASDC,GASDCW,WRVNLG,FIRPGY,GHSYWT
GH31	7	WP_039870313.1	5.09	13	SRERYK,WQSRER,YGLGQH,RYRLMP,PYIYSL,GLGQHQ,SVWPKF,MISVWP,YRLMPY,ISVWPK,LRYRLM,LMPYIY,QSRERY
GH31	13	WP_006281498.1	8.22	17	DYYFIY,IIQDWQ,DGIIQD,AGSILP,FTLYED,GIIQDW,WDNYSP,IQDWQY,DNYNYE,LPYIYS,DWQYWG,YYFIYG,WASFGP,YNYEKG,DNYSPT,NYNYEK,QDWQYW
GH31	32	WP_143067150.1	31.8	57	VGNDWE,RLTQVN,VNTQIS,IDAWWQ,DAWWQD,QDATEP,QVNTQI,WIDFFN,YTIMRP,ATEPEN,AWWQDA,DYTVFV,VHGYMS,GNDWET,DWIDFF,RVHGYM,YDAGGF,LMRVHG,ERFHSS,TEPEND,IDFFNP,YIHCRE,GQFQDG,EPENDD,LTQVNT,RPLVFD,KYEYMF,IHCRER,VQDWQY,WTYDAG,AGGFFR,WQDATE,DATEPE,DAGGFF,DWQYWG,LGIDAW,PLMRVH,WSGDVG,QKYEYM,GIDAWW,GYIHCR,MRVHGY,GDVGND,RERFHS,WWQDAT,GGFFRP,PENDDL,CRERFH,WALGYI,HCRERF,QDWQYW,RRLTQV,IVQDWQ,TYDAGG,ALGYIH,TQVNTQ,LPLMRV
GH32	19	WP_039869824.1	9.28	12	FGGSAT,SNWQYA,MAYSTD,NWQYAN,MSNWQY,GKDHYA,PWMSNW,AYSTDN,WMSNWQ,DHYATV,YSTDNG,KDHYAT
GH33	4	WP_039869972.1	4.11	10	DGGKTW,GTDAVT,SQYSYP,SGTDAV,TDAVTL,QAHAST,WNPVLF,PQAHAS,IQPSIL,CWNPVL
GH33	28	WP_006281543.1	6.73	7	LPTEAE,RLPTEA,AEWEYA,PTEAEW,TEAEWE,YRLPTE,EAEWEY
GH35	4	WP_006281089.1	8.63	24	GPFCHG,MYHGGT,HGEVRN,YYMYHG,LLGYYM,NLLGYY,HGGTNP,KDGGPV,GGIPDW,EVRNGG,LGYYMY,FCHGEV,CHGEVR,WKDGGP,TCELGG,YDFQAP,GEVRNG,PFCHGE,DGGPVI,GYYMYH,CELGGG,YHGGTN,YMYHGG,DFQAPL
GH35	6	WP_006281857.1	27.2	39	IGPQQT,VQVENE,SYDYDA,CAEWEM,GLPWWL,PGPYVC,DYDAPI,EMGGLP,VCAEWE,PWWLLK,MGGLPW,VRPGPY,PYVCAE,VENEYG,CKALGM,IMVQVE,EFWSGW,GPYVCA,WEMGGL,LPWWLL,PLMCSE,KALGMN,YVCAEW,FWSGWF,RPGPYV,YDYDAP,AEWEMG,GPQQTL,MVQVEN,PGCWLK,ISFSLY,QVENEY,GGLPWW,IVRPGP,SFSLYM,VEAMGR,WSGWFD,IIMVQV,EWEMGG
GH36	10	WP_006282899.1	9.48	19	LFVMDD,ACASGG,MDDGWF,SWEGVY,DDGWFG,VMDDGW,IKWDAN,NSWEGV,CASGGG,LLNSWE,WEGVYF,FVMDDG,ILLNSW,ELFVMD,ASGGGR,SDNTDA,YIKWDA,LNSWEG,EGVYFD
GH43	3	WP_006283687.1	3.73	13	PDPSIC,FPGVPI,YFPGVP,PSICRV,FHPDPS,GVPIFH,DPSICR,GIDPSL,GIYAPT,PGVPIF,FHSKDL,GFHPDP,VPIFHS
GH43	4	WP_006281621.1	16.3	30	GWTTHH,VGWTTH,GIWGGQ,YGPFTY,DNPYGP,PVVGWT,TTHHSI,GSYSID,VVGWTT,NPYGPF,IWGGQL,YSTGDT,GGIWGG,PYGPFT,IYPSHD,YFSYST,FSYSTG,SYSIDP,YIYPSH,KYYFSY,THHSIV,FGGIWG,YFGGIW,HHSIVE,SYSTGD,YYFSYS,WTTHHS,STGDTH,GKYYFS,WGGQLQ
GH43	5	WP_039869453.1	10.9	26	RVVHLQ,KRNGYY,VWAPSI,YGRVVH,EDWFLH,YSDPDV,PHQGAW,NGPHQG,GPHQGA,HQGAWV,WFLHFQ,GRVVHL,DWFLHF,GEDWFL,WAPSIR,GYYYIF,GKGLID,AYGRVV,LGLQWQ,YKRNGY,VVHLQP,RNGYYY,DYSDPD,ADYSDP,INGPHQ,NGYYYI
GH43	6	WP_006281120.1	5.83	17	SYFFYH,GVAVAD,ADPAPL,VAVADS,VNWTDH,NWTDHG,SPTGPF,YTADPA,DSPTGP,AVADSP,LPGGGG,AIGVAV,DMVNWT,IGVAVA,TADPAP,TDMVNW,MVNWTD
GH43	15	WP_006282891.1	4.73	13	IEAPFI,AIEAPF,NAIDPN,GKNTSA,HIWAPD,TSAIGL,WNAIDP,HDPVMA,FGKNTS,KNTSAI,IWAPDI,NTSAIG,YYLFVS
GH43	25	WP_006282889.1	5.76	8	SGEGPY,SWSGGI,YGSWSG,WSGGIF,KIAGGY,TYGSWS,GSWSGG,YIFGSH
GH43	28	WP_143067162.1	5.55	12	GIRDPH,IRDPHI,MTDLHI,LHIYAQ,PVIAGD,AMTDLH,TDLHIY,KGIRDP,PHNFGF,YGWGNN,QKGIRD,DLHIYA
GH43	43	WP_050787934.1	9.44	18	YTTTKD,SKDLIH,VWAPEL,TVNVWA,KDLIHW,YYTTTK,PELFYD,WAPELF,VNVWAP,LIHWSE,APELFY,KGFGYA,DKGFGY,NVWAPE,TTTKDF,SFHEPA,TTKDFK,DLIHWS
GH43	45	WP_094448662.1	17.2	26	VSTTMH,FQDRGG,TMHLMP,QDRGGV,GGVGRV,WQWNHN,YGRGQW,HLMPGA,LMPGAP,IFQDRG,DRGGVG,LFFDDD,GTVYGR,TVYGRG,TTMHLM,WPMLGD,QWNHNP,DGWPML,GRGQWA,GWPMLG,SLFFDD,MHLMPG,GLLEGS,VYGRGQ,STTMHL,RGGVGR
GH43	70	WP_006281159.1	27.5	45	GRSVLG,YTFGTG,LDPKTG,RRGYAL,HDPSTI,DGKYYT,ELDPKT,IHDPST,GTCCDG,YYTFGT,DNSKWN,NKTLDP,GKYYTF,RGYALE,TMWNKT,IGDRYL,KYYTFG,STPTLA,LGTHGT,ISEDGW,GDRYLV,EQLWRI,GWYYLL,YGATGG,WNKTLD,DSTPTL,CDGKYY,LLGTHG,RSVLGI,LGGPYY,YLLGTH,THGTCC,HGTCCD,WYYLLG,LHYEAD,LTMWNK,IRPLLW,YYLLGT,DGWYYL,KIGDRY,GDSTPT,GTHGTC,GYLGGP,QLTDGT,MWNKTL
GH43	71	WP_006283100.1	28.4	56	AETMAW,STDMVN,DLYLVF,YWGNPN,GNHPGI,TRGNHP,RNGKWY,KERRSV,GVHDLY,VHDLYL,TADPAP,AYMYWG,IDDDGQ,RTRGNH,RGNHPG,DPIGKP,GIGYAM,PGIIDF,CPEGIG,HDLYLV,DGQAYM,DDGQAY,STCCPE,YQEGPW,ETMAWG,QAYMYW,MYWGNP,NHPGII,APYVHG,GAVASL,YLYTTH,EGIGYA,YVHGDT,PYVHGD,GIGVLV,HPGIID,EGPWFY,YTADPA,HDEDDA,QEGPWF,CCPEGI,IGYAMS,ASTCCP,YMYWGN,DPAPYV,TCCPEG,PEGIGY,YTTHDE,KPLVWQ,TTHDED,GQAYMY,LYTTHD,PAPYVH,PIGKPL,TDMVNW,DDDGQA
GH51	2	WP_006283149.1	18.0	27	VDEWGT,RWPGGC,EYYADL,FGTHEF,GGCFAD,LTPTYH,DEWGTW,WPGGCF,GNVGSG,SLHYYT,YADLYR,PGGCFA,VLRWPG,ADEYHW,TPTYHV,CFADEY,VGSGTV,NVGSGT,PVLRWP,PEYYAD,FADEYH,FAEHLG,GCFADE,YYADLY,MANIAQ,PTYHVF,LRWPGG
GH51	3	WP_006282192.1	11.4	30	LERNAD,TGLERN,DALDLI,RNADVV,FFEDIN,EAAFMT,ERNADV,SEAAFM,FPGGCI,VDEHYY,DGGLYA,GLERNA,MTGLER,ADGGLY,ALDLIE,FMTGLE,GFYEYF,AAFMTG,AFMTGL,YAPLFA,NRSFEF,GCIVEG,PGGCIV,GIFFED,LDLIEF,FAGEYA,GGLYAE,RFPGGC,IFFEDI,GGCIVE
GH51	3	WP_006283782.1	4.27	8	ADGGLY,LYAELV,AADGGL,GLYAEL,DGGLYA,GGLYAE,RFPGGC,MASYAP
GH51	3	WP_039871105.1	3.97	12	VYLGEY,GFYEYF,VDEHYY,GLRKDL,GIGNED,KVYLGE,FVRFPG,VRFPGG,RFPGGC,MASYAP,GIFFED,IFFEDI
GH53	2	WP_006282873.1	3.75	10	FHYSDT,DFHYSD,DTWADP,HYSDTW,ADPGKQ,WADPGK,YSDTWA,SDTWAD,TWADPG,QVGNEI
GH57	7	WP_006283442.1	44.3	59	TEGAKH,TNYMNI,AFTNYM,YYYDDY,DISLRF,KRYRFF,FEIHQI,CLYFEI,HVLGWK,SNILEF,YFEIHQ,SSLIYS,LKRYRF,WKSPHY,DYLQAS,HLKRYR,DNEELN,DDISLR,KHVLGW,GMLTEG,ICLYFE,GWKSPH,QDWDYL,DWDYLQ,LYFEIH,NSSLIY,TICLYF,GAKHVL,AKHVLG,EPYSHG,HYYYDD,DHYYYD,FTNYMN,RYRFFD,EGAKHV,FKGMLT,PYSHGL,RFFDIG,YPLFAD,SNNFRF,LGWKSP,NYMNIL,MNILGD,ILGDFI,DAFTNY,LSDDIS,SDDISL,VLGWKS,YMNILG,KGMLTE,WDYLQA,GFKGML,RNSSLI,NILGDF,LTEGAK,LKLLLR,YRFFDI,MLTEGA,KLLLRD
GH66	1	WP_006283838.1	4.04	9	LVMNAV,QFYDWQ,TDAVIF,LTDAVI,LLTDAV,NLLRDG,FPRYGF,LLRDGG,DAVIFA
GH67	1	WP_006281625.1	10.4	22	PLGLHH,IERGYA,ARANAS,SEGQPG,LNHWDN,EGQPGP,KANSEG,DFQPRE,FGRLAW,ANSEGQ,NSEGQP,IPDFGG,QITQEY,VKANSE,GANMLA,PDFGGF,YARANA,NHWDNL,ERGYAG,LLWFHH,HWDNLD,FQPREP
GH73	4	WP_006282937.1	8.11	12	SITLAQ,IPASIT,NNHFGI,FGIKCH,PASITL,TLAQGL,GYATNP,SYEDHS,ASITLA,HFGIKC,NHFGIK,ITLAQG
GH73	47	WP_050787933.1	14.0	16	TLAQGI,KKLLSS,WMKKLL,SSEDSG,IDPAAY,PASVTL,GIPASV,SVTLAQ,KLLSSE,VTLAQG,LSSEDS,MKKLLS,YGIPAS,LLSSED,ASVTLA,IPASVT
GH77	5	WP_006282881.1	20.6	41	QAGAPP,VHGLLG,QNWGFP,NGQNWG,LPINDT,FPTYNW,FFRIWE,GQNWGF,GFFRIW,VNGQNW,NWGFPT,APPDDF,HYWRYR,GDFGDL,AGAPPD,GLLGQF,VFSLRS,AYRIDH,KGDIPI,AMKKLP,LKGDIP,NGQAGA,ERINIP,EDLGMV,DLGMVP,YWRYRM,WRYRMH,LGFFRI,GDIPIG,PVFSLR,TDSYPY,VPVFSL,GAPPDD,WTDSYP,FRIWEI,PINDTT,PPDDFS,WGFPTY,GFPTYN,GQAGAP,RIWEIP
GH78	3	WP_006282170.1	27.3	41	IYLLGR,ASPIYL,TWIWYP,FFIDGI,IDGIKR,IWYPGD,FIDGIK,SGDAYQ,TTPYMR,SYLMNY,DGIKRD,SPIYLL,LMNYYL,FGKETF,LCHAWG,KSLCHA,WSGDAY,PYGKSL,GASPIY,YGKSLC,WGASPI,IKRDRW,GKETFG,HAWGAS,CHAWGA,GKSLCH,PYMRFY,AWGASP,QSYLMN,GDAYQS,YMRFYE,DYWGGM,PIYLLG,SLCHAW,GIKRDR,WIWYPG,ITTPYM,NTIMDY,TPYMRF,DFGKET,YLMNYY
GH78	5	WP_036857944.1	10.8	17	DMGQNL,LGWLEQ,TDCPHR,HREKLG,REKLGW,EKLGWL,GDWYDY,CPHREK,VLLGNG,PHREKL,DCPHRE,LGDWYD,KLGWLE,IYGGED,LLGNGF,EGAVLK,GLGDWY
GH78	7	WP_039869972.1	19.4	39	GDWCVP,CPQRNE,NEYDGE,RQPWLG,YPSWGY,DKYGDW,HGFRYV,RNERQP,DWCVPP,DCPQRN,QRNERQ,GTDAVT,ERQPWL,CWNPVL,FGGTKE,TIWELW,PSWGYM,ACWNPV,WELWNG,IWELWN,NYKGMP,SQYSYP,NERQPW,TTIWEL,PWLGDR,PQRNER,TYPSWG,GFRYVE,WCVPPE,PDVAPA,KYGDWC,YGDWCV,MLLGDL,ATTIWE,IQPSIL,QPWLGD,IPDVAP,HVMLLG,GATTIW
GH94	3	WP_006281366.1	42.3	53	YHKTEY,YKENAG,HKTEYR,FCHNNP,CHNNPW,DWNDCL,YIKETG,RADWND,YHQYQP,IYHKTE,LIGRAD,GFRDSN,WINYLG,NDCLNL,CLNLNC,SWLTGT,MVNIWN,TGTAAW,EYRERR,RDSNQD,HQYQPL,RMVNIW,NLNCFS,NSWLTG,TRYRYN,PLIGRA,QYQPLT,GYKENA,KTEYRE,LNLNCF,GIFCHN,WNDCLN,ADWNDC,KNSWLT,WLTGTA,KENAGI,TEYRER,YQPLTK,WFLRAY,ENAGIF,LPLIGR,GRGMGF,IGRADW,LTGTAA,DCLNLN,RGMGFR,FRDSNQ,PWINYL,FLRAYD,GRADWN,MGFRDS,GMGFRD,IFCHNN
GH95	1	WP_006281400.1	18.0	40	HRHVSH,NTEMNY,PANLQG,INTEMN,EALPIG,MNYWPA,IDGNFG,YTININ,NLQGIW,QYGRYL,YPNLFD,AHPPFQ,FQIDGN,ANLQGI,HPPFQI,FDAHPP,LPIGNG,RYLLIS,YGRYLL,PNLFDA,LPALPD,GRYLLI,DAHPPF,TEMNYW,PFQIDG,PIGNGR,EMLLQS,LFDAHP,PPFQID,LLPALP,YLLISS,AEMLLQ,LLISSS,QIDGNF,LQGIWN,NINTEM,FQYGRY,ALPIGN,EMNYWP,NLFDAH
GH95	1	WP_039869974.1	14.1	29	HRHVSH,FGRYLL,VSHLYG,IDGNFG,NLQGIW,NGRLGA,GRLGAM,FQIDGN,ANLQGI,HPPFQI,FDAHPP,GQLQEW,GNGRLG,RLGAMV,LPALPD,PLGNGR,GRYLLI,DAHPPF,PFQIDG,LFDAHP,PPFQID,LLPALP,RHVSHL,QIDGNF,HVSHLY,LQGIWN,AHPPFQ,EMNYWP,NLFDAH
GH95	1	WP_143067148.1	12.6	25	NYWPAE,DGNFGG,IDGNFG,QYGRYL,YPNLFD,FQIDGN,HPPFQI,FDAHPP,LPIGNG,PSTSPE,RYLLIS,YGRYLL,PNLFDA,PANLQG,GRYLLI,DAHPPF,FQYGRY,PFQIDG,EMLLQS,LFDAHP,PPFQID,LLPALP,QIDGNF,AHPPFQ,NLFDAH
GH97	1	WP_006282882.1	22.2	44	LALYVT,DFVTPY,LILNLN,QFIKDV,GPMDYT,FRYEFP,MDYTPG,ILNLNE,AFQFIK,YSPLQM,VWWEMI,VKTGYV,ILPFTR,PMDYTP,RNHYNE,VLVEGW,TPYPDF,GGPMDY,VFDFVT,DYDTQE,QLALYV,YIDFAA,QMAADL,MAADLP,MHHETS,DYTPGI,VTPYPD,FDFVTP,PYPDFD,LVEGWN,LPFTRL,FIKDVA,FVTPYP,GFRYEF,AADLPE,GVWWEM,LQMAAD,MYSPLQ,LNLNEP,PLQMAA,SPLQMA,FQFIKD,GDYDTQ,DAFQFI
GH97	1	WP_006283837.1	21.9	44	LALYVT,GLGFRY,WEDWFG,DGLGFR,LILNLN,AALVDY,QFIKDV,GPMDYT,EAALVD,FRYEFP,MDYTPG,AFQFIK,YSPLQM,VWWEMI,ILPFTR,PMDYTP,RNHYNE,VLVEGW,TPYPDF,GGPMDY,QMAADL,DYDTQE,YTPGIF,QLALYV,YIDFAA,MHHETS,LGFRYE,GWEDWF,DYTPGI,PYPDFD,LVEGWN,LPFTRL,HEAALV,TILPFT,GFRYEF,FIKDVA,GVWWEM,LQMAAD,MYSPLQ,PLQMAA,SPLQMA,FQFIKD,GDYDTQ,DAFQFI
GH97	3	WP_006282211.1	31.4	49	DGYPGK,GTWSWI,FIDGYP,ATAVLF,WYNSNG,TLPRGW,GYPGKY,AVLASE,TFPCLF,PIVETT,YPGKYV,PFIRNT,FHGCTL,LWYNSN,HGCTLP,TFLCPQ,SETGVD,WERMYP,LASENL,GYTFPC,LYEDIL,KVDFFG,PRGWER,GCTLPR,TTFLCP,VPTTWD,SEAVLA,HPFIRN,YTFPCL,GWERMY,RGWERM,VLASEN,VIFHGC,LATAVL,FGGDKQ,LVSETG,PTTWDE,IKVDFF,EAVLAS,GIKVDF,CTLPRG,LPRGWE,IFHGCT,TAVLFQ,ERMYPN,VDFFGG,FFGGDK,DFFGGD,IDGYPG
GH97	3	WP_006282069.1	20.4	30	IKVDFF,WYNSNG,PIVETT,RTITVG,LWYNSN,LKPIVE,KPSYEE,SETGVD,WERMYP,GYTFPC,LYEDIL,FGGDKQ,TFPCLF,YTFPCL,GWERMY,RGWERM,GGDKQE,GDKQET,KVDFFG,PRGWER,KGIKVD,PWRTIT,GIKVDF,TPWRTI,KPIVET,ERMYPN,VDFFGG,FFGGDK,DFFGGD,WRTITV
GH97	4	WP_143067149.1	7.03	21	VNFHGA,FHGATI,LLVNFH,TLPFTR,LVNFHG,GWQRTY,NFHGAT,ATIPRG,AEWYNN,HGATIP,GAEWYN,AGVKID,RTYPNL,PRGWQR,VKIDFF,GATIPR,TYPNLM,GVKIDF,LPFTRN,RGWQRT,WQRTYP
GH105	4	WP_143007232.1	12.0	37	GTAFFT,AAYHTG,ETSGTA,YVLFGD,YVQPIG,GYWTRS,FWARGD,VGAFLL,KDFWAR,AFFTYG,TAFFTY,FGVGAF,PGPETS,YMVMPV,AFLLAA,WVLAGL,GLAKVL,MPVMTK,WARGDG,GVGAFL,ARGDGW,KKDFWA,SGTAFF,GYVQPI,GKKDFW,AIPGQV,MVMPVM,DFWARG,GAFLLA,VMPVMT,APGPET,TSGTAF,PETSGT,GPETSG,EGYWTR,RGDGWV,LYMVMP
GH105	7	WP_006283187.1	8.98	13	CYWSRG,DCYWSR,DGFWNV,YYEGLM,VQGTGK,FWNVSL,PDFEDY,DFEDYG,AALVRV,WIDAIQ,IDAIQM,VYYEGL,GFWNVS
GH106	1	WP_006282934.1	14.2	27	FTWLTE,QAHGSP,TWLTEH,AHGSPA,LGDVRE,TGWPFG,SETFTW,TPIYGV,FFNDSY,EITPIY,VRESAR,GTGWPF,HGSPAN,NDSYEV,WLTEHF,FNDSYE,APGGEG,TGTGWP,WPFGGP,GWPFGG,IEVTNL,ETFTWL,TFTWLT,ITPIYG,SSETFT,NQAHGS,RNQAHG
GH106	2	WP_006281869.1	11.4	33	THDKPN,LAGGPW,GFALAG,MGEFWL,PTHDKP,YYSGTA,PGMTLD,DKPNDM,AHIYGK,GMTLDG,SMQKVV,NDMLDA,SPTHDK,AVFTGE,GAHIYG,DSWECG,SGAHIY,VFTGEE,AGGPWI,FWLNSP,DGFALA,FALAGG,HDKPND,ISGAHI,GGPWIT,DAISGA,AISGAH,RRGYDL,GEFWLN,GPWITP,EFWLNS,PMGEFW,ALAGGP
GH115	2	WP_006282037.1	19.2	31	PHDYLW,KPEFMG,CDDNYG,PSVEYR,HDYLWL,RKPEFM,SYWGRP,WCDDNY,YRGIFI,MWCDDN,LFLDMA,YKEVLD,INDEDW,ELLLRL,DDNYGY,VEYRGI,GIFIND,WGRPHD,FINDED,IFINDE,RGTAYG,FLDMAW,LMWCDD,SVEYRG,YWGRPH,RPHDYL,EYRGIF,GRPHDY,IRKPEF,PYKEVL,RGIFIN
GH127	4	WP_006282035.1	18.7	39	CPSHYM,ARNAIC,AVRANY,AWGNRG,GHAVRA,DGYIHT,NAICPS,NYLYAG,AICPSH,YAWGNR,VRANYL,FCCPPN,PYYAWG,YLYAGV,GALYDG,RNFEIA,LYAGVA,CFCCPP,YYAWGN,YAGVAD,FEIAAG,HNETCA,AVKRGP,RANYLY,AMGHAV,NFEIAA,YAETGE,NQDRIP,PSHYMG,LIPYYA,HAVRAN,MGHAVR,IPYYAW,RNAICP,LARNAI,ANYLYA,CGALYD,ICPSHY,QDRIPF
GH130	2	WP_006282903.1	26.4	39	VYDMRL,HEDGWI,GGGIGW,FYTRPQ,EDGWIY,YYASSD,LAHGVR,RNVVLH,LHPEFV,NVYDMR,YASSDT,YAFYTR,AFYTRP,YTRPQD,GLRYVL,GWLHLA,DRKSFF,LRYVLY,VLHPEF,WERLPD,NVVLHP,HLAHGV,IYYASS,GSGGGI,ASSDTR,LHLAHG,DGWIYG,VVLHPE,PEFVDG,FIYYAS,VFIYYA,YDMRLT,ERLPDL,QRNVVL,TNVYDM,HPEFVD,RKSFFA,QQRNVV,WLHLAH
GH133	3	WP_006283440.1	32.1	49	TPKGLR,QHGAEF,WSVRPN,LAGYPW,RKYHGL,KGLRSL,FRPFLA,ELLTPK,RPFLAF,GLRSLS,VLLSSL,PKGLRS,NLGLHK,SVRPNM,GESIVF,LLTPKG,LGLHKY,AGYPWF,YHGLLV,LLSSLD,EDLYVP,GYPWFK,PNGHKY,VPGYFE,LWYNAL,LYVPGY,KYHGLL,GLLVVP,SPNGHK,YVPGYF,LTPKGL,NALWYN,DLYVPG,NGHKYI,HGAEFN,NHVLLS,PFLAFR,HGLLVV,LAFRSV,IQHGAE,FNLGLH,HVLLSS,TVIQHG,DWSVRP,YRVGGV,ALWYNA,GTAWPW,VIQHGA,DGNPPF
PL1	2	WP_006282200.1	10.2	24	TIAGQT,INNYYK,FPGAEG,MRFRRG,AGQTAP,GRGGKV,ITIAGQ,YKPGPA,IAGQTA,NNYYKP,GQTAPG,WGLDEN,AFPGAE,PGAEGG,YYKPGP,GAEGGG,NYYKPG,PAFPGA,KPGPAT,GGRGGK,VTNLND,IPAFPG,GYTNIE,GLNPND
PL1	2	WP_039869434.1	5.31	9	GQTAPG,TIAGQT,VTIAGQ,FPGAEG,HHNLLA,AGQTAP,AFPGAE,HNLLAH,IAGQTA
PL1	13	WP_006282961.1	11.7	20	NNYFDG,YITYHH,HNWFDH,HHNWFD,FDHSDS,NYFRNC,NWFDHS,YGVGVT,YHHNWF,AKGDGS,KYGVGV,YNNFDT,ITYHHN,HSDSRH,TIEGIG,WFDHSD,SKYGVG,TYHHNW,DHSDSR,YFRNCK
PL1	24	WP_006282201.1	6.0	14	TIAGQT,VYHVTN,AFPGAE,FPGAEG,VFDVSG,PGAEGY,AGQTAP,YHVTNL,LAFPGA,GAEGYG,ITIAGQ,HVTNLN,IAGQTA,GQTAPG
PL1	24	WP_006281701.1	5.08	10	GQTAPG,TIAGQT,FPGAEG,PGAEGY,AFPGAE,LAFPGA,GAEGYG,ITIAGQ,IAGQTA,AGQTAP
PL1	31	WP_081456314.1	7.0	10	MPRVRF,DGVDGN,PRVRFG,GGSGGS,GVDGNF,VDGNFD,ERMPRV,AGGSGG,RMPRVR,RVRFGK
PL1	31	WP_006281201.1	5.4	9	GGSDDH,DGVDGN,GAGATL,PRVRFG,RVRFGK,FGKVHI,RFGKVH,VRFGKV,GSDDHR
PL11	1	WP_143067120.1	12.5	24	EYLTVF,GAHYTQ,GLGHGD,GDGKAE,VAYLDG,KWDPSN,FGDWRE,YNQPPH,DVDGDG,AHYTQF,SGPEYL,PEYLTV,GDWREE,LGHGDA,WREEVI,WDPSNS,GDVDGD,RGYYTR,GPEYLT,DGDGKA,SVADVD,ADVDGD,DWREEV,LSVADV
PL11	1	WP_162091545.1	5.14	9	YNQPPH,LGDWRE,ILGDWR,GLGHGD,DLDGDG,AYNQPP,DILGDW,GDWREE,LGHGDA
PL11	1	WP_155815438.1	3.27	6	ADVDGD,FGDWRE,GLGHGD,DVDGDG,GDWREE,LGHGDA
GT2	24	WP_006281785.1	18.4	39	MDADFS,RVLMSY,IIPTYN,FQIEMK,GSPDGT,GRVLMS,GVNVVN,IPTYNE,MSYFAS,VIIPTY,YNEKEN,TYNEKE,SPDGTA,GLGTAY,NEKENI,GYAFQI,IDDGSP,TAGFVC,KLGLGT,FEMDAD,LGTAYI,AFQIEM,VLMSYF,LGLGTA,YAFQIE,GKLGLG,GFKWAL,QIEMKF,AGFVCY,DADFSH,IVIIPT,NVVNWP,DDGSPD,DGSPDG,LMSYFA,PTYNEK,DTTAGF,EMDADF,VNVVNW
GT2	28	WP_006281275.1	21.0	36	HDFNCG,LQDSPD,VYGEMH,DFNCGL,YGEMHR,EMHRYI,CGLKAY,YDLVSG,NCGLKA,RNYGKS,DLQDSP,QDSPDE,LAKNAG,GEMHRY,MDADLQ,PDEIPE,HQARKY,DSPDEI,ITMDAD,NEEESL,EVYGEM,ADLQDS,EIPELY,LHDFNC,TMDADL,IEVYGE,MHRYIP,GLKAYR,QARKYG,SPDEIP,RRNYGK,ESLPEL,DEIPEL,GTQLFL,FNCGLK,DADLQD
GT2	57	WP_006282361.1	14.6	30	WATGAC,ILNWNG,HVGGGT,NSDVEV,DLCWRL,LLNSDV,LNFRNN,EIDLCW,VILNWN,TFLNFR,FEYAGA,FWATGA,NFRNNL,VLLNSD,ADNAST,SDVEVT,IDLCWR,RGRIFD,DNASTD,KTFLNF,AACQPK,YHVGGG,LNSDVE,VGGGTL,EEIDLC,CRGRIF,VYHVGG,AIVILN,VADNAS,FLNFRN
GT2	81	WP_006281565.1	13.9	35	SGIARI,RFGEDI,HKRRTD,YSMTSF,FFTTGG,ILDSDV,ELLESL,YPRSFN,PRSFNM,IRGGKK,TTGGIR,SYSMTS,KFYPRS,SFFTTG,TSFFTT,SMTSFF,IVEDGS,AISYSM,SFNMGI,EDIDFS,DKFYPR,MRFGED,ISYSMT,MTSFFT,GGIRGG,QKAISY,GIRGGK,NSGIAR,FTTGGI,FGEDID,FYPRSF,GEDIDF,KAISYS,RSFNMG,TGGIRG
GT2	123	WP_006282953.1	7.75	17	VGLLDE,DIDLSY,LLNPDT,YKGEST,FFMYGE,VLLLNP,MYGEDI,FMYGED,EDIDLS,LLLNPD,NPDTVV,YGEDID,LNPDTV,YVLLLN,GEDIDL,HYKGES,IDLSYR
GT2	134	WP_006283573.1	5.36	9	IIDGAS,GMLVCH,SLKERF,FLNAGD,VCHQAF,MLVCHQ,AMNKGI,LVCHQA,ASLKER
GT2	139	WP_006281811.1	6.88	13	IYDAMN,IVIDGG,EYIVID,DGGSTD,VIDGGS,IDGGST,YIVIDG,DAMNKG,YDAMNK,GIYDAM,AMNKGI,GSTDGT,GGSTDG
GT2	154	WP_006283753.1	4.22	8	EIILVD,VDDGSP,VPIYKV,IILVDD,ICDEYA,DDGSPD,ILVDDG,LVDDGS
GT2	186	WP_006283740.1	4.08	7	GFTEWT,FTEWTN,LPQFHP,AFYLPQ,YLPQFH,IAFYLP,FYLPQF
GT3	2	WP_006282476.1	35.1	61	TDLAGF,THATSI,DYDEAS,AGFGLW,TVLSTR,GDYDEA,NGDQMA,VLSTRA,PSYYEP,SIGRSI,YPSYYE,IYTVLS,YTPLES,DCFTTV,SYYEPW,TTHATS,KVGGIY,KGIDVF,YYEPWG,ATSIGR,HATSIG,WGYTPL,VGGIYT,YTVLST,GRSIAG,VDCFTT,TSGRYE,IAGNNK,LAGFGL,SIAGNN,FTTHAT,DSLHAY,RNKGID,YNGDQM,EVCNKV,TSIGRS,LHAYGD,AYGDYD,NKGIDV,RSIAGN,CFTTVS,YGDYDE,IGRSIA,HAYGDY,YEPWGY,SWEVCN,DLAGFG,NKVGGI,EPWGYT,GYTPLE,CNKVGG,WEVCNK,GIYTVL,PWGYTP,VDSLHA,SGRYEF,VCNKVG,GGIYTV,TTDLAG,SLHAYG,PDYIFE
GT4	88	WP_006282011.1	13.7	17	THHGPD,HEGLPI,SDIPAN,LIYNGV,FTHHGP,GVETHC,HHGPDY,GPDYDR,IPANLE,HGPDYD,KVVFTH,GTRGIP,LLEAMS,VFTHHG,VSDIPA,VVFTHH,GGVETH
GT4	117	WP_006283539.1	10.1	22	SCLEEA,HDLIFL,IIAISE,NVGTIE,GFGIPI,IPIIEA,IHDLIF,CLEEAG,GLSGEL,ILNVGT,HGLSGE,LSGELP,IEERKN,DLIFLR,EGFGIP,GIPIIE,FGIPII,LEEAGG,TIHDLI,GSCLEE,GYDAKR,LNVGTI
GT4	141	WP_006283441.1	26.3	41	ISKQSG,DVYVMP,AGSGDM,HAHDWL,VHATDF,VYVMPS,TVHNAV,SDVYVM,SEPFGI,PLEAMQ,SVSEPF,QKGPEY,ISPLEA,MQKGPE,FDRSRG,VSEPFG,ATDFDR,IHVHAT,VMPSVS,TDFDRS,LEAMQC,VTFLGR,FGISPL,GISPLE,YVMPSV,KGPEYF,ADRFHF,HVHATD,IISKQS,PSVSEP,HATDFD,IADRFH,MAGSGD,MPSVSE,IHAHDW,SPLEAM,EPFGIS,PFGISP,TMQKGP,SKQSGC,AHDWLT
GT4	241	WP_006283574.1	20.6	37	LPNTIM,GIPEMI,IPNPID,IMEAMA,VLIINT,KPVVWT,MACGVP,GVPCVG,NTIMEA,PNPIDT,AKMLVR,GKPVVW,IPEMID,LIINTS,MEAMAC,TIMEAM,TGICHY,VWTMHD,NLPNTI,SGKPVV,ACGVPC,GGIPEM,ADVIHL,AMACGV,MLVRDK,VVWTMH,PNTIME,EAMACG,CGVPCV,GAAVAA,PVVWTM,PEMIDH,GGAAVA,KMLVRD,KAKMLV,VPCVGF,DNLPNT
GT5	9	WP_027453722.1	13.2	22	PLIIKV,IRLSGM,VIRLSG,KVASIP,HPLIIK,LIIKVA,VLETVK,EVIRLS,LSGMNL,SGMNLI,YFIDND,GMNLII,ETVKKL,LETVKK,LHEVIR,QLHEVI,DHPLII,GVLETV,IKVASI,RLSGMN,HEVIRL,IIKVAS
GT9	12	WP_006282793.1	12.0	35	HPYAGF,GATHPY,ADLHNV,GGGKKE,VAMTVP,APFAAH,VVSVWG,SANMHL,MISMDS,NMHLAS,LHNVLR,IFLFGG,MHLASL,SMDSAN,FGGGKK,MDSANM,VWGATH,IGIAPF,GDVAMT,LFGGGK,VSVWGA,DVAMTV,ANMHLA,HNVLRS,DSANMH,SVWGAT,THPYAG,GIAPFA,AMTVPV,ATHPYA,WIGIAP,DLHNVL,WGATHP,IAPFAA,FLFGGG
GT19	24	WP_006281212.1	10.6	20	DYPGFN,VDYPGF,YYISPK,SLVNLI,ATLETA,ALLAGS,YPGFNL,TLETAL,TATLET,GTATLE,TSGTAT,LLAGSR,FSILPF,SGTATL,LVDYPG,SGDLHA,GDLHAS,ILVDYP,SILPFE,YISLVN
GT28	21	WP_006281599.1	8.34	15	GGTGGH,GHIFPA,TGGHIF,VGGSLG,TGNPVR,HQTKNA,GGHIFP,GGSLGA,DHQTKN,SGGGTG,EDHQTK,GTGGHI,GGGTGG,AEDHQT,IWQTGK
GT30	4	WP_006281534.1	13.7	33	HAASLG,WFHAAS,FHAASL,AASLGE,SLGEFE,TRFDRV,YVGGGF,GVGIHN,FFKWYG,GEFEQG,SPSGYE,PVIFGP,LGEFEQ,FGVGIH,DTRFDR,GFGVGI,HNTLEA,GLLSSI,SGYEVR,ASLGEF,EQGRPL,GDTRFD,RFDRVL,LLSSIY,PSGYEV,IKYEFW,EFEQGR,GYEVRK,FFIKYE,IWFHAA,FIKYEF,GGGFGV,FEQGRP
GT32	6	WP_006283469.1	5.58	15	IKEWNE,MIPKVI,GGIYMD,HYCWFG,EWNESN,PKVIHY,KEWNES,KVIHYC,YCWFGG,VRLYAL,EGGIYM,IHYCWF,IPKVIH,VIHYCW,RLYALY
GT32	33	WP_006282016.1	5.15	11	IWICWW,WICWWQ,YFAGYS,SIKRPD,IKRPDY,APEIVK,WSIKRP,KLTWKQ,RPDYLH,FAGYSL,TWKQSF
GT35	2	WP_006282475.1	6.89	16	VLDGWW,RRFATY,EASGTS,ASGTSG,RFATYK,ATYKRA,AYFSME,FATYKR,NEGHAA,HTPVPA,VTNGVH,SVLDGW,GKAHPA,KAHPAD,TPVPAG,LEASGT
GT51	18	WP_027453719.1	9.15	20	QTAKNV,QQTAKN,AKNVFL,LNSIEM,VYLNSI,TAKNVF,SQQTAK,KNVFLW,RIMEVY,MEVYLN,YLNSIE,NSIEMG,GSTISQ,EVYLNS,GGSTIS,STISQQ,TISQQT,ISQQTA,IMEVYL,NVFLWP
GT51	79	WP_006282497.1	6.52	7	TITQQL,TQQLAK,ITQQLA,RQPGST,STITQQ,GGKTGT,SLALGS
GT51	81	WP_006282481.1	6.0	6	TITQQL,TQQLAK,ITQQLA,STITQQ,GSTITQ,GGSTIT
CBM4	8	WP_006282137.1	4.37	11	AATGKL,INDYNL,AWDVVN,VVNEPM,LFINDY,KLFIND,DVVNEP,NDYNLE,NLIANG,WDVVNE,FINDYN
CBM20	2	WP_006282881.1	6.34	16	PVFSLR,GVGDFG,WTDSYP,VPVFSL,TDSYPY,PINDTT,GDFGDL,SFGVGD,FGVGDF,DSYPYS,VGDFGD,DFGDLK,VFSLRS,LPINDT,TWTDSY,HTWTDS
CBM48	62	WP_006283225.1	9.93	15	FSAQVW,WVFREW,ECHIGM,ERIPAW,IYECHI,FREWAP,GERIPA,YECHIG,IFSAQV,GWVFRE,LIYECH,PLLIYE,LLIYEC,VFREWA,KIFSAQ
