LC529899|CGC1|lgdA|CAZyme|GH109	PUL0010_31:PUL0010::GTNG_RS09350:WP_011887520.1:CDS:	25.581	344	196	10	49	386	42	331	9.64e-21	90.5	394	331
LC529899|CGC1|lgdA|CAZyme|GH109	PUL0446_4:PUL0446:::ARO72883.1:-	25.517	290	174	6	2	287	5	256	1.11e-20	90.5	394	346
LC529899|CGC1|lgdA|CAZyme|GH109	PUL0395_21:PUL0395:araJ::ACE73683.1:CDS:	30.573	157	99	2	49	202	42	191	5.11e-18	82.4	394	331
LC529899|CGC1|lgdA|CAZyme|GH109	PUL0013_21:PUL0013:araJ::ACE73683.1:CDS:	30.573	157	99	2	49	202	42	191	5.11e-18	82.4	394	331
LC529899|CGC1|lgdA|CAZyme|GH109	PUL0303_8:PUL0303:::ACF93780.1:-	22.468	316	202	6	7	320	8	282	2.54e-17	80.5	394	329
LC529899|CGC1|lgdA|CAZyme|GH109	PUL0345_12:PUL0345::BACINT_04204:EDV05061.1:CDS:	24.312	218	145	5	1	216	1	200	1.84e-13	68.9	394	326
LC529899|CGC1|lgdA|CAZyme|GH109	PUL0250_21:PUL0250:VV0357::BAC93121.1:CDS:	26.022	269	160	8	12	275	395	629	1.40e-12	67.4	394	713
LC529899|CGC1|lgdA|CAZyme|GH109	PUL0468_12:PUL0468::BT_3472:AAO78578.1:CDS:	23.744	219	150	7	64	270	96	309	1.37e-11	63.9	394	430
LC529899|CGC1|lgdA|CAZyme|GH109	PUL0521_6:PUL0521::BF_RS03825:WP_011202146.1:CDS:	26.111	180	123	3	31	206	22	195	1.99e-11	62.8	394	326
LC529899|CGC1|lgdA|CAZyme|GH109	PUL0036_11:PUL0036:weeE::CAB57202.1:CDS:	24.806	258	155	8	12	263	394	618	4.95e-11	62.4	394	712
LC529899|CGC1|lgdA|CAZyme|GH109	PUL0028_6:PUL0028::RUMGNA_RS11855:WP_004843633.1:CDS:	27.660	141	98	3	63	203	52	188	9.60e-11	60.8	394	374
LC529899|CGC1|lgdA|CAZyme|GH109	PUL0160_18:PUL0160:::JQNQ01000001_18:-	25.110	227	125	6	3	196	46	260	1.65e-10	60.5	394	493
LC529899|CGC1|lgdA|CAZyme|GH109	PUL0429_11:PUL0429::SM11_pD1012:AEH83844.1:CDS:	29.545	88	62	0	62	149	52	139	6.03e-10	58.2	394	345
LC529899|CGC1|lgdA|CAZyme|GH109	PUL0259_19:PUL0259::NMUL_RS01350:WP_011379618.1:CDS:	23.000	200	143	4	4	203	2	190	6.30e-10	58.5	394	368
LC529899|CGC1|lgdA|CAZyme|GH109	PUL0382_4:PUL0382::BT_4243:AAO79348.1:CAZyme:GH109	25.346	217	122	9	65	264	119	312	6.56e-08	52.4	394	467
LC529899|CGC1|lgdA|CAZyme|GH109	PUL0330_18:PUL0330::GRFL_2172:APU68896.1:CDS:	21.922	333	196	12	2	299	3	306	2.41e-06	47.4	394	392
LC529899|CGC1|lgdA|CAZyme|GH109	PUL0134_19:PUL0134::GRFL_2172:APU68896.1:CDS:	21.922	333	196	12	2	299	3	306	2.41e-06	47.4	394	392
LC529899|CGC1|lgdA|CAZyme|GH109	PUL0468_10:PUL0468::BT_3470:AAO78576.1:CDS:	37.931	58	34	1	64	119	83	140	3.88e-05	43.5	394	460
LC529899|CGC1|lgdA|CAZyme|GH109	PUL0494_13:PUL0494::BF638R_RS07250:WP_005795222.1:CDS:	18.354	158	113	3	6	160	133	277	1.90e-04	41.6	394	447
LC529899|CGC1|lgdC|CAZyme|GH109	PUL0010_31:PUL0010::GTNG_RS09350:WP_011887520.1:CDS:	30.348	201	134	4	3	202	4	199	7.35e-23	96.3	386	331
LC529899|CGC1|lgdC|CAZyme|GH109	PUL0395_21:PUL0395:araJ::ACE73683.1:CDS:	28.634	227	148	6	3	226	4	219	1.94e-19	86.7	386	331
LC529899|CGC1|lgdC|CAZyme|GH109	PUL0013_21:PUL0013:araJ::ACE73683.1:CDS:	28.634	227	148	6	3	226	4	219	1.94e-19	86.7	386	331
LC529899|CGC1|lgdC|CAZyme|GH109	PUL0303_8:PUL0303:::ACF93780.1:-	28.571	217	132	5	2	208	3	206	3.79e-18	82.8	386	329
LC529899|CGC1|lgdC|CAZyme|GH109	PUL0345_12:PUL0345::BACINT_04204:EDV05061.1:CDS:	27.723	202	138	3	1	201	1	195	3.63e-17	79.7	386	326
LC529899|CGC1|lgdC|CAZyme|GH109	PUL0521_6:PUL0521::BF_RS03825:WP_011202146.1:CDS:	30.151	199	124	6	1	193	1	190	1.96e-16	77.8	386	326
LC529899|CGC1|lgdC|CAZyme|GH109	PUL0429_11:PUL0429::SM11_pD1012:AEH83844.1:CDS:	26.250	160	116	2	4	163	2	159	6.78e-14	70.5	386	345
LC529899|CGC1|lgdC|CAZyme|GH109	PUL0468_10:PUL0468::BT_3470:AAO78576.1:CDS:	35.043	117	72	2	2	114	27	143	7.67e-11	61.6	386	460
LC529899|CGC1|lgdC|CAZyme|GH109	PUL0382_4:PUL0382::BT_4243:AAO79348.1:CAZyme:GH109	24.151	265	175	9	1	251	54	306	9.05e-10	58.2	386	467
LC529899|CGC1|lgdC|CAZyme|GH109	PUL0446_4:PUL0446:::ARO72883.1:-	21.352	281	186	8	3	279	6	255	1.03e-09	57.8	386	346
LC529899|CGC1|lgdC|CAZyme|GH109	PUL0468_12:PUL0468::BT_3472:AAO78578.1:CDS:	27.957	186	114	6	2	173	42	221	3.64e-09	56.2	386	430
LC529899|CGC1|lgdC|CAZyme|GH109	PUL0028_6:PUL0028::RUMGNA_RS11855:WP_004843633.1:CDS:	27.885	208	129	9	1	201	1	194	9.87e-09	54.7	386	374
LC529899|CGC1|lgdC|CAZyme|GH109	PUL0494_13:PUL0494::BF638R_RS07250:WP_005795222.1:CDS:	25.517	145	106	2	2	146	129	271	1.35e-08	54.3	386	447
LC529899|CGC1|lgdC|CAZyme|GH109	PUL0160_18:PUL0160:::JQNQ01000001_18:-	27.586	145	100	2	2	144	45	186	6.29e-08	52.4	386	493
LC529899|CGC1|lgdC|CAZyme|GH109	PUL0250_21:PUL0250:VV0357::BAC93121.1:CDS:	23.792	269	164	9	6	267	394	628	1.87e-07	51.2	386	713
LC529899|CGC1|lgdC|CAZyme|GH109	PUL0330_18:PUL0330::GRFL_2172:APU68896.1:CDS:	30.526	95	61	3	6	98	7	98	2.34e-06	47.4	386	392
LC529899|CGC1|lgdC|CAZyme|GH109	PUL0134_19:PUL0134::GRFL_2172:APU68896.1:CDS:	30.526	95	61	3	6	98	7	98	2.34e-06	47.4	386	392
LC529899|CGC1|lgdC|CAZyme|GH109	PUL0259_19:PUL0259::NMUL_RS01350:WP_011379618.1:CDS:	22.517	151	115	2	4	153	2	151	2.44e-06	47.4	386	368
LC529899|CGC1|lgdC|CAZyme|GH109	PUL0036_11:PUL0036:weeE::CAB57202.1:CDS:	23.005	213	125	7	49	254	436	616	1.39e-05	45.1	386	712
LC529899|CGC1|rbsA|TC|3.A.1	PUL0395_8:PUL0395:araH::ACE73670.1:TC:gnl|TC-DB|O05177|3.A.1.2.5	40.909	154	89	2	28	180	254	406	1.23e-28	110	238	407
LC529899|CGC1|rbsA|TC|3.A.1	PUL0013_8:PUL0013:araH::ACE73670.1:TC:gnl|TC-DB|O05177|3.A.1.2.5	40.909	154	89	2	28	180	254	406	1.23e-28	110	238	407
LC529899|CGC1|rbsA|TC|3.A.1	PUL0010_40:PUL0010::GTNG_RS09395:WP_011887527.1:TC:gnl|TC-DB|O05177|3.A.1.2.5	38.961	154	94	0	28	181	254	407	2.79e-21	89.7	238	407
LC529899|CGC1|rbsA|TC|3.A.1	PUL0139_1:PUL0139::CNCMI4602_0058:AYN22928.1:TC:gnl|TC-DB|Q8G3Q9|3.A.1.2.22	38.037	163	101	0	19	181	251	413	1.16e-19	85.1	238	413
LC529899|CGC1|rbsA|TC|3.A.1	PUL0459_40:PUL0459::CWS31_RS01515:WP_148747684.1:-	35.862	145	91	2	13	156	171	314	1.73e-15	72.8	238	338
LC529899|CGC1|rbsA|TC|3.A.1	PUL0459_39:PUL0459::CWS31_RS01510:WP_148747683.1:-	35.220	159	95	2	27	179	161	317	2.35e-12	63.5	238	325
LC529899|CGC1|rbsA|TC|3.A.1	PUL0599_6:PUL0599::Clocel_2597:ADL52307.1:TC:gnl|TC-DB|A6VKS9|3.A.1.2.13	38.095	147	88	2	32	176	191	336	4.67e-05	42.0	238	343
