0	CAZyme	0	null	CGC1	LT674122.1	388	1368	SIP56247.1	-	DB=GH5_2;ID=SIP56247.1	DB=GH5_2;ID=SIP56247.1
1	CAZyme	0	0	CGC1	LT674122.1	1481	2773	SIP56248.1	-	DB=GH5_7;ID=SIP56248.1	DB=GH5_7;ID=SIP56248.1
2	CAZyme	1	0	CGC1	LT674122.1	2865	4148	SIP56249.1	-	DB=CE7;ID=SIP56249.1	DB=CE7;ID=SIP56249.1
3	TF	0	0	CGC1	LT674122.1	4221	5114	SIP56250.1	-	DB=DBD-Pfam|HTH_AraC,DBD-Pfam|HTH_AraC,DBD-SUPERFAMILY|0036286,DBD-SUPERFAMILY|0035607;ID=SIP56250.1	DB=DBD-Pfam|HTH_AraC,DBD-Pfam|HTH_AraC,DBD-SUPERFAMILY|0036286,DBD-SUPERFAMILY|0035607;ID=SIP56250.1
4	CAZyme	0	1	CGC1	LT674122.1	5459	7903	SIP56251.1	-	DB=GH2;ID=SIP56251.1	DB=GH2;ID=SIP56251.1
5	CAZyme	0	0	CGC1	LT674122.1	8126	10612	SIP56252.1	+	DB=GH94;ID=SIP56252.1	DB=GH94;ID=SIP56252.1
6	TC	0	0	CGC1	LT674122.1	10631	11635	SIP56253.1	+	DB=gnl|TC-DB|P63144|8.A.5.1.3;ID=SIP56253.1	DB=gnl|TC-DB|P63144|8.A.5.1.3;ID=SIP56253.1
7	CAZyme	6	0	CGC1	LT674122.1	11642	13657	SIP56254.1	+	DB=GH97;ID=SIP56254.1	DB=GH97;ID=SIP56254.1
8	null	null	null	CGC1	LT674122.1	13849	14487	SIP56254.1	+	ID=SIP56255.1;protein_id=SIP56255.1;product=hypothetical protein
9	null	null	null	CGC1	LT674122.1	14611	15240	SIP56254.1	+	ID=SIP56256.1;protein_id=SIP56256.1;product=hypothetical protein
10	null	null	null	CGC1	LT674122.1	15386	15619	SIP56254.1	-	ID=SIP56257.1;protein_id=SIP56257.1;product=hypothetical protein
11	STP	2	3	CGC1	LT674122.1	15634	15810	SIP56258.1	-	DB=STP|NTP_transf_2;ID=SIP56258.1	DB=STP|NTP_transf_2;ID=SIP56258.1
12	null	null	null	CGC1	LT674122.1	16671	16808	SIP56258.1	-	ID=SIP56259.1;protein_id=SIP56259.1;product=hypothetical protein
13	null	null	null	CGC1	LT674122.1	16805	19300	SIP56258.1	-	ID=SIP56260.1;protein_id=SIP56260.1;product=hypothetical protein
14	TC	0	6	CGC1	LT674122.1	19405	21144	SIP56261.1	-	DB=gnl|TC-DB|Q8A1G2|8.A.46.1.1;ID=SIP56261.1	DB=gnl|TC-DB|Q8A1G2|8.A.46.1.1;ID=SIP56261.1
15	TC	0	0	CGC1	LT674122.1	21175	24246	SIP56262.1	-	DB=gnl|TC-DB|Q45780|1.B.14.6.1;ID=SIP56262.1	DB=gnl|TC-DB|Q45780|1.B.14.6.1;ID=SIP56262.1
16	CAZyme	1	0	CGC1	LT674122.1	24302	26392	SIP56263.1	-	DB=GH127;ID=SIP56263.1	DB=GH127;ID=SIP56263.1
17	null	null	null	CGC1	LT674122.1	26512	27642	SIP56263.1	-	ID=SIP56264.1;protein_id=SIP56264.1;product=Aldose 1-epimerase precursor
18	CAZyme	null	1	CGC1	LT674122.1	27673	30039	SIP56265.1	-	DB=GH127;ID=SIP56265.1	DB=GH127;ID=SIP56265.1
+++++
