0	CAZyme	0	null	CGC1	NC_009441	1	1935	FJOH_RS16145	-	DB=GH43_19|GH43_34;ID=FJOH_RS16145	DB=GH43_19|GH43_34;ID=FJOH_RS16145
1	CAZyme	0	0	CGC1	NC_009441	1935	3296	FJOH_RS16150	-	DB=GH27;ID=FJOH_RS16150	DB=GH27;ID=FJOH_RS16150
2	CAZyme	0	0	CGC1	NC_009441	3417	5837	FJOH_RS16155	-	DB=GH2;ID=FJOH_RS16155	DB=GH2;ID=FJOH_RS16155
3	CAZyme	0	0	CGC1	NC_009441	5869	8337	FJOH_RS16160	-	DB=GH95;ID=FJOH_RS16160	DB=GH95;ID=FJOH_RS16160
4	CAZyme	0	0	CGC1	NC_009441	8401	10386	FJOH_RS16165	-	DB=GH51_2;ID=FJOH_RS16165	DB=GH51_2;ID=FJOH_RS16165
5	CAZyme	0	0	CGC1	NC_009441	10411	11850	FJOH_RS16170	-	DB=GH28;ID=FJOH_RS16170	DB=GH28;ID=FJOH_RS16170
6	CAZyme	0	0	CGC1	NC_009441	12062	13591	FJOH_RS16175	-	DB=GH28;ID=FJOH_RS16175	DB=GH28;ID=FJOH_RS16175
7	TC	1	0	CGC1	NC_009441	13768	15405	FJOH_RS16180	-	DB=gnl|TC-DB|P96169|2.A.21.3.2;ID=FJOH_RS16180	DB=gnl|TC-DB|P96169|2.A.21.3.2;ID=FJOH_RS16180
8	null	null	null	CGC1	NC_009441	15632	16774	FJOH_RS16180	-	ID=FJOH_RS16185;Parent=FJOH_RS16185;Dbxref=GeneID:31766030;Name=FJOH_RS16185;Note=Derived by automated computational analysis using gene prediction method: Protein Homology.;codon_start=1;inference=COORDINATES: similar to AA sequence:RefSeq:WP_008469270.1;old_locus_tag=Fjoh_3117;product=DUF5009 domain-containing protein;protein_id=WP_012025104.1;transl_table=11;translation=length.380
9	CAZyme	5	1	CGC1	NC_009441	16878	20009	FJOH_RS16190	-	DB=GH2;ID=FJOH_RS16190	DB=GH2;ID=FJOH_RS16190
10	null	null	null	CGC1	NC_009441	20194	21081	FJOH_RS16190	-	ID=FJOH_RS16195;Parent=FJOH_RS16195;Dbxref=GeneID:31766032;eC_number=1.13.99.1;Name=FJOH_RS16195;Note=Derived by automated computational analysis using gene prediction method: Protein Homology.;codon_start=1;inference=COORDINATES: similar to AA sequence:RefSeq:WP_008469272.1;old_locus_tag=Fjoh_3119;product=inositol oxygenase;protein_id=WP_012025106.1;transl_table=11;translation=length.295
11	TF	3	1	CGC1	NC_009441	21403	25437	FJOH_RS16200	-	DB=DBD-Pfam|HTH_AraC,DBD-SUPERFAMILY|0035607;ID=FJOH_RS16200	DB=DBD-Pfam|HTH_AraC,DBD-SUPERFAMILY|0035607;ID=FJOH_RS16200
12	null	null	null	CGC1	NC_009441	25490	27319	FJOH_RS16200	-	ID=FJOH_RS16205;Parent=FJOH_RS16205;Dbxref=GeneID:31766034;Name=FJOH_RS16205;Note=Derived by automated computational analysis using gene prediction method: Protein Homology.;codon_start=1;inference=COORDINATES: similar to AA sequence:RefSeq:WP_002981864.1;old_locus_tag=Fjoh_3121;product=metallophosphoesterase;protein_id=WP_012025108.1;transl_table=11;translation=length.609
13	null	null	null	CGC1	NC_009441	27544	28395	FJOH_RS16200	-	ID=FJOH_RS16210;Parent=FJOH_RS16210;Dbxref=GeneID:31766035;Name=FJOH_RS16210;Note=Derived by automated computational analysis using gene prediction method: Protein Homology.;codon_start=1;inference=COORDINATES: similar to AA sequence:RefSeq:WP_012025109.1;old_locus_tag=Fjoh_3122;product=DUF4861 family protein;protein_id=WP_012025109.1;transl_table=11;translation=length.283
14	null	null	null	CGC1	NC_009441	28679	29242	FJOH_RS16200	-	ID=FJOH_RS16215;Parent=FJOH_RS16215;Dbxref=GeneID:31766036;Name=FJOH_RS16215;Note=Derived by automated computational analysis using gene prediction method: Protein Homology.;codon_start=1;inference=COORDINATES: similar to AA sequence:RefSeq:WP_008469277.1;old_locus_tag=Fjoh_3123;product=hypothetical protein;protein_id=WP_044047789.1;transl_table=11;translation=length.187
15	CAZyme	0	5	CGC1	NC_009441	29257	31530	FJOH_RS16220	-	DB=GH92;ID=FJOH_RS16220	DB=GH92;ID=FJOH_RS16220
16	CAZyme	1	0	CGC1	NC_009441	31543	33849	FJOH_RS16225	-	DB=GH92;ID=FJOH_RS16225	DB=GH92;ID=FJOH_RS16225
17	null	null	null	CGC1	NC_009441	34188	35801	FJOH_RS16225	-	ID=FJOH_RS16230;Parent=FJOH_RS16230;Dbxref=GeneID:31766039;Name=FJOH_RS16230;Note=Derived by automated computational analysis using gene prediction method: Protein Homology.;codon_start=1;inference=COORDINATES: similar to AA sequence:RefSeq:WP_012925822.1;old_locus_tag=Fjoh_3126;product=RagB/SusD family nutrient uptake outer membrane protein;protein_id=WP_012025113.1;transl_table=11;translation=length.537
18	TC	0	1	CGC1	NC_009441	35821	38832	FJOH_RS16235	-	DB=gnl|TC-DB|Q45780|1.B.14.6.1;ID=FJOH_RS16235	DB=gnl|TC-DB|Q45780|1.B.14.6.1;ID=FJOH_RS16235
19	CAZyme	null	0	CGC1	NC_009441	39124	41295	FJOH_RS16240	-	DB=GH89;ID=FJOH_RS16240	DB=GH89;ID=FJOH_RS16240
+++++
