0	CAZyme	0	null	CGC1	FP929033	1	2766	BXY_32120	-	DB=GH106;ID=BXY_32120	DB=GH106;ID=BXY_32120
1	CAZyme	1	0	CGC1	FP929033	2766	4169	BXY_32130	-	DB=GH28;ID=BXY_32130	DB=GH28;ID=BXY_32130
2	null	null	null	CGC1	FP929033	4166	4768	BXY_32130	-	ID=BXY_32140;Parent=BXY_32140;Dbxref=EnsemblGenomes-Gn:BXY_32140,EnsemblGenomes-Tr:CBK68221,InterPro:IPR028028,UniProtKB/TrEMBL:D6D1B9;Name=BXY_32140;codon_start=1;product=hypothetical protein;protein_id=CBK68221.1;transl_table=11;translation=length.200
3	CAZyme	0	1	CGC1	FP929033	4719	6254	BXY_32150	-	DB=GH28;ID=BXY_32150	DB=GH28;ID=BXY_32150
4	CAZyme	0	0	CGC1	FP929033	6310	7548	BXY_32160	-	DB=CE12;ID=BXY_32160	DB=CE12;ID=BXY_32160
5	CAZyme	1	0	CGC1	FP929033	7679	10555	BXY_32170	-	DB=GH2;ID=BXY_32170	DB=GH2;ID=BXY_32170
6	null	null	null	CGC1	FP929033	10554	10682	BXY_32170	+	ID=BXY_32180;Parent=BXY_32180;Dbxref=EnsemblGenomes-Gn:BXY_32180,EnsemblGenomes-Tr:CBK68225,UniProtKB/TrEMBL:D6D1C3;Name=BXY_32180;codon_start=1;product=hypothetical protein;protein_id=CBK68225.1;transl_table=11;translation=length.42
7	CAZyme	0	1	CGC1	FP929033	10844	13156	BXY_32190	+	DB=GH43_18|GH43_34|CBM32;ID=BXY_32190	DB=GH43_18|GH43_34|CBM32;ID=BXY_32190
8	CAZyme	0	0	CGC1	FP929033	13787	15877	BXY_32200	+	DB=GH42;ID=BXY_32200	DB=GH42;ID=BXY_32200
9	CAZyme	2	0	CGC1	FP929033	15940	17322	BXY_32210	+	DB=GH28;ID=BXY_32210	DB=GH28;ID=BXY_32210
10	null	null	null	CGC1	FP929033	17411	18100	BXY_32210	+	ID=BXY_32220;Parent=BXY_32220;Dbxref=EnsemblGenomes-Gn:BXY_32220,EnsemblGenomes-Tr:CBK68229,GOA:D6D1C7,InterPro:IPR013831,UniProtKB/TrEMBL:D6D1C7;Name=BXY_32220;codon_start=1;product=hypothetical protein;protein_id=CBK68229.1;transl_table=11;translation=length.229
11	null	null	null	CGC1	FP929033	18193	20274	BXY_32210	-	ID=BXY_32230;Parent=BXY_32230;Dbxref=EnsemblGenomes-Gn:BXY_32230,EnsemblGenomes-Tr:CBK68230,InterPro:IPR011990,InterPro:IPR012944,UniProtKB/TrEMBL:D6D1C8;Name=BXY_32230;codon_start=1;product=SusD family.;protein_id=CBK68230.1;transl_table=11;translation=length.693
12	TC	2	2	CGC1	FP929033	20299	23430	BXY_32240	-	DB=gnl|TC-DB|Q45780|1.B.14.6.1;ID=BXY_32240	DB=gnl|TC-DB|Q45780|1.B.14.6.1;ID=BXY_32240
13	null	null	null	CGC1	FP929033	25047	26084	BXY_32240	+	ID=BXY_32260;Parent=BXY_32260;Dbxref=EnsemblGenomes-Gn:BXY_32260,EnsemblGenomes-Tr:CBK68232,InterPro:IPR025049,UniProtKB/TrEMBL:D6D1D0;Name=BXY_32260;codon_start=1;product=hypothetical protein;protein_id=CBK68232.1;transl_table=11;translation=length.345
14	null	null	null	CGC1	FP929033	26139	27764	BXY_32240	+	ID=BXY_32270;Parent=BXY_32270;Dbxref=EnsemblGenomes-Gn:BXY_32270,EnsemblGenomes-Tr:CBK68233,InterPro:IPR025049,UniProtKB/TrEMBL:D6D1D1;Name=BXY_32270;codon_start=1;product=hypothetical protein;protein_id=CBK68233.1;transl_table=11;translation=length.541
15	TC	1	2	CGC1	FP929033	27825	31004	BXY_32280	+	DB=gnl|TC-DB|Q45780|1.B.14.6.1;ID=BXY_32280	DB=gnl|TC-DB|Q45780|1.B.14.6.1;ID=BXY_32280
16	null	null	null	CGC1	FP929033	31026	33038	BXY_32280	+	ID=BXY_32290;Parent=BXY_32290;Dbxref=EnsemblGenomes-Gn:BXY_32290,EnsemblGenomes-Tr:CBK68235,InterPro:IPR011990,InterPro:IPR012944,UniProtKB/TrEMBL:D6D1D3;Name=BXY_32290;codon_start=1;product=SusD family.;protein_id=CBK68235.1;transl_table=11;translation=length.670
17	TC	1	1	CGC1	FP929033	33086	36136	BXY_32300	+	DB=gnl|TC-DB|Q45780|1.B.14.6.1;ID=BXY_32300	DB=gnl|TC-DB|Q45780|1.B.14.6.1;ID=BXY_32300
18	null	null	null	CGC1	FP929033	36158	37879	BXY_32300	+	ID=BXY_32310;Parent=BXY_32310;Dbxref=EnsemblGenomes-Gn:BXY_32310,EnsemblGenomes-Tr:CBK68237,InterPro:IPR011990,InterPro:IPR012944,UniProtKB/TrEMBL:D6D1D5;Name=BXY_32310;codon_start=1;product=SusD family.;protein_id=CBK68237.1;transl_table=11;translation=length.573
19	CAZyme	0	1	CGC1	FP929033	37957	40092	BXY_32320	+	DB=PL11;ID=BXY_32320	DB=PL11;ID=BXY_32320
20	CAZyme	0	0	CGC1	FP929033	40264	43662	BXY_32330	+	DB=PL26;ID=BXY_32330	DB=PL26;ID=BXY_32330
21	CAZyme	0	0	CGC1	FP929033	43981	45615	BXY_32340	-	DB=CE12|CE12;ID=BXY_32340	DB=CE12|CE12;ID=BXY_32340
22	CAZyme	0	0	CGC1	FP929033	45745	46836	BXY_32350	-	DB=GH105;ID=BXY_32350	DB=GH105;ID=BXY_32350
23	CAZyme	0	0	CGC1	FP929033	47129	48970	BXY_32360	+	DB=PL11_1;ID=BXY_32360	DB=PL11_1;ID=BXY_32360
24	CAZyme	null	0	CGC1	FP929033	48974	50383	BXY_32370	+	DB=GH105;ID=BXY_32370	DB=GH105;ID=BXY_32370
+++++
