CAZy Family	PPR Subfamily	Gene ID	Frequency	Hits	Signature Peptides
CE12	7	LACM01000001_1	4.42	11	IRAGAH,NIRAGA,YNQPPH,KTADGT,RAGAHY,YGNRVD,GDWREE,NRVDRF,LGHGDA,RVDRFL,GNRVDR
GH5	3	LACM01000001_13	7.72	20	INIGNE,DTTGYG,TTGYGE,SIHMYG,NWGQDW,PNWGQD,IHMYGV,VLEVHD,TGYGED,EVHDTT,NIGNEP,HDTTGY,NEPYGN,LEVHDT,FSIHMY,DAPNWG,VRVVLS,VFSIHM,APNWGQ,VHDTTG
GH5	3	LACM01000001_16	7.72	20	INIGNE,DTTGYG,TTGYGE,SIHMYG,NWGQDW,PNWGQD,IHMYGV,VLEVHD,TGYGED,EVHDTT,NIGNEP,HDTTGY,NEPYGN,LEVHDT,FSIHMY,DAPNWG,VRVVLS,VFSIHM,APNWGQ,VHDTTG
GH5	105	LACM01000001_14	6.6	8	IGEWGG,NEPHGK,INPNLL,LIGEWG,DLKNEP,KNEPHG,LKNEPH,NPNLLI
GH9	6	LACM01000001_17	10.0	24	PTPTPT,FVGALA,WAAVWL,YYQVGD,LDLTGG,YGEALQ,DLTGGW,AAVWLY,DAGDHV,GALVGG,NAGFVG,TPTPTP,DYNAGF,AGFVGA,YQVGDG,NYGEAL,GLDLTG,LYGALV,YNAGFV,GEALQK,ALVGGP,GDHVKF,AGDHVK,YGALVG
GH9	6	LACM01000001_13	9.62	22	PTPTPT,WAAVWL,YYQVGD,HDAGDH,LDLTGG,GEALQK,AAVWLY,DAGDHV,GALVGG,AGDHVK,DVGLDL,TPTPTP,VGLDLT,NYGEAL,ILYGAL,GLDLTG,LYGALV,DLTGGW,YGEALQ,ALVGGP,GDHVKF,YGALVG
GH10	10	LACM01000001_14	7.1	14	YNDYNT,KLFYND,VYAWDV,VVNEAI,LFYNDY,PLLFDE,YPLLFD,AWDVVN,DVVNEA,FYNDYN,AKLFYN,YAWDVV,HITELD,WDVVNE
GH10	38	LACM01000001_15	9.15	13	VWHNQT,VYAWDV,GHTLVW,WHNQTP,AWDVVN,VGRYKG,TLVWHN,YAWDVV,GRYKGK,HTLVWH,LVWHNQ,WDVVNE,VVGRYK
GH44	1	LACM01000001_16	19.9	34	ISPYIY,FGKYGV,PRTLWD,GADYYL,GVLVWG,WDPTYK,RLLDVL,RRLGGN,TGYNWE,ADYYLE,NYDGKG,GYNWEN,RLGGNR,TLWDPT,DWSNYN,APRTLW,PGTKLA,RMQAPR,THPRIH,ISGGIA,TGIKGY,ARMQAP,LWDPTY,ARRLGG,HWYPEA,RTLWDP,LGIFGK,HPRIHP,YNWENN,QAPRTL,GTKLAI,MQAPRT,LLDVLD,SPYIYG
GH48	2	LACM01000001_8	10.0	29	HYLLSW,YLLSWY,GATNSW,IAGGAT,EGAIAG,INTFQR,AKMGDY,KAAKMG,KMGDYL,FDKYFK,AAKMGD,NAPDAD,APDADA,VWETVP,LQSAEG,GGATNS,LLSWYY,SVWETV,GDYLRY,AGGATN,GAIAGG,MFDKYF,MGDYLR,ADARAI,DYLRYA,ESVWET,NTFQRG,DADARA,PDADAR
GH48	2	LACM01000001_15	10.0	29	HYLLSW,YLLSWY,GATNSW,IAGGAT,EGAIAG,INTFQR,AKMGDY,KAAKMG,KMGDYL,FDKYFK,AAKMGD,NAPDAD,APDADA,VWETVP,LQSAEG,GGATNS,LLSWYY,SVWETV,GDYLRY,AGGATN,GAIAGG,MFDKYF,MGDYLR,ADARAI,DYLRYA,ESVWET,NTFQRG,DADARA,PDADAR
GH48	2	LACM01000001_17	10.0	29	HYLLSW,YLLSWY,GATNSW,IAGGAT,EGAIAG,INTFQR,AKMGDY,KAAKMG,KMGDYL,FDKYFK,AAKMGD,NAPDAD,APDADA,VWETVP,LQSAEG,GGATNS,LLSWYY,SVWETV,GDYLRY,AGGATN,GAIAGG,MFDKYF,MGDYLR,ADARAI,DYLRYA,ESVWET,NTFQRG,DADARA,PDADAR
GH74	1	LACM01000001_8	13.3	28	WVRIND,TDIGGA,IGGAYR,DIGGAY,ATDPVD,YVGVAD,YGTGAT,FKLGGN,PFKLGG,TGDPRV,YRSTDG,IYVGVA,MGERLA,GGNMPG,DPRVYG,PRVYGR,VGVADK,LPFKLG,RSTDGG,RVYGRV,LGGNMP,KLGGNM,PKLGWM,RTDIGG,GDPRVY,ITGDPR,GNMPGR,LEIDPF
PL3	8	LACM01000001_2	15.2	29	VRQNGG,KNVIIG,LVRQNG,WEDVGE,NQKPIF,DVGEDA,VIIGAP,VGEDAL,EDVGED,NVIIGA,LKNVII,NGGTTF,KPIFKL,GGTTFK,GEDALT,GVHCYG,DGVHCY,GTTFKV,GKLVRQ,KLVRQN,EDALTV,QNGGTT,QKPIFK,PIFKLE,IIGAPG,DALTVK,ENQKPI,IGKLVR,RQNGGT
PL9	1	LACM01000001_3	4.9	10	EDADGF,DADGFA,DDGWDL,DGWDLY,GWDLYT,WDLYTK,GEDADG,GFKLGG,NGFKLG,GNGFKL
PL9	1	LACM01000001_4	4.9	10	EDADGF,DADGFA,DDGWDL,DGWDLY,GWDLYT,WDLYTK,GEDADG,GFKLGG,NGFKLG,GNGFKL
PL9	1	LACM01000001_5	4.9	10	EDADGF,DADGFA,DDGWDL,DGWDLY,GWDLYT,WDLYTK,GEDADG,GFKLGG,NGFKLG,GNGFKL
PL11	1	LACM01000001_1	23.3	45	EYLTVF,KTADGT,GDLDGD,LGRNIR,GDGKAE,VAYLDG,AGAHYT,SVGDLD,WWDGDL,VDRFLA,GNRVDR,FGDWRE,YNQPPH,GAHYTQ,LSGPEY,SGPEYL,AHYTQF,IWWDGD,GDGEYE,LSVADV,PEYLTV,GDWREE,LGHGDA,IRAGAH,NDASVG,NIRAGA,WREEVI,WRIDLG,VGDLDG,DASVGD,DGKDEI,GPEYLT,GHGDAM,DGDGKA,SVADVD,RAGAHY,DLDGDG,DWREEV,YGNRVD,RVDRFL,HGDAMH,NRVDRF,LKWDPS,LWRIDL,AYNQPP
GT39	7	LACM01000001_12	11.1	14	HARTAY,VATHPF,DEIYHA,FDEIYH,VNPFGW,IYHART,ARTAYE,YFDEIY,YHARTA,GVNPFG,EIYHAR,HPPLGK,NPFGWR,LVATHP
CBM3	2	LACM01000001_8	14.3	29	PTPTPT,YLEIGF,TIRYWY,WYTVDG,GADYYL,GVLVWG,ATPTPT,WGQEPS,IRYWYT,YWYTVD,ADYYLE,YTVDGD,QIGASN,TPTPTP,DWSNYN,SGADYY,IGASNV,WAQIGA,LVWGQE,AQIGAS,VWGQEP,VLVWGQ,RYWYTV,VSGADY,TATPTP,VTPTPT,DYYLEI,WSNYNQ,DWAQIG
CBM3	2	LACM01000001_13	14.3	29	PTPTPT,YLEIGF,TIRYWY,WYTVDG,GADYYL,GVLVWG,ATPTPT,WGQEPS,IRYWYT,YWYTVD,ADYYLE,YTVDGD,QIGASN,TPTPTP,DWSNYN,SGADYY,IGASNV,WAQIGA,LVWGQE,AQIGAS,VWGQEP,VLVWGQ,RYWYTV,VSGADY,TATPTP,VTPTPT,DYYLEI,WSNYNQ,DWAQIG
CBM3	2	LACM01000001_14	14.3	29	PTPTPT,YLEIGF,AQIGAS,WYTVDG,GADYYL,GVLVWG,ATPTPT,WGQEPS,IRYWYT,YWYTVD,ADYYLE,YTVDGD,QIGASN,TPTPTP,DWSNYN,SGADYY,IGASNV,WAQIGA,LVWGQE,TIRYWY,VWGQEP,VLVWGQ,RYWYTV,VSGADY,TATPTP,VTPTPT,DYYLEI,WSNYNQ,DWAQIG
CBM3	2	LACM01000001_15	14.3	29	PTPTPT,YLEIGF,TIRYWY,WYTVDG,GADYYL,GVLVWG,ATPTPT,WGQEPS,IRYWYT,YWYTVD,ADYYLE,YTVDGD,QIGASN,TPTPTP,DWSNYN,SGADYY,IGASNV,WAQIGA,LVWGQE,AQIGAS,VWGQEP,VLVWGQ,RYWYTV,VSGADY,TATPTP,VTPTPT,DYYLEI,WSNYNQ,DWAQIG
CBM3	2	LACM01000001_16	14.3	29	PTPTPT,YLEIGF,TIRYWY,WYTVDG,GADYYL,GVLVWG,ATPTPT,WGQEPS,IRYWYT,YWYTVD,ADYYLE,YTVDGD,QIGASN,TPTPTP,DWSNYN,SGADYY,IGASNV,WAQIGA,LVWGQE,AQIGAS,VWGQEP,VLVWGQ,RYWYTV,VSGADY,TATPTP,VTPTPT,DYYLEI,WSNYNQ,DWAQIG
CBM3	2	LACM01000001_17	14.3	29	PTPTPT,YLEIGF,TIRYWY,WYTVDG,GADYYL,GVLVWG,ATPTPT,WGQEPS,IRYWYT,YWYTVD,ADYYLE,YTVDGD,QIGASN,TPTPTP,DWSNYN,SGADYY,IGASNV,WAQIGA,LVWGQE,AQIGAS,VWGQEP,VLVWGQ,RYWYTV,VSGADY,TATPTP,VTPTPT,DYYLEI,WSNYNQ,DWAQIG
CBM3	2	LACM01000001_1	12.4	25	PTPTPT,YLEIGF,TIRYWY,WYTVDG,GADYYL,GVLVWG,ATPTPT,IRYWYT,YWYTVD,ADYYLE,YTVDGD,QIGASN,TPTPTP,DWSNYN,SGADYY,IGASNV,WAQIGA,AQIGAS,VLVWGQ,RYWYTV,VSGADY,TATPTP,DYYLEI,WSNYNQ,DWAQIG
CBM22	1	LACM01000001_15	7.67	22	DVVNEA,VYAWDV,NSITAE,IRGHTL,HTLVWH,LVWHNQ,HFNSIT,VWHNQT,VVNEAI,TLVWHN,YAWDVV,FNSITA,AWDVVN,VNEAID,NEMKPE,ENEMKP,RGHTLV,GHTLVW,WDVVNE,KHFNSI,SITAEN,AENEMK
CBM22	1	LACM01000001_14	6.15	15	DVVNEA,VYAWDV,LVWHQQ,IRGHTL,VVNEAI,AWDVVN,VNEAID,YAWDVV,ENEMKP,HTLVWH,RGHTLV,GHTLVW,KHFNSI,WDVVNE,HFNSIT
CBM66	3	LACM01000001_2	4.66	15	RAYTGS,SKVLKQ,EARAYT,DGSKVL,SEARAY,YTGSSD,GSEARA,KDSSSG,VEAKVK,VIVRYK,TSNGSW,SSGAGV,GSKVLK,VDGSKV,VKDSSS
CBM66	3	LACM01000001_3	4.66	15	RAYTGS,SKVLKQ,EARAYT,DGSKVL,SEARAY,YTGSSD,GSEARA,KDSSSG,VEAKVK,VIVRYK,TSNGSW,SSGAGV,GSKVLK,VDGSKV,VKDSSS
CBM66	3	LACM01000001_4	4.66	15	RAYTGS,SKVLKQ,EARAYT,DGSKVL,SEARAY,YTGSSD,GSEARA,KDSSSG,VEAKVK,VIVRYK,TSNGSW,SSGAGV,GSKVLK,VDGSKV,VKDSSS
CBM66	3	LACM01000001_5	4.66	15	RAYTGS,SKVLKQ,EARAYT,DGSKVL,SEARAY,YTGSSD,GSEARA,KDSSSG,VEAKVK,VIVRYK,TSNGSW,SSGAGV,GSKVLK,VDGSKV,VKDSSS
