1	TC	2	null	CGC1	ABJL02000008	4858	7998	BACINT_04194	+	DB=gnl|TC-DB|Q45780|1.B.14.6.1;ID=BACINT_04194	DB=gnl|TC-DB|Q45780|1.B.14.6.1;ID=BACINT_04194
2	null	null	null	CGC1	ABJL02000008	8018	9757	BACINT_04194	+	ID=BACINT_04195;Parent=BACINT_04195;Dbxref=InterPro:IPR012944;Name=BACINT_04195;Note=COG: NOG31573 non supervised orthologous group;codon_start=1;inference=protein motif:HMMPfam:IPR012944,similar to AA sequence:REFSEQ:YP_001196194.1;product=SusD family protein;protein_id=EDV05052.1;transl_table=11;translation=length.579
3	null	null	null	CGC1	ABJL02000008	9806	11173	BACINT_04194	+	ID=BACINT_04196;Parent=BACINT_04196;Dbxref=InterPro:IPR014756;Name=BACINT_04196;codon_start=1;inference=protein motif:superfamily:IPR014756;product=hypothetical protein;protein_id=EDV05053.1;transl_table=11;translation=length.455
4	CAZyme	1	2	CGC1	ABJL02000008	11220	13568	BACINT_04197	+	DB=GH10;ID=BACINT_04197	DB=GH10;ID=BACINT_04197
5	null	null	null	CGC1	ABJL02000008	13623	13745	BACINT_04197	-	ID=BACINT_04198;Parent=BACINT_04198;Name=BACINT_04198;codon_start=1;product=hypothetical protein;protein_id=EDV05055.1;transl_table=11;translation=length.40
6	CAZyme	0	1	CGC1	ABJL02000008	13788	15536	BACINT_04199	+	DB=GH35;ID=BACINT_04199	DB=GH35;ID=BACINT_04199
7	CAZyme	0	0	CGC1	ABJL02000008	15574	17244	BACINT_04200	+	DB=CE20|CE20;ID=BACINT_04200	DB=CE20|CE20;ID=BACINT_04200
8	TC	0	0	CGC1	ABJL02000008	17318	18814	BACINT_04201	+	DB=gnl|TC-DB|P31435|2.A.2.3.4;ID=BACINT_04201	DB=gnl|TC-DB|P31435|2.A.2.3.4;ID=BACINT_04201
9	CAZyme	0	0	CGC1	ABJL02000008	18830	21562	BACINT_04202	+	DB=GH10|GH43_12|CBM91;ID=BACINT_04202	DB=GH10|GH43_12|CBM91;ID=BACINT_04202
10	CAZyme	1	0	CGC1	ABJL02000008	21582	22559	BACINT_04203	+	DB=GH43_1;ID=BACINT_04203	DB=GH43_1;ID=BACINT_04203
11	null	null	null	CGC1	ABJL02000008	22577	23557	BACINT_04203	+	ID=BACINT_04204;Parent=BACINT_04204;Dbxref=InterPro:IPR000683,InterPro:IPR004104;Name=BACINT_04204;Note=KEGG: lsa:LSA1559 5.9e-40 putative oxidoreductase%3B COG: COG0673 Predicted dehydrogenases and related proteins;codon_start=1;inference=protein motif:HMMPfam:IPR000683,protein motif:HMMPfam:IPR004104,similar to AA sequence:REFSEQ:YP_001558220.1;product=oxidoreductase%2C NAD-binding domain protein;protein_id=EDV05061.1;transl_table=11;translation=length.326
12	CAZyme	4	1	CGC1	ABJL02000008	23579	25609	BACINT_04205	+	DB=GH67;ID=BACINT_04205	DB=GH67;ID=BACINT_04205
13	null	null	null	CGC1	ABJL02000008	25624	25851	BACINT_04205	-	ID=BACINT_04207;Parent=BACINT_04207;Name=BACINT_04207;codon_start=1;product=hypothetical protein;protein_id=EDV05064.1;transl_table=11;translation=length.75
14	null	null	null	CGC1	ABJL02000008	25850	26908	BACINT_04205	+	ID=BACINT_04206;Parent=BACINT_04206;Dbxref=InterPro:IPR005077;Name=BACINT_04206;Note=COG: NOG17651 non supervised orthologous group;codon_start=1;inference=protein motif:HMMPfam:IPR005077;product=hypothetical protein;protein_id=EDV05063.1;transl_table=11;translation=length.352
15	TF	1	2	CGC1	ABJL02000008	27236	31231	BACINT_04208	+	DB=DBD-Pfam|HTH_AraC,DBD-Pfam|HTH_AraC,DBD-SUPERFAMILY|0036286,DBD-SUPERFAMILY|0035607;ID=BACINT_04208	DB=DBD-Pfam|HTH_AraC,DBD-Pfam|HTH_AraC,DBD-SUPERFAMILY|0036286,DBD-SUPERFAMILY|0035607;ID=BACINT_04208
16	null	null	null	CGC1	ABJL02000008	31313	32974	BACINT_04208	-	ID=BACINT_04209;Parent=BACINT_04209;Dbxref=InterPro:IPR002559;Name=BACINT_04209;Note=COG: COG3666 Transposase and inactivated derivatives%3B Psort location: Cytoplasmic%2C score: 8.96;codon_start=1;inference=protein motif:HMMPfam:IPR002559,similar to AA sequence:REFSEQ:NP_810893.1;product=putative transposase%2C IS4 family;protein_id=EDV05066.1;transl_table=11;translation=length.553
17	CAZyme	0	4	CGC1	ABJL02000008	33147	34403	BACINT_04210	-	DB=GH8;ID=BACINT_04210	DB=GH8;ID=BACINT_04210
18	CAZyme	0	0	CGC1	ABJL02000008	34442	37627	BACINT_04211	-	DB=CE6|GH95;ID=BACINT_04211	DB=CE6|GH95;ID=BACINT_04211
19	CAZyme	0	0	CGC1	ABJL02000008	37692	38576	BACINT_04212	-	DB=CE1;ID=BACINT_04212	DB=CE1;ID=BACINT_04212
20	CAZyme	1	0	CGC1	ABJL02000008	38795	40777	BACINT_04213	-	DB=GH5_21;ID=BACINT_04213	DB=GH5_21;ID=BACINT_04213
21	null	null	null	CGC1	ABJL02000008	41092	41832	BACINT_04213	-	ID=BACINT_04214;Parent=BACINT_04214;Name=BACINT_04214;Note=Psort location: OuterMembrane%2C score: 9.52;codon_start=1;product=hypothetical protein;protein_id=EDV05071.1;transl_table=11;translation=length.246
22	CAZyme	4	1	CGC1	ABJL02000008	41910	44150	BACINT_04215	-	DB=GH10;ID=BACINT_04215	DB=GH10;ID=BACINT_04215
23	null	null	null	CGC1	ABJL02000008	44184	45218	BACINT_04215	-	ID=BACINT_04216;Parent=BACINT_04216;Name=BACINT_04216;codon_start=1;product=hypothetical protein;protein_id=EDV05073.1;transl_table=11;translation=length.344
24	null	null	null	CGC1	ABJL02000008	45252	47057	BACINT_04215	-	ID=BACINT_04217;Parent=BACINT_04217;Dbxref=InterPro:IPR012944;Name=BACINT_04217;codon_start=1;inference=protein motif:HMMPfam:IPR012944,similar to AA sequence:REFSEQ:NP_813000.1;product=SusD family protein;protein_id=EDV05074.1;transl_table=11;translation=length.601
25	null	null	null	CGC1	ABJL02000008	47102	49930	BACINT_04215	-	ID=BACINT_04218;Parent=BACINT_04218;Dbxref=InterPro:IPR000531,InterPro:IPR012910;Name=BACINT_04218;Note=Psort location: OuterMembrane%2C score: 9.52;codon_start=1;inference=protein motif:Gene3D:IPR012910,protein motif:HMMPfam:IPR000531,similar to AA sequence:REFSEQ:NP_809277.1;product=TonB-linked outer membrane protein%2C SusC/RagA family;protein_id=EDV05075.1;transl_table=11;translation=length.942
26	null	null	null	CGC1	ABJL02000008	49960	51822	BACINT_04215	-	ID=BACINT_04219;Parent=BACINT_04219;Dbxref=InterPro:IPR012944;Name=BACINT_04219;codon_start=1;inference=protein motif:HMMPfam:IPR012944;product=SusD family protein;protein_id=EDV05076.1;transl_table=11;translation=length.620
27	TC	1	4	CGC1	ABJL02000008	51835	54978	BACINT_04220	-	DB=gnl|TC-DB|Q45780|1.B.14.6.1;ID=BACINT_04220	DB=gnl|TC-DB|Q45780|1.B.14.6.1;ID=BACINT_04220
28	null	null	null	CGC1	ABJL02000008	55797	55955	BACINT_04220	+	ID=BACINT_04221;Parent=BACINT_04221;Name=BACINT_04221;codon_start=1;product=hypothetical protein;protein_id=EDV05078.1;transl_table=11;translation=length.52
29	CAZyme	0	1	CGC1	ABJL02000008	55992	57917	BACINT_04222	-	DB=CE20|CE20;ID=BACINT_04222	DB=CE20|CE20;ID=BACINT_04222
30	CAZyme	null	0	CGC1	ABJL02000008	57940	60486	BACINT_04223	-	DB=GH115;ID=BACINT_04223	DB=GH115;ID=BACINT_04223
+++++
