0	CAZyme	0	null	CGC1	AE015928	1	1545	BT_0348	-	DB=GH51_1;ID=BT_0348	DB=GH51_1;ID=BT_0348
1	CAZyme	5	0	CGC1	AE015928	1615	4023	BT_0349	-	DB=GH146;ID=BT_0349	DB=GH146;ID=BT_0349
2	null	null	null	CGC1	AE015928	4128	5723	BT_0349	-	ID=BT_0350;Parent=BT_0350;Name=BT_0350;codon_start=1;old_locus_tag=BT0350;product=xylulose kinase (xylulokinase);protein_id=AAO75457.1;transl_table=11;translation=length.531
3	null	null	null	CGC1	AE015928	5913	7442	BT_0349	-	ID=BT_0351;Parent=BT_0351;Name=BT_0351;codon_start=1;old_locus_tag=BT0351;product=L-arabinose isomerase;protein_id=AAO75458.1;transl_table=11;translation=length.509
4	null	null	null	CGC1	AE015928	7523	7885	BT_0349	-	ID=BT_0352;Parent=BT_0352;Name=BT_0352;Note=DEATH-like;codon_start=1;old_locus_tag=BT0352;product=conserved hypothetical protein;protein_id=AAO75459.1;transl_table=11;translation=length.120
5	null	null	null	CGC1	AE015928	7922	8605	BT_0349	-	ID=BT_0353;Parent=BT_0353;Name=BT_0353;codon_start=1;old_locus_tag=BT0353;product=putative sugar epimerase/aldolase;protein_id=AAO75460.1;transl_table=11;translation=length.227
6	STP	0	4	CGC1	AE015928	8611	9288	BT_0354	-	DB=STP|NUDIX;ID=BT_0354	DB=STP|NUDIX;ID=BT_0354
7	TC	4	5	CGC1	AE015928	9310	11004	BT_0355	-	DB=gnl|TC-DB|Q8AAV7|2.A.21.3.19;ID=BT_0355	DB=gnl|TC-DB|Q8AAV7|2.A.21.3.19;ID=BT_0355
8	null	null	null	CGC1	AE015928	11030	12169	BT_0355	-	ID=BT_0356;Parent=BT_0356;Name=BT_0356;codon_start=1;old_locus_tag=BT0356;product=aldose 1-epimerase precursor;protein_id=AAO75463.1;transl_table=11;translation=length.379
9	null	null	null	CGC1	AE015928	12505	12753	BT_0355	+	ID=BT_0357;Parent=BT_0357;Name=BT_0357;codon_start=1;old_locus_tag=BT0357;product=hypothetical protein;protein_id=AAO75464.1;transl_table=11;translation=length.82
10	null	null	null	CGC1	AE015928	12774	13667	BT_0355	-	ID=BT_0358;Parent=BT_0358;Name=BT_0358;codon_start=1;old_locus_tag=BT0358;product=transposase;protein_id=AAO75465.1;transl_table=11;translation=length.297
11	null	null	null	CGC1	AE015928	13700	14047	BT_0355	-	ID=BT_0359;Parent=BT_0359;Name=BT_0359;codon_start=1;old_locus_tag=BT0359;product=hypothetical protein;protein_id=AAO75466.1;transl_table=11;translation=length.115
12	CAZyme	1	4	CGC1	AE015928	14291	16216	BT_0360	-	DB=GH43_4;ID=BT_0360	DB=GH43_4;ID=BT_0360
13	null	null	null	CGC1	AE015928	16251	18056	BT_0360	-	ID=BT_0361;Parent=BT_0361;Name=BT_0361;codon_start=1;old_locus_tag=BT0361;product=SusD homolog;protein_id=AAO75468.1;transl_table=11;translation=length.601
14	TC	1	1	CGC1	AE015928	18082	21231	BT_0362	-	DB=gnl|TC-DB|Q45780|1.B.14.6.1;ID=BT_0362	DB=gnl|TC-DB|Q45780|1.B.14.6.1;ID=BT_0362
15	null	null	null	CGC1	AE015928	21236	23011	BT_0362	-	ID=BT_0363;Parent=BT_0363;Name=BT_0363;codon_start=1;old_locus_tag=BT0363;product=SusD homolog;protein_id=AAO75470.1;transl_table=11;translation=length.591
16	TC	2	1	CGC1	AE015928	23024	26107	BT_0364	-	DB=gnl|TC-DB|Q45780|1.B.14.6.1;ID=BT_0364	DB=gnl|TC-DB|Q45780|1.B.14.6.1;ID=BT_0364
17	null	null	null	CGC1	AE015928	26127	28406	BT_0364	-	ID=BT_0365;Parent=BT_0365;Name=BT_0365;codon_start=1;old_locus_tag=BT0365;product=Concanavalin A-like lectin/glucanase;protein_id=AAO75472.1;transl_table=11;translation=length.759
18	TF	0	1	CGC1	AE015928	28666	32928	BT_0366	-	DB=DBD-Pfam|HTH_AraC,DBD-Pfam|HTH_AraC,DBD-SUPERFAMILY|0035607;ID=BT_0366	DB=DBD-Pfam|HTH_AraC,DBD-Pfam|HTH_AraC,DBD-SUPERFAMILY|0035607;ID=BT_0366
19	CAZyme	0	2	CGC1	AE015928	33084	34625	BT_0367	+	DB=GH43_4;ID=BT_0367	DB=GH43_4;ID=BT_0367
20	CAZyme	0	0	CGC1	AE015928	34651	36633	BT_0368	+	DB=GH51_2;ID=BT_0368	DB=GH51_2;ID=BT_0368
21	CAZyme	null	0	CGC1	AE015928	36635	37600	BT_0369	+	DB=GH43_29;ID=BT_0369	DB=GH43_29;ID=BT_0369
+++++
