3	TC	5	null	CGC1	LR131282.1	2978	3880	VDS02587.1	-	DB=gnl|TC-DB|Q8L725|2.A.4.7.2;ID=VDS02587.1	DB=gnl|TC-DB|Q8L725|2.A.4.7.2;ID=VDS02587.1
4	null	null	null	CGC1	LR131282.1	4029	6179	VDS02587.1	+	ID=VDS02588.1;protein_id=VDS02588.1;product=3'-to-5' exoribonuclease RNase R
5	null	null	null	CGC1	LR131282.1	6259	6390	VDS02587.1	-	ID=VDS02589.1;protein_id=VDS02589.1;product=hypothetical protein
6	null	null	null	CGC1	LR131282.1	6479	7384	VDS02587.1	+	ID=VDS02590.1;protein_id=VDS02590.1;product=Serine acetyltransferase
7	null	null	null	CGC1	LR131282.1	7605	8750	VDS02587.1	-	ID=VDS02591.1;protein_id=VDS02591.1;product=Lactaldehyde reductase
8	null	null	null	CGC1	LR131282.1	8792	9601	VDS02587.1	-	ID=VDS02592.1;protein_id=VDS02592.1;product=Rhamnulose-1-phosphate aldolase
9	TC	4	5	CGC1	LR131282.1	9628	10638	VDS02593.1	-	DB=gnl|TC-DB|P27125|2.A.7.6.1;ID=VDS02593.1	DB=gnl|TC-DB|P27125|2.A.7.6.1;ID=VDS02593.1
10	null	null	null	CGC1	LR131282.1	10704	11957	VDS02593.1	-	ID=VDS02594.1;protein_id=VDS02594.1;product=L-rhamnose isomerase
11	null	null	null	CGC1	LR131282.1	11964	13442	VDS02593.1	-	ID=VDS02595.1;protein_id=VDS02595.1;product=Rhamnulokinase
12	null	null	null	CGC1	LR131282.1	13469	13630	VDS02593.1	+	ID=VDS02596.1;protein_id=VDS02596.1;product=hypothetical protein
13	TF	0	3	CGC1	LR131282.1	13605	14498	VDS02597.1	+	DB=DBD-Pfam|HTH_AraC,DBD-Pfam|HTH_AraC,DBD-SUPERFAMILY|0036286,DBD-SUPERFAMILY|0035607;ID=VDS02597.1	DB=DBD-Pfam|HTH_AraC,DBD-Pfam|HTH_AraC,DBD-SUPERFAMILY|0036286,DBD-SUPERFAMILY|0035607;ID=VDS02597.1
14	CAZyme	1	4	CGC1	LR131282.1	14579	17995	VDS02598.1	-	DB=CBM67|GH78;ID=VDS02598.1	DB=CBM67|GH78;ID=VDS02598.1
15	null	null	null	CGC1	LR131282.1	18530	18850	VDS02598.1	+	ID=VDS02599.1;protein_id=VDS02599.1;product=FIG00405022: hypothetical protein
16	TC	9	1	CGC1	LR131282.1	18876	19745	VDS02600.1	+	DB=gnl|TC-DB|L1NER1|9.B.2.1.5;ID=VDS02600.1	DB=gnl|TC-DB|L1NER1|9.B.2.1.5;ID=VDS02600.1
17	null	null	null	CGC1	LR131282.1	19774	20346	VDS02600.1	+	ID=VDS02601.1;protein_id=VDS02601.1;product=FIG00403233: hypothetical protein
18	null	null	null	CGC1	LR131282.1	20396	21010	VDS02600.1	+	ID=VDS02602.1;protein_id=VDS02602.1;product=FIG00403233: hypothetical protein
19	null	null	null	CGC1	LR131282.1	21022	21474	VDS02600.1	+	ID=VDS02603.1;protein_id=VDS02603.1;product=hypothetical protein
20	null	null	null	CGC1	LR131282.1	21489	21731	VDS02600.1	+	ID=VDS02604.1;protein_id=VDS02604.1;product=hypothetical protein
21	TF	4	4	CGC1	LR131282.1	21738	21947	VDS02605.1	+	DB=DBD-Pfam|HTH_3,DBD-SUPERFAMILY|0043143;ID=VDS02605.1	DB=DBD-Pfam|HTH_3,DBD-SUPERFAMILY|0043143;ID=VDS02605.1
22	TF	3	5	CGC1	LR131282.1	22010	23218	VDS02606.1	-	DB=DBD-Pfam|MarR,DBD-SUPERFAMILY|0043935;ID=VDS02606.1	DB=DBD-Pfam|MarR,DBD-SUPERFAMILY|0043935;ID=VDS02606.1
23	null	null	null	CGC1	LR131282.1	23572	24600	VDS02606.1	+	ID=VDS02607.1;protein_id=VDS02607.1;product=Sialic acid-induced transmembrane protein YjhT(NanM), possible mutarotase
24	null	null	null	CGC1	LR131282.1	24692	25609	VDS02606.1	+	ID=VDS02608.1;protein_id=VDS02608.1;product=N-acetylneuraminate lyase
25	null	null	null	CGC1	LR131282.1	25620	26804	VDS02606.1	+	ID=VDS02609.1;protein_id=VDS02609.1;product=N-acylglucosamine 2-epimerase
26	TC	1	9	CGC1	LR131282.1	26894	28081	VDS02610.1	+	DB=gnl|TC-DB|O06742|2.A.1.32.1;ID=VDS02610.1	DB=gnl|TC-DB|O06742|2.A.1.32.1;ID=VDS02610.1
27	null	null	null	CGC1	LR131282.1	28164	28547	VDS02610.1	+	ID=VDS02611.1;protein_id=VDS02611.1;product=Protein yjgK
28	CAZyme	null	1	CGC1	LR131282.1	28563	30185	VDS02612.1	+	DB=CBM93|GH33;ID=VDS02612.1	DB=CBM93|GH33;ID=VDS02612.1
+++++
