0	TC	0	null	CGC1	LR131286.1	30	1853	VDS02706.1	+	DB=gnl|TC-DB|Q45780|1.B.14.6.1;ID=VDS02706.1	DB=gnl|TC-DB|Q45780|1.B.14.6.1;ID=VDS02706.1
1	TC	0	0	CGC1	LR131286.1	1884	3398	VDS02707.1	+	DB=gnl|TC-DB|Q5LEN2|8.A.46.1.4;ID=VDS02707.1	DB=gnl|TC-DB|Q5LEN2|8.A.46.1.4;ID=VDS02707.1
2	CAZyme	0	0	CGC1	LR131286.1	3526	5166	VDS02708.1	+	DB=CBM93|GH33;ID=VDS02708.1	DB=CBM93|GH33;ID=VDS02708.1
3	CAZyme	0	0	CGC1	LR131286.1	5215	7176	VDS02709.1	+	DB=GH20;ID=VDS02709.1	DB=GH20;ID=VDS02709.1
4	CAZyme	0	0	CGC1	LR131286.1	7178	7843	VDS02710.1	+	DB=CE3;ID=VDS02710.1	DB=CE3;ID=VDS02710.1
5	CAZyme	0	0	CGC1	LR131286.1	7840	9909	VDS02711.1	+	DB=CE3|CE20;ID=VDS02711.1	DB=CE3|CE20;ID=VDS02711.1
6	CAZyme	0	0	CGC1	LR131286.1	9977	12562	VDS02712.1	+	DB=GH2;ID=VDS02712.1	DB=GH2;ID=VDS02712.1
7	CAZyme	1	0	CGC1	LR131286.1	12590	14902	VDS02713.1	+	DB=GH20;ID=VDS02713.1	DB=GH20;ID=VDS02713.1
8	null	null	null	CGC1	LR131286.1	15033	16058	VDS02713.1	+	ID=VDS02714.1;protein_id=VDS02714.1;product=Sialic acid-induced transmembrane protein YjhT(NanM), possible mutarotase
9	CAZyme	0	1	CGC1	LR131286.1	16055	18115	VDS02715.1	+	DB=GH20;ID=VDS02715.1	DB=GH20;ID=VDS02715.1
10	CAZyme	0	0	CGC1	LR131286.1	18122	20374	VDS02716.1	+	DB=GH92;ID=VDS02716.1	DB=GH92;ID=VDS02716.1
11	CAZyme	0	0	CGC1	LR131286.1	20383	22887	VDS02717.1	+	DB=GH2;ID=VDS02717.1	DB=GH2;ID=VDS02717.1
12	CAZyme	0	0	CGC1	LR131286.1	23135	24229	VDS02718.1	+	DB=CE9;ID=VDS02718.1	DB=CE9;ID=VDS02718.1
13	TC	5	0	CGC1	LR131286.1	24453	25106	VDS02719.1	-	DB=gnl|TC-DB|B0K2P2|3.A.1.128.2;ID=VDS02719.1	DB=gnl|TC-DB|B0K2P2|3.A.1.128.2;ID=VDS02719.1
14	null	null	null	CGC1	LR131286.1	25411	25533	VDS02719.1	-	ID=VDS02720.1;protein_id=VDS02720.1;product=hypothetical protein
15	null	null	null	CGC1	LR131286.1	25671	26342	VDS02719.1	-	ID=VDS02721.1;protein_id=VDS02721.1;product=FIG00405723: hypothetical protein
16	TF	2	2	CGC1	LR131286.1	26734	27579	VDS02722.1	+	DB=DBD-Pfam|HTH_AraC,DBD-Pfam|HTH_AraC,DBD-SUPERFAMILY|0035607,DBD-SUPERFAMILY|0035607;ID=VDS02722.1	DB=DBD-Pfam|HTH_AraC,DBD-Pfam|HTH_AraC,DBD-SUPERFAMILY|0035607,DBD-SUPERFAMILY|0035607;ID=VDS02722.1
17	null	null	null	CGC1	LR131286.1	27809	28384	VDS02722.1	+	ID=VDS02723.1;protein_id=VDS02723.1;product=Galactoside O-acetyltransferase
18	null	null	null	CGC1	LR131286.1	28741	29355	VDS02722.1	+	ID=VDS02724.1;protein_id=VDS02724.1;product=FIG00405167: hypothetical protein
19	CAZyme	0	5	CGC1	LR131286.1	29406	30887	VDS02725.1	+	DB=GH29;ID=VDS02725.1	DB=GH29;ID=VDS02725.1
20	CAZyme	null	0	CGC1	LR131286.1	30978	32897	VDS02726.1	-	DB=GH97;ID=VDS02726.1	DB=GH97;ID=VDS02726.1
+++++
