0	TC	0	null	CGC1	LR131286	30	1853	VDS02706.1	+	DB=gnl|TC-DB|Q45780|1.B.14.6.1;ID=VDS02706.1	DB=gnl|TC-DB|Q45780|1.B.14.6.1;ID=VDS02706.1
1	TC	0	0	CGC1	LR131286	1884	3398	VDS02707.1	+	DB=gnl|TC-DB|Q5LEN2|8.A.46.1.4;ID=VDS02707.1	DB=gnl|TC-DB|Q5LEN2|8.A.46.1.4;ID=VDS02707.1
2	CAZyme	0	0	CGC1	LR131286	3526	5166	VDS02708.1	+	DB=GH33;ID=VDS02708.1	DB=GH33;ID=VDS02708.1
3	CAZyme	0	0	CGC1	LR131286	5215	7176	VDS02709.1	+	DB=GH20;ID=VDS02709.1	DB=GH20;ID=VDS02709.1
4	CAZyme	0	0	CGC1	LR131286	12590	14902	VDS02713.1	+	DB=GH20;ID=VDS02713.1	DB=GH20;ID=VDS02713.1
5	CAZyme	2	0	CGC1	LR131286	16055	18115	VDS02715.1	+	DB=GH20;ID=VDS02715.1	DB=GH20;ID=VDS02715.1
6	null	null	null	CGC1	LR131286	7178	7843	VDS02710.1	+	;ID=VDS02710.1
7	null	null	null	CGC1	LR131286	7840	9909	VDS02711.1	+	;ID=VDS02711.1
8	CAZyme	1	2	CGC1	LR131286	9977	12562	VDS02712.1	+	DB=GH2;ID=VDS02712.1	DB=GH2;ID=VDS02712.1
9	null	null	null	CGC1	LR131286	15033	16058	VDS02714.1	+	;ID=VDS02714.1
10	CAZyme	0	1	CGC1	LR131286	18122	20374	VDS02716.1	+	DB=GH92;ID=VDS02716.1	DB=GH92;ID=VDS02716.1
11	CAZyme	0	0	CGC1	LR131286	20383	22887	VDS02717.1	+	DB=GH2;ID=VDS02717.1	DB=GH2;ID=VDS02717.1
12	CAZyme	0	0	CGC1	LR131286	23135	24229	VDS02718.1	+	DB=CE9;ID=VDS02718.1	DB=CE9;ID=VDS02718.1
13	TC	5	0	CGC1	LR131286	24453	25106	VDS02719.1	-	DB=gnl|TC-DB|Q18BL2|3.A.1.124.6;ID=VDS02719.1	DB=gnl|TC-DB|Q18BL2|3.A.1.124.6;ID=VDS02719.1
14	null	null	null	CGC1	LR131286	25411	25533	VDS02720.1	-	;ID=VDS02720.1
15	null	null	null	CGC1	LR131286	25671	26342	VDS02721.1	-	;ID=VDS02721.1
16	TF	2	2	CGC1	LR131286	26734	27579	VDS02722.1	+	DB=DBD-Pfam|HTH_AraC,DBD-Pfam|HTH_AraC,DBD-SUPERFAMILY|0035607,DBD-SUPERFAMILY|0035607;ID=VDS02722.1	DB=DBD-Pfam|HTH_AraC,DBD-Pfam|HTH_AraC,DBD-SUPERFAMILY|0035607,DBD-SUPERFAMILY|0035607;ID=VDS02722.1
17	null	null	null	CGC1	LR131286	27809	28384	VDS02723.1	+	;ID=VDS02723.1
18	null	null	null	CGC1	LR131286	28741	29355	VDS02724.1	+	;ID=VDS02724.1
19	CAZyme	0	5	CGC1	LR131286	29406	30887	VDS02725.1	+	DB=GH29;ID=VDS02725.1	DB=GH29;ID=VDS02725.1
20	CAZyme	null	0	CGC1	LR131286	30978	32897	VDS02726.1	-	DB=GH97;ID=VDS02726.1	DB=GH97;ID=VDS02726.1
+++++
