5	TC	0	null	CGC1	LT674127.1	4396	5832	SIP56372.1	-	DB=gnl|TC-DB|O07553|2.A.35.1.6;ID=SIP56372.1	DB=gnl|TC-DB|O07553|2.A.35.1.6;ID=SIP56372.1
6	TC	7	0	CGC1	LT674127.1	6001	7176	SIP56373.1	-	DB=gnl|TC-DB|P76628|2.A.1.36.3;ID=SIP56373.1	DB=gnl|TC-DB|P76628|2.A.1.36.3;ID=SIP56373.1
7	TF	6	0	CGC1	LT674127.1	7584	9284	SIP56374.1	+	DB=DBD-Pfam|HTH_AraC,DBD-Pfam|HTH_AraC,DBD-SUPERFAMILY|0036286,DBD-SUPERFAMILY|0035607;ID=SIP56374.1	DB=DBD-Pfam|HTH_AraC,DBD-Pfam|HTH_AraC,DBD-SUPERFAMILY|0036286,DBD-SUPERFAMILY|0035607;ID=SIP56374.1
8	null	null	null	CGC1	LT674127.1	9449	10843	SIP56374.1	-	ID=SIP56375.1;protein_id=SIP56375.1;product=tRNA modification GTPase MnmE
9	null	null	null	CGC1	LT674127.1	11123	12001	SIP56374.1	-	ID=SIP56376.1;protein_id=SIP56376.1;product=Purine nucleoside phosphorylase DeoD-type
10	null	null	null	CGC1	LT674127.1	12096	13097	SIP56374.1	-	ID=SIP56377.1;protein_id=SIP56377.1;product=SigmaW regulon antibacterial
11	null	null	null	CGC1	LT674127.1	13149	13619	SIP56374.1	-	ID=SIP56378.1;protein_id=SIP56378.1;product=hypothetical protein
12	STP	1	5	CGC1	LT674127.1	13628	15058	SIP56379.1	-	DB=STP|TPR_2;ID=SIP56379.1	DB=STP|TPR_2;ID=SIP56379.1
13	null	null	null	CGC1	LT674127.1	15225	15974	SIP56379.1	+	ID=SIP56380.1;protein_id=SIP56380.1;product=tRNA 2-thiocytidine biosynthesis protein TtcA
14	TC	1	7	CGC1	LT674127.1	15996	16364	SIP56381.1	+	DB=gnl|TC-DB|Q64X46|2.A.7.34.3;ID=SIP56381.1	DB=gnl|TC-DB|Q64X46|2.A.7.34.3;ID=SIP56381.1
15	null	null	null	CGC1	LT674127.1	16386	17402	SIP56381.1	-	ID=SIP56382.1;protein_id=SIP56382.1;product=Thiamine biosynthesis lipoprotein ApbE precursor
16	TC	2	1	CGC1	LT674127.1	17429	18007	SIP56383.1	-	DB=gnl|TC-DB|O27840|2.A.107.1.2;ID=SIP56383.1	DB=gnl|TC-DB|O27840|2.A.107.1.2;ID=SIP56383.1
17	null	null	null	CGC1	LT674127.1	18015	18797	SIP56383.1	-	ID=SIP56384.1;protein_id=SIP56384.1;product=hypothetical protein
18	null	null	null	CGC1	LT674127.1	18751	19236	SIP56383.1	-	ID=SIP56385.1;protein_id=SIP56385.1;product=hypothetical protein
19	CAZyme	2	2	CGC1	LT674127.1	19239	20192	SIP56386.1	-	DB=GT2;ID=SIP56386.1	DB=GT2;ID=SIP56386.1
20	null	null	null	CGC1	LT674127.1	20248	20793	SIP56386.1	-	ID=SIP56387.1;protein_id=SIP56387.1;product=hypothetical protein
21	TF	0	1	CGC1	LT674127.1	21490	24441	SIP56388.1	+	DB=DBD-Pfam|GerE;ID=SIP56388.1	DB=DBD-Pfam|GerE;ID=SIP56388.1
22	TC	2	2	CGC1	LT674127.1	24732	27884	SIP56389.1	+	DB=gnl|TC-DB|Q45780|1.B.14.6.1;ID=SIP56389.1	DB=gnl|TC-DB|Q45780|1.B.14.6.1;ID=SIP56389.1
23	null	null	null	CGC1	LT674127.1	27903	29498	SIP56389.1	+	ID=SIP56390.1;protein_id=SIP56390.1;product=SusD family protein
24	null	null	null	CGC1	LT674127.1	29572	29781	SIP56389.1	+	ID=SIP56391.1;protein_id=SIP56391.1;product=hypothetical protein
25	CAZyme	0	2	CGC1	LT674127.1	29867	30811	SIP56392.1	+	DB=GH16_3;ID=SIP56392.1	DB=GH16_3;ID=SIP56392.1
26	CAZyme	0	0	CGC1	LT674127.1	30901	32193	SIP56393.1	+	DB=GH158;ID=SIP56393.1	DB=GH158;ID=SIP56393.1
27	CAZyme	null	0	CGC1	LT674127.1	32205	34448	SIP56394.1	+	DB=GH3;ID=SIP56394.1	DB=GH3;ID=SIP56394.1
+++++
