3	TC	4	null	CGC1	LT674127	15996	16364	SIP56381.1	+	DB=gnl|TC-DB|Q64X46|2.A.7.34.3;ID=SIP56381.1	DB=gnl|TC-DB|Q64X46|2.A.7.34.3;ID=SIP56381.1
4	null	null	null	CGC1	LT674127	18015	18797	SIP56384.1	-	;ID=SIP56384.1
5	null	null	null	CGC1	LT674127	18751	19236	SIP56385.1	-	;ID=SIP56385.1
6	null	null	null	CGC1	LT674127	20248	20793	SIP56387.1	-	;ID=SIP56387.1
7	null	null	null	CGC1	LT674127	29572	29781	SIP56391.1	+	;ID=SIP56391.1
8	CAZyme	3	4	CGC1	LT674127	30901	32193	SIP56393.1	+	DB=GH158;ID=SIP56393.1	DB=GH158;ID=SIP56393.1
9	STP	2	0	CGC1	LT674127	622	1908	SIP56368.1	+	DB=STP|Aminotran_1_2;ID=SIP56368.1	DB=STP|Aminotran_1_2;ID=SIP56368.1
10	null	null	null	CGC1	LT674127	1931	2995	SIP56369.1	+	;ID=SIP56369.1
11	TF	0	2	CGC1	LT674127	2986	3648	SIP56370.1	-	DB=DBD-Pfam|GerE;ID=SIP56370.1	DB=DBD-Pfam|GerE;ID=SIP56370.1
12	TC	0	3	CGC1	LT674127	4396	5832	SIP56372.1	-	DB=gnl|TC-DB|O07553|2.A.35.1.6;ID=SIP56372.1	DB=gnl|TC-DB|O07553|2.A.35.1.6;ID=SIP56372.1
13	TC	7	0	CGC1	LT674127	6001	7176	SIP56373.1	-	DB=gnl|TC-DB|P76628|2.A.1.36.3;ID=SIP56373.1	DB=gnl|TC-DB|P76628|2.A.1.36.3;ID=SIP56373.1
14	TF	6	0	CGC1	LT674127	7584	9284	SIP56374.1	+	DB=DBD-Pfam|HTH_AraC,DBD-Pfam|HTH_AraC,DBD-SUPERFAMILY|0036286,DBD-SUPERFAMILY|0035607;ID=SIP56374.1	DB=DBD-Pfam|HTH_AraC,DBD-Pfam|HTH_AraC,DBD-SUPERFAMILY|0036286,DBD-SUPERFAMILY|0035607;ID=SIP56374.1
15	null	null	null	CGC1	LT674127	9449	10843	SIP56375.1	-	;ID=SIP56375.1
16	null	null	null	CGC1	LT674127	11123	12001	SIP56376.1	-	;ID=SIP56376.1
17	null	null	null	CGC1	LT674127	12096	13097	SIP56377.1	-	;ID=SIP56377.1
18	STP	2	4	CGC1	LT674127	13628	15058	SIP56379.1	-	DB=STP|TPR_2;ID=SIP56379.1	DB=STP|TPR_2;ID=SIP56379.1
19	null	null	null	CGC1	LT674127	15225	15974	SIP56380.1	+	;ID=SIP56380.1
20	null	null	null	CGC1	LT674127	16386	17402	SIP56382.1	-	;ID=SIP56382.1
21	TC	0	7	CGC1	LT674127	17429	18007	SIP56383.1	-	DB=gnl|TC-DB|O27840|2.A.107.1.2;ID=SIP56383.1	DB=gnl|TC-DB|O27840|2.A.107.1.2;ID=SIP56383.1
22	TC	1	0	CGC1	LT674127	19239	20192	SIP56386.1	-	DB=gnl|TC-DB|P77757|4.D.2.1.8;ID=SIP56386.1	DB=gnl|TC-DB|P77757|4.D.2.1.8;ID=SIP56386.1
23	TF	0	0	CGC1	LT674127	21490	24441	SIP56388.1	+	DB=DBD-Pfam|GerE;ID=SIP56388.1	DB=DBD-Pfam|GerE;ID=SIP56388.1
24	TC	1	1	CGC1	LT674127	24732	27884	SIP56389.1	+	DB=gnl|TC-DB|Q45780|1.B.14.6.1;ID=SIP56389.1	DB=gnl|TC-DB|Q45780|1.B.14.6.1;ID=SIP56389.1
25	null	null	null	CGC1	LT674127	27903	29498	SIP56390.1	+	;ID=SIP56390.1
26	CAZyme	0	1	CGC1	LT674127	29867	30811	SIP56392.1	+	DB=GH16;ID=SIP56392.1	DB=GH16;ID=SIP56392.1
27	CAZyme	null	0	CGC1	LT674127	32205	34448	SIP56394.1	+	DB=GH3;ID=SIP56394.1	DB=GH3;ID=SIP56394.1
+++++
