0	CAZyme	3	null	CGC1	AE015928	1	3045	BT_3324	+	DB=PL8_2;ID=BT_3324	DB=PL8_2;ID=BT_3324
1	null	null	null	CGC1	AE015928	3840	5069	BT_3324	-	ID=BT_3325;Parent=BT_3325;Name=BT_3325;codon_start=1;old_locus_tag=BT3325;product=conserved hypothetical protein;protein_id=AAO78431.1;transl_table=11;translation=length.409
2	null	null	null	CGC1	AE015928	5156	6100	BT_3324	-	ID=BT_3326;Parent=BT_3326;Name=BT_3326;codon_start=1;old_locus_tag=BT3326;product=putative nifR3 family TIM-barrel enzyme with dihydrouridine synthase domain;protein_id=AAO78432.1;transl_table=11;translation=length.314
3	TF	0	2	CGC1	AE015928	6128	7585	BT_3327	-	DB=DBD-SUPERFAMILY|0043935;ID=BT_3327	DB=DBD-SUPERFAMILY|0043935;ID=BT_3327
4	CAZyme	2	3	CGC1	AE015928	7766	10372	BT_3328	-	DB=PL29;ID=BT_3328	DB=PL29;ID=BT_3328
5	null	null	null	CGC1	AE015928	10386	12323	BT_3328	-	ID=BT_3329;Parent=BT_3329;Name=BT_3329;codon_start=1;old_locus_tag=BT3329;product=hypothetical protein;protein_id=AAO78435.1;transl_table=11;translation=length.645
6	null	null	null	CGC1	AE015928	12362	13405	BT_3328	-	ID=BT_3330;Parent=BT_3330;Name=BT_3330;codon_start=1;old_locus_tag=BT3330;product=hypothetical protein;protein_id=AAO78436.1;transl_table=11;translation=length.347
7	TC	0	2	CGC1	AE015928	13439	15157	BT_3331	-	DB=gnl|TC-DB|C6Y217|8.A.46.1.3;ID=BT_3331	DB=gnl|TC-DB|C6Y217|8.A.46.1.3;ID=BT_3331
8	TC	4	0	CGC1	AE015928	15198	18359	BT_3332	-	DB=gnl|TC-DB|Q45780|1.B.14.6.1;ID=BT_3332	DB=gnl|TC-DB|Q45780|1.B.14.6.1;ID=BT_3332
9	null	null	null	CGC1	AE015928	18519	20054	BT_3332	-	ID=BT_3333;Parent=BT_3333;Name=BT_3333;codon_start=1;old_locus_tag=BT3333;product=arylsulfatase A precursor (ASA);protein_id=AAO78439.1;transl_table=11;translation=length.511
10	TF	2	1	CGC1	AE015928	20354	24418	BT_3334	-	DB=DBD-Pfam|HTH_AraC,DBD-SUPERFAMILY|0037176,DBD-SUPERFAMILY|0035607;ID=BT_3334	DB=DBD-Pfam|HTH_AraC,DBD-SUPERFAMILY|0037176,DBD-SUPERFAMILY|0035607;ID=BT_3334
11	null	null	null	CGC1	AE015928	24530	25171	BT_3334	+	ID=BT_3335;Parent=BT_3335;Name=BT_3335;codon_start=1;old_locus_tag=BT3335;product=conserved hypothetical protein;protein_id=AAO78441.1;transl_table=11;translation=length.213
12	null	null	null	CGC1	AE015928	25232	26002	BT_3334	-	ID=BT_3336;Parent=BT_3336;Name=BT_3336;codon_start=1;old_locus_tag=BT3336;product=UDP-N-acetylglucosamine acetyltransferase;protein_id=AAO78442.1;transl_table=11;translation=length.256
13	TC	0	4	CGC1	AE015928	26021	27406	BT_3337	-	DB=gnl|TC-DB|Q8ZRH0|2.A.6.2.25;ID=BT_3337	DB=gnl|TC-DB|Q8ZRH0|2.A.6.2.25;ID=BT_3337
14	TC	0	0	CGC1	AE015928	27418	30633	BT_3338	-	DB=gnl|TC-DB|Q8RTE4|2.A.6.2.22;ID=BT_3338	DB=gnl|TC-DB|Q8RTE4|2.A.6.2.22;ID=BT_3338
15	TC	0	0	CGC1	AE015928	30650	31825	BT_3339	-	DB=gnl|TC-DB|P37636|8.A.1.6.3;ID=BT_3339	DB=gnl|TC-DB|P37636|8.A.1.6.3;ID=BT_3339
16	CAZyme	5	0	CGC1	AE015928	32005	35115	BT_3340	-	DB=GH2;ID=BT_3340	DB=GH2;ID=BT_3340
17	null	null	null	CGC1	AE015928	35266	37194	BT_3340	+	ID=BT_3341;Parent=BT_3341;Name=BT_3341;codon_start=1;old_locus_tag=BT3341;product=conserved hypothetical protein;protein_id=AAO78447.1;transl_table=11;translation=length.642
18	null	null	null	CGC1	AE015928	37235	38014	BT_3340	+	ID=BT_3342;Parent=BT_3342;Name=BT_3342;codon_start=1;old_locus_tag=BT3342;product=conserved hypothetical protein;protein_id=AAO78448.1;transl_table=11;translation=length.259
19	null	null	null	CGC1	AE015928	38020	38424	BT_3340	-	ID=BT_3343;Parent=BT_3343;Name=BT_3343;codon_start=1;old_locus_tag=BT3343;product=putative phenylacetic acid degradation protein;protein_id=AAO78449.1;transl_table=11;translation=length.134
20	null	null	null	CGC1	AE015928	38730	39740	BT_3340	-	ID=BT_3344;Parent=BT_3344;Name=BT_3344;codon_start=1;old_locus_tag=BT3344;product=hypothetical protein;protein_id=AAO78450.1;transl_table=11;translation=length.336
21	null	null	null	CGC1	AE015928	39769	41808	BT_3340	-	ID=BT_3345;Parent=BT_3345;Name=BT_3345;codon_start=1;old_locus_tag=BT3345;product=SusD homolog;protein_id=AAO78451.1;transl_table=11;translation=length.679
22	TC	1	5	CGC1	AE015928	41831	44914	BT_3346	-	DB=gnl|TC-DB|Q45780|1.B.14.6.1;ID=BT_3346	DB=gnl|TC-DB|Q45780|1.B.14.6.1;ID=BT_3346
23	null	null	null	CGC1	AE015928	44938	46347	BT_3346	-	ID=BT_3347;Parent=BT_3347;Name=BT_3347;codon_start=1;old_locus_tag=BT3347;product=Quinoprotein amine dehydrogenase;protein_id=AAO78453.1;transl_table=11;translation=length.469
24	CAZyme	1	1	CGC1	AE015928	46952	48154	BT_3348	+	DB=GH88;ID=BT_3348	DB=GH88;ID=BT_3348
25	null	null	null	CGC1	AE015928	48261	49787	BT_3348	+	ID=BT_3349;Parent=BT_3349;Name=BT_3349;codon_start=1;old_locus_tag=BT3349;product=putative sulfatase yidJ;protein_id=AAO78455.1;transl_table=11;translation=length.508
26	CAZyme	null	1	CGC1	AE015928	49926	52787	BT_3350	+	DB=PL8_2;ID=BT_3350	DB=PL8_2;ID=BT_3350
+++++
