5	CAZyme	6	null	CGC1	LT796702.1	3706	4896	SJX74176.1	-	DB=GH43_17;ID=SJX74176.1	DB=GH43_17;ID=SJX74176.1
6	STP	5	0	CGC1	LT796702.1	4903	6099	SJX74177.1	-	DB=STP|Aminotran_1_2;ID=SJX74177.1	DB=STP|Aminotran_1_2;ID=SJX74177.1
7	STP	4	1	CGC1	LT796702.1	6403	7761	SJX74178.1	+	DB=STP|PALP;ID=SJX74178.1	DB=STP|PALP;ID=SJX74178.1
8	null	null	null	CGC1	LT796702.1	7773	9665	SJX74178.1	+	ID=SJX74179.1;protein_id=SJX74179.1;product=NAD synthetase (EC 6.3.1.5) / Glutamine amidotransferase chain of NAD synthetase
9	null	null	null	CGC1	LT796702.1	9686	11071	SJX74178.1	+	ID=SJX74180.1;protein_id=SJX74180.1;product=Glutamine synthetase type III, GlnN (EC 6.3.1.2)
10	null	null	null	CGC1	LT796702.1	11584	11751	SJX74178.1	+	ID=SJX74181.1;protein_id=SJX74181.1;product=Pyruvate-flavodoxin oxidoreductase (EC 1.2.7.-)
11	null	null	null	CGC1	LT796702.1	11760	12041	SJX74178.1	+	ID=SJX74182.1;protein_id=SJX74182.1;product=Pyruvate-flavodoxin oxidoreductase (EC 1.2.7.-)
12	CAZyme	0	6	CGC1	LT796702.1	12226	13284	SJX74183.1	+	DB=GH26;ID=SJX74183.1	DB=GH26;ID=SJX74183.1
13	CAZyme	1	0	CGC1	LT796702.1	13302	14270	SJX74184.1	+	DB=GH5_8;ID=SJX74184.1	DB=GH5_8;ID=SJX74184.1
14	null	null	null	CGC1	LT796702.1	14337	16172	SJX74184.1	+	ID=SJX74185.1;protein_id=SJX74185.1;product=FIG00402961: hypothetical protein
15	CAZyme	0	1	CGC1	LT796702.1	16198	17172	SJX74186.1	+	DB=GH16_3;ID=SJX74186.1	DB=GH16_3;ID=SJX74186.1
16	CAZyme	8	0	CGC1	LT796702.1	17255	18616	SJX74187.1	+	DB=CE20;ID=SJX74187.1	DB=CE20;ID=SJX74187.1
17	null	null	null	CGC1	LT796702.1	18734	18961	SJX74187.1	+	ID=SJX74188.1;protein_id=SJX74188.1;product=hypothetical protein
18	null	null	null	CGC1	LT796702.1	19264	20619	SJX74187.1	+	ID=SJX74189.1;protein_id=SJX74189.1;product=hypothetical protein
19	null	null	null	CGC1	LT796702.1	20671	21309	SJX74187.1	+	ID=SJX74190.1;protein_id=SJX74190.1;product=hypothetical protein
20	null	null	null	CGC1	LT796702.1	21266	21436	SJX74187.1	-	ID=SJX74191.1;protein_id=SJX74191.1;product=hypothetical protein
21	TF	3	4	CGC1	LT796702.1	21700	22377	SJX74192.1	+	DB=DBD-Pfam|HTH_psq;ID=SJX74192.1	DB=DBD-Pfam|HTH_psq;ID=SJX74192.1
22	null	null	null	CGC1	LT796702.1	22380	24992	SJX74192.1	-	ID=SJX74193.1;protein_id=SJX74193.1;product=Excinuclease ABC subunit A paralog in greater Bacteroides group
23	null	null	null	CGC1	LT796702.1	24973	25101	SJX74192.1	-	ID=SJX74194.1;protein_id=SJX74194.1;product=hypothetical protein
24	null	null	null	CGC1	LT796702.1	25222	28920	SJX74192.1	+	ID=SJX74195.1;protein_id=SJX74195.1;product=Phosphoribosylformylglycinamidine synthase, synthetase subunit (EC 6.3.5.3) / Phosphoribosylformylglycinamidine synthase, glutamine amidotransferase subunit (EC 6.3.5.3)
25	TC	null	8	CGC1	LT796702.1	28946	29968	SJX74196.1	+	DB=gnl|TC-DB|P25548|3.A.1.2.5;ID=SJX74196.1	DB=gnl|TC-DB|P25548|3.A.1.2.5;ID=SJX74196.1
+++++
