0	CAZyme	2	null	CGC1	CAWLDL010000001	1	2400	CAWLDL010000001_1	+	DB=GH141;ID=CAWLDL010000001_1	DB=GH141;ID=CAWLDL010000001_1
1	null	null	null	CGC1	CAWLDL010000001	2784	4610	CAWLDL010000001_1	+	;ID=CAWLDL010000001_2
2	null	null	null	CGC1	CAWLDL010000001	5456	6958	CAWLDL010000001_1	+	;ID=CAWLDL010000001_3
3	CAZyme	0	2	CGC1	CAWLDL010000001	7069	8595	CAWLDL010000001_4	+	DB=GH29;ID=CAWLDL010000001_4	DB=GH29;ID=CAWLDL010000001_4
4	CAZyme	2	0	CGC1	CAWLDL010000001	8727	10568	CAWLDL010000001_5	+	DB=GH29;ID=CAWLDL010000001_5	DB=GH29;ID=CAWLDL010000001_5
5	null	null	null	CGC1	CAWLDL010000001	11171	11626	CAWLDL010000001_5	-	;ID=CAWLDL010000001_6
6	null	null	null	CGC1	CAWLDL010000001	11735	11962	CAWLDL010000001_5	-	;ID=CAWLDL010000001_7
7	CAZyme	3	2	CGC1	CAWLDL010000001	12167	13903	CAWLDL010000001_8	+	DB=GH168;ID=CAWLDL010000001_8	DB=GH168;ID=CAWLDL010000001_8
8	null	null	null	CGC1	CAWLDL010000001	14129	15547	CAWLDL010000001_8	+	;ID=CAWLDL010000001_9
9	null	null	null	CGC1	CAWLDL010000001	15549	17693	CAWLDL010000001_8	+	;ID=CAWLDL010000001_10
10	null	null	null	CGC1	CAWLDL010000001	17871	19727	CAWLDL010000001_8	+	;ID=CAWLDL010000001_11
11	CAZyme	2	3	CGC1	CAWLDL010000001	19853	23575	CAWLDL010000001_12	+	DB=GH29;ID=CAWLDL010000001_12	DB=GH29;ID=CAWLDL010000001_12
12	null	null	null	CGC1	CAWLDL010000001	23535	23693	CAWLDL010000001_12	+	;ID=CAWLDL010000001_13
13	null	null	null	CGC1	CAWLDL010000001	23725	25338	CAWLDL010000001_12	+	;ID=CAWLDL010000001_14
14	CAZyme	0	2	CGC1	CAWLDL010000001	25350	26702	CAWLDL010000001_15	+	DB=GH168;ID=CAWLDL010000001_15	DB=GH168;ID=CAWLDL010000001_15
15	CAZyme	1	0	CGC1	CAWLDL010000001	26934	28046	CAWLDL010000001_16	-	DB=GH117;ID=CAWLDL010000001_16	DB=GH117;ID=CAWLDL010000001_16
16	TF	0	0	CGC1	CAWLDL010000001	28399	29019	CAWLDL010000001_17	+	DB=DBD-Pfam|GerE,DBD-SUPERFAMILY|0039939;ID=CAWLDL010000001_17	DB=DBD-Pfam|GerE,DBD-SUPERFAMILY|0039939;ID=CAWLDL010000001_17
17	TC	4	1	CGC1	CAWLDL010000001	29275	31242	CAWLDL010000001_18	+	DB=gnl|TC-DB|Q9HC98|1.I.1.1.3;ID=CAWLDL010000001_18	DB=gnl|TC-DB|Q9HC98|1.I.1.1.3;ID=CAWLDL010000001_18
18	null	null	null	CGC1	CAWLDL010000001	32433	32741	CAWLDL010000001_18	+	;ID=CAWLDL010000001_19
19	null	null	null	CGC1	CAWLDL010000001	32834	33103	CAWLDL010000001_18	-	;ID=CAWLDL010000001_20
20	null	null	null	CGC1	CAWLDL010000001	33042	33356	CAWLDL010000001_18	-	;ID=CAWLDL010000001_21
21	null	null	null	CGC1	CAWLDL010000001	33413	33622	CAWLDL010000001_18	+	;ID=CAWLDL010000001_22
22	CAZyme	null	4	CGC1	CAWLDL010000001	34429	36432	CAWLDL010000001_23	+	DB=GH95;ID=CAWLDL010000001_23	DB=GH95;ID=CAWLDL010000001_23
+++++
