0	CAZyme	0	null	CGC1	LT674131.1	1	948	SIP56491.1	-	DB=GH32;ID=SIP56491.1	DB=GH32;ID=SIP56491.1
1	CAZyme	0	0	CGC1	LT674131.1	1150	2511	SIP56492.1	-	DB=GH91;ID=SIP56492.1	DB=GH91;ID=SIP56492.1
2	TC	0	0	CGC1	LT674131.1	2537	3370	SIP56493.1	-	DB=gnl|TC-DB|Q72H66|3.A.1.1.25;ID=SIP56493.1	DB=gnl|TC-DB|Q72H66|3.A.1.1.25;ID=SIP56493.1
3	TC	2	0	CGC1	LT674131.1	3394	4278	SIP56494.1	-	DB=gnl|TC-DB|Q9WYB4|3.A.1.1.37;ID=SIP56494.1	DB=gnl|TC-DB|Q9WYB4|3.A.1.1.37;ID=SIP56494.1
4	STP	1	0	CGC1	LT674131.1	4294	5520	SIP56495.1	-	DB=STP|SBP_bac_1;ID=SIP56495.1	DB=STP|SBP_bac_1;ID=SIP56495.1
5	TF	0	1	CGC1	LT674131.1	5880	6872	SIP56496.1	+	DB=DBD-Pfam|LacI,DBD-SUPERFAMILY|0036955;ID=SIP56496.1	DB=DBD-Pfam|LacI,DBD-SUPERFAMILY|0036955;ID=SIP56496.1
6	TC	5	2	CGC1	LT674131.1	6972	7322	SIP56497.1	-	DB=gnl|TC-DB|E2YHZ7|3.A.1.135.7;ID=SIP56497.1	DB=gnl|TC-DB|E2YHZ7|3.A.1.135.7;ID=SIP56497.1
7	null	null	null	CGC1	LT674131.1	7380	7556	SIP56497.1	+	ID=SIP56498.1;protein_id=SIP56498.1;product=hypothetical protein
8	null	null	null	CGC1	LT674131.1	7933	8184	SIP56497.1	-	ID=SIP56499.1;protein_id=SIP56499.1;product=hypothetical protein
9	null	null	null	CGC1	LT674131.1	8334	8558	SIP56497.1	-	ID=SIP56500.1;protein_id=SIP56500.1;product=hypothetical protein
10	TF	1	3	CGC1	LT674131.1	8569	8760	SIP56501.1	-	DB=DBD-SUPERFAMILY|0039384;ID=SIP56501.1	DB=DBD-SUPERFAMILY|0039384;ID=SIP56501.1
11	null	null	null	CGC1	LT674131.1	9027	10601	SIP56501.1	-	ID=SIP56502.1;protein_id=SIP56502.1;product=GMP synthase [glutamine-hydrolyzing]
12	TC	1	5	CGC1	LT674131.1	10881	11468	SIP56503.1	+	DB=gnl|TC-DB|C7N858|2.A.115.2.14;ID=SIP56503.1	DB=gnl|TC-DB|C7N858|2.A.115.2.14;ID=SIP56503.1
13	TF	0	0	CGC1	LT674131.1	11673	11945	SIP56504.1	+	DB=DBD-Pfam|HTH_psq,DBD-SUPERFAMILY|0039384;ID=SIP56504.1	DB=DBD-Pfam|HTH_psq,DBD-SUPERFAMILY|0039384;ID=SIP56504.1
14	CAZyme	0	1	CGC1	LT674131.1	12011	13171	SIP56505.1	-	DB=GH5_2;ID=SIP56505.1	DB=GH5_2;ID=SIP56505.1
15	TC	2	0	CGC1	LT674131.1	13193	15841	SIP56506.1	-	DB=gnl|TC-DB|Q3MNJ6|3.A.3.5.15;ID=SIP56506.1	DB=gnl|TC-DB|Q3MNJ6|3.A.3.5.15;ID=SIP56506.1
16	STP	1	0	CGC1	LT674131.1	15897	16274	SIP56507.1	-	DB=STP|HMA;ID=SIP56507.1	DB=STP|HMA;ID=SIP56507.1
17	null	null	null	CGC1	LT674131.1	16299	16610	SIP56507.1	-	ID=SIP56508.1;protein_id=SIP56508.1;product=Copper-sensing transcriptional repressor CsoR
18	TC	null	2	CGC1	LT674131.1	17555	21721	SIP56509.1	-	DB=gnl|TC-DB|Q932J9|3.A.7.17.1;ID=SIP56509.1	DB=gnl|TC-DB|Q932J9|3.A.7.17.1;ID=SIP56509.1
+++++
