0	CAZyme	0	null	CGC1	AE015928	1	2775	BT_4145	-	DB=GH106;ID=BT_4145	DB=GH106;ID=BT_4145
1	CAZyme	2	0	CGC1	AE015928	2775	4178	BT_4146	-	DB=GH28;ID=BT_4146	DB=GH28;ID=BT_4146
2	null	null	null	CGC1	AE015928	4268	4858	BT_4146	-	ID=BT_4147;Parent=BT_4147;Name=BT_4147;codon_start=1;old_locus_tag=BT4147;product=hypothetical protein;protein_id=AAO79252.1;transl_table=11;translation=length.196
3	null	null	null	CGC1	AE015928	4809	5024	BT_4146	-	ID=BT_4148;Parent=BT_4148;Name=BT_4148;codon_start=1;old_locus_tag=BT4148;product=hypothetical protein;protein_id=AAO79253.1;transl_table=11;translation=length.71
4	CAZyme	0	2	CGC1	AE015928	5270	6328	BT_4149	-	DB=GH28;ID=BT_4149	DB=GH28;ID=BT_4149
5	CAZyme	0	0	CGC1	AE015928	6353	7591	BT_4150	-	DB=CE12;ID=BT_4150	DB=CE12;ID=BT_4150
6	CAZyme	0	0	CGC1	AE015928	7609	10485	BT_4151	-	DB=GH2;ID=BT_4151	DB=GH2;ID=BT_4151
7	CAZyme	0	0	CGC1	AE015928	10749	13709	BT_4152	+	DB=GH43_18|GH42;ID=BT_4152	DB=GH43_18|GH42;ID=BT_4152
8	CAZyme	0	0	CGC1	AE015928	13753	15051	BT_4153	+	DB=GH28;ID=BT_4153	DB=GH28;ID=BT_4153
9	CAZyme	0	0	CGC1	AE015928	15064	16032	BT_4154	+	DB=CE4;ID=BT_4154	DB=CE4;ID=BT_4154
10	CAZyme	0	0	CGC1	AE015928	16099	17445	BT_4155	+	DB=GH28;ID=BT_4155	DB=GH28;ID=BT_4155
11	CAZyme	0	0	CGC1	AE015928	17570	20455	BT_4156	-	DB=GH2;ID=BT_4156	DB=GH2;ID=BT_4156
12	CAZyme	2	0	CGC1	AE015928	20480	22300	BT_4157	-	DB=GH27;ID=BT_4157	DB=GH27;ID=BT_4157
13	null	null	null	CGC1	AE015928	22307	22999	BT_4157	+	ID=BT_4158;Parent=BT_4158;Name=BT_4158;codon_start=1;old_locus_tag=BT4158;product=Lipolytic enzyme%2C G-D-S-L family;protein_id=AAO79263.1;transl_table=11;translation=length.230
14	null	null	null	CGC1	AE015928	23270	24901	BT_4157	+	ID=BT_4159;Parent=BT_4159;Name=BT_4159;codon_start=1;old_locus_tag=BT4159;product=hypothetical protein;protein_id=AAO79264.1;transl_table=11;translation=length.543
15	CAZyme	3	2	CGC1	AE015928	24930	27026	BT_4160	+	DB=GH35;ID=BT_4160	DB=GH35;ID=BT_4160
16	null	null	null	CGC1	AE015928	27165	27767	BT_4160	-	ID=BT_4161;Parent=BT_4161;Name=BT_4161;codon_start=1;old_locus_tag=BT4161;product=Histone-like bacterial DNA-binding protein;protein_id=AAO79266.1;transl_table=11;translation=length.200
17	null	null	null	CGC1	AE015928	28180	30258	BT_4160	+	ID=BT_4162;Parent=BT_4162;Name=BT_4162;codon_start=1;old_locus_tag=BT4162;product=putative helicase;protein_id=AAO79267.1;transl_table=11;translation=length.692
18	null	null	null	CGC1	AE015928	30898	33150	BT_4160	+	ID=BT_4163;Parent=BT_4163;Name=BT_4163;codon_start=1;old_locus_tag=BT4163;product=conserved hypothetical protein;protein_id=AAO79268.1;transl_table=11;translation=length.750
19	TC	0	3	CGC1	AE015928	33169	36435	BT_4164	+	DB=gnl|TC-DB|Q45780|1.B.14.6.1;ID=BT_4164	DB=gnl|TC-DB|Q45780|1.B.14.6.1;ID=BT_4164
20	TC	2	0	CGC1	AE015928	36475	38034	BT_4165	+	DB=gnl|TC-DB|Q5LEN2|8.A.46.1.4;ID=BT_4165	DB=gnl|TC-DB|Q5LEN2|8.A.46.1.4;ID=BT_4165
21	null	null	null	CGC1	AE015928	38043	39788	BT_4165	+	ID=BT_4166;Parent=BT_4166;Name=BT_4166;codon_start=1;old_locus_tag=BT4166;product=putative lipoprotein;protein_id=AAO79271.1;transl_table=11;translation=length.581
22	null	null	null	CGC1	AE015928	39794	41536	BT_4165	+	ID=BT_4167;Parent=BT_4167;Name=BT_4167;codon_start=1;old_locus_tag=BT4167;product=hypothetical protein;protein_id=AAO79272.1;transl_table=11;translation=length.580
23	TC	1	2	CGC1	AE015928	41553	44705	BT_4168	+	DB=gnl|TC-DB|Q93TH9|1.B.14.6.2;ID=BT_4168	DB=gnl|TC-DB|Q93TH9|1.B.14.6.2;ID=BT_4168
24	null	null	null	CGC1	AE015928	44711	46462	BT_4168	+	ID=BT_4169;Parent=BT_4169;Name=BT_4169;codon_start=1;old_locus_tag=BT4169;product=SusD homolog;protein_id=AAO79274.1;transl_table=11;translation=length.583
25	CAZyme	1	1	CGC1	AE015928	46495	48102	BT_4170	+	DB=PL9;ID=BT_4170	DB=PL9;ID=BT_4170
26	null	null	null	CGC1	AE015928	48124	48777	BT_4170	+	ID=BT_4171;Parent=BT_4171;Name=BT_4171;codon_start=1;old_locus_tag=BT4171;product=hypothetical protein;protein_id=AAO79276.1;transl_table=11;translation=length.217
27	CAZyme	0	1	CGC1	AE015928	49030	52326	BT_4172	+	DB=PL26;ID=BT_4172	DB=PL26;ID=BT_4172
28	CAZyme	0	0	CGC1	AE015928	52405	53979	BT_4173	-	DB=CE12|CE12;ID=BT_4173	DB=CE12|CE12;ID=BT_4173
29	CAZyme	0	0	CGC1	AE015928	54040	55200	BT_4174	-	DB=GH105;ID=BT_4174	DB=GH105;ID=BT_4174
30	CAZyme	0	0	CGC1	AE015928	55467	57308	BT_4175	+	DB=PL11_1;ID=BT_4175	DB=PL11_1;ID=BT_4175
31	CAZyme	2	0	CGC1	AE015928	57312	58709	BT_4176	+	DB=GH105;ID=BT_4176	DB=GH105;ID=BT_4176
32	null	null	null	CGC1	AE015928	58740	59054	BT_4176	+	ID=BT_4177;Parent=BT_4177;Name=BT_4177;codon_start=1;old_locus_tag=BT4177;product=Rhamnose mutarotase;protein_id=AAO79282.1;transl_table=11;translation=length.104
33	TF	0	1	CGC1	AE015928	59197	63498	BT_4178	+	DB=DBD-Pfam|HTH_AraC,DBD-Pfam|HTH_AraC,DBD-SUPERFAMILY|0036286,DBD-SUPERFAMILY|0036286;ID=BT_4178	DB=DBD-Pfam|HTH_AraC,DBD-Pfam|HTH_AraC,DBD-SUPERFAMILY|0036286,DBD-SUPERFAMILY|0036286;ID=BT_4178
34	CAZyme	0	2	CGC1	AE015928	63808	65433	BT_4179	+	DB=CE4;ID=BT_4179	DB=CE4;ID=BT_4179
35	CAZyme	0	0	CGC1	AE015928	65481	66284	BT_4180	+	DB=CE6;ID=BT_4180	DB=CE6;ID=BT_4180
36	CAZyme	1	0	CGC1	AE015928	66937	69906	BT_4181	-	DB=GH2;ID=BT_4181	DB=GH2;ID=BT_4181
37	TF	0	0	CGC1	AE015928	69994	74289	BT_4182	-	DB=DBD-Pfam|HTH_AraC,DBD-SUPERFAMILY|0036286,DBD-SUPERFAMILY|0035607;ID=BT_4182	DB=DBD-Pfam|HTH_AraC,DBD-SUPERFAMILY|0036286,DBD-SUPERFAMILY|0035607;ID=BT_4182
38	CAZyme	null	1	CGC1	AE015928	74634	75947	BT_4183	+	DB=PL9_1;ID=BT_4183	DB=PL9_1;ID=BT_4183
+++++
