2	CAZyme	0	null	CGC1	AE015928	5158	7806	BT_0983	-	DB=GH2;ID=BT_0983	DB=GH2;ID=BT_0983
3	CAZyme	0	0	CGC1	AE015928	7835	10246	BT_0984	-	DB=GH139;ID=BT_0984	DB=GH139;ID=BT_0984
4	CAZyme	0	0	CGC1	AE015928	10256	11689	BT_0985	-	DB=CE20;ID=BT_0985	DB=CE20;ID=BT_0985
5	CAZyme	1	0	CGC1	AE015928	11692	15009	BT_0986	-	DB=GH106;ID=BT_0986	DB=GH106;ID=BT_0986
6	null	null	null	CGC1	AE015928	15133	16647	BT_0986	-	ID=BT_0987;Parent=BT_0987;Name=BT_0987;codon_start=1;old_locus_tag=BT0987;product=putative cytochrome C-type biogenesis protein;protein_id=AAO76094.1;transl_table=11;translation=length.504
7	TC	3	1	CGC1	AE015928	16811	19462	BT_0988	-	DB=gnl|TC-DB|P36640|3.A.3.4.1;ID=BT_0988	DB=gnl|TC-DB|P36640|3.A.3.4.1;ID=BT_0988
8	STP	2	0	CGC1	AE015928	19583	20950	BT_0989	-	DB=STP|HisKA,STP|HATPase_c;ID=BT_0989	DB=STP|HisKA,STP|HATPase_c;ID=BT_0989
9	TF	1	1	CGC1	AE015928	20947	21633	BT_0990	-	DB=DBD-Pfam|Trans_reg_C;ID=BT_0990	DB=DBD-Pfam|Trans_reg_C;ID=BT_0990
10	null	null	null	CGC1	AE015928	21696	22172	BT_0990	+	ID=BT_0991;Parent=BT_0991;Name=BT_0991;codon_start=1;old_locus_tag=BT0991;product=putative transporter;protein_id=AAO76098.1;transl_table=11;translation=length.158
11	CAZyme	0	3	CGC1	AE015928	22194	25046	BT_0992	-	DB=GH2;ID=BT_0992	DB=GH2;ID=BT_0992
12	CAZyme	2	0	CGC1	AE015928	25098	28376	BT_0993	-	DB=GH2;ID=BT_0993	DB=GH2;ID=BT_0993
13	STP	1	0	CGC1	AE015928	28732	30231	BT_0994	+	DB=STP|HisKA,STP|HATPase_c;ID=BT_0994	DB=STP|HisKA,STP|HATPase_c;ID=BT_0994
14	TF	0	1	CGC1	AE015928	30228	31073	BT_0995	-	DB=DBD-Pfam|HTH_AraC,DBD-SUPERFAMILY|0035607;ID=BT_0995	DB=DBD-Pfam|HTH_AraC,DBD-SUPERFAMILY|0035607;ID=BT_0995
15	CAZyme	0	2	CGC1	AE015928	31287	35543	BT_0996	-	DB=GH137|GH2|CBM57|CBM97;ID=BT_0996	DB=GH137|GH2|CBM57|CBM97;ID=BT_0996
16	CAZyme	0	0	CGC1	AE015928	35656	38277	BT_0997	-	DB=GH138;ID=BT_0997	DB=GH138;ID=BT_0997
17	TC	2	0	CGC1	AE015928	38575	41007	BT_0998	+	DB=gnl|TC-DB|Q93N33|2.A.21.9.2;ID=BT_0998	DB=gnl|TC-DB|Q93N33|2.A.21.9.2;ID=BT_0998
18	null	null	null	CGC1	AE015928	41047	41592	BT_0998	+	ID=BT_0999;Parent=BT_0999;Name=BT_0999;codon_start=1;old_locus_tag=BT0999;product=putative acetyltransferase;protein_id=AAO76106.1;transl_table=11;translation=length.181
19	null	null	null	CGC1	AE015928	42075	44483	BT_0998	-	ID=BT_1000;Parent=BT_1000;Name=BT_1000;codon_start=1;old_locus_tag=BT1000;product=probable ABC transporter permease;protein_id=AAO76107.1;transl_table=11;translation=length.802
20	CAZyme	0	2	CGC1	AE015928	44689	46878	BT_1001	-	DB=GH78;ID=BT_1001	DB=GH78;ID=BT_1001
21	CAZyme	0	0	CGC1	AE015928	46899	48758	BT_1002	-	DB=GH141;ID=BT_1002	DB=GH141;ID=BT_1002
22	CAZyme	6	0	CGC1	AE015928	48778	50874	BT_1003	-	DB=GH127;ID=BT_1003	DB=GH127;ID=BT_1003
23	null	null	null	CGC1	AE015928	51010	51783	BT_1003	-	ID=BT_1004;Parent=BT_1004;Name=BT_1004;codon_start=1;old_locus_tag=BT1004;product=Claudin tight junction protein;protein_id=AAO76111.1;transl_table=11;translation=length.257
24	null	null	null	CGC1	AE015928	52197	52454	BT_1003	+	ID=BT_1005;Parent=BT_1005;Name=BT_1005;codon_start=1;old_locus_tag=BT1005;product=hypothetical protein;protein_id=AAO76112.1;transl_table=11;translation=length.85
25	STP	3	2	CGC1	AE015928	52481	53209	BT_1006	-	DB=STP|Nitroreductase;ID=BT_1006	DB=STP|Nitroreductase;ID=BT_1006
26	null	null	null	CGC1	AE015928	53443	54234	BT_1006	-	ID=BT_1007;Parent=BT_1007;Name=BT_1007;codon_start=1;old_locus_tag=BT1007;product=putative lipoprotein;protein_id=AAO76114.1;transl_table=11;translation=length.263
27	null	null	null	CGC1	AE015928	54301	55089	BT_1006	-	ID=BT_1008;Parent=BT_1008;Name=BT_1008;codon_start=1;old_locus_tag=BT1008;product=xylanase;protein_id=AAO76115.1;transl_table=11;translation=length.262
28	null	null	null	CGC1	AE015928	55095	56033	BT_1006	-	ID=BT_1009;Parent=BT_1009;Name=BT_1009;codon_start=1;old_locus_tag=BT1009;product=dihydroorotate dehydrogenase;protein_id=AAO76116.1;transl_table=11;translation=length.312
29	CAZyme	0	6	CGC1	AE015928	56316	58790	BT_1010	+	DB=GH95;ID=BT_1010	DB=GH95;ID=BT_1010
30	CAZyme	0	0	CGC1	AE015928	58804	60006	BT_1011	+	DB=GH105;ID=BT_1011	DB=GH105;ID=BT_1011
31	CAZyme	0	0	CGC1	AE015928	60043	61494	BT_1012	+	DB=GH140;ID=BT_1012	DB=GH140;ID=BT_1012
32	CAZyme	3	0	CGC1	AE015928	61487	65359	BT_1013	+	DB=CBM67|GH78|GH33;ID=BT_1013	DB=CBM67|GH78|GH33;ID=BT_1013
33	null	null	null	CGC1	AE015928	65438	66958	BT_1013	-	ID=BT_1014;Parent=BT_1014;Name=BT_1014;codon_start=1;old_locus_tag=BT1014;product=hypothetical protein;protein_id=AAO76121.1;transl_table=11;translation=length.506
34	null	null	null	CGC1	AE015928	67510	68397	BT_1013	+	ID=BT_1015;Parent=BT_1015;Name=BT_1015;codon_start=1;old_locus_tag=BT1015;product=putative oxidoreductase;protein_id=AAO76122.1;transl_table=11;translation=length.295
35	null	null	null	CGC1	AE015928	68385	69167	BT_1013	-	ID=BT_1016;Parent=BT_1016;Name=BT_1016;codon_start=1;old_locus_tag=BT1016;product=conserved protein with a conserved patatin-like phospholipase domain;protein_id=AAO76123.1;transl_table=11;translation=length.260
36	CAZyme	0	3	CGC1	AE015928	69338	71299	BT_1017	-	DB=CE19;ID=BT_1017	DB=CE19;ID=BT_1017
37	CAZyme	0	0	CGC1	AE015928	71337	72674	BT_1018	-	DB=GH28;ID=BT_1018	DB=GH28;ID=BT_1018
38	CAZyme	0	0	CGC1	AE015928	72711	75482	BT_1019	-	DB=CBM67|GH78;ID=BT_1019	DB=CBM67|GH78;ID=BT_1019
39	CAZyme	0	0	CGC1	AE015928	75605	78934	BT_1020	-	DB=GH143|GH142;ID=BT_1020	DB=GH143|GH142;ID=BT_1020
40	CAZyme	1	0	CGC1	AE015928	78986	79837	BT_1021	-	DB=GH43_18;ID=BT_1021	DB=GH43_18;ID=BT_1021
41	null	null	null	CGC1	AE015928	80159	80827	BT_1021	-	ID=BT_1022;Parent=BT_1022;Name=BT_1022;codon_start=1;old_locus_tag=BT1022;product=conserved hypothetical protein;protein_id=AAO76129.1;transl_table=11;translation=length.222
42	CAZyme	1	1	CGC1	AE015928	80901	82640	BT_1023	-	DB=PL1_2;ID=BT_1023	DB=PL1_2;ID=BT_1023
43	null	null	null	CGC1	AE015928	82867	85164	BT_1023	-	ID=BT_1024;Parent=BT_1024;Name=BT_1024;codon_start=1;old_locus_tag=BT1024;product=SusD homolog;protein_id=AAO76131.1;transl_table=11;translation=length.765
44	TC	3	1	CGC1	AE015928	85151	88459	BT_1025	-	DB=gnl|TC-DB|Q45780|1.B.14.6.1;ID=BT_1025	DB=gnl|TC-DB|Q45780|1.B.14.6.1;ID=BT_1025
45	null	null	null	CGC1	AE015928	88492	89937	BT_1025	-	ID=BT_1026;Parent=BT_1026;Name=BT_1026;codon_start=1;old_locus_tag=BT1026;product=hypothetical protein;protein_id=AAO76133.1;transl_table=11;translation=length.481
46	null	null	null	CGC1	AE015928	90030	90215	BT_1025	-	ID=BT_1027;Parent=BT_1027;Name=BT_1027;codon_start=1;old_locus_tag=BT1027;product=hypothetical protein;protein_id=AAO76134.1;transl_table=11;translation=length.61
47	null	null	null	CGC1	AE015928	90586	92760	BT_1025	-	ID=BT_1028;Parent=BT_1028;Name=BT_1028;codon_start=1;old_locus_tag=BT1028;product=SusD homolog;protein_id=AAO76135.1;transl_table=11;translation=length.724
48	TC	null	3	CGC1	AE015928	92814	96122	BT_1029	-	DB=gnl|TC-DB|Q93TH9|1.B.14.6.2;ID=BT_1029	DB=gnl|TC-DB|Q93TH9|1.B.14.6.2;ID=BT_1029
+++++
