6	TC	0	null	CGC1	NZ_VISB01000001	5429	6409	JM81_RS16390	+	DB=gnl|TC-DB|P43020|2.A.56.1.5;ID=JM81_RS16390	DB=gnl|TC-DB|P43020|2.A.56.1.5;ID=JM81_RS16390
7	TC	0	0	CGC1	NZ_VISB01000001	6414	6872	JM81_RS16395	+	DB=gnl|TC-DB|Q8ZKR9|2.A.56.1.5;ID=JM81_RS16395	DB=gnl|TC-DB|Q8ZKR9|2.A.56.1.5;ID=JM81_RS16395
8	TC	3	0	CGC1	NZ_VISB01000001	6872	8167	JM81_RS16400	+	DB=gnl|TC-DB|Q8ZKS0|2.A.56.1.5;ID=JM81_RS16400	DB=gnl|TC-DB|Q8ZKS0|2.A.56.1.5;ID=JM81_RS16400
9	null	null	null	CGC1	NZ_VISB01000001	8192	9628	JM81_RS16400	+	ID=JM81_RS16405;Parent=JM81_RS16405;Name=JM81_RS16405;Note=Derived by automated computational analysis using gene prediction method: Protein Homology.;codon_start=1;inference=COORDINATES: similar to AA sequence:RefSeq:WP_008467670.1;old_locus_tag=JM81_3343;product=tagaturonate reductase;protein_id=WP_144804996.1;transl_table=11;translation=length.478
10	null	null	null	CGC1	NZ_VISB01000001	9645	11261	JM81_RS16400	+	ID=JM81_RS16410;Parent=JM81_RS16410;Name=JM81_RS16410;Note=Derived by automated computational analysis using gene prediction method: Protein Homology.;codon_start=1;inference=COORDINATES: similar to AA sequence:RefSeq:WP_007810553.1;old_locus_tag=JM81_3344;product=UxaA family hydrolase;protein_id=WP_144804998.1;transl_table=11;translation=length.538
11	TF	0	2	CGC1	NZ_VISB01000001	11277	12299	JM81_RS16415	-	DB=DBD-Pfam|LacI,DBD-SUPERFAMILY|0036955;ID=JM81_RS16415	DB=DBD-Pfam|LacI,DBD-SUPERFAMILY|0036955;ID=JM81_RS16415
12	CAZyme	1	3	CGC1	NZ_VISB01000001	12607	14043	JM81_RS16420	-	DB=PL1_2;ID=JM81_RS16420	DB=PL1_2;ID=JM81_RS16420
13	null	null	null	CGC1	NZ_VISB01000001	14056	15501	JM81_RS16420	-	ID=JM81_RS16425;Parent=JM81_RS16425;Name=JM81_RS16425;Note=Derived by automated computational analysis using gene prediction method: Protein Homology.;codon_start=1;inference=COORDINATES: similar to AA sequence:RefSeq:WP_009410461.1;old_locus_tag=JM81_3347;product=nucleoside hydrolase-like domain-containing protein;protein_id=WP_144805002.1;transl_table=11;translation=length.481
14	CAZyme	2	1	CGC1	NZ_VISB01000001	15543	17030	JM81_RS16430	-	DB=GH140;ID=JM81_RS16430	DB=GH140;ID=JM81_RS16430
15	null	null	null	CGC1	NZ_VISB01000001	17068	18525	JM81_RS16430	-	ID=JM81_RS16435;Parent=JM81_RS16435;Name=JM81_RS16435;Note=Derived by automated computational analysis using gene prediction method: Protein Homology.;codon_start=1;inference=COORDINATES: protein motif:HMM:NF019260.5;old_locus_tag=JM81_3349;product=DUF1593 domain-containing protein;protein_id=WP_144805006.1;transl_table=11;translation=length.485
16	null	null	null	CGC1	NZ_VISB01000001	18538	19839	JM81_RS16430	-	ID=JM81_RS16440;Parent=JM81_RS16440;Name=JM81_RS16440;Note=Derived by automated computational analysis using gene prediction method: Protein Homology.;codon_start=1;inference=COORDINATES: similar to AA sequence:RefSeq:WP_010517609.1;old_locus_tag=JM81_3350;product=nucleoside hydrolase-like domain-containing protein;protein_id=WP_222430312.1;transl_table=11;translation=length.433
17	CAZyme	0	2	CGC1	NZ_VISB01000001	19877	21505	JM81_RS16445	-	DB=GH43_10|CBM91;ID=JM81_RS16445	DB=GH43_10|CBM91;ID=JM81_RS16445
18	CAZyme	0	0	CGC1	NZ_VISB01000001	21541	22962	JM81_RS16450	-	DB=GH28;ID=JM81_RS16450	DB=GH28;ID=JM81_RS16450
19	TC	0	0	CGC1	NZ_VISB01000001	24759	27878	JM81_RS16455	+	DB=gnl|TC-DB|Q45780|1.B.14.6.1;ID=JM81_RS16455	DB=gnl|TC-DB|Q45780|1.B.14.6.1;ID=JM81_RS16455
20	TC	1	0	CGC1	NZ_VISB01000001	27889	29544	JM81_RS16460	+	DB=gnl|TC-DB|G0IYY9|8.A.46.1.6;ID=JM81_RS16460	DB=gnl|TC-DB|G0IYY9|8.A.46.1.6;ID=JM81_RS16460
21	null	null	null	CGC1	NZ_VISB01000001	29692	30681	JM81_RS16460	+	ID=JM81_RS16465;Parent=JM81_RS16465;Name=JM81_RS16465;Note=Derived by automated computational analysis using gene prediction method: Protein Homology.;codon_start=1;inference=COORDINATES: similar to AA sequence:RefSeq:WP_014085105.1;old_locus_tag=JM81_3357;product=DUF4861 family protein;protein_id=WP_144805016.1;transl_table=11;translation=length.329
22	CAZyme	0	1	CGC1	NZ_VISB01000001	30689	31918	JM81_RS16470	+	DB=GH105;ID=JM81_RS16470	DB=GH105;ID=JM81_RS16470
23	CAZyme	0	0	CGC1	NZ_VISB01000001	31940	33184	JM81_RS16475	+	DB=GH105;ID=JM81_RS16475	DB=GH105;ID=JM81_RS16475
24	CAZyme	0	0	CGC1	NZ_VISB01000001	33372	34415	JM81_RS16480	+	DB=GH179;ID=JM81_RS16480	DB=GH179;ID=JM81_RS16480
25	CAZyme	1	0	CGC1	NZ_VISB01000001	34471	36462	JM81_RS16485	+	DB=PL10_1|CE8;ID=JM81_RS16485	DB=PL10_1|CE8;ID=JM81_RS16485
26	STP	0	0	CGC1	NZ_VISB01000001	36519	37319	JM81_RS16490	+	DB=STP|AraC_binding,STP|AraC_binding;ID=JM81_RS16490	DB=STP|AraC_binding,STP|AraC_binding;ID=JM81_RS16490
27	CAZyme	2	1	CGC1	NZ_VISB01000001	37345	38085	JM81_RS16495	+	DB=CE12;ID=JM81_RS16495	DB=CE12;ID=JM81_RS16495
28	null	null	null	CGC1	NZ_VISB01000001	38132	39181	JM81_RS16495	+	ID=JM81_RS16500;Parent=JM81_RS16500;eC_number=3.-.-.-;gO_function=GO:0016787 - hydrolase activity [Evidence IEA];Name=JM81_RS16500;Note=Derived by automated computational analysis using gene prediction method: Protein Homology.;codon_start=1;inference=COORDINATES: similar to AA sequence:RefSeq:WP_010519419.1;old_locus_tag=JM81_3364;product=alpha/beta hydrolase;protein_id=WP_261375115.1;transl_table=11;translation=length.349
29	STP	0	1	CGC1	NZ_VISB01000001	39188	39880	JM81_RS16505	-	DB=STP|NUDIX;ID=JM81_RS16505	DB=STP|NUDIX;ID=JM81_RS16505
30	CAZyme	0	2	CGC1	NZ_VISB01000001	40087	42264	JM81_RS16510	+	DB=GH43_19|GH43_34;ID=JM81_RS16510	DB=GH43_19|GH43_34;ID=JM81_RS16510
31	CAZyme	4	0	CGC1	NZ_VISB01000001	42269	43816	JM81_RS16515	+	DB=GH51_1;ID=JM81_RS16515	DB=GH51_1;ID=JM81_RS16515
32	null	null	null	CGC1	NZ_VISB01000001	43927	45600	JM81_RS16515	+	ID=JM81_RS16520;Parent=JM81_RS16520;eC_number=2.7.1.16;gO_function=GO:0005524 - ATP binding [Evidence IEA]%3B GO:0008741 - ribulokinase activity [Evidence IEA];gO_process=GO:0019569 - L-arabinose catabolic process to xylulose 5-phosphate [Evidence IEA];Name=JM81_RS16520;Note=Derived by automated computational analysis using gene prediction method: Protein Homology.;codon_start=1;inference=COORDINATES: similar to AA sequence:RefSeq:WP_014031932.1;old_locus_tag=JM81_3368;product=ribulokinase;protein_id=WP_144805034.1;transl_table=11;translation=length.557
33	null	null	null	CGC1	NZ_VISB01000001	45605	46306	JM81_RS16515	+	ID=JM81_RS16525;Parent=JM81_RS16525;eC_number=5.1.3.4;gO_function=GO:0016832 - aldehyde-lyase activity [Evidence IEA]%3B GO:0008742 - L-ribulose-phosphate 4-epimerase activity [Evidence IEA]%3B GO:0008270 - zinc ion binding [Evidence IEA];gO_process=GO:0019569 - L-arabinose catabolic process to xylulose 5-phosphate [Evidence IEA];Name=JM81_RS16525;Note=Derived by automated computational analysis using gene prediction method: Protein Homology.;codon_start=1;inference=COORDINATES: similar to AA sequence:RefSeq:WP_007808585.1;old_locus_tag=JM81_3369;product=L-ribulose-5-phosphate 4-epimerase;protein_id=WP_144805036.1;transl_table=11;translation=length.233
34	null	null	null	CGC1	NZ_VISB01000001	46331	47830	JM81_RS16515	+	ID=JM81_RS16530;Parent=JM81_RS16530;eC_number=5.3.1.4;gO_function=GO:0008733 - L-arabinose isomerase activity [Evidence IEA];gO_process=GO:0005996 - monosaccharide metabolic process [Evidence IEA];Name=araA;Note=Derived by automated computational analysis using gene prediction method: Protein Homology.;codon_start=1;inference=COORDINATES: similar to AA sequence:RefSeq:WP_008613241.1;locus_tag=JM81_RS16530;old_locus_tag=JM81_3370;product=L-arabinose isomerase;protein_id=WP_144805038.1;transl_table=11;translation=length.499
35	null	null	null	CGC1	NZ_VISB01000001	47925	49031	JM81_RS16515	+	ID=JM81_RS16535;Parent=JM81_RS16535;eC_number=5.1.3.-;gO_function=GO:0030246 - carbohydrate binding [Evidence IEA]%3B GO:0016857 - racemase and epimerase activity%2C acting on carbohydrates and derivatives [Evidence IEA];gO_process=GO:0005975 - carbohydrate metabolic process [Evidence IEA];Name=JM81_RS16535;Note=Derived by automated computational analysis using gene prediction method: Protein Homology.;codon_start=1;inference=COORDINATES: similar to AA sequence:RefSeq:WP_020211816.1;old_locus_tag=JM81_3371;product=aldose epimerase family protein;protein_id=WP_261375117.1;transl_table=11;translation=length.368
36	TC	3	4	CGC1	NZ_VISB01000001	49040	50659	JM81_RS16540	+	DB=gnl|TC-DB|Q8AAV7|2.A.21.3.19;ID=JM81_RS16540	DB=gnl|TC-DB|Q8AAV7|2.A.21.3.19;ID=JM81_RS16540
37	null	null	null	CGC1	NZ_VISB01000001	50814	51632	JM81_RS16540	+	ID=JM81_RS16545;Parent=JM81_RS16545;Name=JM81_RS16545;Note=Derived by automated computational analysis using gene prediction method: Protein Homology.;codon_start=1;inference=COORDINATES: similar to AA sequence:RefSeq:WP_013071129.1;old_locus_tag=JM81_3373;product=SDR family oxidoreductase;protein_id=WP_089259634.1;transl_table=11;translation=length.272
38	null	null	null	CGC1	NZ_VISB01000001	51686	52222	JM81_RS16540	-	ID=JM81_RS16550;Parent=JM81_RS16550;Name=JM81_RS16550;Note=Derived by automated computational analysis using gene prediction method: Protein Homology.;codon_start=1;inference=COORDINATES: similar to AA sequence:RefSeq:WP_008635463.1;old_locus_tag=JM81_3374;product=YSC84-related protein;protein_id=WP_144805044.1;transl_table=11;translation=length.178
39	null	null	null	CGC1	NZ_VISB01000001	52491	52679	JM81_RS16540	+	ID=JM81_RS16555;Parent=JM81_RS16555;Name=JM81_RS16555;Note=Derived by automated computational analysis using gene prediction method: GeneMarkS-2+.;codon_start=1;inference=COORDINATES: ab initio prediction:GeneMarkS-2+;old_locus_tag=JM81_3375;product=hypothetical protein;protein_id=WP_144805046.1;transl_table=11;translation=length.62
40	TC	4	3	CGC1	NZ_VISB01000001	52743	53576	JM81_RS16560	-	DB=gnl|TC-DB|Q7V7U0|2.A.7.28.11;ID=JM81_RS16560	DB=gnl|TC-DB|Q7V7U0|2.A.7.28.11;ID=JM81_RS16560
41	STP	3	0	CGC1	NZ_VISB01000001	53727	55775	JM81_RS16565	-	DB=STP|TPR_1,STP|HisKA,STP|HATPase_c;ID=JM81_RS16565	DB=STP|TPR_1,STP|HisKA,STP|HATPase_c;ID=JM81_RS16565
42	null	null	null	CGC1	NZ_VISB01000001	56021	57418	JM81_RS16565	-	ID=JM81_RS16570;Parent=JM81_RS16570;eC_number=5.3.1.12;gO_function=GO:0008880 - glucuronate isomerase activity [Evidence IEA];gO_process=GO:0006064 - glucuronate catabolic process [Evidence IEA];Name=uxaC;Note=Derived by automated computational analysis using gene prediction method: Protein Homology.;codon_start=1;inference=COORDINATES: similar to AA sequence:RefSeq:WP_008616182.1;locus_tag=JM81_RS16570;old_locus_tag=JM81_3378;product=glucuronate isomerase;protein_id=WP_144805050.1;transl_table=11;translation=length.465
43	null	null	null	CGC1	NZ_VISB01000001	57482	58411	JM81_RS16565	-	ID=JM81_RS16575;Parent=JM81_RS16575;Name=JM81_RS16575;Note=Derived by automated computational analysis using gene prediction method: Protein Homology.;codon_start=1;inference=COORDINATES: similar to AA sequence:RefSeq:WP_013306458.1;old_locus_tag=JM81_3379;product=ThuA domain-containing protein;protein_id=WP_144805052.1;transl_table=11;translation=length.309
44	TF	0	3	CGC1	NZ_VISB01000001	58421	59437	JM81_RS16580	-	DB=DBD-Pfam|LacI,DBD-SUPERFAMILY|0036955;ID=JM81_RS16580	DB=DBD-Pfam|LacI,DBD-SUPERFAMILY|0036955;ID=JM81_RS16580
45	TC	0	4	CGC1	NZ_VISB01000001	59693	62764	JM81_RS16585	+	DB=gnl|TC-DB|Q45780|1.B.14.6.1;ID=JM81_RS16585	DB=gnl|TC-DB|Q45780|1.B.14.6.1;ID=JM81_RS16585
46	TC	1	0	CGC1	NZ_VISB01000001	62777	64450	JM81_RS16590	+	DB=gnl|TC-DB|G0IYY9|8.A.46.1.6;ID=JM81_RS16590	DB=gnl|TC-DB|G0IYY9|8.A.46.1.6;ID=JM81_RS16590
47	null	null	null	CGC1	NZ_VISB01000001	64625	65842	JM81_RS16590	+	ID=JM81_RS16595;Parent=JM81_RS16595;Name=JM81_RS16595;Note=Derived by automated computational analysis using gene prediction method: Protein Homology.;codon_start=1;inference=COORDINATES: similar to AA sequence:RefSeq:WP_013306462.1;old_locus_tag=JM81_3383;product=PmoA family protein;protein_id=WP_144805058.1;transl_table=11;translation=length.405
48	CAZyme	3	1	CGC1	NZ_VISB01000001	65855	67231	JM81_RS16600	+	DB=GH177;ID=JM81_RS16600	DB=GH177;ID=JM81_RS16600
49	null	null	null	CGC1	NZ_VISB01000001	67368	68759	JM81_RS16600	+	ID=JM81_RS16605;Parent=JM81_RS16605;Name=JM81_RS16605;Note=Derived by automated computational analysis using gene prediction method: Protein Homology.;codon_start=1;inference=COORDINATES: similar to AA sequence:RefSeq:WP_013306464.1;old_locus_tag=JM81_3385;product=putative oxidoreductase C-terminal domain-containing protein;protein_id=WP_144805062.1;transl_table=11;translation=length.463
50	null	null	null	CGC1	NZ_VISB01000001	68760	69578	JM81_RS16600	+	ID=JM81_RS16610;Parent=JM81_RS16610;Name=JM81_RS16610;Note=Derived by automated computational analysis using gene prediction method: Protein Homology.;codon_start=1;inference=COORDINATES: similar to AA sequence:RefSeq:WP_015806467.1;old_locus_tag=JM81_3386;product=SDR family oxidoreductase;protein_id=WP_089259646.1;transl_table=11;translation=length.272
51	null	null	null	CGC1	NZ_VISB01000001	69664	70860	JM81_RS16600	+	ID=JM81_RS16615;Parent=JM81_RS16615;eC_number=4.2.1.8;gO_function=GO:0008927 - mannonate dehydratase activity [Evidence IEA];gO_process=GO:0006064 - glucuronate catabolic process [Evidence IEA];Name=uxuA;Note=Derived by automated computational analysis using gene prediction method: Protein Homology.;codon_start=1;inference=COORDINATES: protein motif:HMM:TIGR00695.1;locus_tag=JM81_RS16615;old_locus_tag=JM81_3387;product=mannonate dehydratase;protein_id=WP_144805064.1;transl_table=11;translation=length.398
52	TC	0	3	CGC1	NZ_VISB01000001	70870	71895	JM81_RS16620	+	DB=gnl|TC-DB|P43020|2.A.56.1.5;ID=JM81_RS16620	DB=gnl|TC-DB|P43020|2.A.56.1.5;ID=JM81_RS16620
53	TC	0	0	CGC1	NZ_VISB01000001	71895	72368	JM81_RS16625	+	DB=gnl|TC-DB|Q8ZKR9|2.A.56.1.5;ID=JM81_RS16625	DB=gnl|TC-DB|Q8ZKR9|2.A.56.1.5;ID=JM81_RS16625
54	TC	null	0	CGC1	NZ_VISB01000001	72369	73679	JM81_RS16630	+	DB=gnl|TC-DB|Q8ZKS0|2.A.56.1.5;ID=JM81_RS16630	DB=gnl|TC-DB|Q8ZKS0|2.A.56.1.5;ID=JM81_RS16630
+++++
