0	TC	1	null	CGC1	NZ_CP090615	11	1186	LZI70_RS17655	-	DB=gnl|TC-DB|D5AKT2|2.A.1.81.1;ID=LZI70_RS17655	DB=gnl|TC-DB|D5AKT2|2.A.1.81.1;ID=LZI70_RS17655
1	TF	0	0	CGC1	NZ_CP090615	1347	2243	LZI70_RS17660	+	DB=DBD-Pfam|HTH_1,DBD-SUPERFAMILY|0040517;ID=LZI70_RS17660	DB=DBD-Pfam|HTH_1,DBD-SUPERFAMILY|0040517;ID=LZI70_RS17660
2	TC	0	1	CGC1	NZ_CP090615	2439	4205	LZI70_RS17665	-	DB=gnl|TC-DB|A3UR54|2.A.21.3.13;ID=LZI70_RS17665	DB=gnl|TC-DB|A3UR54|2.A.21.3.13;ID=LZI70_RS17665
3	TC	4	0	CGC1	NZ_CP090615	5205	5879	LZI70_RS17670	+	DB=gnl|TC-DB|A3UR51|1.B.35.1.4;ID=LZI70_RS17670	DB=gnl|TC-DB|A3UR51|1.B.35.1.4;ID=LZI70_RS17670
4	TF	3	0	CGC1	NZ_CP090615	5999	6718	LZI70_RS17675	-	DB=DBD-Pfam|GntR,DBD-SUPERFAMILY|0037767;ID=LZI70_RS17675	DB=DBD-Pfam|GntR,DBD-SUPERFAMILY|0037767;ID=LZI70_RS17675
5	TF	2	1	CGC1	NZ_CP090615	7383	8114	LZI70_RS17680	+	DB=DBD-Pfam|GntR,DBD-SUPERFAMILY|0039384;ID=LZI70_RS17680	DB=DBD-Pfam|GntR,DBD-SUPERFAMILY|0039384;ID=LZI70_RS17680
6	null	null	null	CGC1	NZ_CP090615	8178	9563	LZI70_RS17680	+	ID=LZI70_RS17685;Parent=LZI70_RS17685;gO_component=GO:0016020 - membrane [Evidence IEA];gO_function=GO:0015297 - antiporter activity [Evidence IEA]%3B GO:0042910 - xenobiotic transmembrane transporter activity [Evidence IEA];gO_process=GO:0055085 - transmembrane transport [Evidence IEA];Name=LZI70_RS17685;Note=Derived by automated computational analysis using gene prediction method: Protein Homology.;codon_start=1;inference=COORDINATES: similar to AA sequence:RefSeq:WP_017101679.1;old_locus_tag=LZI70_17660;product=MATE family efflux transporter;protein_id=WP_255231986.1;transl_table=11;translation=length.461
7	null	null	null	CGC1	NZ_CP090615	9608	10582	LZI70_RS17680	-	ID=LZI70_RS17690;Parent=LZI70_RS17690;eC_number=3.1.-.-;Name=LZI70_RS17690;Note=Derived by automated computational analysis using gene prediction method: Protein Homology.;codon_start=1;inference=COORDINATES: similar to AA sequence:RefSeq:WP_017062040.1;old_locus_tag=LZI70_17665;product=DHH family phosphoesterase;protein_id=WP_255231987.1;transl_table=11;translation=length.324
8	TC	0	4	CGC1	NZ_CP090615	10834	11598	LZI70_RS17695	-	DB=gnl|TC-DB|Q9X665|3.A.1.14.7;ID=LZI70_RS17695	DB=gnl|TC-DB|Q9X665|3.A.1.14.7;ID=LZI70_RS17695
9	TC	0	0	CGC1	NZ_CP090615	11611	12561	LZI70_RS17700	-	DB=gnl|TC-DB|Q32AY2|3.A.1.14.18;ID=LZI70_RS17700	DB=gnl|TC-DB|Q32AY2|3.A.1.14.18;ID=LZI70_RS17700
10	TC	2	0	CGC1	NZ_CP090615	12554	13507	LZI70_RS17705	-	DB=gnl|TC-DB|O68878|3.A.1.14.21;ID=LZI70_RS17705	DB=gnl|TC-DB|O68878|3.A.1.14.21;ID=LZI70_RS17705
11	STP	1	0	CGC1	NZ_CP090615	13604	14539	LZI70_RS17710	-	DB=STP|Peripla_BP_2;ID=LZI70_RS17710	DB=STP|Peripla_BP_2;ID=LZI70_RS17710
12	null	null	null	CGC1	NZ_CP090615	15212	15421	LZI70_RS17710	+	ID=LZI70_RS17715;Parent=LZI70_RS17715;Name=LZI70_RS17715;Note=Derived by automated computational analysis using gene prediction method: Protein Homology.;codon_start=1;inference=COORDINATES: similar to AA sequence:RefSeq:WP_004738883.1;old_locus_tag=LZI70_17690;product=hypothetical protein;protein_id=WP_255231992.1;transl_table=11;translation=length.69
13	CAZyme	0	2	CGC1	NZ_CP090615	15676	17826	LZI70_RS17720	-	DB=PL17_2|PL17;ID=LZI70_RS17720	DB=PL17_2|PL17;ID=LZI70_RS17720
14	CAZyme	3	0	CGC1	NZ_CP090615	17829	20012	LZI70_RS17725	-	DB=PL17_2|PL17;ID=LZI70_RS17725	DB=PL17_2|PL17;ID=LZI70_RS17725
15	STP	2	0	CGC1	NZ_CP090615	20345	20680	LZI70_RS17730	+	DB=STP|AraC_binding;ID=LZI70_RS17730	DB=STP|AraC_binding;ID=LZI70_RS17730
16	STP	1	1	CGC1	NZ_CP090615	20715	21653	LZI70_RS17735	+	DB=STP|PfkB;ID=LZI70_RS17735	DB=STP|PfkB;ID=LZI70_RS17735
17	null	null	null	CGC1	NZ_CP090615	21784	22410	LZI70_RS17735	+	ID=LZI70_RS17740;Parent=LZI70_RS17740;eC_number=4.1.2.14,4.1.3.16;gO_function=GO:0016832 - aldehyde-lyase activity [Evidence IEA]%3B GO:0016830 - carbon-carbon lyase activity [Evidence IEA]%3B GO:0016833 - oxo-acid-lyase activity [Evidence IEA];Name=LZI70_RS17740;Note=Derived by automated computational analysis using gene prediction method: Protein Homology.;codon_start=1;inference=COORDINATES: similar to AA sequence:RefSeq:WP_009846516.1;old_locus_tag=LZI70_17715;product=bifunctional 4-hydroxy-2-oxoglutarate aldolase/2-dehydro-3-deoxy-phosphogluconate aldolase;protein_id=WP_255231997.1;transl_table=11;translation=length.208
18	TC	2	3	CGC1	NZ_CP090615	22884	24641	LZI70_RS17745	+	DB=gnl|TC-DB|A3UWQ1|2.A.21.3.11;ID=LZI70_RS17745	DB=gnl|TC-DB|A3UWQ1|2.A.21.3.11;ID=LZI70_RS17745
19	null	null	null	CGC1	NZ_CP090615	24802	25395	LZI70_RS17745	-	ID=LZI70_RS17750;Parent=LZI70_RS17750;Name=LZI70_RS17750;Note=Derived by automated computational analysis using gene prediction method: Protein Homology.;codon_start=1;inference=COORDINATES: similar to AA sequence:RefSeq:WP_004731603.1;old_locus_tag=LZI70_17725;product=hypothetical protein;protein_id=WP_255231999.1;transl_table=11;translation=length.197
20	null	null	null	CGC1	NZ_CP090615	25688	26185	LZI70_RS17745	-	ID=LZI70_RS17755;Parent=LZI70_RS17755;Name=LZI70_RS17755;Note=Derived by automated computational analysis using gene prediction method: Protein Homology.;codon_start=1;inference=COORDINATES: similar to AA sequence:RefSeq:WP_005482705.1;old_locus_tag=LZI70_17730;product=copper-resistant cuproprotein CopI;protein_id=WP_255232000.1;transl_table=11;translation=length.165
21	TC	0	2	CGC1	NZ_CP090615	26258	29377	LZI70_RS17760	-	DB=gnl|TC-DB|P38054|2.A.6.1.4;ID=LZI70_RS17760	DB=gnl|TC-DB|P38054|2.A.6.1.4;ID=LZI70_RS17760
22	TC	2	0	CGC1	NZ_CP090615	29380	31092	LZI70_RS17765	-	DB=gnl|TC-DB|Q1DDM3|2.A.6.1.8;ID=LZI70_RS17765	DB=gnl|TC-DB|Q1DDM3|2.A.6.1.8;ID=LZI70_RS17765
23	null	null	null	CGC1	NZ_CP090615	31102	32529	LZI70_RS17765	-	ID=LZI70_RS17770;Parent=LZI70_RS17770;gO_function=GO:0015562 - efflux transmembrane transporter activity [Evidence IEA];gO_process=GO:0055085 - transmembrane transport [Evidence IEA];Name=LZI70_RS17770;Note=Derived by automated computational analysis using gene prediction method: Protein Homology.;codon_start=1;inference=COORDINATES: similar to AA sequence:RefSeq:WP_005482614.1;old_locus_tag=LZI70_17745;product=TolC family protein;protein_id=WP_255232801.1;transl_table=11;translation=length.475
24	null	null	null	CGC1	NZ_CP090615	32662	33069	LZI70_RS17765	-	ID=LZI70_RS17775;Parent=LZI70_RS17775;Name=LZI70_RS17775;Note=Derived by automated computational analysis using gene prediction method: Protein Homology.;codon_start=1;inference=COORDINATES: similar to AA sequence:RefSeq:WP_016793424.1;old_locus_tag=LZI70_17750;product=hypothetical protein;protein_id=WP_255232003.1;transl_table=11;translation=length.135
25	TC	null	2	CGC1	NZ_CP090615	33401	35336	LZI70_RS17780	+	DB=gnl|TC-DB|M3JA40|1.B.52.2.1;ID=LZI70_RS17780	DB=gnl|TC-DB|M3JA40|1.B.52.2.1;ID=LZI70_RS17780
+++++
