0	CAZyme	0	null	CGC1	NZ_GL622542	1	1710	HMPREF1016_RS10680	+	DB=GH35;ID=HMPREF1016_RS10680	DB=GH35;ID=HMPREF1016_RS10680
1	CAZyme	0	0	CGC1	NZ_GL622542	1754	3385	HMPREF1016_RS10685	+	DB=CE20|CE20;ID=HMPREF1016_RS10685	DB=CE20|CE20;ID=HMPREF1016_RS10685
2	TC	0	0	CGC1	NZ_GL622542	3431	4927	HMPREF1016_RS10690	+	DB=gnl|TC-DB|P31435|2.A.2.3.4;ID=HMPREF1016_RS10690	DB=gnl|TC-DB|P31435|2.A.2.3.4;ID=HMPREF1016_RS10690
3	CAZyme	0	0	CGC1	NZ_GL622542	5017	5988	HMPREF1016_RS10695	+	DB=GH43_1;ID=HMPREF1016_RS10695	DB=GH43_1;ID=HMPREF1016_RS10695
4	CAZyme	1	0	CGC1	NZ_GL622542	6122	8077	HMPREF1016_RS10700	+	DB=GH67;ID=HMPREF1016_RS10700	DB=GH67;ID=HMPREF1016_RS10700
5	TF	0	0	CGC1	NZ_GL622542	8358	12455	HMPREF1016_RS10705	+	DB=DBD-Pfam|HTH_AraC,DBD-Pfam|HTH_AraC,DBD-SUPERFAMILY|0036286,DBD-SUPERFAMILY|0035607;ID=HMPREF1016_RS10705	DB=DBD-Pfam|HTH_AraC,DBD-Pfam|HTH_AraC,DBD-SUPERFAMILY|0036286,DBD-SUPERFAMILY|0035607;ID=HMPREF1016_RS10705
6	CAZyme	0	1	CGC1	NZ_GL622542	12531	15113	HMPREF1016_RS10710	-	DB=GH115;ID=HMPREF1016_RS10710	DB=GH115;ID=HMPREF1016_RS10710
7	CAZyme	0	0	CGC1	NZ_GL622542	15205	17355	HMPREF1016_RS10715	-	DB=GH95;ID=HMPREF1016_RS10715	DB=GH95;ID=HMPREF1016_RS10715
8	CAZyme	0	0	CGC1	NZ_GL622542	17345	18457	HMPREF1016_RS20970	-	DB=CE6;ID=HMPREF1016_RS20970	DB=CE6;ID=HMPREF1016_RS20970
9	CAZyme	0	0	CGC1	NZ_GL622542	18482	20923	HMPREF1016_RS19820	-	DB=CE15|GH8;ID=HMPREF1016_RS19820	DB=CE15|GH8;ID=HMPREF1016_RS19820
10	CAZyme	1	0	CGC1	NZ_GL622542	20987	22933	HMPREF1016_RS10725	-	DB=GH97;ID=HMPREF1016_RS10725	DB=GH97;ID=HMPREF1016_RS10725
11	TF	0	0	CGC1	NZ_GL622542	23177	26284	HMPREF1016_RS10730	+	DB=DBD-Pfam|HTH_AraC,DBD-SUPERFAMILY|0036286,DBD-SUPERFAMILY|0035607;ID=HMPREF1016_RS10730	DB=DBD-Pfam|HTH_AraC,DBD-SUPERFAMILY|0036286,DBD-SUPERFAMILY|0035607;ID=HMPREF1016_RS10730
12	CAZyme	0	1	CGC1	NZ_GL622542	26546	28999	HMPREF1016_RS10735	+	DB=GH31_4;ID=HMPREF1016_RS10735	DB=GH31_4;ID=HMPREF1016_RS10735
13	CAZyme	0	0	CGC1	NZ_GL622542	29063	31504	HMPREF1016_RS10740	-	DB=GH43_10|CBM91;ID=HMPREF1016_RS10740	DB=GH43_10|CBM91;ID=HMPREF1016_RS10740
14	CAZyme	3	0	CGC1	NZ_GL622542	31548	32696	HMPREF1016_RS10745	-	DB=CE1;ID=HMPREF1016_RS10745	DB=CE1;ID=HMPREF1016_RS10745
15	TF	2	0	CGC1	NZ_GL622542	33008	33646	HMPREF1016_RS10750	-	DB=DBD-SUPERFAMILY|0041905;ID=HMPREF1016_RS10750	DB=DBD-SUPERFAMILY|0041905;ID=HMPREF1016_RS10750
16	null	null	null	CGC1	NZ_GL622542	33661	34029	HMPREF1016_RS10750	-	ID=HMPREF1016_RS10755;Parent=HMPREF1016_RS10755.t01;Name=HMPREF1016_RS10755;Note=Derived by automated computational analysis using gene prediction method: Protein Homology.;codon_start=1;inference=COORDINATES: similar to AA sequence:RefSeq:WP_017141103.1;product=hypothetical protein;protein_id=WP_017141103.1;transl_table=11;translation=length.122
17	null	null	null	CGC1	NZ_GL622542	34340	34867	HMPREF1016_RS10750	+	ID=HMPREF1016_RS10760;Parent=HMPREF1016_RS10760.t01;Name=HMPREF1016_RS10760;Note=Derived by automated computational analysis using gene prediction method: Protein Homology.;codon_start=1;inference=COORDINATES: similar to AA sequence:RefSeq:WP_004289599.1;old_locus_tag=HMPREF1016_02166;product=BT4734/BF3469 family protein;protein_id=WP_004289599.1;transl_table=11;translation=length.175
18	CAZyme	0	3	CGC1	NZ_GL622542	34908	36896	HMPREF1016_RS10765	-	DB=GH5_21;ID=HMPREF1016_RS10765	DB=GH5_21;ID=HMPREF1016_RS10765
19	CAZyme	4	0	CGC1	NZ_GL622542	37001	39160	HMPREF1016_RS10770	-	DB=GH10;ID=HMPREF1016_RS10770	DB=GH10;ID=HMPREF1016_RS10770
20	null	null	null	CGC1	NZ_GL622542	39172	40218	HMPREF1016_RS10770	-	ID=HMPREF1016_RS10775;Parent=HMPREF1016_RS10775.t01;Name=HMPREF1016_RS10775;Note=Derived by automated computational analysis using gene prediction method: Protein Homology.;codon_start=1;inference=COORDINATES: similar to AA sequence:RefSeq:WP_004289596.1;old_locus_tag=HMPREF1016_02169;product=DUF5627 domain-containing protein;protein_id=WP_004289596.1;transl_table=11;translation=length.348
21	null	null	null	CGC1	NZ_GL622542	40248	42056	HMPREF1016_RS10770	-	ID=HMPREF1016_RS10780;Parent=HMPREF1016_RS10780.t01;Name=HMPREF1016_RS10780;Note=Derived by automated computational analysis using gene prediction method: Protein Homology.;codon_start=1;inference=COORDINATES: similar to AA sequence:RefSeq:WP_004289595.1;old_locus_tag=HMPREF1016_02170;product=RagB/SusD family nutrient uptake outer membrane protein;protein_id=WP_004289595.1;transl_table=11;translation=length.602
22	null	null	null	CGC1	NZ_GL622542	42073	44937	HMPREF1016_RS10770	-	ID=HMPREF1016_RS10785;Parent=HMPREF1016_RS10785.t01;gO_component=GO:0045203 - integral component of cell outer membrane [Evidence IEA];gO_function=GO:0022857 - transmembrane transporter activity [Evidence IEA];gO_process=GO:0071702 - organic substance transport [Evidence IEA];Name=HMPREF1016_RS10785;Note=Derived by automated computational analysis using gene prediction method: Protein Homology.;codon_start=1;inference=COORDINATES: similar to AA sequence:RefSeq:WP_018667359.1;old_locus_tag=HMPREF1016_02171;product=SusC/RagA family TonB-linked outer membrane protein;protein_id=WP_029429356.1;transl_table=11;translation=length.954
23	null	null	null	CGC1	NZ_GL622542	44982	46925	HMPREF1016_RS10770	-	ID=HMPREF1016_RS10790;Parent=HMPREF1016_RS10790.t01;Name=HMPREF1016_RS10790;Note=Derived by automated computational analysis using gene prediction method: Protein Homology.;codon_start=1;inference=COORDINATES: similar to AA sequence:RefSeq:WP_004294248.1;old_locus_tag=HMPREF1016_02172;product=RagB/SusD family nutrient uptake outer membrane protein;protein_id=WP_004294248.1;transl_table=11;translation=length.647
24	TC	0	4	CGC1	NZ_GL622542	46937	50092	HMPREF1016_RS10795	-	DB=gnl|TC-DB|Q45780|1.B.14.6.1;ID=HMPREF1016_RS10795	DB=gnl|TC-DB|Q45780|1.B.14.6.1;ID=HMPREF1016_RS10795
25	CAZyme	null	0	CGC1	NZ_GL622542	50364	52097	HMPREF1016_RS10800	-	DB=GH43_12|CBM91;ID=HMPREF1016_RS10800	DB=GH43_12|CBM91;ID=HMPREF1016_RS10800
+++++
