1	CAZyme	0	null	CGC1	NZ_DS990130	3772	4722	BACPLE_RS08570	-	DB=GH16_16;ID=BACPLE_RS08570	DB=GH16_16;ID=BACPLE_RS08570
2	CAZyme	0	0	CGC1	NZ_DS990130	4749	5957	BACPLE_RS08575	-	DB=GH117|GH117;ID=BACPLE_RS08575	DB=GH117|GH117;ID=BACPLE_RS08575
3	CAZyme	0	0	CGC1	NZ_DS990130	5966	8521	BACPLE_RS08580	-	DB=GH2;ID=BACPLE_RS08580	DB=GH2;ID=BACPLE_RS08580
4	CAZyme	3	0	CGC1	NZ_DS990130	8560	11115	BACPLE_RS08585	-	DB=GH2;ID=BACPLE_RS08585	DB=GH2;ID=BACPLE_RS08585
5	null	null	null	CGC1	NZ_DS990130	11236	12723	BACPLE_RS08585	-	ID=BACPLE_RS08590;Parent=BACPLE_RS08590;Dbxref=GeneID:43184706;Name=BACPLE_RS08590;Note=Derived by automated computational analysis using gene prediction method: Protein Homology.;codon_start=1;inference=COORDINATES: similar to AA sequence:RefSeq:WP_009860767.1;old_locus_tag=BACPLE_01674;product=altronate dehydratase;protein_id=WP_007560923.1;transl_table=11;translation=length.495
6	null	null	null	CGC1	NZ_DS990130	12766	14208	BACPLE_RS08585	-	ID=BACPLE_RS08595;Parent=BACPLE_RS08595;Dbxref=GeneID:43184707;Name=BACPLE_RS08595;Note=Derived by automated computational analysis using gene prediction method: Protein Homology.;codon_start=1;inference=COORDINATES: similar to AA sequence:RefSeq:NP_809738.1;old_locus_tag=BACPLE_01675;product=tagaturonate reductase;protein_id=WP_007560925.1;transl_table=11;translation=length.480
7	null	null	null	CGC1	NZ_DS990130	14238	15254	BACPLE_RS08585	-	ID=BACPLE_RS08600;Parent=BACPLE_RS08600;Dbxref=GeneID:43184708;Name=BACPLE_RS08600;Note=Derived by automated computational analysis using gene prediction method: Protein Homology.;codon_start=1;inference=COORDINATES: similar to AA sequence:RefSeq:WP_004324520.1;old_locus_tag=BACPLE_01676;product=zinc-binding alcohol dehydrogenase family protein;protein_id=WP_007560927.1;transl_table=11;translation=length.338
8	TC	5	3	CGC1	NZ_DS990130	15292	16545	BACPLE_RS08605	-	DB=gnl|TC-DB|P11551|2.A.1.7.1;ID=BACPLE_RS08605	DB=gnl|TC-DB|P11551|2.A.1.7.1;ID=BACPLE_RS08605
9	null	null	null	CGC1	NZ_DS990130	16542	17465	BACPLE_RS08605	-	ID=BACPLE_RS08610;Parent=BACPLE_RS08610;Dbxref=GeneID:43184710;Name=BACPLE_RS08610;Note=Derived by automated computational analysis using gene prediction method: Protein Homology.;codon_start=1;inference=COORDINATES: similar to AA sequence:RefSeq:NP_812526.1;old_locus_tag=BACPLE_01678;product=amidohydrolase;protein_id=WP_025018820.1;transl_table=11;translation=length.307
10	null	null	null	CGC1	NZ_DS990130	17477	18409	BACPLE_RS08605	-	ID=BACPLE_RS08615;Parent=BACPLE_RS08615;Dbxref=GeneID:43184711;Name=BACPLE_RS08615;Note=Derived by automated computational analysis using gene prediction method: Protein Homology.;codon_start=1;inference=COORDINATES: similar to AA sequence:RefSeq:NP_812525.1;old_locus_tag=BACPLE_01679;product=aldo/keto reductase;protein_id=WP_007560932.1;transl_table=11;translation=length.310
11	null	null	null	CGC1	NZ_DS990130	18450	18833	BACPLE_RS08605	-	ID=BACPLE_RS08620;Parent=BACPLE_RS08620;Dbxref=GeneID:43184712;Name=BACPLE_RS08620;Note=Derived by automated computational analysis using gene prediction method: Protein Homology.;codon_start=1;inference=COORDINATES: similar to AA sequence:RefSeq:WP_007764308.1;old_locus_tag=BACPLE_01680;product=L-rhamnose mutarotase;protein_id=WP_007560934.1;transl_table=11;translation=length.127
12	null	null	null	CGC1	NZ_DS990130	19027	19200	BACPLE_RS08605	-	ID=BACPLE_RS19300;Parent=BACPLE_RS19300;Dbxref=GeneID:43186732;Name=BACPLE_RS19300;Note=Derived by automated computational analysis using gene prediction method: GeneMarkS-2+.;codon_start=1;inference=COORDINATES: ab initio prediction:GeneMarkS-2+;old_locus_tag=BACPLE_01681;product=hypothetical protein;protein_id=WP_007560936.1;transl_table=11;translation=length.57
13	null	null	null	CGC1	NZ_DS990130	19263	19742	BACPLE_RS08605	-	ID=BACPLE_RS08625;Parent=BACPLE_RS08625;Dbxref=GeneID:43184713;Name=BACPLE_RS08625;Note=Derived by automated computational analysis using gene prediction method: GeneMarkS-2+.;codon_start=1;inference=COORDINATES: ab initio prediction:GeneMarkS-2+;product=hypothetical protein;protein_id=WP_147345519.1;transl_table=11;translation=length.159
14	CAZyme	0	5	CGC1	NZ_DS990130	19855	21426	BACPLE_RS08630	-	DB=GH50;ID=BACPLE_RS08630	DB=GH50;ID=BACPLE_RS08630
15	CAZyme	3	0	CGC1	NZ_DS990130	21447	23759	BACPLE_RS08635	-	DB=GH105|GH154;ID=BACPLE_RS08635	DB=GH105|GH154;ID=BACPLE_RS08635
16	null	null	null	CGC1	NZ_DS990130	23847	25577	BACPLE_RS08635	-	ID=BACPLE_RS08640;Parent=BACPLE_RS08640;Dbxref=GeneID:43184716;Name=BACPLE_RS08640;Note=Derived by automated computational analysis using gene prediction method: GeneMarkS-2+.;codon_start=1;inference=COORDINATES: ab initio prediction:GeneMarkS-2+;old_locus_tag=BACPLE_01685;product=hypothetical protein;protein_id=WP_007560944.1;transl_table=11;translation=length.576
17	null	null	null	CGC1	NZ_DS990130	25641	26153	BACPLE_RS08635	-	ID=BACPLE_RS08645;Parent=BACPLE_RS08645;Dbxref=GeneID:43184717;Name=BACPLE_RS08645;Note=Derived by automated computational analysis using gene prediction method: GeneMarkS-2+.;codon_start=1;inference=COORDINATES: ab initio prediction:GeneMarkS-2+;old_locus_tag=BACPLE_01686;product=hypothetical protein;protein_id=WP_007560946.1;transl_table=11;translation=length.170
18	null	null	null	CGC1	NZ_DS990130	26391	26882	BACPLE_RS08635	-	ID=BACPLE_RS08650;Parent=BACPLE_RS08650;Dbxref=GeneID:43184718;Name=BACPLE_RS08650;Note=Derived by automated computational analysis using gene prediction method: Protein Homology.;codon_start=1;inference=COORDINATES: protein motif:HMM:NF014116.0;old_locus_tag=BACPLE_01688;product=hypothetical protein;protein_id=WP_007560950.1;transl_table=11;translation=length.163
19	CAZyme	2	3	CGC1	NZ_DS990130	26929	27894	BACPLE_RS08655	-	DB=GH16_12;ID=BACPLE_RS08655	DB=GH16_12;ID=BACPLE_RS08655
20	null	null	null	CGC1	NZ_DS990130	28296	28490	BACPLE_RS08655	-	ID=BACPLE_RS19305;Parent=BACPLE_RS19305;Dbxref=GeneID:43186733;Name=BACPLE_RS19305;Note=Derived by automated computational analysis using gene prediction method: GeneMarkS-2+.;codon_start=1;inference=COORDINATES: ab initio prediction:GeneMarkS-2+;old_locus_tag=BACPLE_01690;product=hypothetical protein;protein_id=WP_007560953.1;transl_table=11;translation=length.64
21	null	null	null	CGC1	NZ_DS990130	28901	30211	BACPLE_RS08655	-	ID=BACPLE_RS08660;Parent=BACPLE_RS08660;Dbxref=GeneID:43184720;Name=BACPLE_RS08660;Note=Derived by automated computational analysis using gene prediction method: GeneMarkS-2+.;codon_start=1;inference=COORDINATES: ab initio prediction:GeneMarkS-2+;old_locus_tag=BACPLE_01692;product=hypothetical protein;protein_id=WP_007560957.1;transl_table=11;translation=length.436
22	CAZyme	0	2	CGC1	NZ_DS990130	30217	32403	BACPLE_RS08665	-	DB=GH86;ID=BACPLE_RS08665	DB=GH86;ID=BACPLE_RS08665
23	CAZyme	3	0	CGC1	NZ_DS990130	32454	34277	BACPLE_RS08670	-	DB=GH86;ID=BACPLE_RS08670	DB=GH86;ID=BACPLE_RS08670
24	null	null	null	CGC1	NZ_DS990130	34373	34927	BACPLE_RS08670	-	ID=BACPLE_RS08675;Parent=BACPLE_RS08675;Dbxref=GeneID:43184723;Name=BACPLE_RS08675;Note=Derived by automated computational analysis using gene prediction method: GeneMarkS-2+.;codon_start=1;inference=COORDINATES: ab initio prediction:GeneMarkS-2+;old_locus_tag=BACPLE_01695;product=hypothetical protein;protein_id=WP_007560964.1;transl_table=11;translation=length.184
25	null	null	null	CGC1	NZ_DS990130	34943	36667	BACPLE_RS08670	-	ID=BACPLE_RS08680;Parent=BACPLE_RS08680;Dbxref=GeneID:43184724;Name=BACPLE_RS08680;Note=Derived by automated computational analysis using gene prediction method: GeneMarkS-2+.;codon_start=1;inference=COORDINATES: ab initio prediction:GeneMarkS-2+;old_locus_tag=BACPLE_01696;product=hypothetical protein;protein_id=WP_007560966.1;transl_table=11;translation=length.574
26	null	null	null	CGC1	NZ_DS990130	36673	38709	BACPLE_RS08670	-	ID=BACPLE_RS18590;Parent=BACPLE_RS18590;Dbxref=GeneID:43186642;Name=BACPLE_RS18590;Note=Derived by automated computational analysis using gene prediction method: Protein Homology.;codon_start=1;inference=COORDINATES: protein motif:HMM:NF019592.0%2CHMM:NF025680.0;old_locus_tag=BACPLE_01697;product=RagB/SusD family nutrient uptake outer membrane protein;protein_id=WP_007560968.1;transl_table=11;translation=length.678
27	TC	3	3	CGC1	NZ_DS990130	38729	41827	BACPLE_RS08695	-	DB=gnl|TC-DB|Q45780|1.B.14.6.1;ID=BACPLE_RS08695	DB=gnl|TC-DB|Q45780|1.B.14.6.1;ID=BACPLE_RS08695
28	TF	2	0	CGC1	NZ_DS990130	41960	45931	BACPLE_RS08700	-	DB=DBD-Pfam|HTH_AraC,DBD-SUPERFAMILY|0035607;ID=BACPLE_RS08700	DB=DBD-Pfam|HTH_AraC,DBD-SUPERFAMILY|0035607;ID=BACPLE_RS08700
29	null	null	null	CGC1	NZ_DS990130	46196	47368	BACPLE_RS08700	-	ID=BACPLE_RS08705;Parent=BACPLE_RS08705;Dbxref=GeneID:43184727;Name=BACPLE_RS08705;Note=Derived by automated computational analysis using gene prediction method: Protein Homology.;codon_start=1;inference=COORDINATES: similar to AA sequence:RefSeq:WP_007570353.1;old_locus_tag=BACPLE_01700;product=iron-containing alcohol dehydrogenase;protein_id=WP_007560974.1;transl_table=11;translation=length.390
30	null	null	null	CGC1	NZ_DS990130	47393	48976	BACPLE_RS08700	-	ID=BACPLE_RS08710;Parent=BACPLE_RS08710;Dbxref=GeneID:43184728;Name=BACPLE_RS08710;Note=Derived by automated computational analysis using gene prediction method: Protein Homology.;codon_start=1;inference=COORDINATES: similar to AA sequence:RefSeq:WP_008680450.1;old_locus_tag=BACPLE_01701;product=sulfatase;protein_id=WP_117652420.1;transl_table=11;translation=length.527
31	CAZyme	0	3	CGC1	NZ_DS990130	48981	50759	BACPLE_RS08715	-	DB=GH29;ID=BACPLE_RS08715	DB=GH29;ID=BACPLE_RS08715
32	CAZyme	1	0	CGC1	NZ_DS990130	51070	51972	BACPLE_RS08720	+	DB=GH16_14;ID=BACPLE_RS08720	DB=GH16_14;ID=BACPLE_RS08720
33	null	null	null	CGC1	NZ_DS990130	52076	53707	BACPLE_RS08720	-	ID=BACPLE_RS08725;Parent=BACPLE_RS08725;Dbxref=GeneID:43184731;Name=BACPLE_RS08725;Note=Derived by automated computational analysis using gene prediction method: Protein Homology.;codon_start=1;inference=COORDINATES: protein motif:HMM:NF019592.0%2CHMM:NF025680.0;old_locus_tag=BACPLE_01704;product=RagB/SusD family nutrient uptake outer membrane protein;protein_id=WP_007560982.1;transl_table=11;translation=length.543
34	TC	0	1	CGC1	NZ_DS990130	53719	56781	BACPLE_RS08730	-	DB=gnl|TC-DB|Q45780|1.B.14.6.1;ID=BACPLE_RS08730	DB=gnl|TC-DB|Q45780|1.B.14.6.1;ID=BACPLE_RS08730
35	CAZyme	null	0	CGC1	NZ_DS990130	57020	60280	BACPLE_RS08735	-	DB=GH2;ID=BACPLE_RS08735	DB=GH2;ID=BACPLE_RS08735
+++++
